#
# There is insufficient memory for the Java Runtime Environment to continue.
# Native memory allocation (malloc) failed to allocate 556704 bytes for Chunk::new
# Possible reasons:
#   The system is out of physical RAM or swap space
#   The process is running with CompressedOops enabled, and the Java Heap may be blocking the growth of the native heap
# Possible solutions:
#   Reduce memory load on the system
#   Increase physical memory or swap space
#   Check if swap backing store is full
#   Decrease Java heap size (-Xmx/-Xms)
#   Decrease number of Java threads
#   Decrease Java thread stack sizes (-Xss)
#   Set larger code cache with -XX:ReservedCodeCacheSize=
#   JVM is running with Unscaled Compressed Oops mode in which the Java heap is
#     placed in the first 4GB address space. The Java Heap base address is the
#     maximum limit for the native heap growth. Please use -XX:HeapBaseMinAddress
#     to set the Java Heap base and to place the Java Heap above 4GB virtual address.
# This output file may be truncated or incomplete.
#
#  Out of Memory Error (arena.cpp:168), pid=98748, tid=97076
#
# JRE version: Java(TM) SE Runtime Environment (21.0.2+13) (build 21.0.2+13-LTS-58)
# Java VM: Java HotSpot(TM) 64-Bit Server VM (21.0.2+13-LTS-58, mixed mode, sharing, tiered, compressed oops, compressed class ptrs, g1 gc, windows-amd64)
# No core dump will be written. Minidumps are not enabled by default on client versions of Windows
#

---------------  S U M M A R Y ------------

Command Line: -ea -Dfile.encoding=UTF-8 -Dstdout.encoding=UTF-8 -Dstderr.encoding=UTF-8 -XX:+ShowCodeDetailsInExceptionMessages org.testng.remote.RemoteTestNG -serport 65104 -protocol json -d D:\Source code\vision\test-output D:\Source code\vision\test-output\Testng-ETLv_Java17\ETL_VAT.xml

Host: Intel(R) Core(TM) i7-5500U CPU @ 2.40GHz, 4 cores, 7G,  Windows 10 , 64 bit Build 19041 (10.0.19041.4717)
Time: Thu Sep  5 11:13:19 2024 India Standard Time elapsed time: 1.918191 seconds (0d 0h 0m 1s)

---------------  T H R E A D  ---------------

Current thread (0x000001e5f44efe50):  JavaThread "C2 CompilerThread0" daemon [_thread_in_native, id=97076, stack(0x0000008624000000,0x0000008624100000) (1024K)]


Current CompileTask:
C2:   1918 1588       4       jdk.internal.loader.URLClassPath::getResource (74 bytes)

Stack: [0x0000008624000000,0x0000008624100000]
Native frames: (J=compiled Java code, j=interpreted, Vv=VM code, C=native code)
V  [jvm.dll+0x6cade9]
V  [jvm.dll+0x8569c1]
V  [jvm.dll+0x858d2e]
V  [jvm.dll+0x859413]
V  [jvm.dll+0x280e56]
V  [jvm.dll+0xc3f3d]
V  [jvm.dll+0xc4473]
V  [jvm.dll+0x3b5c2c]
V  [jvm.dll+0x1e2209]
V  [jvm.dll+0x249d22]
V  [jvm.dll+0x2491b1]
V  [jvm.dll+0x1c9634]
V  [jvm.dll+0x258859]
V  [jvm.dll+0x256e3a]
V  [jvm.dll+0x3ef6c6]
V  [jvm.dll+0x7ff568]
V  [jvm.dll+0x6c953d]
C  [ucrtbase.dll+0x21bb2]
C  [KERNEL32.DLL+0x17374]
C  [ntdll.dll+0x4cc91]


---------------  P R O C E S S  ---------------

Threads class SMR info:
_java_thread_list=0x000001e5f9acd760, length=13, elements={
0x000001e5d83df8a0, 0x000001e5f44e1f20, 0x000001e5f44e3590, 0x000001e5f44e7350,
0x000001e5f44e7f60, 0x000001e5f44e9ab0, 0x000001e5f44ee770, 0x000001e5f44efe50,
0x000001e5f44f1240, 0x000001e5f47810d0, 0x000001e5f478d0d0, 0x000001e5f94950d0,
0x000001e5f9d4ac50
}

Java Threads: ( => current thread )
  0x000001e5d83df8a0 JavaThread "main"                              [_thread_blocked, id=102248, stack(0x0000008623200000,0x0000008623300000) (1024K)]
  0x000001e5f44e1f20 JavaThread "Reference Handler"          daemon [_thread_blocked, id=97320, stack(0x0000008623a00000,0x0000008623b00000) (1024K)]
  0x000001e5f44e3590 JavaThread "Finalizer"                  daemon [_thread_blocked, id=96272, stack(0x0000008623b00000,0x0000008623c00000) (1024K)]
  0x000001e5f44e7350 JavaThread "Signal Dispatcher"          daemon [_thread_blocked, id=104180, stack(0x0000008623c00000,0x0000008623d00000) (1024K)]
  0x000001e5f44e7f60 JavaThread "Attach Listener"            daemon [_thread_blocked, id=87104, stack(0x0000008623d00000,0x0000008623e00000) (1024K)]
  0x000001e5f44e9ab0 JavaThread "Service Thread"             daemon [_thread_blocked, id=103400, stack(0x0000008623e00000,0x0000008623f00000) (1024K)]
  0x000001e5f44ee770 JavaThread "Monitor Deflation Thread"   daemon [_thread_blocked, id=103760, stack(0x0000008623f00000,0x0000008624000000) (1024K)]
=>0x000001e5f44efe50 JavaThread "C2 CompilerThread0"         daemon [_thread_in_native, id=97076, stack(0x0000008624000000,0x0000008624100000) (1024K)]
  0x000001e5f44f1240 JavaThread "C1 CompilerThread0"         daemon [_thread_blocked, id=77968, stack(0x0000008624100000,0x0000008624200000) (1024K)]
  0x000001e5f47810d0 JavaThread "Notification Thread"        daemon [_thread_blocked, id=104256, stack(0x0000008624200000,0x0000008624300000) (1024K)]
  0x000001e5f478d0d0 JavaThread "Common-Cleaner"             daemon [_thread_blocked, id=102564, stack(0x0000008624300000,0x0000008624400000) (1024K)]
  0x000001e5f94950d0 JavaThread "ReaderThread"                      [_thread_in_native, id=103240, stack(0x0000008624500000,0x0000008624600000) (1024K)]
  0x000001e5f9d4ac50 JavaThread "TestNG-test=Test-1"                [_thread_in_native, id=94904, stack(0x0000008624900000,0x0000008624a00000) (1024K)]
Total: 13

Other Threads:
  0x000001e5f44bf1a0 VMThread "VM Thread"                           [id=102568, stack(0x0000008623900000,0x0000008623a00000) (1024K)]
  0x000001e5f44a9530 WatcherThread "VM Periodic Task Thread"        [id=11836, stack(0x0000008623800000,0x0000008623900000) (1024K)]
  0x000001e5d84337f0 WorkerThread "GC Thread#0"                     [id=88800, stack(0x0000008623300000,0x0000008623400000) (1024K)]
  0x000001e5f9495ec0 WorkerThread "GC Thread#1"                     [id=103140, stack(0x0000008624600000,0x0000008624700000) (1024K)]
  0x000001e5f9496260 WorkerThread "GC Thread#2"                     [id=101332, stack(0x0000008624700000,0x0000008624800000) (1024K)]
  0x000001e5f969d5b0 WorkerThread "GC Thread#3"                     [id=93216, stack(0x0000008624800000,0x0000008624900000) (1024K)]
  0x000001e5d8444db0 ConcurrentGCThread "G1 Main Marker"            [id=100228, stack(0x0000008623400000,0x0000008623500000) (1024K)]
  0x000001e5d8446a60 WorkerThread "G1 Conc#0"                       [id=104044, stack(0x0000008623500000,0x0000008623600000) (1024K)]
  0x000001e5d849e900 ConcurrentGCThread "G1 Refine#0"               [id=103928, stack(0x0000008623600000,0x0000008623700000) (1024K)]
  0x000001e5f436bb90 ConcurrentGCThread "G1 Service"                [id=94236, stack(0x0000008623700000,0x0000008623800000) (1024K)]
Total: 10

Threads with active compile tasks:
C2 CompilerThread0     1955 1588       4       jdk.internal.loader.URLClassPath::getResource (74 bytes)
Total: 1

VM state: not at safepoint (normal execution)

VM Mutex/Monitor currently owned by a thread: None

Heap address: 0x0000000080e00000, size: 2034 MB, Compressed Oops mode: 32-bit

CDS archive(s) mapped at: [0x000001e580000000-0x000001e580c90000-0x000001e580c90000), size 13172736, SharedBaseAddress: 0x000001e580000000, ArchiveRelocationMode: 1.
Compressed class space mapped at: 0x000001e581000000-0x000001e5c1000000, reserved size: 1073741824
Narrow klass base: 0x000001e580000000, Narrow klass shift: 0, Narrow klass range: 0x100000000

GC Precious Log:
 CardTable entry size: 512
 Card Set container configuration: InlinePtr #cards 5 size 8 Array Of Cards #cards 12 size 40 Howl #buckets 4 coarsen threshold 1843 Howl Bitmap #cards 512 size 80 coarsen threshold 460 Card regions per heap region 1 cards per card region 2048
 CPUs: 4 total, 4 available
 Memory: 8130M
 Large Page Support: Disabled
 NUMA Support: Disabled
 Compressed Oops: Enabled (32-bit)
 Heap Region Size: 1M
 Heap Min Capacity: 8M
 Heap Initial Capacity: 128M
 Heap Max Capacity: 2034M
 Pre-touch: Disabled
 Parallel Workers: 4
 Concurrent Workers: 1
 Concurrent Refinement Workers: 4
 Periodic GC: Disabled

Heap:
 garbage-first heap   total 131072K, used 24258K [0x0000000080e00000, 0x0000000100000000)
  region size 1024K, 19 young (19456K), 2 survivors (2048K)
 Metaspace       used 10941K, committed 11136K, reserved 1114112K
  class space    used 1251K, committed 1344K, reserved 1048576K

Heap Regions: E=young(eden), S=young(survivor), O=old, HS=humongous(starts), HC=humongous(continues), CS=collection set, F=free, TAMS=top-at-mark-start, PB=parsable bottom
|   0|0x0000000080e00000, 0x0000000080f00000, 0x0000000080f00000|100%|HS|  |TAMS 0x0000000080e00000| PB 0x0000000080e00000| Complete 
|   1|0x0000000080f00000, 0x0000000081000000, 0x0000000081000000|100%| O|  |TAMS 0x0000000080f00000| PB 0x0000000080f00000| Untracked 
|   2|0x0000000081000000, 0x0000000081100000, 0x0000000081100000|100%| O|  |TAMS 0x0000000081000000| PB 0x0000000081000000| Untracked 
|   3|0x0000000081100000, 0x0000000081200000, 0x0000000081200000|100%| O|  |TAMS 0x0000000081100000| PB 0x0000000081100000| Untracked 
|   4|0x0000000081200000, 0x0000000081300000, 0x0000000081300000|100%| O|  |TAMS 0x0000000081200000| PB 0x0000000081200000| Untracked 
|   5|0x0000000081300000, 0x0000000081400000, 0x0000000081400000|100%| O|  |TAMS 0x0000000081300000| PB 0x0000000081300000| Untracked 
|   6|0x0000000081400000, 0x0000000081500000, 0x0000000081500000|100%| O|  |TAMS 0x0000000081400000| PB 0x0000000081400000| Untracked 
|   7|0x0000000081500000, 0x00000000815136f0, 0x0000000081600000|  7%| O|  |TAMS 0x0000000081500000| PB 0x0000000081500000| Untracked 
|   8|0x0000000081600000, 0x0000000081600000, 0x0000000081700000|  0%| F|  |TAMS 0x0000000081600000| PB 0x0000000081600000| Untracked 
|   9|0x0000000081700000, 0x0000000081700000, 0x0000000081800000|  0%| F|  |TAMS 0x0000000081700000| PB 0x0000000081700000| Untracked 
|  10|0x0000000081800000, 0x0000000081800000, 0x0000000081900000|  0%| F|  |TAMS 0x0000000081800000| PB 0x0000000081800000| Untracked 
|  11|0x0000000081900000, 0x0000000081900000, 0x0000000081a00000|  0%| F|  |TAMS 0x0000000081900000| PB 0x0000000081900000| Untracked 
|  12|0x0000000081a00000, 0x0000000081a00000, 0x0000000081b00000|  0%| F|  |TAMS 0x0000000081a00000| PB 0x0000000081a00000| Untracked 
|  13|0x0000000081b00000, 0x0000000081b00000, 0x0000000081c00000|  0%| F|  |TAMS 0x0000000081b00000| PB 0x0000000081b00000| Untracked 
|  14|0x0000000081c00000, 0x0000000081c00000, 0x0000000081d00000|  0%| F|  |TAMS 0x0000000081c00000| PB 0x0000000081c00000| Untracked 
|  15|0x0000000081d00000, 0x0000000081d00000, 0x0000000081e00000|  0%| F|  |TAMS 0x0000000081d00000| PB 0x0000000081d00000| Untracked 
|  16|0x0000000081e00000, 0x0000000081e00000, 0x0000000081f00000|  0%| F|  |TAMS 0x0000000081e00000| PB 0x0000000081e00000| Untracked 
|  17|0x0000000081f00000, 0x0000000081f00000, 0x0000000082000000|  0%| F|  |TAMS 0x0000000081f00000| PB 0x0000000081f00000| Untracked 
|  18|0x0000000082000000, 0x0000000082000000, 0x0000000082100000|  0%| F|  |TAMS 0x0000000082000000| PB 0x0000000082000000| Untracked 
|  19|0x0000000082100000, 0x0000000082100000, 0x0000000082200000|  0%| F|  |TAMS 0x0000000082100000| PB 0x0000000082100000| Untracked 
|  20|0x0000000082200000, 0x0000000082200000, 0x0000000082300000|  0%| F|  |TAMS 0x0000000082200000| PB 0x0000000082200000| Untracked 
|  21|0x0000000082300000, 0x0000000082300000, 0x0000000082400000|  0%| F|  |TAMS 0x0000000082300000| PB 0x0000000082300000| Untracked 
|  22|0x0000000082400000, 0x0000000082400000, 0x0000000082500000|  0%| F|  |TAMS 0x0000000082400000| PB 0x0000000082400000| Untracked 
|  23|0x0000000082500000, 0x0000000082500000, 0x0000000082600000|  0%| F|  |TAMS 0x0000000082500000| PB 0x0000000082500000| Untracked 
|  24|0x0000000082600000, 0x0000000082600000, 0x0000000082700000|  0%| F|  |TAMS 0x0000000082600000| PB 0x0000000082600000| Untracked 
|  25|0x0000000082700000, 0x0000000082700000, 0x0000000082800000|  0%| F|  |TAMS 0x0000000082700000| PB 0x0000000082700000| Untracked 
|  26|0x0000000082800000, 0x0000000082800000, 0x0000000082900000|  0%| F|  |TAMS 0x0000000082800000| PB 0x0000000082800000| Untracked 
|  27|0x0000000082900000, 0x0000000082900000, 0x0000000082a00000|  0%| F|  |TAMS 0x0000000082900000| PB 0x0000000082900000| Untracked 
|  28|0x0000000082a00000, 0x0000000082a00000, 0x0000000082b00000|  0%| F|  |TAMS 0x0000000082a00000| PB 0x0000000082a00000| Untracked 
|  29|0x0000000082b00000, 0x0000000082b00000, 0x0000000082c00000|  0%| F|  |TAMS 0x0000000082b00000| PB 0x0000000082b00000| Untracked 
|  30|0x0000000082c00000, 0x0000000082c00000, 0x0000000082d00000|  0%| F|  |TAMS 0x0000000082c00000| PB 0x0000000082c00000| Untracked 
|  31|0x0000000082d00000, 0x0000000082d00000, 0x0000000082e00000|  0%| F|  |TAMS 0x0000000082d00000| PB 0x0000000082d00000| Untracked 
|  32|0x0000000082e00000, 0x0000000082e00000, 0x0000000082f00000|  0%| F|  |TAMS 0x0000000082e00000| PB 0x0000000082e00000| Untracked 
|  33|0x0000000082f00000, 0x0000000082f00000, 0x0000000083000000|  0%| F|  |TAMS 0x0000000082f00000| PB 0x0000000082f00000| Untracked 
|  34|0x0000000083000000, 0x0000000083000000, 0x0000000083100000|  0%| F|  |TAMS 0x0000000083000000| PB 0x0000000083000000| Untracked 
|  35|0x0000000083100000, 0x0000000083100000, 0x0000000083200000|  0%| F|  |TAMS 0x0000000083100000| PB 0x0000000083100000| Untracked 
|  36|0x0000000083200000, 0x0000000083200000, 0x0000000083300000|  0%| F|  |TAMS 0x0000000083200000| PB 0x0000000083200000| Untracked 
|  37|0x0000000083300000, 0x0000000083300000, 0x0000000083400000|  0%| F|  |TAMS 0x0000000083300000| PB 0x0000000083300000| Untracked 
|  38|0x0000000083400000, 0x0000000083400000, 0x0000000083500000|  0%| F|  |TAMS 0x0000000083400000| PB 0x0000000083400000| Untracked 
|  39|0x0000000083500000, 0x0000000083500000, 0x0000000083600000|  0%| F|  |TAMS 0x0000000083500000| PB 0x0000000083500000| Untracked 
|  40|0x0000000083600000, 0x0000000083600000, 0x0000000083700000|  0%| F|  |TAMS 0x0000000083600000| PB 0x0000000083600000| Untracked 
|  41|0x0000000083700000, 0x0000000083700000, 0x0000000083800000|  0%| F|  |TAMS 0x0000000083700000| PB 0x0000000083700000| Untracked 
|  42|0x0000000083800000, 0x0000000083800000, 0x0000000083900000|  0%| F|  |TAMS 0x0000000083800000| PB 0x0000000083800000| Untracked 
|  43|0x0000000083900000, 0x0000000083900000, 0x0000000083a00000|  0%| F|  |TAMS 0x0000000083900000| PB 0x0000000083900000| Untracked 
|  44|0x0000000083a00000, 0x0000000083a00000, 0x0000000083b00000|  0%| F|  |TAMS 0x0000000083a00000| PB 0x0000000083a00000| Untracked 
|  45|0x0000000083b00000, 0x0000000083b00000, 0x0000000083c00000|  0%| F|  |TAMS 0x0000000083b00000| PB 0x0000000083b00000| Untracked 
|  46|0x0000000083c00000, 0x0000000083c00000, 0x0000000083d00000|  0%| F|  |TAMS 0x0000000083c00000| PB 0x0000000083c00000| Untracked 
|  47|0x0000000083d00000, 0x0000000083d00000, 0x0000000083e00000|  0%| F|  |TAMS 0x0000000083d00000| PB 0x0000000083d00000| Untracked 
|  48|0x0000000083e00000, 0x0000000083e00000, 0x0000000083f00000|  0%| F|  |TAMS 0x0000000083e00000| PB 0x0000000083e00000| Untracked 
|  49|0x0000000083f00000, 0x0000000083f00000, 0x0000000084000000|  0%| F|  |TAMS 0x0000000083f00000| PB 0x0000000083f00000| Untracked 
|  50|0x0000000084000000, 0x0000000084000000, 0x0000000084100000|  0%| F|  |TAMS 0x0000000084000000| PB 0x0000000084000000| Untracked 
|  51|0x0000000084100000, 0x0000000084100000, 0x0000000084200000|  0%| F|  |TAMS 0x0000000084100000| PB 0x0000000084100000| Untracked 
|  52|0x0000000084200000, 0x0000000084200000, 0x0000000084300000|  0%| F|  |TAMS 0x0000000084200000| PB 0x0000000084200000| Untracked 
|  53|0x0000000084300000, 0x0000000084300000, 0x0000000084400000|  0%| F|  |TAMS 0x0000000084300000| PB 0x0000000084300000| Untracked 
|  54|0x0000000084400000, 0x0000000084400000, 0x0000000084500000|  0%| F|  |TAMS 0x0000000084400000| PB 0x0000000084400000| Untracked 
|  55|0x0000000084500000, 0x0000000084500000, 0x0000000084600000|  0%| F|  |TAMS 0x0000000084500000| PB 0x0000000084500000| Untracked 
|  56|0x0000000084600000, 0x0000000084600000, 0x0000000084700000|  0%| F|  |TAMS 0x0000000084600000| PB 0x0000000084600000| Untracked 
|  57|0x0000000084700000, 0x0000000084700000, 0x0000000084800000|  0%| F|  |TAMS 0x0000000084700000| PB 0x0000000084700000| Untracked 
|  58|0x0000000084800000, 0x0000000084800000, 0x0000000084900000|  0%| F|  |TAMS 0x0000000084800000| PB 0x0000000084800000| Untracked 
|  59|0x0000000084900000, 0x0000000084900000, 0x0000000084a00000|  0%| F|  |TAMS 0x0000000084900000| PB 0x0000000084900000| Untracked 
|  60|0x0000000084a00000, 0x0000000084a00000, 0x0000000084b00000|  0%| F|  |TAMS 0x0000000084a00000| PB 0x0000000084a00000| Untracked 
|  61|0x0000000084b00000, 0x0000000084b00000, 0x0000000084c00000|  0%| F|  |TAMS 0x0000000084b00000| PB 0x0000000084b00000| Untracked 
|  62|0x0000000084c00000, 0x0000000084c00000, 0x0000000084d00000|  0%| F|  |TAMS 0x0000000084c00000| PB 0x0000000084c00000| Untracked 
|  63|0x0000000084d00000, 0x0000000084d00000, 0x0000000084e00000|  0%| F|  |TAMS 0x0000000084d00000| PB 0x0000000084d00000| Untracked 
|  64|0x0000000084e00000, 0x0000000084e00000, 0x0000000084f00000|  0%| F|  |TAMS 0x0000000084e00000| PB 0x0000000084e00000| Untracked 
|  65|0x0000000084f00000, 0x0000000084f00000, 0x0000000085000000|  0%| F|  |TAMS 0x0000000084f00000| PB 0x0000000084f00000| Untracked 
|  66|0x0000000085000000, 0x0000000085000000, 0x0000000085100000|  0%| F|  |TAMS 0x0000000085000000| PB 0x0000000085000000| Untracked 
|  67|0x0000000085100000, 0x0000000085100000, 0x0000000085200000|  0%| F|  |TAMS 0x0000000085100000| PB 0x0000000085100000| Untracked 
|  68|0x0000000085200000, 0x0000000085200000, 0x0000000085300000|  0%| F|  |TAMS 0x0000000085200000| PB 0x0000000085200000| Untracked 
|  69|0x0000000085300000, 0x0000000085300000, 0x0000000085400000|  0%| F|  |TAMS 0x0000000085300000| PB 0x0000000085300000| Untracked 
|  70|0x0000000085400000, 0x0000000085400000, 0x0000000085500000|  0%| F|  |TAMS 0x0000000085400000| PB 0x0000000085400000| Untracked 
|  71|0x0000000085500000, 0x0000000085500000, 0x0000000085600000|  0%| F|  |TAMS 0x0000000085500000| PB 0x0000000085500000| Untracked 
|  72|0x0000000085600000, 0x0000000085600000, 0x0000000085700000|  0%| F|  |TAMS 0x0000000085600000| PB 0x0000000085600000| Untracked 
|  73|0x0000000085700000, 0x0000000085700000, 0x0000000085800000|  0%| F|  |TAMS 0x0000000085700000| PB 0x0000000085700000| Untracked 
|  74|0x0000000085800000, 0x0000000085800000, 0x0000000085900000|  0%| F|  |TAMS 0x0000000085800000| PB 0x0000000085800000| Untracked 
|  75|0x0000000085900000, 0x0000000085900000, 0x0000000085a00000|  0%| F|  |TAMS 0x0000000085900000| PB 0x0000000085900000| Untracked 
|  76|0x0000000085a00000, 0x0000000085a00000, 0x0000000085b00000|  0%| F|  |TAMS 0x0000000085a00000| PB 0x0000000085a00000| Untracked 
|  77|0x0000000085b00000, 0x0000000085b00000, 0x0000000085c00000|  0%| F|  |TAMS 0x0000000085b00000| PB 0x0000000085b00000| Untracked 
|  78|0x0000000085c00000, 0x0000000085c00000, 0x0000000085d00000|  0%| F|  |TAMS 0x0000000085c00000| PB 0x0000000085c00000| Untracked 
|  79|0x0000000085d00000, 0x0000000085d00000, 0x0000000085e00000|  0%| F|  |TAMS 0x0000000085d00000| PB 0x0000000085d00000| Untracked 
|  80|0x0000000085e00000, 0x0000000085e00000, 0x0000000085f00000|  0%| F|  |TAMS 0x0000000085e00000| PB 0x0000000085e00000| Untracked 
|  81|0x0000000085f00000, 0x0000000085f00000, 0x0000000086000000|  0%| F|  |TAMS 0x0000000085f00000| PB 0x0000000085f00000| Untracked 
|  82|0x0000000086000000, 0x0000000086000000, 0x0000000086100000|  0%| F|  |TAMS 0x0000000086000000| PB 0x0000000086000000| Untracked 
|  83|0x0000000086100000, 0x0000000086100000, 0x0000000086200000|  0%| F|  |TAMS 0x0000000086100000| PB 0x0000000086100000| Untracked 
|  84|0x0000000086200000, 0x0000000086200000, 0x0000000086300000|  0%| F|  |TAMS 0x0000000086200000| PB 0x0000000086200000| Untracked 
|  85|0x0000000086300000, 0x0000000086300000, 0x0000000086400000|  0%| F|  |TAMS 0x0000000086300000| PB 0x0000000086300000| Untracked 
|  86|0x0000000086400000, 0x0000000086400000, 0x0000000086500000|  0%| F|  |TAMS 0x0000000086400000| PB 0x0000000086400000| Untracked 
|  87|0x0000000086500000, 0x0000000086500000, 0x0000000086600000|  0%| F|  |TAMS 0x0000000086500000| PB 0x0000000086500000| Untracked 
|  88|0x0000000086600000, 0x0000000086600000, 0x0000000086700000|  0%| F|  |TAMS 0x0000000086600000| PB 0x0000000086600000| Untracked 
|  89|0x0000000086700000, 0x0000000086700000, 0x0000000086800000|  0%| F|  |TAMS 0x0000000086700000| PB 0x0000000086700000| Untracked 
|  90|0x0000000086800000, 0x0000000086800000, 0x0000000086900000|  0%| F|  |TAMS 0x0000000086800000| PB 0x0000000086800000| Untracked 
|  91|0x0000000086900000, 0x0000000086900000, 0x0000000086a00000|  0%| F|  |TAMS 0x0000000086900000| PB 0x0000000086900000| Untracked 
|  92|0x0000000086a00000, 0x0000000086a00000, 0x0000000086b00000|  0%| F|  |TAMS 0x0000000086a00000| PB 0x0000000086a00000| Untracked 
|  93|0x0000000086b00000, 0x0000000086b00000, 0x0000000086c00000|  0%| F|  |TAMS 0x0000000086b00000| PB 0x0000000086b00000| Untracked 
|  94|0x0000000086c00000, 0x0000000086c00000, 0x0000000086d00000|  0%| F|  |TAMS 0x0000000086c00000| PB 0x0000000086c00000| Untracked 
|  95|0x0000000086d00000, 0x0000000086d00000, 0x0000000086e00000|  0%| F|  |TAMS 0x0000000086d00000| PB 0x0000000086d00000| Untracked 
|  96|0x0000000086e00000, 0x0000000086e00000, 0x0000000086f00000|  0%| F|  |TAMS 0x0000000086e00000| PB 0x0000000086e00000| Untracked 
|  97|0x0000000086f00000, 0x0000000086f00000, 0x0000000087000000|  0%| F|  |TAMS 0x0000000086f00000| PB 0x0000000086f00000| Untracked 
|  98|0x0000000087000000, 0x0000000087000000, 0x0000000087100000|  0%| F|  |TAMS 0x0000000087000000| PB 0x0000000087000000| Untracked 
|  99|0x0000000087100000, 0x0000000087100000, 0x0000000087200000|  0%| F|  |TAMS 0x0000000087100000| PB 0x0000000087100000| Untracked 
| 100|0x0000000087200000, 0x0000000087200000, 0x0000000087300000|  0%| F|  |TAMS 0x0000000087200000| PB 0x0000000087200000| Untracked 
| 101|0x0000000087300000, 0x0000000087300000, 0x0000000087400000|  0%| F|  |TAMS 0x0000000087300000| PB 0x0000000087300000| Untracked 
| 102|0x0000000087400000, 0x0000000087400000, 0x0000000087500000|  0%| F|  |TAMS 0x0000000087400000| PB 0x0000000087400000| Untracked 
| 103|0x0000000087500000, 0x0000000087500000, 0x0000000087600000|  0%| F|  |TAMS 0x0000000087500000| PB 0x0000000087500000| Untracked 
| 104|0x0000000087600000, 0x0000000087600000, 0x0000000087700000|  0%| F|  |TAMS 0x0000000087600000| PB 0x0000000087600000| Untracked 
| 105|0x0000000087700000, 0x0000000087700000, 0x0000000087800000|  0%| F|  |TAMS 0x0000000087700000| PB 0x0000000087700000| Untracked 
| 106|0x0000000087800000, 0x0000000087800000, 0x0000000087900000|  0%| F|  |TAMS 0x0000000087800000| PB 0x0000000087800000| Untracked 
| 107|0x0000000087900000, 0x0000000087900000, 0x0000000087a00000|  0%| F|  |TAMS 0x0000000087900000| PB 0x0000000087900000| Untracked 
| 108|0x0000000087a00000, 0x0000000087a00000, 0x0000000087b00000|  0%| F|  |TAMS 0x0000000087a00000| PB 0x0000000087a00000| Untracked 
| 109|0x0000000087b00000, 0x0000000087b58d80, 0x0000000087c00000| 34%| E|  |TAMS 0x0000000087b00000| PB 0x0000000087b00000| Complete 
| 110|0x0000000087c00000, 0x0000000087d00000, 0x0000000087d00000|100%| E|CS|TAMS 0x0000000087c00000| PB 0x0000000087c00000| Complete 
| 111|0x0000000087d00000, 0x0000000087e00000, 0x0000000087e00000|100%| E|CS|TAMS 0x0000000087d00000| PB 0x0000000087d00000| Complete 
| 112|0x0000000087e00000, 0x0000000087f00000, 0x0000000087f00000|100%| E|CS|TAMS 0x0000000087e00000| PB 0x0000000087e00000| Complete 
| 113|0x0000000087f00000, 0x0000000088000000, 0x0000000088000000|100%| E|CS|TAMS 0x0000000087f00000| PB 0x0000000087f00000| Complete 
| 114|0x0000000088000000, 0x0000000088100000, 0x0000000088100000|100%| E|CS|TAMS 0x0000000088000000| PB 0x0000000088000000| Complete 
| 115|0x0000000088100000, 0x000000008819d1e0, 0x0000000088200000| 61%| S|CS|TAMS 0x0000000088100000| PB 0x0000000088100000| Complete 
| 116|0x0000000088200000, 0x0000000088300000, 0x0000000088300000|100%| S|CS|TAMS 0x0000000088200000| PB 0x0000000088200000| Complete 
| 117|0x0000000088300000, 0x0000000088400000, 0x0000000088400000|100%| E|CS|TAMS 0x0000000088300000| PB 0x0000000088300000| Complete 
| 118|0x0000000088400000, 0x0000000088500000, 0x0000000088500000|100%| E|CS|TAMS 0x0000000088400000| PB 0x0000000088400000| Complete 
| 119|0x0000000088500000, 0x0000000088600000, 0x0000000088600000|100%| E|CS|TAMS 0x0000000088500000| PB 0x0000000088500000| Complete 
| 120|0x0000000088600000, 0x0000000088700000, 0x0000000088700000|100%| E|CS|TAMS 0x0000000088600000| PB 0x0000000088600000| Complete 
| 121|0x0000000088700000, 0x0000000088800000, 0x0000000088800000|100%| E|CS|TAMS 0x0000000088700000| PB 0x0000000088700000| Complete 
| 122|0x0000000088800000, 0x0000000088900000, 0x0000000088900000|100%| E|CS|TAMS 0x0000000088800000| PB 0x0000000088800000| Complete 
| 123|0x0000000088900000, 0x0000000088a00000, 0x0000000088a00000|100%| E|CS|TAMS 0x0000000088900000| PB 0x0000000088900000| Complete 
| 124|0x0000000088a00000, 0x0000000088b00000, 0x0000000088b00000|100%| E|  |TAMS 0x0000000088a00000| PB 0x0000000088a00000| Complete 
| 125|0x0000000088b00000, 0x0000000088c00000, 0x0000000088c00000|100%| E|CS|TAMS 0x0000000088b00000| PB 0x0000000088b00000| Complete 
| 126|0x0000000088c00000, 0x0000000088d00000, 0x0000000088d00000|100%| E|CS|TAMS 0x0000000088c00000| PB 0x0000000088c00000| Complete 
| 127|0x0000000088d00000, 0x0000000088e00000, 0x0000000088e00000|100%| E|CS|TAMS 0x0000000088d00000| PB 0x0000000088d00000| Complete 

Card table byte_map: [0x000001e5efc40000,0x000001e5f0040000] _byte_map_base: 0x000001e5ef839000

Marking Bits: (CMBitMap*) 0x000001e5d8433e00
 Bits: [0x000001e5f0040000, 0x000001e5f2008000)

Polling page: 0x000001e5d63d0000

Metaspace:

Usage:
  Non-class:      9.46 MB used.
      Class:      1.22 MB used.
       Both:     10.69 MB used.

Virtual space:
  Non-class space:       64.00 MB reserved,       9.56 MB ( 15%) committed,  1 nodes.
      Class space:        1.00 GB reserved,       1.31 MB ( <1%) committed,  1 nodes.
             Both:        1.06 GB reserved,      10.88 MB ( <1%) committed. 

Chunk freelists:
   Non-Class:  6.19 MB
       Class:  14.63 MB
        Both:  20.82 MB

MaxMetaspaceSize: unlimited
CompressedClassSpaceSize: 1.00 GB
Initial GC threshold: 21.00 MB
Current GC threshold: 21.00 MB
CDS: on
 - commit_granule_bytes: 65536.
 - commit_granule_words: 8192.
 - virtual_space_node_default_size: 8388608.
 - enlarge_chunks_in_place: 1.
 - use_allocation_guard: 0.


Internal statistics:

num_allocs_failed_limit: 0.
num_arena_births: 170.
num_arena_deaths: 0.
num_vsnodes_births: 2.
num_vsnodes_deaths: 0.
num_space_committed: 174.
num_space_uncommitted: 0.
num_chunks_returned_to_freelist: 0.
num_chunks_taken_from_freelist: 443.
num_chunk_merges: 0.
num_chunk_splits: 293.
num_chunks_enlarged: 221.
num_inconsistent_stats: 0.

CodeHeap 'non-profiled nmethods': size=120000Kb used=585Kb max_used=585Kb free=119414Kb
 bounds [0x000001e5e8310000, 0x000001e5e8580000, 0x000001e5ef840000]
CodeHeap 'profiled nmethods': size=120000Kb used=3177Kb max_used=3177Kb free=116822Kb
 bounds [0x000001e5e0840000, 0x000001e5e0b60000, 0x000001e5e7d70000]
CodeHeap 'non-nmethods': size=5760Kb used=1438Kb max_used=1453Kb free=4322Kb
 bounds [0x000001e5e7d70000, 0x000001e5e7fe0000, 0x000001e5e8310000]
 total_blobs=2170 nmethods=1641 adapters=434
 compilation: enabled
              stopped_count=0, restarted_count=0
 full_count=0

Compilation events (20 events):
Event: 1.903 Thread 0x000001e5f44f1240 1607       3       java.util.TreeMap::parentOf (13 bytes)
Event: 1.903 Thread 0x000001e5f44f1240 nmethod 1607 0x000001e5e0b4fc10 code [0x000001e5e0b4fdc0, 0x000001e5e0b4ff30]
Event: 1.903 Thread 0x000001e5f44f1240 1608       3       java.lang.Character::toUpperCase (6 bytes)
Event: 1.904 Thread 0x000001e5f44f1240 nmethod 1608 0x000001e5e0b50010 code [0x000001e5e0b501e0, 0x000001e5e0b50438]
Event: 1.904 Thread 0x000001e5f44f1240 1609       3       java.lang.CharacterDataLatin1::toUpperCase (67 bytes)
Event: 1.904 Thread 0x000001e5f44f1240 nmethod 1609 0x000001e5e0b50510 code [0x000001e5e0b506e0, 0x000001e5e0b50a30]
Event: 1.904 Thread 0x000001e5f44f1240 1610       3       java.lang.Character::toUpperCase (9 bytes)
Event: 1.904 Thread 0x000001e5f44f1240 nmethod 1610 0x000001e5e0b50a90 code [0x000001e5e0b50c40, 0x000001e5e0b50e38]
Event: 1.907 Thread 0x000001e5f44f1240 1616       3       java.lang.invoke.MethodHandleNatives::refKindIsGetter (32 bytes)
Event: 1.907 Thread 0x000001e5f44f1240 nmethod 1616 0x000001e5e0b50f10 code [0x000001e5e0b510a0, 0x000001e5e0b511f8]
Event: 1.907 Thread 0x000001e5f44f1240 1619       3       java.lang.invoke.LambdaFormBuffer::ownedCount (7 bytes)
Event: 1.908 Thread 0x000001e5f44f1240 nmethod 1619 0x000001e5e0b51290 code [0x000001e5e0b51420, 0x000001e5e0b51530]
Event: 1.908 Thread 0x000001e5f44f1240 1620       3       java.lang.reflect.Modifier::isPrivate (12 bytes)
Event: 1.908 Thread 0x000001e5f44f1240 nmethod 1620 0x000001e5e0b51590 code [0x000001e5e0b51720, 0x000001e5e0b51868]
Event: 1.908 Thread 0x000001e5f44f1240 1622       3       java.lang.invoke.LambdaForm::normalizeNames (270 bytes)
Event: 1.910 Thread 0x000001e5f44f1240 nmethod 1622 0x000001e5e0b51910 code [0x000001e5e0b51be0, 0x000001e5e0b52e68]
Event: 1.910 Thread 0x000001e5f44f1240 1627       3       java.lang.invoke.InvokerBytecodeGenerator::emitStoreResult (27 bytes)
Event: 1.910 Thread 0x000001e5f44f1240 nmethod 1627 0x000001e5e0b53410 code [0x000001e5e0b535c0, 0x000001e5e0b537a0]
Event: 1.910 Thread 0x000001e5f44f1240 1628       3       java.lang.invoke.LambdaForm$NamedFunction::intrinsicName (21 bytes)
Event: 1.910 Thread 0x000001e5f44f1240 nmethod 1628 0x000001e5e0b53890 code [0x000001e5e0b53a40, 0x000001e5e0b53c90]

GC Heap History (4 events):
Event: 0.694 GC heap before
{Heap before GC invocations=0 (full 0):
 garbage-first heap   total 131072K, used 14336K [0x0000000080e00000, 0x0000000100000000)
  region size 1024K, 13 young (13312K), 0 survivors (0K)
 Metaspace       used 2621K, committed 2880K, reserved 1114112K
  class space    used 257K, committed 384K, reserved 1048576K
}
Event: 0.699 GC heap after
{Heap after GC invocations=1 (full 0):
 garbage-first heap   total 131072K, used 7264K [0x0000000080e00000, 0x0000000100000000)
  region size 1024K, 2 young (2048K), 2 survivors (2048K)
 Metaspace       used 2621K, committed 2880K, reserved 1114112K
  class space    used 257K, committed 384K, reserved 1048576K
}
Event: 1.410 GC heap before
{Heap before GC invocations=1 (full 0):
 garbage-first heap   total 131072K, used 17504K [0x0000000080e00000, 0x0000000100000000)
  region size 1024K, 13 young (13312K), 2 survivors (2048K)
 Metaspace       used 7308K, committed 7616K, reserved 1114112K
  class space    used 803K, committed 960K, reserved 1048576K
}
Event: 1.414 GC heap after
{Heap after GC invocations=2 (full 0):
 garbage-first heap   total 131072K, used 8898K [0x0000000080e00000, 0x0000000100000000)
  region size 1024K, 2 young (2048K), 2 survivors (2048K)
 Metaspace       used 7308K, committed 7616K, reserved 1114112K
  class space    used 803K, committed 960K, reserved 1048576K
}

Dll operation events (7 events):
Event: 0.064 Loaded shared library C:\Program Files\Java\jdk-21\bin\java.dll
Event: 0.131 Loaded shared library C:\Program Files\Java\jdk-21\bin\jsvml.dll
Event: 0.273 Loaded shared library C:\Program Files\Java\jdk-21\bin\net.dll
Event: 0.276 Loaded shared library C:\Program Files\Java\jdk-21\bin\nio.dll
Event: 0.282 Loaded shared library C:\Program Files\Java\jdk-21\bin\zip.dll
Event: 0.415 Loaded shared library C:\Program Files\Java\jdk-21\bin\jimage.dll
Event: 0.672 Loaded shared library C:\Program Files\Java\jdk-21\bin\extnet.dll

Deoptimization events (20 events):
Event: 1.902 Thread 0x000001e5f9d4ac50 Uncommon trap: trap_request=0xffffffc6 fr.pc=0x000001e5e839d06c relative=0x00000000000012cc
Event: 1.902 Thread 0x000001e5f9d4ac50 Uncommon trap: reason=bimorphic_or_optimized_type_check action=maybe_recompile pc=0x000001e5e839d06c method=java.util.HashMap.putVal(ILjava/lang/Object;Ljava/lang/Object;ZZ)Ljava/lang/Object; @ 56 c2
Event: 1.902 Thread 0x000001e5f9d4ac50 DEOPT PACKING pc=0x000001e5e839d06c sp=0x00000086249fd6e0
Event: 1.902 Thread 0x000001e5f9d4ac50 DEOPT UNPACKING pc=0x000001e5e7dc46a2 sp=0x00000086249fd678 mode 2
Event: 1.902 Thread 0x000001e5f9d4ac50 Uncommon trap: trap_request=0xffffffc6 fr.pc=0x000001e5e839d06c relative=0x00000000000012cc
Event: 1.902 Thread 0x000001e5f9d4ac50 Uncommon trap: reason=bimorphic_or_optimized_type_check action=maybe_recompile pc=0x000001e5e839d06c method=java.util.HashMap.putVal(ILjava/lang/Object;Ljava/lang/Object;ZZ)Ljava/lang/Object; @ 56 c2
Event: 1.902 Thread 0x000001e5f9d4ac50 DEOPT PACKING pc=0x000001e5e839d06c sp=0x00000086249fd6e0
Event: 1.902 Thread 0x000001e5f9d4ac50 DEOPT UNPACKING pc=0x000001e5e7dc46a2 sp=0x00000086249fd678 mode 2
Event: 1.902 Thread 0x000001e5f9d4ac50 Uncommon trap: trap_request=0xffffffc6 fr.pc=0x000001e5e839d16c relative=0x00000000000013cc
Event: 1.902 Thread 0x000001e5f9d4ac50 Uncommon trap: reason=bimorphic_or_optimized_type_check action=maybe_recompile pc=0x000001e5e839d16c method=java.util.HashMap.putVal(ILjava/lang/Object;Ljava/lang/Object;ZZ)Ljava/lang/Object; @ 152 c2
Event: 1.902 Thread 0x000001e5f9d4ac50 DEOPT PACKING pc=0x000001e5e839d16c sp=0x00000086249fd6e0
Event: 1.902 Thread 0x000001e5f9d4ac50 DEOPT UNPACKING pc=0x000001e5e7dc46a2 sp=0x00000086249fd680 mode 2
Event: 1.902 Thread 0x000001e5f9d4ac50 Uncommon trap: trap_request=0xffffffc6 fr.pc=0x000001e5e839d06c relative=0x00000000000012cc
Event: 1.902 Thread 0x000001e5f9d4ac50 Uncommon trap: reason=bimorphic_or_optimized_type_check action=maybe_recompile pc=0x000001e5e839d06c method=java.util.HashMap.putVal(ILjava/lang/Object;Ljava/lang/Object;ZZ)Ljava/lang/Object; @ 56 c2
Event: 1.902 Thread 0x000001e5f9d4ac50 DEOPT PACKING pc=0x000001e5e839d06c sp=0x00000086249fd6e0
Event: 1.902 Thread 0x000001e5f9d4ac50 DEOPT UNPACKING pc=0x000001e5e7dc46a2 sp=0x00000086249fd678 mode 2
Event: 1.906 Thread 0x000001e5f9d4ac50 Uncommon trap: trap_request=0xffffff45 fr.pc=0x000001e5e8388be8 relative=0x0000000000000bc8
Event: 1.906 Thread 0x000001e5f9d4ac50 Uncommon trap: reason=unstable_if action=reinterpret pc=0x000001e5e8388be8 method=java.util.jar.JarFile.getVersionedEntry(Ljava/lang/String;Ljava/util/jar/JarEntry;)Ljava/util/jar/JarEntry; @ 26 c2
Event: 1.906 Thread 0x000001e5f9d4ac50 DEOPT PACKING pc=0x000001e5e8388be8 sp=0x00000086249fe0e0
Event: 1.906 Thread 0x000001e5f9d4ac50 DEOPT UNPACKING pc=0x000001e5e7dc46a2 sp=0x00000086249fe0a0 mode 2

Classes loaded (20 events):
Event: 1.900 Loading class java/nio/file/FileVisitor done
Event: 1.900 Loading class java/lang/ProcessEnvironment
Event: 1.901 Loading class java/lang/ProcessEnvironment done
Event: 1.901 Loading class java/lang/ProcessEnvironment$NameComparator
Event: 1.901 Loading class java/lang/ProcessEnvironment$NameComparator done
Event: 1.901 Loading class java/lang/ProcessEnvironment$EntryComparator
Event: 1.902 Loading class java/lang/ProcessEnvironment$EntryComparator done
Event: 1.902 Loading class java/lang/ProcessEnvironment$CheckedEntrySet
Event: 1.903 Loading class java/lang/ProcessEnvironment$CheckedEntrySet done
Event: 1.903 Loading class java/lang/ProcessEnvironment$CheckedEntrySet$1
Event: 1.903 Loading class java/lang/ProcessEnvironment$CheckedEntrySet$1 done
Event: 1.903 Loading class java/lang/ProcessEnvironment$CheckedEntry
Event: 1.903 Loading class java/lang/ProcessEnvironment$CheckedEntry done
Event: 1.904 Loading class java/lang/Thread$ThreadNumbering
Event: 1.904 Loading class java/lang/Thread$ThreadNumbering done
Event: 1.909 Loading class java/nio/file/TempFileHelper
Event: 1.910 Loading class java/nio/file/TempFileHelper done
Event: 1.912 Loading class sun/nio/fs/WindowsPath$1
Event: 1.912 Loading class sun/nio/fs/WindowsPath$1 done
Event: 1.914 Loading class java/nio/file/StandardCopyOption

Classes unloaded (0 events):
No events

Classes redefined (0 events):
No events

Internal exceptions (20 events):
Event: 1.100 Thread 0x000001e5d83df8a0 Exception <a 'java/lang/NoSuchMethodError'{0x00000000886dffe0}: 'java.lang.Object java.lang.invoke.DirectMethodHandle$Holder.newInvokeSpecial(java.lang.Object, java.lang.Object, int, java.lang.Object)'> (0x00000000886dffe0) 
thrown [s\open\src\hotspot\share\interpreter\linkResolver.cpp, line 773]
Event: 1.100 Thread 0x000001e5d83df8a0 Exception <a 'java/lang/NoSuchMethodError'{0x00000000886e4138}: 'java.lang.Object java.lang.invoke.DirectMethodHandle$Holder.invokeSpecial(java.lang.Object, java.lang.Object, java.lang.Object, int, java.lang.Object)'> (0x00000000886e4138) 
thrown [s\open\src\hotspot\share\interpreter\linkResolver.cpp, line 773]
Event: 1.101 Thread 0x000001e5d83df8a0 Exception <a 'java/lang/NoSuchMethodError'{0x00000000886e7a80}: 'java.lang.Object java.lang.invoke.Invokers$Holder.linkToTargetMethod(java.lang.Object, int, java.lang.Object, java.lang.Object)'> (0x00000000886e7a80) 
thrown [s\open\src\hotspot\share\interpreter\linkResolver.cpp, line 773]
Event: 1.114 Thread 0x000001e5d83df8a0 Exception <a 'java/lang/NoSuchMethodError'{0x000000008851ac98}: 'java.lang.Object java.lang.invoke.DirectMethodHandle$Holder.newInvokeSpecial(java.lang.Object, int, java.lang.Object)'> (0x000000008851ac98) 
thrown [s\open\src\hotspot\share\interpreter\linkResolver.cpp, line 773]
Event: 1.131 Thread 0x000001e5d83df8a0 Exception <a 'java/lang/NoSuchMethodError'{0x0000000088550eb8}: 'void java.lang.invoke.DirectMethodHandle$Holder.invokeStatic(java.lang.Object, java.lang.Object, java.lang.Object)'> (0x0000000088550eb8) 
thrown [s\open\src\hotspot\share\interpreter\linkResolver.cpp, line 773]
Event: 1.697 Thread 0x000001e5d83df8a0 Exception <a 'java/lang/ClassNotFoundException'{0x000000008803a558}: com/aventstack/extentreports/StatusBeanInfo> (0x000000008803a558) 
thrown [s\open\src\hotspot\share\classfile\systemDictionary.cpp, line 312]
Event: 1.697 Thread 0x000001e5d83df8a0 Exception <a 'java/lang/ClassNotFoundException'{0x000000008803b2b0}: java/lang/EnumBeanInfo> (0x000000008803b2b0) 
thrown [s\open\src\hotspot\share\classfile\systemDictionary.cpp, line 312]
Event: 1.697 Thread 0x000001e5d83df8a0 Exception <a 'java/lang/ClassNotFoundException'{0x000000008803bf90}: java/lang/ObjectBeanInfo> (0x000000008803bf90) 
thrown [s\open\src\hotspot\share\classfile\systemDictionary.cpp, line 312]
Event: 1.698 Thread 0x000001e5d83df8a0 Exception <a 'java/lang/ClassNotFoundException'{0x000000008803d2e0}: java/lang/ObjectCustomizer> (0x000000008803d2e0) 
thrown [s\open\src\hotspot\share\classfile\systemDictionary.cpp, line 312]
Event: 1.703 Thread 0x000001e5d83df8a0 Exception <a 'java/lang/IncompatibleClassChangeError'{0x00000000880425f0}: Found class java.lang.Object, but interface was expected> (0x00000000880425f0) 
thrown [s\open\src\hotspot\share\interpreter\linkResolver.cpp, line 840]
Event: 1.707 Thread 0x000001e5d83df8a0 Exception <a 'java/lang/ClassNotFoundException'{0x000000008804c3f8}: java/lang/EnumCustomizer> (0x000000008804c3f8) 
thrown [s\open\src\hotspot\share\classfile\systemDictionary.cpp, line 312]
Event: 1.710 Thread 0x000001e5d83df8a0 Exception <a 'java/lang/ClassNotFoundException'{0x000000008805dea0}: com/aventstack/extentreports/StatusCustomizer> (0x000000008805dea0) 
thrown [s\open\src\hotspot\share\classfile\systemDictionary.cpp, line 312]
Event: 1.725 Thread 0x000001e5d83df8a0 Exception <a 'java/lang/ClassNotFoundException'{0x0000000087f01e10}: com/aventstack/extentreports/view/IcoBeanInfo> (0x0000000087f01e10) 
thrown [s\open\src\hotspot\share\classfile\systemDictionary.cpp, line 312]
Event: 1.726 Thread 0x000001e5d83df8a0 Exception <a 'java/lang/ClassNotFoundException'{0x0000000087f063b0}: com/aventstack/extentreports/view/IcoCustomizer> (0x0000000087f063b0) 
thrown [s\open\src\hotspot\share\classfile\systemDictionary.cpp, line 312]
Event: 1.739 Thread 0x000001e5d83df8a0 Exception <a 'java/lang/ClassNotFoundException'{0x0000000087f55dc8}: com/aventstack/extentreports/model/service/TestServiceBeanInfo> (0x0000000087f55dc8) 
thrown [s\open\src\hotspot\share\classfile\systemDictionary.cpp, line 312]
Event: 1.740 Thread 0x000001e5d83df8a0 Exception <a 'java/lang/ClassNotFoundException'{0x0000000087f5aa50}: com/aventstack/extentreports/model/service/TestServiceCustomizer> (0x0000000087f5aa50) 
thrown [s\open\src\hotspot\share\classfile\systemDictionary.cpp, line 312]
Event: 1.764 Thread 0x000001e5d83df8a0 Exception <a 'java/lang/NoSuchMethodError'{0x0000000087fee430}: 'void java.lang.invoke.DirectMethodHandle$Holder.invokeSpecial(java.lang.Object, java.lang.Object, java.lang.Object)'> (0x0000000087fee430) 
thrown [s\open\src\hotspot\share\interpreter\linkResolver.cpp, line 773]
Event: 1.780 Thread 0x000001e5f9d4ac50 Exception <a 'java/lang/NoSuchMethodError'{0x0000000087e65bd0}: 'int java.lang.invoke.DirectMethodHandle$Holder.invokeInterface(java.lang.Object, java.lang.Object)'> (0x0000000087e65bd0) 
thrown [s\open\src\hotspot\share\interpreter\linkResolver.cpp, line 773]
Event: 1.798 Thread 0x000001e5f9d4ac50 Exception <a 'java/lang/NoSuchMethodError'{0x0000000087ecf198}: 'void java.lang.invoke.DirectMethodHandle$Holder.invokeVirtual(java.lang.Object, java.lang.Object)'> (0x0000000087ecf198) 
thrown [s\open\src\hotspot\share\interpreter\linkResolver.cpp, line 773]
Event: 1.883 Thread 0x000001e5f9d4ac50 Exception <a 'java/lang/NoSuchMethodError'{0x0000000087cc7378}: 'void java.lang.invoke.DirectMethodHandle$Holder.invokeStaticInit(java.lang.Object, java.lang.Object)'> (0x0000000087cc7378) 
thrown [s\open\src\hotspot\share\interpreter\linkResolver.cpp, line 773]

ZGC Phase Switch (0 events):
No events

VM Operations (20 events):
Event: 0.649 Executing VM operation: HandshakeAllThreads (Deoptimize)
Event: 0.649 Executing VM operation: HandshakeAllThreads (Deoptimize) done
Event: 0.694 Executing VM operation: G1CollectForAllocation (G1 Evacuation Pause)
Event: 0.700 Executing VM operation: G1CollectForAllocation (G1 Evacuation Pause) done
Event: 0.757 Executing VM operation: HandshakeAllThreads (Deoptimize)
Event: 0.757 Executing VM operation: HandshakeAllThreads (Deoptimize) done
Event: 0.860 Executing VM operation: HandshakeAllThreads (Deoptimize)
Event: 0.860 Executing VM operation: HandshakeAllThreads (Deoptimize) done
Event: 1.410 Executing VM operation: G1CollectForAllocation (G1 Evacuation Pause)
Event: 1.414 Executing VM operation: G1CollectForAllocation (G1 Evacuation Pause) done
Event: 1.571 Executing VM operation: HandshakeAllThreads (Deoptimize)
Event: 1.571 Executing VM operation: HandshakeAllThreads (Deoptimize) done
Event: 1.765 Executing VM operation: HandshakeAllThreads (Deoptimize)
Event: 1.765 Executing VM operation: HandshakeAllThreads (Deoptimize) done
Event: 1.765 Executing VM operation: HandshakeAllThreads (Deoptimize)
Event: 1.765 Executing VM operation: HandshakeAllThreads (Deoptimize) done
Event: 1.798 Executing VM operation: HandshakeAllThreads (Deoptimize)
Event: 1.798 Executing VM operation: HandshakeAllThreads (Deoptimize) done
Event: 1.901 Executing VM operation: HandshakeAllThreads (Deoptimize)
Event: 1.901 Executing VM operation: HandshakeAllThreads (Deoptimize) done

Events (13 events):
Event: 0.104 Thread 0x000001e5d83df8a0 Thread added: 0x000001e5d83df8a0
Event: 0.127 Thread 0x000001e5f44e1f20 Thread added: 0x000001e5f44e1f20
Event: 0.127 Thread 0x000001e5f44e3590 Thread added: 0x000001e5f44e3590
Event: 0.128 Thread 0x000001e5f44e7350 Thread added: 0x000001e5f44e7350
Event: 0.128 Thread 0x000001e5f44e7f60 Thread added: 0x000001e5f44e7f60
Event: 0.128 Thread 0x000001e5f44e9ab0 Thread added: 0x000001e5f44e9ab0
Event: 0.128 Thread 0x000001e5f44ee770 Thread added: 0x000001e5f44ee770
Event: 0.129 Thread 0x000001e5f44efe50 Thread added: 0x000001e5f44efe50
Event: 0.129 Thread 0x000001e5f44f1240 Thread added: 0x000001e5f44f1240
Event: 0.267 Thread 0x000001e5f47810d0 Thread added: 0x000001e5f47810d0
Event: 0.270 Thread 0x000001e5f478d0d0 Thread added: 0x000001e5f478d0d0
Event: 0.684 Thread 0x000001e5f94950d0 Thread added: 0x000001e5f94950d0
Event: 1.766 Thread 0x000001e5f9d4ac50 Thread added: 0x000001e5f9d4ac50


Dynamic libraries:
0x00007ff699250000 - 0x00007ff699260000 	C:\Program Files\Java\jdk-21\bin\javaw.exe
0x00007ffcc45d0000 - 0x00007ffcc47c8000 	C:\Windows\SYSTEM32\ntdll.dll
0x00007ffcc4410000 - 0x00007ffcc44d1000 	C:\Windows\System32\KERNEL32.DLL
0x00007ffcc1f00000 - 0x00007ffcc21fd000 	C:\Windows\System32\KERNELBASE.dll
0x00007ffcc2490000 - 0x00007ffcc2590000 	C:\Windows\System32\ucrtbase.dll
0x00007ffcbba80000 - 0x00007ffcbba99000 	C:\Program Files\Java\jdk-21\bin\jli.dll
0x00007ffcc2fc0000 - 0x00007ffcc3070000 	C:\Windows\System32\ADVAPI32.dll
0x00007ffcc26b0000 - 0x00007ffcc274e000 	C:\Windows\System32\msvcrt.dll
0x00007ffcc4280000 - 0x00007ffcc4320000 	C:\Windows\System32\sechost.dll
0x00007ffcc2a50000 - 0x00007ffcc2b73000 	C:\Windows\System32\RPCRT4.dll
0x00007ffcc1c80000 - 0x00007ffcc1ca7000 	C:\Windows\System32\bcrypt.dll
0x00007ffcc2e20000 - 0x00007ffcc2fbd000 	C:\Windows\System32\USER32.dll
0x00007ffcc2200000 - 0x00007ffcc2222000 	C:\Windows\System32\win32u.dll
0x00007ffcc27b0000 - 0x00007ffcc27db000 	C:\Windows\System32\GDI32.dll
0x00007ffcc22c0000 - 0x00007ffcc23d7000 	C:\Windows\System32\gdi32full.dll
0x00007ffcc1e60000 - 0x00007ffcc1efd000 	C:\Windows\System32\msvcp_win.dll
0x00007ffcbb190000 - 0x00007ffcbb1ab000 	C:\Program Files\Java\jdk-21\bin\VCRUNTIME140.dll
0x00007ffcb1000000 - 0x00007ffcb129a000 	C:\Windows\WinSxS\amd64_microsoft.windows.common-controls_6595b64144ccf1df_6.0.19041.4355_none_60b8b9eb71f62e16\COMCTL32.dll
0x00007ffcb9e30000 - 0x00007ffcb9e3a000 	C:\Windows\SYSTEM32\VERSION.dll
0x00007ffcc2b90000 - 0x00007ffcc2bbf000 	C:\Windows\System32\IMM32.DLL
0x00007ffcbc630000 - 0x00007ffcbc63c000 	C:\Program Files\Java\jdk-21\bin\vcruntime140_1.dll
0x00007ffca8770000 - 0x00007ffca87fe000 	C:\Program Files\Java\jdk-21\bin\msvcp140.dll
0x00007ffc5b390000 - 0x00007ffc5c0a7000 	C:\Program Files\Java\jdk-21\bin\server\jvm.dll
0x00007ffcc2bc0000 - 0x00007ffcc2c2b000 	C:\Windows\System32\WS2_32.dll
0x00007ffcc1ad0000 - 0x00007ffcc1b1b000 	C:\Windows\SYSTEM32\POWRPROF.dll
0x00007ffcb8170000 - 0x00007ffcb8197000 	C:\Windows\SYSTEM32\WINMM.dll
0x00007ffcc1ab0000 - 0x00007ffcc1ac2000 	C:\Windows\SYSTEM32\UMPDC.dll
0x00007ffcbfac0000 - 0x00007ffcbfad2000 	C:\Windows\SYSTEM32\kernel.appcore.dll
0x00007ffcbbac0000 - 0x00007ffcbbaca000 	C:\Program Files\Java\jdk-21\bin\jimage.dll
0x00007ffca78e0000 - 0x00007ffca7ac4000 	C:\Windows\SYSTEM32\DBGHELP.DLL
0x00007ffca78a0000 - 0x00007ffca78d4000 	C:\Windows\SYSTEM32\dbgcore.DLL
0x00007ffcc2230000 - 0x00007ffcc22b2000 	C:\Windows\System32\bcryptPrimitives.dll
0x00007ffcb8440000 - 0x00007ffcb845f000 	C:\Program Files\Java\jdk-21\bin\java.dll
0x00007ffcc3690000 - 0x00007ffcc3dff000 	C:\Windows\System32\SHELL32.dll
0x00007ffcbfcc0000 - 0x00007ffcc045f000 	C:\Windows\SYSTEM32\windows.storage.dll
0x00007ffcc3e00000 - 0x00007ffcc4153000 	C:\Windows\System32\combase.dll
0x00007ffcc15d0000 - 0x00007ffcc15fe000 	C:\Windows\SYSTEM32\Wldp.dll
0x00007ffcc27e0000 - 0x00007ffcc28ad000 	C:\Windows\System32\OLEAUT32.dll
0x00007ffcc4160000 - 0x00007ffcc420d000 	C:\Windows\System32\SHCORE.dll
0x00007ffcc2d60000 - 0x00007ffcc2db5000 	C:\Windows\System32\shlwapi.dll
0x00007ffcc1bb0000 - 0x00007ffcc1bd4000 	C:\Windows\SYSTEM32\profapi.dll
0x00007ffca1380000 - 0x00007ffca1457000 	C:\Program Files\Java\jdk-21\bin\jsvml.dll
0x00007ffcbb9d0000 - 0x00007ffcbb9e0000 	C:\Program Files\Java\jdk-21\bin\net.dll
0x00007ffcb71f0000 - 0x00007ffcb72fd000 	C:\Windows\SYSTEM32\WINHTTP.dll
0x00007ffcc1330000 - 0x00007ffcc139a000 	C:\Windows\system32\mswsock.dll
0x00007ffcb3cd0000 - 0x00007ffcb3ce6000 	C:\Program Files\Java\jdk-21\bin\nio.dll
0x00007ffcb0bd0000 - 0x00007ffcb0be8000 	C:\Program Files\Java\jdk-21\bin\zip.dll
0x00007ffcc1050000 - 0x00007ffcc111a000 	C:\Windows\SYSTEM32\DNSAPI.dll
0x00007ffcc1010000 - 0x00007ffcc104b000 	C:\Windows\SYSTEM32\IPHLPAPI.DLL
0x00007ffcc2b80000 - 0x00007ffcc2b88000 	C:\Windows\System32\NSI.dll
0x00007ffcb85b0000 - 0x00007ffcb85ba000 	C:\Windows\System32\rasadhlp.dll
0x00007ffcb4050000 - 0x00007ffcb40d0000 	C:\Windows\System32\fwpuclnt.dll
0x00007ffcbb7d0000 - 0x00007ffcbb7d9000 	C:\Program Files\Java\jdk-21\bin\extnet.dll
0x00007ffcc1530000 - 0x00007ffcc1548000 	C:\Windows\SYSTEM32\CRYPTSP.dll
0x00007ffcc0c50000 - 0x00007ffcc0c84000 	C:\Windows\system32\rsaenh.dll
0x00007ffcc1b20000 - 0x00007ffcc1b4e000 	C:\Windows\SYSTEM32\USERENV.dll
0x00007ffcc1520000 - 0x00007ffcc152c000 	C:\Windows\SYSTEM32\CRYPTBASE.dll

dbghelp: loaded successfully - version: 4.0.5 - missing functions: none
symbol engine: initialized successfully - sym options: 0x614 - pdb path: .;C:\Program Files\Java\jdk-21\bin;C:\Windows\SYSTEM32;C:\Windows\WinSxS\amd64_microsoft.windows.common-controls_6595b64144ccf1df_6.0.19041.4355_none_60b8b9eb71f62e16;C:\Program Files\Java\jdk-21\bin\server

VM Arguments:
jvm_args: -ea -Dfile.encoding=UTF-8 -Dstdout.encoding=UTF-8 -Dstderr.encoding=UTF-8 -XX:+ShowCodeDetailsInExceptionMessages 
java_command: org.testng.remote.RemoteTestNG -serport 65104 -protocol json -d D:\Source code\vision\test-output D:\Source code\vision\test-output\Testng-ETLv_Java17\ETL_VAT.xml
java_class_path (initial): D:\Softwares\sts-4.20.0.RELEASE\configuration\org.eclipse.osgi\580\0\.cp\lib\testng-remote.jar;D:\Source code\vision\target\test-classes;D:\Source code\vision\target\classes;D:\Softwares\sts-4.20.0.RELEASE\plugins\org.testng_7.4.0.r202105021533.jar;D:\Softwares\sts-4.20.0.RELEASE\plugins\com.beust.jcommander_1.78.0.jar;D:\Softwares\sts-4.20.0.RELEASE\plugins\org.apache-extras.beanshell.bsh_2.0.0.b6.jar;D:\Softwares\sts-4.20.0.RELEASE\plugins\org.yaml.snakeyaml_1.21.0.jar;D:\Softwares\sts-4.20.0.RELEASE\plugins\org.webjars.jquery_3.5.1.jar;C:\Users\Welcome\.m2\repository\org\springframework\boot\spring-boot-starter\3.2.0\spring-boot-starter-3.2.0.jar;C:\Users\Welcome\.m2\repository\org\springframework\boot\spring-boot\3.2.0\spring-boot-3.2.0.jar;C:\Users\Welcome\.m2\repository\org\springframework\spring-context\6.1.1\spring-context-6.1.1.jar;C:\Users\Welcome\.m2\repository\org\springframework\spring-aop\6.1.1\spring-aop-6.1.1.jar;C:\Users\Welcome\.m2\repository\org\springframework\spring-beans\6.1.1\spring-beans-6.1.1.jar;C:\Users\Welcome\.m2\repository\org\springframework\spring-expression\6.1.1\spring-expression-6.1.1.jar;C:\Users\Welcome\.m2\repository\io\micrometer\micrometer-observation\1.12.0\micrometer-observation-1.12.0.jar;C:\Users\Welcome\.m2\repository\io\micrometer\micrometer-commons\1.12.0\micrometer-commons-1.12.0.jar;C:\Users\Welcome\.m2\repository\org\springframework\boot\spring-boot-autoconfigure\3.2.0\spring-boot-autoconfigure-3.2.0.jar;C:\Users\Welcome\.m2\repository\org\springframework\boot\spring-boot-starter-logging\3.2.0\spring-boot-starter-logging-3.2.0.jar;C:\Users\Welcome\.m2\repository\ch\qos\logback\logback-classic\1.4.11\logback-classic-1.4.11.jar;C:\Users\Welcome\.m2\repository\ch\qos\logback\logback-core\1.4.11\logback-core-1.4.11.jar;C:\Users\Welcome\.m2\repository\org\apache\logging\log4j\log4j-to-slf4j\2.21.1\log4j-to-slf4j-2.21.1.jar;C:\Users\Welcome\.m2\repository\org\apache\logging\log4j\log4j-api\2.21.1\log4j-api-2.21.1.jar;C:\Users\Welcome\.m2\repository\org\slf4j\jul-to-slf4j\2.0.9\jul-to-slf4j-2.0.9.jar;C:\Users\Welcome\.m2\repository\jakarta\annotation\jakarta.annotation-api\2.1.1\jakarta.annotation-api-2.1.1.jar;C:\Users\Welcome\.m2\repository\org\springframework\spring-core\6.1.1\spring-core-6.1.1.jar;C:\Users\Welcome\.m2\repository\org\springframework\spring-jcl\6.1.1\spring-jcl-6.1.1.jar;C:\Users\Welcome\.m2\repository\org\yaml\snakeyaml\2.2\snakeyaml-2.2.jar;C:\Users\Welcome\.m2\repository\org\springframework\boot\spring-boot-starter-test\3.2.0\spring-boot-starter-test-3.2.0.jar;C:\Users\Welcome\.m2\repository\org\springframework\boot\spring-boot-test\3.2.0\spring-boot-test-3.2.0.jar;C:\Users\Welcome\.m2\repository\org\springframework\boot\spring-boot-test-autoconfigure\3.2.0\spring-boot-test-autoconfigure-3.2.0.jar;C:\Users\Welcome\.m2\repository\com\jayway\jsonpath\json-path\2.8.0\json-path-2.8.0.jar;C:\Users\Welcome\.m2\repository\jakarta\xml\bind\jakarta.xml.bind-api\4.0.1\jakarta.xml.bind-api-4.0.1.jar;C:\Users\Welcome\.m2\repository\jakarta\activation\jakarta.activation-api\2.1.2\jakarta.activation-api-2.1.2.jar;C:\Users\Welcome\.m2\repository\net\minidev\json-smart\2.5.0\json-smart-2.5.0.jar;C:\Users\Welcome\.m2\repository\net\minidev\accessors-smart\2.5.0\accessors-smart-2.5.0.jar;C:\Users\Welcome\.m2\repository\org\ow2\asm\asm\9.3\asm-9.3.jar;C:\Users\Welcome\.m2\repository\org\assertj\assertj-core\3.24.2\assertj-core-3.24.2.jar;C:\Users\Welcome\.m2\repository\net\bytebuddy\byte-buddy\1.14.10\byte-buddy-1.14.10.jar;C:\Users\Welcome\.m2\repository\org\awaitility\awaitility\4.2.0\awaitility-4.2.0.jar;C:\Users\Welcome\.m2\repository\org\hamcrest\hamcrest\2.2\hamcrest-2.2.jar;C:\Users\Welcome\.m2\repository\org\junit\jupiter\junit-jupiter\5.10.1\junit-jupiter-5.10.1.jar;C:\Users\Welcome\.m2\repository\org\junit\jupiter\junit-jupiter-api\5.10.1\junit-jupiter-api-5.10.1.jar;C:\Users\Welcome\.m2\repository\org\opentest4j\opentest4j\1.3.0\opentest4j-1.3.0.jar;C:\Users\Welcome\.m2\repository\org\junit\platform\junit-platform-commons\1.10.1\junit-platform-commons-1.10.1.jar;C:\Users\Welcome\.m2\repository\org\apiguardian\apiguardian-api\1.1.2\apiguardian-api-1.1.2.jar;C:\Users\Welcome\.m2\repository\org\junit\jupiter\junit-jupiter-params\5.10.1\junit-jupiter-params-5.10.1.jar;C:\Users\Welcome\.m2\repository\org\junit\jupiter\junit-jupiter-engine\5.10.1\junit-jupiter-engine-5.10.1.jar;C:\Users\Welcome\.m2\repository\org\junit\platform\junit-platform-engine\1.10.1\junit-platform-engine-1.10.1.jar;C:\Users\Welcome\.m2\repository\org\mockito\mockito-core\5.7.0\mockito-core-5.7.0.jar;C:\Users\Welcome\.m2\repository\net\bytebuddy\byte-buddy-agent\1.14.10\byte-buddy-agent-1.14.10.jar;C:\Users\Welcome\.m2\repository\org\objenesis\objenesis\3.3\objenesis-3.3.jar;C:\Users\Welcome\.m2\repository\org\mockito\mockito-junit-jupiter\5.7.0\mockito-junit-jupiter-5.7.0.jar;C:\Users\Welcome\.m2\repository\org\skyscreamer\jsonassert\1.5.1\jsonassert-1.5.1.jar;C:\Users\Welcome\.m2\repository\com\vaadin\external\google\android-json\0.0.20131108.vaadin1\android-json-0.0.20131108.vaadin1.jar;C:\Users\Welcome\.m2\repository\org\springframework\spring-test\6.1.1\spring-test-6.1.1.jar;C:\Users\Welcome\.m2\repository\org\xmlunit\xmlunit-core\2.9.1\xmlunit-core-2.9.1.jar;C:\Users\Welcome\.m2\repository\org\seleniumhq\selenium\selenium-java\4.16.1\selenium-java-4.16.1.jar;C:\Users\Welcome\.m2\repository\org\seleniumhq\selenium\selenium-api\4.14.1\selenium-api-4.14.1.jar;C:\Users\Welcome\.m2\repository\org\seleniumhq\selenium\selenium-chrome-driver\4.14.1\selenium-chrome-driver-4.14.1.jar;C:\Users\Welcome\.m2\repository\com\google\auto\service\auto-service-annotations\1.1.1\auto-service-annotations-1.1.1.jar;C:\Users\Welcome\.m2\repository\com\google\guava\guava\32.1.2-jre\guava-32.1.2-jre.jar;C:\Users\Welcome\.m2\repository\com\google\guava\failureaccess\1.0.1\failureaccess-1.0.1.jar;C:\Users\Welcome\.m2\repository\com\google\guava\listenablefuture\9999.0-empty-to-avoid-conflict-with-guava\listenablefuture-9999.0-empty-to-avoid-conflict-with-guava.jar;C:\Users\Welcome\.m2\repository\com\google\code\findbugs\jsr305\3.0.2\jsr305-3.0.2.jar;C:\Users\Welcome\.m2\repository\org\checkerframework\checker-qual\3.33.0\checker-qual-3.33.0.jar;C:\Users\Welcome\.m2\repository\com\google\errorprone\error_prone_annotations\2.18.0\error_prone_annotations-2.18.0.jar;C:\Users\Welcome\.m2\repository\com\google\j2objc\j2objc-annotations\2.8\j2objc-annotations-2.8.jar;C:\Users\Welcome\.m2\repository\org\seleniumhq\selenium\selenium-chromium-driver\4.14.1\selenium-chromium-driver-4.14.1.jar;C:\Users\Welcome\.m2\repository\org\seleniumhq\selenium\selenium-json\4.14.1\selenium-json-4.14.1.jar;C:\Users\Welcome\.m2\repository\org\seleniumhq\selenium\selenium-manager\4.14.1\selenium-manager-4.14.1.jar;C:\Users\Welcome\.m2\repository\org\seleniumhq\selenium\selenium-devtools-v118\4.14.1\selenium-devtools-v118-4.14.1.jar;C:\Users\Welcome\.m2\repository\org\seleniumhq\selenium\selenium-devtools-v119\4.16.1\selenium-devtools-v119-4.16.1.jar;C:\Users\Welcome\.m2\repository\org\seleniumhq\selenium\selenium-devtools-v120\4.16.1\selenium-devtools-v120-4.16.1.jar;C:\Users\Welcome\.m2\repository\org\seleniumhq\selenium\selenium-devtools-v85\4.14.1\selenium-devtools-v85-4.14.1.jar;C:\Users\Welcome\.m2\repository\org\seleniumhq\selenium\selenium-edge-driver\4.14.1\selenium-edge-driver-4.14.1.jar;C:\Users\Welcome\.m2\repository\org\seleniumhq\selenium\selenium-firefox-driver\4.14.1\selenium-firefox-driver-4.14.1.jar;C:\Users\Welcome\.m2\repository\org\seleniumhq\selenium\selenium-http\4.14.1\selenium-http-4.14.1.jar;C:\Users\Welcome\.m2\repository\dev\failsafe\failsafe\3.3.2\failsafe-3.3.2.jar;C:\Users\Welcome\.m2\repository\org\seleniumhq\selenium\selenium-ie-driver\4.14.1\selenium-ie-driver-4.14.1.jar;C:\Users\Welcome\.m2\repository\org\seleniumhq\selenium\selenium-remote-driver\4.14.1\selenium-remote-driver-4.14.1.jar;C:\Users\Welcome\.m2\repository\io\opentelemetry\opentelemetry-api\1.31.0\opentelemetry-api-1.31.0.jar;C:\Users\Welcome\.m2\repository\io\opentelemetry\opentelemetry-context\1.31.0\opentelemetry-context-1.31.0.jar;C:\Users\Welcome\.m2\repository\io\opentelemetry\opentelemetry-exporter-logging\1.31.0\opentelemetry-exporter-logging-1.31.0.jar;C:\Users\Welcome\.m2\repository\io\opentelemetry\opentelemetry-sdk-common\1.31.0\opentelemetry-sdk-common-1.31.0.jar;C:\Users\Welcome\.m2\repository\io\opentelemetry\opentelemetry-sdk-extension-autoconfigure-spi\1.31.0\opentelemetry-sdk-extension-autoconfigure-spi-1.31.0.jar;C:\Users\Welcome\.m2\repository\io\opentelemetry\opentelemetry-sdk-extension-autoconfigure\1.31.0\opentelemetry-sdk-extension-autoconfigure-1.31.0.jar;C:\Users\Welcome\.m2\repository\io\opentelemetry\opentelemetry-api-events\1.31.0-alpha\opentelemetry-api-events-1.31.0-alpha.jar;C:\Users\Welcome\.m2\repository\io\opentelemetry\opentelemetry-sdk-trace\1.31.0\opentelemetry-sdk-trace-1.31.0.jar;C:\Users\Welcome\.m2\repository\io\opentelemetry\opentelemetry-sdk\1.31.0\opentelemetry-sdk-1.31.0.jar;C:\Users\Welcome\.m2\repository\io\opentelemetry\opentelemetry-sdk-metrics\1.31.0\opentelemetry-sdk-metrics-1.31.0.jar;C:\Users\Welcome\.m2\repository\io\opentelemetry\opentelemetry-extension-incubator\1.31.0-alpha\opentelemetry-extension-incubator-1.31.0-alpha.jar;C:\Users\Welcome\.m2\repository\io\opentelemetry\opentelemetry-sdk-logs\1.31.0\opentelemetry-sdk-logs-1.31.0.jar;C:\Users\Welcome\.m2\repository\io\opentelemetry\opentelemetry-semconv\1.28.0-alpha\opentelemetry-semconv-1.28.0-alpha.jar;C:\Users\Welcome\.m2\repository\org\seleniumhq\selenium\selenium-os\4.14.1\selenium-os-4.14.1.jar;C:\Users\Welcome\.m2\repository\org\apache\commons\commons-exec\1.3\commons-exec-1.3.jar;C:\Users\Welcome\.m2\repository\org\seleniumhq\selenium\selenium-safari-driver\4.14.1\selenium-safari-driver-4.14.1.jar;C:\Users\Welcome\.m2\repository\org\seleniumhq\selenium\selenium-support\4.14.1\selenium-support-4.14.1.jar;C:\Users\Welcome\.m2\repository\io\github\bonigarcia\webdrivermanager\5.6.2\webdrivermanager-5.6.2.jar;C:\Users\Welcome\.m2\repository\org\slf4j\slf4j-api\2.0.9\slf4j-api-2.0.9.jar;C:\Users\Welcome\.m2\repository\com\google\code\gson\gson\2.10.1\gson-2.10.1.jar;C:\Users\Welcome\.m2\repository\com\github\docker-java\docker-java\3.3.4\docker-java-3.3.4.jar;C:\Users\Welcome\.m2\repository\com\github\docker-java\docker-java-core\3.3.4\docker-java-core-3.3.4.jar;C:\Users\Welcome\.m2\repository\com\github\docker-java\docker-java-api\3.3.4\docker-java-api-3.3.4.jar;C:\Users\Welcome\.m2\repository\com\fasterxml\jackson\core\jackson-annotations\2.15.3\jackson-annotations-2.15.3.jar;C:\Users\Welcome\.m2\repository\commons-io\commons-io\2.13.0\commons-io-2.13.0.jar;C:\Users\Welcome\.m2\repository\com\fasterxml\jackson\core\jackson-databind\2.15.3\jackson-databind-2.15.3.jar;C:\Users\Welcome\.m2\repository\com\fasterxml\jackson\core\jackson-core\2.15.3\jackson-core-2.15.3.jar;C:\Users\Welcome\.m2\repository\org\bouncycastle\bcpkix-jdk18on\1.76\bcpkix-jdk18on-1.76.jar;C:\Users\Welcome\.m2\repository\org\bouncycastle\bcprov-jdk18on\1.76\bcprov-jdk18on-1.76.jar;C:\Users\Welcome\.m2\repository\org\bouncycastle\bcutil-jdk18on\1.76\bcutil-jdk18on-1.76.jar;C:\Users\Welcome\.m2\repository\org\slf4j\jcl-over-slf4j\2.0.9\jcl-over-slf4j-2.0.9.jar;C:\Users\Welcome\.m2\repository\com\github\docker-java\docker-java-transport-httpclient5\3.3.4\docker-java-transport-httpclient5-3.3.4.jar;C:\Users\Welcome\.m2\repository\com\github\docker-java\docker-java-transport\3.3.4\docker-java-transport-3.3.4.jar;C:\Users\Welcome\.m2\repository\net\java\dev\jna\jna\5.13.0\jna-5.13.0.jar;C:\Users\Welcome\.m2\repository\org\brotli\dec\0.1.2\dec-0.1.2.jar;C:\Users\Welcome\.m2\repository\org\apache\commons\commons-lang3\3.13.0\commons-lang3-3.13.0.jar;C:\Users\Welcome\.m2\repository\org\apache\commons\commons-compress\1.24.0\commons-compress-1.24.0.jar;C:\Users\Welcome\.m2\repository\org\apache\httpcomponents\client5\httpclient5\5.2.1\httpclient5-5.2.1.jar;C:\Users\Welcome\.m2\repository\org\apache\httpcomponents\core5\httpcore5\5.2.3\httpcore5-5.2.3.jar;C:\Users\Welcome\.m2\repository\org\apache\httpcomponents\core5\httpcore5-h2\5.2.3\httpcore5-h2-5.2.3.jar;C:\Users\Welcome\.m2\repository\org\testng\testng\7.8.0\testng-7.8.0.jar;C:\Users\Welcome\.m2\repository\com\beust\jcommander\1.82\jcommander-1.82.jar;C:\Users\Welcome\.m2\repository\org\webjars\jquery\3.6.1\jquery-3.6.1.jar;C:\Users\Welcome\.m2\repository\com\aventstack\extentreports\5.1.2\extentreports-5.1.2.jar;C:\Users\Welcome\.m2\repository\io\reactivex\rxjava3\rxjava\3.1.8\rxjava-3.1.8.jar;C:\Users\Welcome\.m2\repository\org\reactivestreams\reactive-streams\1.0.4\reactive-streams-1.0.4.jar;C:\Users\Welcome\.m2\repository\org\freemarker\freemarker\2.3.32\freemarker-2.3.32.jar;C:\Users\Welcome\.m2\repository\org\projectlombok\lombok\1.18.30\lombok-1.18.30.jar;C:\Users\Welcome\.m2\repository\org\jfree\jfreechart\1.5.3\jfreechart-1.5.3.jar;C:\Users\Welcome\.m2\repository\org\jfree\jcommon\1.0.24\jcommon-1.0.24.jar
Launcher Type: SUN_STANDARD

[Global flags]
     intx CICompilerCount                          = 3                                         {product} {ergonomic}
     uint ConcGCThreads                            = 1                                         {product} {ergonomic}
     uint G1ConcRefinementThreads                  = 4                                         {product} {ergonomic}
   size_t G1HeapRegionSize                         = 1048576                                   {product} {ergonomic}
    uintx GCDrainStackTargetSize                   = 64                                        {product} {ergonomic}
   size_t InitialHeapSize                          = 134217728                                 {product} {ergonomic}
   size_t MarkStackSize                            = 4194304                                   {product} {ergonomic}
   size_t MaxHeapSize                              = 2132803584                                {product} {ergonomic}
   size_t MaxNewSize                               = 1279262720                                {product} {ergonomic}
   size_t MinHeapDeltaBytes                        = 1048576                                   {product} {ergonomic}
   size_t MinHeapSize                              = 8388608                                   {product} {ergonomic}
    uintx NonNMethodCodeHeapSize                   = 5832780                                {pd product} {ergonomic}
    uintx NonProfiledCodeHeapSize                  = 122912730                              {pd product} {ergonomic}
     bool PerfDisableSharedMem                     = true                                      {product} {ergonomic}
    uintx ProfiledCodeHeapSize                     = 122912730                              {pd product} {ergonomic}
    uintx ReservedCodeCacheSize                    = 251658240                              {pd product} {ergonomic}
     bool SegmentedCodeCache                       = true                                      {product} {ergonomic}
     bool ShowCodeDetailsInExceptionMessages       = true                                   {manageable} {command line}
   size_t SoftMaxHeapSize                          = 2132803584                             {manageable} {ergonomic}
     bool UseCompressedOops                        = true                           {product lp64_product} {ergonomic}
     bool UseG1GC                                  = true                                      {product} {ergonomic}
     bool UseLargePagesIndividualAllocation        = false                                  {pd product} {ergonomic}

Logging:
Log output configuration:
 #0: stdout all=warning uptime,level,tags foldmultilines=false
 #1: stderr all=off uptime,level,tags foldmultilines=false

Environment Variables:
PATH=D:/Softwares/sts-4.20.0.RELEASE//plugins/org.eclipse.justj.openjdk.hotspot.jre.full.win32.x86_64_17.0.8.v20230831-1047/jre/bin/server;D:/Softwares/sts-4.20.0.RELEASE//plugins/org.eclipse.justj.openjdk.hotspot.jre.full.win32.x86_64_17.0.8.v20230831-1047/jre/bin;C:\Program Files\Common Files\Oracle\Java\javapath;C:\Program Files (x86)\Common Files\Oracle\Java\javapath;C:\Windows\system32;C:\Windows;C:\Windows\System32\Wbem;C:\Windows\System32\WindowsPowerShell\v1.0\;C:\Windows\System32\OpenSSH\;C:\Program Files\Git\cmd;C:\Program Files (x86)\Microsoft SQL Server\160\DTS\Binn\;C:\Program Files\PuTTY\;C:\Users\Welcome\AppData\Local\Microsoft\WindowsApps;;D:\Softwares\sts-4.20.0.RELEASE;
USERNAME=Welcome
OS=Windows_NT
PROCESSOR_IDENTIFIER=Intel64 Family 6 Model 61 Stepping 4, GenuineIntel
TMP=C:\Users\Welcome\AppData\Local\Temp
TEMP=C:\Users\Welcome\AppData\Local\Temp




Periodic native trim disabled

---------------  S Y S T E M  ---------------

OS:
 Windows 10 , 64 bit Build 19041 (10.0.19041.4717)
OS uptime: 16 days 20:30 hours

CPU: total 4 (initial active 4) (2 cores per cpu, 2 threads per core) family 6 model 61 stepping 4 microcode 0x2d, cx8, cmov, fxsr, ht, mmx, 3dnowpref, sse, sse2, sse3, ssse3, sse4.1, sse4.2, popcnt, lzcnt, tsc, tscinvbit, avx, avx2, aes, erms, clmul, bmi1, bmi2, adx, fma, vzeroupper, clflush, rdtscp, f16c
Processor Information for all 4 processors :
  Max Mhz: 2401, Current Mhz: 2401, Mhz Limit: 2401

Memory: 4k page, system-wide physical 8130M (376M free)
TotalPageFile size 32706M (AvailPageFile size 2M)
current process WorkingSet (physical memory assigned to process): 92M, peak: 92M
current process commit charge ("private bytes"): 230M, peak: 230M

vm_info: Java HotSpot(TM) 64-Bit Server VM (21.0.2+13-LTS-58) for windows-amd64 JRE (21.0.2+13-LTS-58), built on 2024-01-05T18:32:24Z by "mach5one" with MS VC++ 17.1 (VS2022)

END.
