#
# There is insufficient memory for the Java Runtime Environment to continue.
# Native memory allocation (malloc) failed to allocate 544576 bytes for Chunk::new
# Possible reasons:
#   The system is out of physical RAM or swap space
#   The process is running with CompressedOops enabled, and the Java Heap may be blocking the growth of the native heap
# Possible solutions:
#   Reduce memory load on the system
#   Increase physical memory or swap space
#   Check if swap backing store is full
#   Decrease Java heap size (-Xmx/-Xms)
#   Decrease number of Java threads
#   Decrease Java thread stack sizes (-Xss)
#   Set larger code cache with -XX:ReservedCodeCacheSize=
#   JVM is running with Unscaled Compressed Oops mode in which the Java heap is
#     placed in the first 4GB address space. The Java Heap base address is the
#     maximum limit for the native heap growth. Please use -XX:HeapBaseMinAddress
#     to set the Java Heap base and to place the Java Heap above 4GB virtual address.
# This output file may be truncated or incomplete.
#
#  Out of Memory Error (arena.cpp:168), pid=12716, tid=31336
#
# JRE version: Java(TM) SE Runtime Environment (21.0.2+13) (build 21.0.2+13-LTS-58)
# Java VM: Java HotSpot(TM) 64-Bit Server VM (21.0.2+13-LTS-58, mixed mode, sharing, tiered, compressed oops, compressed class ptrs, g1 gc, windows-amd64)
# No core dump will be written. Minidumps are not enabled by default on client versions of Windows
#

---------------  S U M M A R Y ------------

Command Line: -ea -Dfile.encoding=UTF-8 -Dstdout.encoding=UTF-8 -Dstderr.encoding=UTF-8 -XX:+ShowCodeDetailsInExceptionMessages org.testng.remote.RemoteTestNG -serport 59507 -protocol json -d D:\Source code\vision\test-output D:\Source code\vision\test-output\Testng-ETL\testngETL_VAT.xml

Host: Intel(R) Core(TM) i7-5500U CPU @ 2.40GHz, 4 cores, 7G,  Windows 10 , 64 bit Build 19041 (10.0.19041.4597)
Time: Mon Aug 12 10:24:20 2024 India Standard Time elapsed time: 3.581737 seconds (0d 0h 0m 3s)

---------------  T H R E A D  ---------------

Current thread (0x000001983fe00890):  JavaThread "C2 CompilerThread0" daemon [_thread_in_native, id=31336, stack(0x0000003ba7700000,0x0000003ba7800000) (1024K)]


Current CompileTask:
C2:   3581 2174       4       java.lang.invoke.MethodType::makeImpl (109 bytes)

Stack: [0x0000003ba7700000,0x0000003ba7800000]
Native frames: (J=compiled Java code, j=interpreted, Vv=VM code, C=native code)
V  [jvm.dll+0x6cade9]
V  [jvm.dll+0x8569c1]
V  [jvm.dll+0x858d2e]
V  [jvm.dll+0x859413]
V  [jvm.dll+0x280e56]
V  [jvm.dll+0xc3f3d]
V  [jvm.dll+0xc4473]
V  [jvm.dll+0x2f437f]
V  [jvm.dll+0x5f5056]
V  [jvm.dll+0x252d7f]
V  [jvm.dll+0x24b25c]
V  [jvm.dll+0x2490a3]
V  [jvm.dll+0x1c9634]
V  [jvm.dll+0x258859]
V  [jvm.dll+0x256e3a]
V  [jvm.dll+0x3ef6c6]
V  [jvm.dll+0x7ff568]
V  [jvm.dll+0x6c953d]
C  [ucrtbase.dll+0x21bb2]
C  [KERNEL32.DLL+0x17374]
C  [ntdll.dll+0x4cc91]


---------------  P R O C E S S  ---------------

Threads class SMR info:
_java_thread_list=0x0000019886934bb0, length=20, elements={
0x0000019821b5e990, 0x000001983fde7d90, 0x000001983fde8ab0, 0x000001983fdec920,
0x000001983fded380, 0x000001983fdf01f0, 0x000001983fdfefa0, 0x000001983fe00890,
0x000001983fe01330, 0x000001983fdfced0, 0x000001983fdfd560, 0x000001983fdfc1b0,
0x000001983fdfdbf0, 0x000001983fdfe280, 0x000001983fdff630, 0x0000019886902080,
0x00000198868fd1c0, 0x0000019886900640, 0x0000019886900cd0, 0x0000019886901360
}

Java Threads: ( => current thread )
  0x0000019821b5e990 JavaThread "main"                              [_thread_blocked, id=9724, stack(0x0000003ba6900000,0x0000003ba6a00000) (1024K)]
  0x000001983fde7d90 JavaThread "Reference Handler"          daemon [_thread_blocked, id=3540, stack(0x0000003ba7100000,0x0000003ba7200000) (1024K)]
  0x000001983fde8ab0 JavaThread "Finalizer"                  daemon [_thread_blocked, id=26772, stack(0x0000003ba7200000,0x0000003ba7300000) (1024K)]
  0x000001983fdec920 JavaThread "Signal Dispatcher"          daemon [_thread_blocked, id=12656, stack(0x0000003ba7300000,0x0000003ba7400000) (1024K)]
  0x000001983fded380 JavaThread "Attach Listener"            daemon [_thread_blocked, id=20892, stack(0x0000003ba7400000,0x0000003ba7500000) (1024K)]
  0x000001983fdf01f0 JavaThread "Service Thread"             daemon [_thread_blocked, id=3392, stack(0x0000003ba7500000,0x0000003ba7600000) (1024K)]
  0x000001983fdfefa0 JavaThread "Monitor Deflation Thread"   daemon [_thread_blocked, id=14424, stack(0x0000003ba7600000,0x0000003ba7700000) (1024K)]
=>0x000001983fe00890 JavaThread "C2 CompilerThread0"         daemon [_thread_in_native, id=31336, stack(0x0000003ba7700000,0x0000003ba7800000) (1024K)]
  0x000001983fe01330 JavaThread "C1 CompilerThread0"         daemon [_thread_blocked, id=31968, stack(0x0000003ba7800000,0x0000003ba7900000) (1024K)]
  0x000001983fdfced0 JavaThread "Notification Thread"        daemon [_thread_blocked, id=19392, stack(0x0000003ba7900000,0x0000003ba7a00000) (1024K)]
  0x000001983fdfd560 JavaThread "Common-Cleaner"             daemon [_thread_blocked, id=11776, stack(0x0000003ba7a00000,0x0000003ba7b00000) (1024K)]
  0x000001983fdfc1b0 JavaThread "ReaderThread"                      [_thread_in_native, id=8912, stack(0x0000003ba8000000,0x0000003ba8100000) (1024K)]
  0x000001983fdfdbf0 JavaThread "Forwarding newSession on session null to remote"        [_thread_in_vm, id=32456, stack(0x0000003ba8100000,0x0000003ba8200000) (1024K)]
  0x000001983fdfe280 JavaThread "ForkJoinPool.commonPool-worker-1" daemon [_thread_blocked, id=10032, stack(0x0000003ba7b00000,0x0000003ba7c00000) (1024K)]
  0x000001983fdff630 JavaThread "HttpClient-1-SelectorManager" daemon [_thread_in_native, id=29068, stack(0x0000003ba8200000,0x0000003ba8300000) (1024K)]
  0x0000019886902080 JavaThread "Thread-3"                          [_thread_in_native, id=10980, stack(0x0000003ba8300000,0x0000003ba8400000) (1024K)]
  0x00000198868fd1c0 JavaThread "Driver Service Executor"    daemon [_thread_blocked, id=25932, stack(0x0000003ba8400000,0x0000003ba8500000) (1024K)]
  0x0000019886900640 JavaThread "Driver Service Executor"    daemon [_thread_in_native, id=31980, stack(0x0000003ba8500000,0x0000003ba8600000) (1024K)]
  0x0000019886900cd0 JavaThread "UrlChecker-2"               daemon [_thread_blocked, id=26576, stack(0x0000003ba8600000,0x0000003ba8700000) (1024K)]
  0x0000019886901360 JavaThread "Keep-Alive-Timer"           daemon [_thread_blocked, id=19276, stack(0x0000003ba8700000,0x0000003ba8800000) (1024K)]
Total: 20

Other Threads:
  0x000001983fdc7910 VMThread "VM Thread"                           [id=18248, stack(0x0000003ba7000000,0x0000003ba7100000) (1024K)]
  0x000001983fdb1e00 WatcherThread "VM Periodic Task Thread"        [id=25056, stack(0x0000003ba6f00000,0x0000003ba7000000) (1024K)]
  0x0000019823d251f0 WorkerThread "GC Thread#0"                     [id=14656, stack(0x0000003ba6a00000,0x0000003ba6b00000) (1024K)]
  0x0000019885905990 WorkerThread "GC Thread#1"                     [id=3044, stack(0x0000003ba7c00000,0x0000003ba7d00000) (1024K)]
  0x0000019885905d30 WorkerThread "GC Thread#2"                     [id=17492, stack(0x0000003ba7d00000,0x0000003ba7e00000) (1024K)]
  0x0000019885270810 WorkerThread "GC Thread#3"                     [id=31376, stack(0x0000003ba7e00000,0x0000003ba7f00000) (1024K)]
  0x0000019823d36870 ConcurrentGCThread "G1 Main Marker"            [id=21760, stack(0x0000003ba6b00000,0x0000003ba6c00000) (1024K)]
  0x0000019823d37a90 WorkerThread "G1 Conc#0"                       [id=32036, stack(0x0000003ba6c00000,0x0000003ba6d00000) (1024K)]
  0x000001983fc734e0 ConcurrentGCThread "G1 Refine#0"               [id=14968, stack(0x0000003ba6d00000,0x0000003ba6e00000) (1024K)]
  0x0000019823d8cc80 ConcurrentGCThread "G1 Service"                [id=29792, stack(0x0000003ba6e00000,0x0000003ba6f00000) (1024K)]
Total: 10

Threads with active compile tasks:
C2 CompilerThread0     3630 2174       4       java.lang.invoke.MethodType::makeImpl (109 bytes)
Total: 1

VM state: not at safepoint (normal execution)

VM Mutex/Monitor currently owned by a thread: None

Heap address: 0x0000000080e00000, size: 2034 MB, Compressed Oops mode: 32-bit

CDS archive(s) mapped at: [0x0000019840000000-0x0000019840c90000-0x0000019840c90000), size 13172736, SharedBaseAddress: 0x0000019840000000, ArchiveRelocationMode: 1.
Compressed class space mapped at: 0x0000019841000000-0x0000019881000000, reserved size: 1073741824
Narrow klass base: 0x0000019840000000, Narrow klass shift: 0, Narrow klass range: 0x100000000

GC Precious Log:
 CardTable entry size: 512
 Card Set container configuration: InlinePtr #cards 5 size 8 Array Of Cards #cards 12 size 40 Howl #buckets 4 coarsen threshold 1843 Howl Bitmap #cards 512 size 80 coarsen threshold 460 Card regions per heap region 1 cards per card region 2048
 CPUs: 4 total, 4 available
 Memory: 8130M
 Large Page Support: Disabled
 NUMA Support: Disabled
 Compressed Oops: Enabled (32-bit)
 Heap Region Size: 1M
 Heap Min Capacity: 8M
 Heap Initial Capacity: 128M
 Heap Max Capacity: 2034M
 Pre-touch: Disabled
 Parallel Workers: 4
 Concurrent Workers: 1
 Concurrent Refinement Workers: 4
 Periodic GC: Disabled

Heap:
 garbage-first heap   total 131072K, used 20949K [0x0000000080e00000, 0x0000000100000000)
  region size 1024K, 13 young (13312K), 4 survivors (4096K)
 Metaspace       used 17887K, committed 18304K, reserved 1114112K
  class space    used 2106K, committed 2304K, reserved 1048576K

Heap Regions: E=young(eden), S=young(survivor), O=old, HS=humongous(starts), HC=humongous(continues), CS=collection set, F=free, TAMS=top-at-mark-start, PB=parsable bottom
|   0|0x0000000080e00000, 0x0000000080f00000, 0x0000000080f00000|100%|HS|  |TAMS 0x0000000080e00000| PB 0x0000000080e00000| Complete 
|   1|0x0000000080f00000, 0x0000000081000000, 0x0000000081000000|100%| O|  |TAMS 0x0000000080f00000| PB 0x0000000080f00000| Untracked 
|   2|0x0000000081000000, 0x0000000081100000, 0x0000000081100000|100%| O|  |TAMS 0x0000000081000000| PB 0x0000000081000000| Untracked 
|   3|0x0000000081100000, 0x0000000081200000, 0x0000000081200000|100%| O|  |TAMS 0x0000000081100000| PB 0x0000000081100000| Untracked 
|   4|0x0000000081200000, 0x0000000081300000, 0x0000000081300000|100%| O|  |TAMS 0x0000000081200000| PB 0x0000000081200000| Untracked 
|   5|0x0000000081300000, 0x0000000081400000, 0x0000000081400000|100%| O|  |TAMS 0x0000000081300000| PB 0x0000000081300000| Untracked 
|   6|0x0000000081400000, 0x0000000081500000, 0x0000000081500000|100%| O|  |TAMS 0x0000000081400000| PB 0x0000000081400000| Untracked 
|   7|0x0000000081500000, 0x0000000081600000, 0x0000000081600000|100%| O|  |TAMS 0x0000000081500000| PB 0x0000000081500000| Untracked 
|   8|0x0000000081600000, 0x0000000081700000, 0x0000000081700000|100%| O|  |TAMS 0x0000000081600000| PB 0x0000000081600000| Untracked 
|   9|0x0000000081700000, 0x0000000081775700, 0x0000000081800000| 45%| O|  |TAMS 0x0000000081700000| PB 0x0000000081700000| Untracked 
|  10|0x0000000081800000, 0x0000000081800000, 0x0000000081900000|  0%| F|  |TAMS 0x0000000081800000| PB 0x0000000081800000| Untracked 
|  11|0x0000000081900000, 0x0000000081900000, 0x0000000081a00000|  0%| F|  |TAMS 0x0000000081900000| PB 0x0000000081900000| Untracked 
|  12|0x0000000081a00000, 0x0000000081a00000, 0x0000000081b00000|  0%| F|  |TAMS 0x0000000081a00000| PB 0x0000000081a00000| Untracked 
|  13|0x0000000081b00000, 0x0000000081b00000, 0x0000000081c00000|  0%| F|  |TAMS 0x0000000081b00000| PB 0x0000000081b00000| Untracked 
|  14|0x0000000081c00000, 0x0000000081c00000, 0x0000000081d00000|  0%| F|  |TAMS 0x0000000081c00000| PB 0x0000000081c00000| Untracked 
|  15|0x0000000081d00000, 0x0000000081d00000, 0x0000000081e00000|  0%| F|  |TAMS 0x0000000081d00000| PB 0x0000000081d00000| Untracked 
|  16|0x0000000081e00000, 0x0000000081e00000, 0x0000000081f00000|  0%| F|  |TAMS 0x0000000081e00000| PB 0x0000000081e00000| Untracked 
|  17|0x0000000081f00000, 0x0000000081f00000, 0x0000000082000000|  0%| F|  |TAMS 0x0000000081f00000| PB 0x0000000081f00000| Untracked 
|  18|0x0000000082000000, 0x0000000082000000, 0x0000000082100000|  0%| F|  |TAMS 0x0000000082000000| PB 0x0000000082000000| Untracked 
|  19|0x0000000082100000, 0x0000000082100000, 0x0000000082200000|  0%| F|  |TAMS 0x0000000082100000| PB 0x0000000082100000| Untracked 
|  20|0x0000000082200000, 0x0000000082200000, 0x0000000082300000|  0%| F|  |TAMS 0x0000000082200000| PB 0x0000000082200000| Untracked 
|  21|0x0000000082300000, 0x0000000082300000, 0x0000000082400000|  0%| F|  |TAMS 0x0000000082300000| PB 0x0000000082300000| Untracked 
|  22|0x0000000082400000, 0x0000000082400000, 0x0000000082500000|  0%| F|  |TAMS 0x0000000082400000| PB 0x0000000082400000| Untracked 
|  23|0x0000000082500000, 0x0000000082500000, 0x0000000082600000|  0%| F|  |TAMS 0x0000000082500000| PB 0x0000000082500000| Untracked 
|  24|0x0000000082600000, 0x0000000082600000, 0x0000000082700000|  0%| F|  |TAMS 0x0000000082600000| PB 0x0000000082600000| Untracked 
|  25|0x0000000082700000, 0x0000000082700000, 0x0000000082800000|  0%| F|  |TAMS 0x0000000082700000| PB 0x0000000082700000| Untracked 
|  26|0x0000000082800000, 0x0000000082800000, 0x0000000082900000|  0%| F|  |TAMS 0x0000000082800000| PB 0x0000000082800000| Untracked 
|  27|0x0000000082900000, 0x0000000082900000, 0x0000000082a00000|  0%| F|  |TAMS 0x0000000082900000| PB 0x0000000082900000| Untracked 
|  28|0x0000000082a00000, 0x0000000082a00000, 0x0000000082b00000|  0%| F|  |TAMS 0x0000000082a00000| PB 0x0000000082a00000| Untracked 
|  29|0x0000000082b00000, 0x0000000082b00000, 0x0000000082c00000|  0%| F|  |TAMS 0x0000000082b00000| PB 0x0000000082b00000| Untracked 
|  30|0x0000000082c00000, 0x0000000082c00000, 0x0000000082d00000|  0%| F|  |TAMS 0x0000000082c00000| PB 0x0000000082c00000| Untracked 
|  31|0x0000000082d00000, 0x0000000082d00000, 0x0000000082e00000|  0%| F|  |TAMS 0x0000000082d00000| PB 0x0000000082d00000| Untracked 
|  32|0x0000000082e00000, 0x0000000082e00000, 0x0000000082f00000|  0%| F|  |TAMS 0x0000000082e00000| PB 0x0000000082e00000| Untracked 
|  33|0x0000000082f00000, 0x0000000082f00000, 0x0000000083000000|  0%| F|  |TAMS 0x0000000082f00000| PB 0x0000000082f00000| Untracked 
|  34|0x0000000083000000, 0x0000000083000000, 0x0000000083100000|  0%| F|  |TAMS 0x0000000083000000| PB 0x0000000083000000| Untracked 
|  35|0x0000000083100000, 0x0000000083100000, 0x0000000083200000|  0%| F|  |TAMS 0x0000000083100000| PB 0x0000000083100000| Untracked 
|  36|0x0000000083200000, 0x0000000083200000, 0x0000000083300000|  0%| F|  |TAMS 0x0000000083200000| PB 0x0000000083200000| Untracked 
|  37|0x0000000083300000, 0x0000000083300000, 0x0000000083400000|  0%| F|  |TAMS 0x0000000083300000| PB 0x0000000083300000| Untracked 
|  38|0x0000000083400000, 0x0000000083400000, 0x0000000083500000|  0%| F|  |TAMS 0x0000000083400000| PB 0x0000000083400000| Untracked 
|  39|0x0000000083500000, 0x0000000083500000, 0x0000000083600000|  0%| F|  |TAMS 0x0000000083500000| PB 0x0000000083500000| Untracked 
|  40|0x0000000083600000, 0x0000000083600000, 0x0000000083700000|  0%| F|  |TAMS 0x0000000083600000| PB 0x0000000083600000| Untracked 
|  41|0x0000000083700000, 0x0000000083700000, 0x0000000083800000|  0%| F|  |TAMS 0x0000000083700000| PB 0x0000000083700000| Untracked 
|  42|0x0000000083800000, 0x0000000083800000, 0x0000000083900000|  0%| F|  |TAMS 0x0000000083800000| PB 0x0000000083800000| Untracked 
|  43|0x0000000083900000, 0x0000000083900000, 0x0000000083a00000|  0%| F|  |TAMS 0x0000000083900000| PB 0x0000000083900000| Untracked 
|  44|0x0000000083a00000, 0x0000000083a00000, 0x0000000083b00000|  0%| F|  |TAMS 0x0000000083a00000| PB 0x0000000083a00000| Untracked 
|  45|0x0000000083b00000, 0x0000000083b00000, 0x0000000083c00000|  0%| F|  |TAMS 0x0000000083b00000| PB 0x0000000083b00000| Untracked 
|  46|0x0000000083c00000, 0x0000000083c00000, 0x0000000083d00000|  0%| F|  |TAMS 0x0000000083c00000| PB 0x0000000083c00000| Untracked 
|  47|0x0000000083d00000, 0x0000000083d00000, 0x0000000083e00000|  0%| F|  |TAMS 0x0000000083d00000| PB 0x0000000083d00000| Untracked 
|  48|0x0000000083e00000, 0x0000000083e00000, 0x0000000083f00000|  0%| F|  |TAMS 0x0000000083e00000| PB 0x0000000083e00000| Untracked 
|  49|0x0000000083f00000, 0x0000000083f00000, 0x0000000084000000|  0%| F|  |TAMS 0x0000000083f00000| PB 0x0000000083f00000| Untracked 
|  50|0x0000000084000000, 0x0000000084000000, 0x0000000084100000|  0%| F|  |TAMS 0x0000000084000000| PB 0x0000000084000000| Untracked 
|  51|0x0000000084100000, 0x0000000084100000, 0x0000000084200000|  0%| F|  |TAMS 0x0000000084100000| PB 0x0000000084100000| Untracked 
|  52|0x0000000084200000, 0x0000000084200000, 0x0000000084300000|  0%| F|  |TAMS 0x0000000084200000| PB 0x0000000084200000| Untracked 
|  53|0x0000000084300000, 0x0000000084300000, 0x0000000084400000|  0%| F|  |TAMS 0x0000000084300000| PB 0x0000000084300000| Untracked 
|  54|0x0000000084400000, 0x0000000084400000, 0x0000000084500000|  0%| F|  |TAMS 0x0000000084400000| PB 0x0000000084400000| Untracked 
|  55|0x0000000084500000, 0x0000000084500000, 0x0000000084600000|  0%| F|  |TAMS 0x0000000084500000| PB 0x0000000084500000| Untracked 
|  56|0x0000000084600000, 0x0000000084600000, 0x0000000084700000|  0%| F|  |TAMS 0x0000000084600000| PB 0x0000000084600000| Untracked 
|  57|0x0000000084700000, 0x0000000084700000, 0x0000000084800000|  0%| F|  |TAMS 0x0000000084700000| PB 0x0000000084700000| Untracked 
|  58|0x0000000084800000, 0x0000000084800000, 0x0000000084900000|  0%| F|  |TAMS 0x0000000084800000| PB 0x0000000084800000| Untracked 
|  59|0x0000000084900000, 0x0000000084900000, 0x0000000084a00000|  0%| F|  |TAMS 0x0000000084900000| PB 0x0000000084900000| Untracked 
|  60|0x0000000084a00000, 0x0000000084a00000, 0x0000000084b00000|  0%| F|  |TAMS 0x0000000084a00000| PB 0x0000000084a00000| Untracked 
|  61|0x0000000084b00000, 0x0000000084b00000, 0x0000000084c00000|  0%| F|  |TAMS 0x0000000084b00000| PB 0x0000000084b00000| Untracked 
|  62|0x0000000084c00000, 0x0000000084c00000, 0x0000000084d00000|  0%| F|  |TAMS 0x0000000084c00000| PB 0x0000000084c00000| Untracked 
|  63|0x0000000084d00000, 0x0000000084d00000, 0x0000000084e00000|  0%| F|  |TAMS 0x0000000084d00000| PB 0x0000000084d00000| Untracked 
|  64|0x0000000084e00000, 0x0000000084e00000, 0x0000000084f00000|  0%| F|  |TAMS 0x0000000084e00000| PB 0x0000000084e00000| Untracked 
|  65|0x0000000084f00000, 0x0000000084f00000, 0x0000000085000000|  0%| F|  |TAMS 0x0000000084f00000| PB 0x0000000084f00000| Untracked 
|  66|0x0000000085000000, 0x0000000085000000, 0x0000000085100000|  0%| F|  |TAMS 0x0000000085000000| PB 0x0000000085000000| Untracked 
|  67|0x0000000085100000, 0x0000000085100000, 0x0000000085200000|  0%| F|  |TAMS 0x0000000085100000| PB 0x0000000085100000| Untracked 
|  68|0x0000000085200000, 0x0000000085200000, 0x0000000085300000|  0%| F|  |TAMS 0x0000000085200000| PB 0x0000000085200000| Untracked 
|  69|0x0000000085300000, 0x0000000085300000, 0x0000000085400000|  0%| F|  |TAMS 0x0000000085300000| PB 0x0000000085300000| Untracked 
|  70|0x0000000085400000, 0x0000000085400000, 0x0000000085500000|  0%| F|  |TAMS 0x0000000085400000| PB 0x0000000085400000| Untracked 
|  71|0x0000000085500000, 0x0000000085500000, 0x0000000085600000|  0%| F|  |TAMS 0x0000000085500000| PB 0x0000000085500000| Untracked 
|  72|0x0000000085600000, 0x0000000085600000, 0x0000000085700000|  0%| F|  |TAMS 0x0000000085600000| PB 0x0000000085600000| Untracked 
|  73|0x0000000085700000, 0x0000000085700000, 0x0000000085800000|  0%| F|  |TAMS 0x0000000085700000| PB 0x0000000085700000| Untracked 
|  74|0x0000000085800000, 0x0000000085800000, 0x0000000085900000|  0%| F|  |TAMS 0x0000000085800000| PB 0x0000000085800000| Untracked 
|  75|0x0000000085900000, 0x0000000085900000, 0x0000000085a00000|  0%| F|  |TAMS 0x0000000085900000| PB 0x0000000085900000| Untracked 
|  76|0x0000000085a00000, 0x0000000085a00000, 0x0000000085b00000|  0%| F|  |TAMS 0x0000000085a00000| PB 0x0000000085a00000| Untracked 
|  77|0x0000000085b00000, 0x0000000085b00000, 0x0000000085c00000|  0%| F|  |TAMS 0x0000000085b00000| PB 0x0000000085b00000| Untracked 
|  78|0x0000000085c00000, 0x0000000085c00000, 0x0000000085d00000|  0%| F|  |TAMS 0x0000000085c00000| PB 0x0000000085c00000| Untracked 
|  79|0x0000000085d00000, 0x0000000085d00000, 0x0000000085e00000|  0%| F|  |TAMS 0x0000000085d00000| PB 0x0000000085d00000| Untracked 
|  80|0x0000000085e00000, 0x0000000085e00000, 0x0000000085f00000|  0%| F|  |TAMS 0x0000000085e00000| PB 0x0000000085e00000| Untracked 
|  81|0x0000000085f00000, 0x0000000085f00000, 0x0000000086000000|  0%| F|  |TAMS 0x0000000085f00000| PB 0x0000000085f00000| Untracked 
|  82|0x0000000086000000, 0x0000000086000000, 0x0000000086100000|  0%| F|  |TAMS 0x0000000086000000| PB 0x0000000086000000| Untracked 
|  83|0x0000000086100000, 0x0000000086100000, 0x0000000086200000|  0%| F|  |TAMS 0x0000000086100000| PB 0x0000000086100000| Untracked 
|  84|0x0000000086200000, 0x0000000086200000, 0x0000000086300000|  0%| F|  |TAMS 0x0000000086200000| PB 0x0000000086200000| Untracked 
|  85|0x0000000086300000, 0x0000000086300000, 0x0000000086400000|  0%| F|  |TAMS 0x0000000086300000| PB 0x0000000086300000| Untracked 
|  86|0x0000000086400000, 0x0000000086400000, 0x0000000086500000|  0%| F|  |TAMS 0x0000000086400000| PB 0x0000000086400000| Untracked 
|  87|0x0000000086500000, 0x0000000086500000, 0x0000000086600000|  0%| F|  |TAMS 0x0000000086500000| PB 0x0000000086500000| Untracked 
|  88|0x0000000086600000, 0x0000000086600000, 0x0000000086700000|  0%| F|  |TAMS 0x0000000086600000| PB 0x0000000086600000| Untracked 
|  89|0x0000000086700000, 0x0000000086700000, 0x0000000086800000|  0%| F|  |TAMS 0x0000000086700000| PB 0x0000000086700000| Untracked 
|  90|0x0000000086800000, 0x0000000086800000, 0x0000000086900000|  0%| F|  |TAMS 0x0000000086800000| PB 0x0000000086800000| Untracked 
|  91|0x0000000086900000, 0x0000000086900000, 0x0000000086a00000|  0%| F|  |TAMS 0x0000000086900000| PB 0x0000000086900000| Untracked 
|  92|0x0000000086a00000, 0x0000000086a00000, 0x0000000086b00000|  0%| F|  |TAMS 0x0000000086a00000| PB 0x0000000086a00000| Untracked 
|  93|0x0000000086b00000, 0x0000000086b00000, 0x0000000086c00000|  0%| F|  |TAMS 0x0000000086b00000| PB 0x0000000086b00000| Untracked 
|  94|0x0000000086c00000, 0x0000000086c00000, 0x0000000086d00000|  0%| F|  |TAMS 0x0000000086c00000| PB 0x0000000086c00000| Untracked 
|  95|0x0000000086d00000, 0x0000000086e00000, 0x0000000086e00000|100%| S|CS|TAMS 0x0000000086d00000| PB 0x0000000086d00000| Complete 
|  96|0x0000000086e00000, 0x0000000086f00000, 0x0000000086f00000|100%| S|CS|TAMS 0x0000000086e00000| PB 0x0000000086e00000| Complete 
|  97|0x0000000086f00000, 0x0000000087000000, 0x0000000087000000|100%| S|CS|TAMS 0x0000000086f00000| PB 0x0000000086f00000| Complete 
|  98|0x0000000087000000, 0x0000000087100000, 0x0000000087100000|100%| S|CS|TAMS 0x0000000087000000| PB 0x0000000087000000| Complete 
|  99|0x0000000087100000, 0x0000000087100000, 0x0000000087200000|  0%| F|  |TAMS 0x0000000087100000| PB 0x0000000087100000| Untracked 
| 100|0x0000000087200000, 0x0000000087200000, 0x0000000087300000|  0%| F|  |TAMS 0x0000000087200000| PB 0x0000000087200000| Untracked 
| 101|0x0000000087300000, 0x0000000087300000, 0x0000000087400000|  0%| F|  |TAMS 0x0000000087300000| PB 0x0000000087300000| Untracked 
| 102|0x0000000087400000, 0x0000000087400000, 0x0000000087500000|  0%| F|  |TAMS 0x0000000087400000| PB 0x0000000087400000| Untracked 
| 103|0x0000000087500000, 0x0000000087500000, 0x0000000087600000|  0%| F|  |TAMS 0x0000000087500000| PB 0x0000000087500000| Untracked 
| 104|0x0000000087600000, 0x0000000087600000, 0x0000000087700000|  0%| F|  |TAMS 0x0000000087600000| PB 0x0000000087600000| Untracked 
| 105|0x0000000087700000, 0x0000000087700000, 0x0000000087800000|  0%| F|  |TAMS 0x0000000087700000| PB 0x0000000087700000| Untracked 
| 106|0x0000000087800000, 0x0000000087800000, 0x0000000087900000|  0%| F|  |TAMS 0x0000000087800000| PB 0x0000000087800000| Untracked 
| 107|0x0000000087900000, 0x0000000087900000, 0x0000000087a00000|  0%| F|  |TAMS 0x0000000087900000| PB 0x0000000087900000| Untracked 
| 108|0x0000000087a00000, 0x0000000087a00000, 0x0000000087b00000|  0%| F|  |TAMS 0x0000000087a00000| PB 0x0000000087a00000| Untracked 
| 109|0x0000000087b00000, 0x0000000087b00000, 0x0000000087c00000|  0%| F|  |TAMS 0x0000000087b00000| PB 0x0000000087b00000| Untracked 
| 110|0x0000000087c00000, 0x0000000087c00000, 0x0000000087d00000|  0%| F|  |TAMS 0x0000000087c00000| PB 0x0000000087c00000| Untracked 
| 111|0x0000000087d00000, 0x0000000087d00000, 0x0000000087e00000|  0%| F|  |TAMS 0x0000000087d00000| PB 0x0000000087d00000| Untracked 
| 112|0x0000000087e00000, 0x0000000087e00000, 0x0000000087f00000|  0%| F|  |TAMS 0x0000000087e00000| PB 0x0000000087e00000| Untracked 
| 113|0x0000000087f00000, 0x0000000087f00000, 0x0000000088000000|  0%| F|  |TAMS 0x0000000087f00000| PB 0x0000000087f00000| Untracked 
| 114|0x0000000088000000, 0x0000000088000000, 0x0000000088100000|  0%| F|  |TAMS 0x0000000088000000| PB 0x0000000088000000| Untracked 
| 115|0x0000000088100000, 0x0000000088100000, 0x0000000088200000|  0%| F|  |TAMS 0x0000000088100000| PB 0x0000000088100000| Untracked 
| 116|0x0000000088200000, 0x0000000088200000, 0x0000000088300000|  0%| F|  |TAMS 0x0000000088200000| PB 0x0000000088200000| Untracked 
| 117|0x0000000088300000, 0x0000000088300000, 0x0000000088400000|  0%| F|  |TAMS 0x0000000088300000| PB 0x0000000088300000| Untracked 
| 118|0x0000000088400000, 0x0000000088400000, 0x0000000088500000|  0%| F|  |TAMS 0x0000000088400000| PB 0x0000000088400000| Untracked 
| 119|0x0000000088500000, 0x00000000885b8518, 0x0000000088600000| 71%| E|  |TAMS 0x0000000088500000| PB 0x0000000088500000| Complete 
| 120|0x0000000088600000, 0x0000000088700000, 0x0000000088700000|100%| E|CS|TAMS 0x0000000088600000| PB 0x0000000088600000| Complete 
| 121|0x0000000088700000, 0x0000000088800000, 0x0000000088800000|100%| E|  |TAMS 0x0000000088700000| PB 0x0000000088700000| Complete 
| 122|0x0000000088800000, 0x0000000088900000, 0x0000000088900000|100%| E|CS|TAMS 0x0000000088800000| PB 0x0000000088800000| Complete 
| 123|0x0000000088900000, 0x0000000088a00000, 0x0000000088a00000|100%| E|CS|TAMS 0x0000000088900000| PB 0x0000000088900000| Complete 
| 124|0x0000000088a00000, 0x0000000088b00000, 0x0000000088b00000|100%| E|CS|TAMS 0x0000000088a00000| PB 0x0000000088a00000| Complete 
| 125|0x0000000088b00000, 0x0000000088c00000, 0x0000000088c00000|100%| E|CS|TAMS 0x0000000088b00000| PB 0x0000000088b00000| Complete 
| 126|0x0000000088c00000, 0x0000000088d00000, 0x0000000088d00000|100%| E|CS|TAMS 0x0000000088c00000| PB 0x0000000088c00000| Complete 
| 127|0x0000000088d00000, 0x0000000088e00000, 0x0000000088e00000|100%| E|CS|TAMS 0x0000000088d00000| PB 0x0000000088d00000| Complete 

Card table byte_map: [0x000001983b530000,0x000001983b930000] _byte_map_base: 0x000001983b129000

Marking Bits: (CMBitMap*) 0x0000019823d25800
 Bits: [0x000001983b930000, 0x000001983d8f8000)

Polling page: 0x0000019823490000

Metaspace:

Usage:
  Non-class:     15.46 MB used.
      Class:      2.07 MB used.
       Both:     17.53 MB used.

Virtual space:
  Non-class space:       64.00 MB reserved,      15.69 MB ( 25%) committed,  1 nodes.
      Class space:        1.00 GB reserved,       2.25 MB ( <1%) committed,  1 nodes.
             Both:        1.06 GB reserved,      17.94 MB (  2%) committed. 

Chunk freelists:
   Non-Class:  15.97 MB
       Class:  13.59 MB
        Both:  29.57 MB

MaxMetaspaceSize: unlimited
CompressedClassSpaceSize: 1.00 GB
Initial GC threshold: 21.00 MB
Current GC threshold: 21.00 MB
CDS: on
 - commit_granule_bytes: 65536.
 - commit_granule_words: 8192.
 - virtual_space_node_default_size: 8388608.
 - enlarge_chunks_in_place: 1.
 - use_allocation_guard: 0.


Internal statistics:

num_allocs_failed_limit: 0.
num_arena_births: 332.
num_arena_deaths: 0.
num_vsnodes_births: 2.
num_vsnodes_deaths: 0.
num_space_committed: 287.
num_space_uncommitted: 0.
num_chunks_returned_to_freelist: 0.
num_chunks_taken_from_freelist: 786.
num_chunk_merges: 0.
num_chunk_splits: 494.
num_chunks_enlarged: 340.
num_inconsistent_stats: 0.

CodeHeap 'non-profiled nmethods': size=120000Kb used=905Kb max_used=905Kb free=119094Kb
 bounds [0x0000019833c00000, 0x0000019833e70000, 0x000001983b130000]
CodeHeap 'profiled nmethods': size=120000Kb used=4479Kb max_used=4479Kb free=115520Kb
 bounds [0x000001982c130000, 0x000001982c590000, 0x0000019833660000]
CodeHeap 'non-nmethods': size=5760Kb used=1533Kb max_used=1543Kb free=4226Kb
 bounds [0x0000019833660000, 0x00000198338d0000, 0x0000019833c00000]
 total_blobs=2830 nmethods=2230 adapters=504
 compilation: enabled
              stopped_count=0, restarted_count=0
 full_count=0

Compilation events (20 events):
Event: 3.549 Thread 0x000001983fe01330 2186       3       java.lang.invoke.InvokerBytecodeGenerator::isStaticallyNameable (148 bytes)
Event: 3.550 Thread 0x000001983fe01330 nmethod 2186 0x000001982c572310 code [0x000001982c5725c0, 0x000001982c5730b0]
Event: 3.552 Thread 0x000001983fe00890 nmethod 2177 0x0000019833ce0310 code [0x0000019833ce04e0, 0x0000019833ce0820]
Event: 3.552 Thread 0x000001983fe00890 2174       4       java.lang.invoke.MethodType::makeImpl (109 bytes)
Event: 3.552 Thread 0x000001983fe01330 2189       3       java.util.EnumSet::of (16 bytes)
Event: 3.552 Thread 0x000001983fe01330 nmethod 2189 0x000001982c573390 code [0x000001982c573580, 0x000001982c573880]
Event: 3.566 Thread 0x000001983fe01330 2193       3       java.util.stream.StreamSupport::stream (19 bytes)
Event: 3.566 Thread 0x000001983fe01330 nmethod 2193 0x000001982c573a90 code [0x000001982c573c80, 0x000001982c5740b8]
Event: 3.566 Thread 0x000001983fe01330 2195       3       java.util.Spliterators$IteratorSpliterator::tryAdvance (77 bytes)
Event: 3.566 Thread 0x000001983fe01330 nmethod 2195 0x000001982c574290 code [0x000001982c5744c0, 0x000001982c574be0]
Event: 3.566 Thread 0x000001983fe01330 2194       3       java.util.stream.ReferencePipeline$Head::<init> (8 bytes)
Event: 3.567 Thread 0x000001983fe01330 nmethod 2194 0x000001982c574e10 code [0x000001982c574fc0, 0x000001982c575158]
Event: 3.567 Thread 0x000001983fe01330 2197       3       java.util.stream.StreamOpFlag::isKnown (19 bytes)
Event: 3.568 Thread 0x000001983fe01330 nmethod 2197 0x000001982c575210 code [0x000001982c5753a0, 0x000001982c575510]
Event: 3.568 Thread 0x000001983fe01330 2198       1       java.util.stream.Collectors$CollectorImpl::supplier (5 bytes)
Event: 3.568 Thread 0x000001983fe01330 nmethod 2198 0x0000019833ce0d90 code [0x0000019833ce0f20, 0x0000019833ce0fe8]
Event: 3.568 Thread 0x000001983fe01330 2199       1       java.util.stream.Collectors$CollectorImpl::accumulator (5 bytes)
Event: 3.568 Thread 0x000001983fe01330 nmethod 2199 0x0000019833ce1090 code [0x0000019833ce1220, 0x0000019833ce12e8]
Event: 3.568 Thread 0x000001983fe01330 2200       1       java.util.stream.Collectors$CollectorImpl::combiner (5 bytes)
Event: 3.568 Thread 0x000001983fe01330 nmethod 2200 0x0000019833ce1390 code [0x0000019833ce1520, 0x0000019833ce15e8]

GC Heap History (6 events):
Event: 0.506 GC heap before
{Heap before GC invocations=0 (full 0):
 garbage-first heap   total 131072K, used 14336K [0x0000000080e00000, 0x0000000100000000)
  region size 1024K, 13 young (13312K), 0 survivors (0K)
 Metaspace       used 1799K, committed 1984K, reserved 1114112K
  class space    used 155K, committed 256K, reserved 1048576K
}
Event: 0.512 GC heap after
{Heap after GC invocations=1 (full 0):
 garbage-first heap   total 131072K, used 8518K [0x0000000080e00000, 0x0000000100000000)
  region size 1024K, 2 young (2048K), 2 survivors (2048K)
 Metaspace       used 1799K, committed 1984K, reserved 1114112K
  class space    used 155K, committed 256K, reserved 1048576K
}
Event: 0.981 GC heap before
{Heap before GC invocations=1 (full 0):
 garbage-first heap   total 131072K, used 18758K [0x0000000080e00000, 0x0000000100000000)
  region size 1024K, 12 young (12288K), 2 survivors (2048K)
 Metaspace       used 6829K, committed 7040K, reserved 1114112K
  class space    used 752K, committed 832K, reserved 1048576K
}
Event: 0.985 GC heap after
{Heap after GC invocations=2 (full 0):
 garbage-first heap   total 131072K, used 9791K [0x0000000080e00000, 0x0000000100000000)
  region size 1024K, 2 young (2048K), 2 survivors (2048K)
 Metaspace       used 6829K, committed 7040K, reserved 1114112K
  class space    used 752K, committed 832K, reserved 1048576K
}
Event: 2.923 GC heap before
{Heap before GC invocations=2 (full 0):
 garbage-first heap   total 131072K, used 36415K [0x0000000080e00000, 0x0000000100000000)
  region size 1024K, 29 young (29696K), 2 survivors (2048K)
 Metaspace       used 14635K, committed 14976K, reserved 1114112K
  class space    used 1688K, committed 1856K, reserved 1048576K
}
Event: 2.931 GC heap after
{Heap after GC invocations=3 (full 0):
 garbage-first heap   total 131072K, used 13781K [0x0000000080e00000, 0x0000000100000000)
  region size 1024K, 4 young (4096K), 4 survivors (4096K)
 Metaspace       used 14635K, committed 14976K, reserved 1114112K
  class space    used 1688K, committed 1856K, reserved 1048576K
}

Dll operation events (8 events):
Event: 0.014 Loaded shared library C:\Program Files\Java\jdk-21\bin\java.dll
Event: 0.054 Loaded shared library C:\Program Files\Java\jdk-21\bin\jsvml.dll
Event: 0.205 Loaded shared library C:\Program Files\Java\jdk-21\bin\net.dll
Event: 0.208 Loaded shared library C:\Program Files\Java\jdk-21\bin\nio.dll
Event: 0.213 Loaded shared library C:\Program Files\Java\jdk-21\bin\zip.dll
Event: 0.342 Loaded shared library C:\Program Files\Java\jdk-21\bin\jimage.dll
Event: 0.586 Loaded shared library C:\Program Files\Java\jdk-21\bin\extnet.dll
Event: 2.996 Loaded shared library C:\Program Files\Java\jdk-21\bin\sunmscapi.dll

Deoptimization events (20 events):
Event: 3.078 Thread 0x000001983fdfdbf0 Uncommon trap: trap_request=0xffffffc6 fr.pc=0x0000019833c8a328 relative=0x00000000000005c8
Event: 3.078 Thread 0x000001983fdfdbf0 Uncommon trap: reason=bimorphic_or_optimized_type_check action=maybe_recompile pc=0x0000019833c8a328 method=java.util.regex.Pattern$BmpCharPropertyGreedy.match(Ljava/util/regex/Matcher;ILjava/lang/CharSequence;)Z @ 26 c2
Event: 3.078 Thread 0x000001983fdfdbf0 DEOPT PACKING pc=0x0000019833c8a328 sp=0x0000003ba81fd150
Event: 3.078 Thread 0x000001983fdfdbf0 DEOPT UNPACKING pc=0x00000198336b46a2 sp=0x0000003ba81fd128 mode 2
Event: 3.514 Thread 0x000001983fdfdbf0 Uncommon trap: trap_request=0xffffffc6 fr.pc=0x0000019833cd9ffc relative=0x0000000000000d5c
Event: 3.514 Thread 0x000001983fdfdbf0 Uncommon trap: reason=bimorphic_or_optimized_type_check action=maybe_recompile pc=0x0000019833cd9ffc method=java.util.regex.Pattern$Start.match(Ljava/util/regex/Matcher;ILjava/lang/CharSequence;)Z @ 44 c2
Event: 3.514 Thread 0x000001983fdfdbf0 DEOPT PACKING pc=0x0000019833cd9ffc sp=0x0000003ba81fd250
Event: 3.514 Thread 0x000001983fdfdbf0 DEOPT UNPACKING pc=0x00000198336b46a2 sp=0x0000003ba81fd1e0 mode 2
Event: 3.514 Thread 0x000001983fdfdbf0 Uncommon trap: trap_request=0xffffffc6 fr.pc=0x0000019833cd9ffc relative=0x0000000000000d5c
Event: 3.514 Thread 0x000001983fdfdbf0 Uncommon trap: reason=bimorphic_or_optimized_type_check action=maybe_recompile pc=0x0000019833cd9ffc method=java.util.regex.Pattern$Start.match(Ljava/util/regex/Matcher;ILjava/lang/CharSequence;)Z @ 44 c2
Event: 3.514 Thread 0x000001983fdfdbf0 DEOPT PACKING pc=0x0000019833cd9ffc sp=0x0000003ba81fd250
Event: 3.514 Thread 0x000001983fdfdbf0 DEOPT UNPACKING pc=0x00000198336b46a2 sp=0x0000003ba81fd1e0 mode 2
Event: 3.514 Thread 0x000001983fdfdbf0 Uncommon trap: trap_request=0xffffffc6 fr.pc=0x0000019833cd9ffc relative=0x0000000000000d5c
Event: 3.514 Thread 0x000001983fdfdbf0 Uncommon trap: reason=bimorphic_or_optimized_type_check action=maybe_recompile pc=0x0000019833cd9ffc method=java.util.regex.Pattern$Start.match(Ljava/util/regex/Matcher;ILjava/lang/CharSequence;)Z @ 44 c2
Event: 3.514 Thread 0x000001983fdfdbf0 DEOPT PACKING pc=0x0000019833cd9ffc sp=0x0000003ba81fd250
Event: 3.514 Thread 0x000001983fdfdbf0 DEOPT UNPACKING pc=0x00000198336b46a2 sp=0x0000003ba81fd1e0 mode 2
Event: 3.514 Thread 0x000001983fdfdbf0 Uncommon trap: trap_request=0xffffffc6 fr.pc=0x0000019833cd9ffc relative=0x0000000000000d5c
Event: 3.514 Thread 0x000001983fdfdbf0 Uncommon trap: reason=bimorphic_or_optimized_type_check action=maybe_recompile pc=0x0000019833cd9ffc method=java.util.regex.Pattern$Start.match(Ljava/util/regex/Matcher;ILjava/lang/CharSequence;)Z @ 44 c2
Event: 3.514 Thread 0x000001983fdfdbf0 DEOPT PACKING pc=0x0000019833cd9ffc sp=0x0000003ba81fd250
Event: 3.514 Thread 0x000001983fdfdbf0 DEOPT UNPACKING pc=0x00000198336b46a2 sp=0x0000003ba81fd1e0 mode 2

Classes loaded (20 events):
Event: 3.509 Loading class java/util/Collections$2
Event: 3.510 Loading class java/util/Collections$2 done
Event: 3.528 Loading class java/util/Collections$UnmodifiableMap$UnmodifiableEntrySet$UnmodifiableEntrySetSpliterator
Event: 3.528 Loading class java/util/Collections$UnmodifiableMap$UnmodifiableEntrySet$UnmodifiableEntrySetSpliterator done
Event: 3.530 Loading class java/io/ObjectInputStream
Event: 3.531 Loading class java/io/ObjectInput
Event: 3.531 Loading class java/io/ObjectInput done
Event: 3.531 Loading class java/io/ObjectStreamConstants
Event: 3.531 Loading class java/io/ObjectStreamConstants done
Event: 3.532 Loading class java/io/ObjectInputStream done
Event: 3.543 Loading class java/util/function/UnaryOperator
Event: 3.543 Loading class java/util/function/UnaryOperator done
Event: 3.543 Loading class java/io/ObjectOutputStream
Event: 3.544 Loading class java/io/ObjectOutput
Event: 3.544 Loading class java/io/ObjectOutput done
Event: 3.544 Loading class java/io/ObjectOutputStream done
Event: 3.568 Loading class java/util/stream/ReferencePipeline$15
Event: 3.568 Loading class java/util/stream/ReferencePipeline$15 done
Event: 3.569 Loading class java/util/stream/ReferencePipeline$15$1
Event: 3.569 Loading class java/util/stream/ReferencePipeline$15$1 done

Classes unloaded (0 events):
No events

Classes redefined (0 events):
No events

Internal exceptions (20 events):
Event: 2.724 Thread 0x000001983fdfdbf0 Exception <a 'java/lang/NoSuchMethodError'{0x00000000876ac8b0}: 'int java.lang.invoke.DirectMethodHandle$Holder.invokeStaticInit(java.lang.Object, float, float)'> (0x00000000876ac8b0) 
thrown [s\open\src\hotspot\share\interpreter\linkResolver.cpp, line 773]
Event: 2.725 Thread 0x000001983fdfdbf0 Exception <a 'java/lang/NoSuchMethodError'{0x00000000876b31c0}: 'int java.lang.invoke.DirectMethodHandle$Holder.invokeStaticInit(java.lang.Object, double, double)'> (0x00000000876b31c0) 
thrown [s\open\src\hotspot\share\interpreter\linkResolver.cpp, line 773]
Event: 2.725 Thread 0x000001983fdfdbf0 Exception <a 'java/lang/NoSuchMethodError'{0x00000000876b7528}: 'int java.lang.invoke.DirectMethodHandle$Holder.invokeStatic(java.lang.Object, long)'> (0x00000000876b7528) 
thrown [s\open\src\hotspot\share\interpreter\linkResolver.cpp, line 773]
Event: 2.728 Thread 0x000001983fdfdbf0 Exception <a 'java/lang/NoSuchMethodError'{0x00000000876cafa0}: 'int java.lang.invoke.DirectMethodHandle$Holder.invokeSpecial(java.lang.Object, java.lang.Object, java.lang.Object, java.lang.Object)'> (0x00000000876cafa0) 
thrown [s\open\src\hotspot\share\interpreter\linkResolver.cpp, line 773]
Event: 2.730 Thread 0x000001983fdfdbf0 Exception <a 'java/lang/NoSuchMethodError'{0x00000000876dbbd0}: 'java.lang.Object java.lang.invoke.DirectMethodHandle$Holder.invokeStatic(java.lang.Object, int, java.lang.Object, java.lang.Object)'> (0x00000000876dbbd0) 
thrown [s\open\src\hotspot\share\interpreter\linkResolver.cpp, line 773]
Event: 2.730 Thread 0x000001983fdfdbf0 Exception <a 'java/lang/NoSuchMethodError'{0x00000000876df800}: 'java.lang.Object java.lang.invoke.DirectMethodHandle$Holder.invokeSpecial(java.lang.Object, java.lang.Object, int, java.lang.Object, java.lang.Object)'> (0x00000000876df800) 
thrown [s\open\src\hotspot\share\interpreter\linkResolver.cpp, line 773]
Event: 2.731 Thread 0x000001983fdfdbf0 Exception <a 'java/lang/NoSuchMethodError'{0x00000000876e2f60}: 'java.lang.Object java.lang.invoke.DelegatingMethodHandle$Holder.delegate(java.lang.Object, int, java.lang.Object, java.lang.Object)'> (0x00000000876e2f60) 
thrown [s\open\src\hotspot\share\interpreter\linkResolver.cpp, line 773]
Event: 2.734 Thread 0x000001983fdfdbf0 Exception <a 'java/lang/NoSuchMethodError'{0x00000000876f2748}: 'int java.lang.invoke.Invokers$Holder.linkToTargetMethod(java.lang.Object, java.lang.Object, java.lang.Object)'> (0x00000000876f2748) 
thrown [s\open\src\hotspot\share\interpreter\linkResolver.cpp, line 773]
Event: 2.737 Thread 0x000001983fdfdbf0 Exception <a 'java/lang/NoSuchMethodError'{0x00000000875019a8}: 'long java.lang.invoke.DirectMethodHandle$Holder.invokeSpecial(java.lang.Object, java.lang.Object)'> (0x00000000875019a8) 
thrown [s\open\src\hotspot\share\interpreter\linkResolver.cpp, line 773]
Event: 2.795 Thread 0x000001983fdfdbf0 Exception <a 'sun/nio/fs/WindowsException'{0x00000000875dfe90}> (0x00000000875dfe90) 
thrown [s\open\src\hotspot\share\prims\jni.cpp, line 520]
Event: 3.075 Thread 0x000001983fdfdbf0 Exception <a 'java/lang/NoSuchMethodError'{0x0000000088a6a6d8}: 'java.lang.Object java.lang.invoke.DirectMethodHandle$Holder.invokeInterface(java.lang.Object, java.lang.Object, java.lang.Object)'> (0x0000000088a6a6d8) 
thrown [s\open\src\hotspot\share\interpreter\linkResolver.cpp, line 773]
Event: 3.075 Thread 0x000001983fdfdbf0 Exception <a 'java/lang/IncompatibleClassChangeError'{0x0000000088a6dac0}: Found class java.lang.Object, but interface was expected> (0x0000000088a6dac0) 
thrown [s\open\src\hotspot\share\interpreter\linkResolver.cpp, line 840]
Event: 3.077 Thread 0x000001983fdfdbf0 Exception <a 'java/lang/NoSuchMethodError'{0x0000000088a75008}: 'int java.lang.invoke.DirectMethodHandle$Holder.invokeSpecialIFC(java.lang.Object, java.lang.Object, java.lang.Object, java.lang.Object)'> (0x0000000088a75008) 
thrown [s\open\src\hotspot\share\interpreter\linkResolver.cpp, line 773]
Event: 3.082 Thread 0x000001983fdfdbf0 Exception <a 'java/lang/NoSuchMethodError'{0x0000000088aa7438}: 'java.lang.Object java.lang.invoke.DirectMethodHandle$Holder.invokeVirtual(java.lang.Object, java.lang.Object, java.lang.Object, java.lang.Object)'> (0x0000000088aa7438) 
thrown [s\open\src\hotspot\share\interpreter\linkResolver.cpp, line 773]
Event: 3.401 Thread 0x0000019886900cd0 Exception <a 'java/net/ConnectException'{0x00000000889547a8}: Connection refused: getsockopt> (0x00000000889547a8) 
thrown [s\open\src\hotspot\share\prims\jni.cpp, line 539]
Event: 3.419 Thread 0x0000019886900cd0 Exception <a 'java/net/ConnectException'{0x0000000088955898}: Connection refused: getsockopt> (0x0000000088955898) 
thrown [s\open\src\hotspot\share\prims\jni.cpp, line 539]
Event: 3.450 Thread 0x0000019886900cd0 Exception <a 'java/net/ConnectException'{0x00000000889567b0}: Connection refused: getsockopt> (0x00000000889567b0) 
thrown [s\open\src\hotspot\share\prims\jni.cpp, line 539]
Event: 3.541 Thread 0x000001983fdfdbf0 Exception <a 'java/lang/NoSuchMethodError'{0x000000008888fc38}: 'java.lang.Object java.lang.invoke.DirectMethodHandle$Holder.newInvokeSpecial(java.lang.Object, java.lang.Object, int, int)'> (0x000000008888fc38) 
thrown [s\open\src\hotspot\share\interpreter\linkResolver.cpp, line 773]
Event: 3.542 Thread 0x000001983fdfdbf0 Exception <a 'java/lang/NoSuchMethodError'{0x0000000088899e18}: 'void java.lang.invoke.DirectMethodHandle$Holder.invokeStatic(java.lang.Object, java.lang.Object, int)'> (0x0000000088899e18) 
thrown [s\open\src\hotspot\share\interpreter\linkResolver.cpp, line 773]
Event: 3.565 Thread 0x000001983fdfdbf0 Exception <a 'java/lang/NoSuchMethodError'{0x000000008875b660}: 'java.lang.Object java.lang.invoke.DirectMethodHandle$Holder.newInvokeSpecial(java.lang.Object, java.lang.Object, java.lang.Object, java.lang.Object, java.lang.Object)'> (0x000000008875b660) 
thrown [s\open\src\hotspot\share\interpreter\linkResolver.cpp, line 773]

ZGC Phase Switch (0 events):
No events

VM Operations (20 events):
Event: 1.595 Executing VM operation: HandshakeAllThreads (Deoptimize)
Event: 1.595 Executing VM operation: HandshakeAllThreads (Deoptimize) done
Event: 2.607 Executing VM operation: Cleanup
Event: 2.607 Executing VM operation: Cleanup done
Event: 2.716 Executing VM operation: HandshakeAllThreads (Deoptimize)
Event: 2.716 Executing VM operation: HandshakeAllThreads (Deoptimize) done
Event: 2.755 Executing VM operation: HandshakeAllThreads (Deoptimize)
Event: 2.755 Executing VM operation: HandshakeAllThreads (Deoptimize) done
Event: 2.777 Executing VM operation: HandshakeAllThreads (Deoptimize)
Event: 2.777 Executing VM operation: HandshakeAllThreads (Deoptimize) done
Event: 2.797 Executing VM operation: HandshakeAllThreads (Deoptimize)
Event: 2.797 Executing VM operation: HandshakeAllThreads (Deoptimize) done
Event: 2.865 Executing VM operation: HandshakeAllThreads (Deoptimize)
Event: 2.865 Executing VM operation: HandshakeAllThreads (Deoptimize) done
Event: 2.922 Executing VM operation: G1CollectForAllocation (G1 Evacuation Pause)
Event: 2.931 Executing VM operation: G1CollectForAllocation (G1 Evacuation Pause) done
Event: 3.503 Executing VM operation: HandshakeAllThreads (Deoptimize)
Event: 3.503 Executing VM operation: HandshakeAllThreads (Deoptimize) done
Event: 3.554 Executing VM operation: HandshakeAllThreads (Deoptimize)
Event: 3.554 Executing VM operation: HandshakeAllThreads (Deoptimize) done

Events (20 events):
Event: 0.051 Thread 0x000001983fdfefa0 Thread added: 0x000001983fdfefa0
Event: 0.051 Thread 0x000001983fe00890 Thread added: 0x000001983fe00890
Event: 0.052 Thread 0x000001983fe01330 Thread added: 0x000001983fe01330
Event: 0.199 Thread 0x000001983fdfced0 Thread added: 0x000001983fdfced0
Event: 0.202 Thread 0x000001983fdfd560 Thread added: 0x000001983fdfd560
Event: 0.500 Thread 0x00000198858922e0 Thread added: 0x00000198858922e0
Event: 0.594 Thread 0x000001983fdfc1b0 Thread added: 0x000001983fdfc1b0
Event: 1.504 Thread 0x000001983fdfdbf0 Thread added: 0x000001983fdfdbf0
Event: 2.001 Thread 0x000001983fdff630 Thread added: 0x000001983fdff630
Event: 2.003 Thread 0x00000198858922e0 Thread exited: 0x00000198858922e0
Event: 2.582 Thread 0x000001983fdff630 Thread exited: 0x000001983fdff630
Event: 2.674 Thread 0x000001983fdfe280 Thread added: 0x000001983fdfe280
Event: 2.764 Thread 0x00000198862e29f0 Thread added: 0x00000198862e29f0
Event: 3.048 Thread 0x00000198862e29f0 Thread exited: 0x00000198862e29f0
Event: 3.053 Thread 0x000001983fdff630 Thread added: 0x000001983fdff630
Event: 3.380 Thread 0x0000019886902080 Thread added: 0x0000019886902080
Event: 3.384 Thread 0x00000198868fd1c0 Thread added: 0x00000198868fd1c0
Event: 3.385 Thread 0x0000019886900640 Thread added: 0x0000019886900640
Event: 3.390 Thread 0x0000019886900cd0 Thread added: 0x0000019886900cd0
Event: 3.503 Thread 0x0000019886901360 Thread added: 0x0000019886901360


Dynamic libraries:
0x00007ff798840000 - 0x00007ff798850000 	C:\Program Files\Java\jdk-21\bin\javaw.exe
0x00007ffa403d0000 - 0x00007ffa405c8000 	C:\Windows\SYSTEM32\ntdll.dll
0x00007ffa3f550000 - 0x00007ffa3f611000 	C:\Windows\System32\KERNEL32.DLL
0x00007ffa3dab0000 - 0x00007ffa3dda6000 	C:\Windows\System32\KERNELBASE.dll
0x00007ffa3e110000 - 0x00007ffa3e210000 	C:\Windows\System32\ucrtbase.dll
0x00007ffa396d0000 - 0x00007ffa396eb000 	C:\Program Files\Java\jdk-21\bin\VCRUNTIME140.dll
0x00007ffa37610000 - 0x00007ffa37629000 	C:\Program Files\Java\jdk-21\bin\jli.dll
0x00007ffa3f680000 - 0x00007ffa3f730000 	C:\Windows\System32\ADVAPI32.dll
0x00007ffa3e9e0000 - 0x00007ffa3ea7e000 	C:\Windows\System32\msvcrt.dll
0x00007ffa402f0000 - 0x00007ffa40390000 	C:\Windows\System32\sechost.dll
0x00007ffa3fa90000 - 0x00007ffa3fbb3000 	C:\Windows\System32\RPCRT4.dll
0x00007ffa3da80000 - 0x00007ffa3daa7000 	C:\Windows\System32\bcrypt.dll
0x00007ffa3f270000 - 0x00007ffa3f40f000 	C:\Windows\System32\USER32.dll
0x00007ffa3e030000 - 0x00007ffa3e052000 	C:\Windows\System32\win32u.dll
0x00007ffa3e820000 - 0x00007ffa3e84b000 	C:\Windows\System32\GDI32.dll
0x00007ffa3df10000 - 0x00007ffa3e027000 	C:\Windows\System32\gdi32full.dll
0x00007ffa2ce30000 - 0x00007ffa2d0ca000 	C:\Windows\WinSxS\amd64_microsoft.windows.common-controls_6595b64144ccf1df_6.0.19041.4355_none_60b8b9eb71f62e16\COMCTL32.dll
0x00007ffa3e2a0000 - 0x00007ffa3e33d000 	C:\Windows\System32\msvcp_win.dll
0x00007ffa35e50000 - 0x00007ffa35e5a000 	C:\Windows\SYSTEM32\VERSION.dll
0x00007ffa402c0000 - 0x00007ffa402ef000 	C:\Windows\System32\IMM32.DLL
0x00007ffa3b0c0000 - 0x00007ffa3b0cc000 	C:\Program Files\Java\jdk-21\bin\vcruntime140_1.dll
0x00007ffa300c0000 - 0x00007ffa3014e000 	C:\Program Files\Java\jdk-21\bin\msvcp140.dll
0x00007ffa0e120000 - 0x00007ffa0ee37000 	C:\Program Files\Java\jdk-21\bin\server\jvm.dll
0x00007ffa3e4e0000 - 0x00007ffa3e54b000 	C:\Windows\System32\WS2_32.dll
0x00007ffa3d8d0000 - 0x00007ffa3d91b000 	C:\Windows\SYSTEM32\POWRPROF.dll
0x00007ffa34910000 - 0x00007ffa34937000 	C:\Windows\SYSTEM32\WINMM.dll
0x00007ffa3d8a0000 - 0x00007ffa3d8b2000 	C:\Windows\SYSTEM32\UMPDC.dll
0x00007ffa3b8c0000 - 0x00007ffa3b8d2000 	C:\Windows\SYSTEM32\kernel.appcore.dll
0x00007ffa3a930000 - 0x00007ffa3a93a000 	C:\Program Files\Java\jdk-21\bin\jimage.dll
0x00007ffa23c00000 - 0x00007ffa23de4000 	C:\Windows\SYSTEM32\DBGHELP.DLL
0x00007ffa23bc0000 - 0x00007ffa23bf4000 	C:\Windows\SYSTEM32\dbgcore.DLL
0x00007ffa3e210000 - 0x00007ffa3e292000 	C:\Windows\System32\bcryptPrimitives.dll
0x00007ffa375f0000 - 0x00007ffa3760f000 	C:\Program Files\Java\jdk-21\bin\java.dll
0x00007ffa3eb00000 - 0x00007ffa3f26c000 	C:\Windows\System32\SHELL32.dll
0x00007ffa3bac0000 - 0x00007ffa3c25e000 	C:\Windows\SYSTEM32\windows.storage.dll
0x00007ffa3f730000 - 0x00007ffa3fa83000 	C:\Windows\System32\combase.dll
0x00007ffa3d3d0000 - 0x00007ffa3d3fe000 	C:\Windows\SYSTEM32\Wldp.dll
0x00007ffa3e6a0000 - 0x00007ffa3e76d000 	C:\Windows\System32\OLEAUT32.dll
0x00007ffa3e770000 - 0x00007ffa3e81d000 	C:\Windows\System32\SHCORE.dll
0x00007ffa3eaa0000 - 0x00007ffa3eaf5000 	C:\Windows\System32\shlwapi.dll
0x00007ffa3d9b0000 - 0x00007ffa3d9d4000 	C:\Windows\SYSTEM32\profapi.dll
0x00007ffa24770000 - 0x00007ffa24847000 	C:\Program Files\Java\jdk-21\bin\jsvml.dll
0x00007ffa38440000 - 0x00007ffa38450000 	C:\Program Files\Java\jdk-21\bin\net.dll
0x00007ffa33580000 - 0x00007ffa3368a000 	C:\Windows\SYSTEM32\WINHTTP.dll
0x00007ffa3d130000 - 0x00007ffa3d19a000 	C:\Windows\system32\mswsock.dll
0x00007ffa32280000 - 0x00007ffa32296000 	C:\Program Files\Java\jdk-21\bin\nio.dll
0x00007ffa2fcf0000 - 0x00007ffa2fd08000 	C:\Program Files\Java\jdk-21\bin\zip.dll
0x00007ffa3ce50000 - 0x00007ffa3cf1a000 	C:\Windows\SYSTEM32\DNSAPI.dll
0x00007ffa3ce10000 - 0x00007ffa3ce4b000 	C:\Windows\SYSTEM32\IPHLPAPI.DLL
0x00007ffa3f410000 - 0x00007ffa3f418000 	C:\Windows\System32\NSI.dll
0x00007ffa34d10000 - 0x00007ffa34d1a000 	C:\Windows\System32\rasadhlp.dll
0x00007ffa2fe00000 - 0x00007ffa2fe80000 	C:\Windows\System32\fwpuclnt.dll
0x00007ffa37790000 - 0x00007ffa37799000 	C:\Program Files\Java\jdk-21\bin\extnet.dll
0x00007ffa3d330000 - 0x00007ffa3d348000 	C:\Windows\SYSTEM32\CRYPTSP.dll
0x00007ffa3ca50000 - 0x00007ffa3ca84000 	C:\Windows\system32\rsaenh.dll
0x00007ffa3d960000 - 0x00007ffa3d98e000 	C:\Windows\SYSTEM32\USERENV.dll
0x00007ffa3d320000 - 0x00007ffa3d32c000 	C:\Windows\SYSTEM32\CRYPTBASE.dll
0x00007ffa3abb0000 - 0x00007ffa3ac44000 	C:\Windows\system32\apphelp.dll
0x00007ffa37760000 - 0x00007ffa3776e000 	C:\Program Files\Java\jdk-21\bin\sunmscapi.dll
0x00007ffa3ddb0000 - 0x00007ffa3df0e000 	C:\Windows\System32\CRYPT32.dll
0x00007ffa3d440000 - 0x00007ffa3d469000 	C:\Windows\SYSTEM32\ncrypt.dll
0x00007ffa3d400000 - 0x00007ffa3d43b000 	C:\Windows\SYSTEM32\NTASN1.dll
0x00007ffa306c0000 - 0x00007ffa306c7000 	C:\Windows\system32\wshunix.dll

dbghelp: loaded successfully - version: 4.0.5 - missing functions: none
symbol engine: initialized successfully - sym options: 0x614 - pdb path: .;C:\Program Files\Java\jdk-21\bin;C:\Windows\SYSTEM32;C:\Windows\WinSxS\amd64_microsoft.windows.common-controls_6595b64144ccf1df_6.0.19041.4355_none_60b8b9eb71f62e16;C:\Program Files\Java\jdk-21\bin\server

VM Arguments:
jvm_args: -ea -Dfile.encoding=UTF-8 -Dstdout.encoding=UTF-8 -Dstderr.encoding=UTF-8 -XX:+ShowCodeDetailsInExceptionMessages 
java_command: org.testng.remote.RemoteTestNG -serport 59507 -protocol json -d D:\Source code\vision\test-output D:\Source code\vision\test-output\Testng-ETL\testngETL_VAT.xml
java_class_path (initial): D:\Softwares\sts-4.20.0.RELEASE\configuration\org.eclipse.osgi\580\0\.cp\lib\testng-remote.jar;D:\Source code\vision\target\test-classes;D:\Source code\vision\target\classes;D:\Softwares\sts-4.20.0.RELEASE\plugins\org.testng_7.4.0.r202105021533.jar;D:\Softwares\sts-4.20.0.RELEASE\plugins\com.beust.jcommander_1.78.0.jar;D:\Softwares\sts-4.20.0.RELEASE\plugins\org.apache-extras.beanshell.bsh_2.0.0.b6.jar;D:\Softwares\sts-4.20.0.RELEASE\plugins\org.yaml.snakeyaml_1.21.0.jar;D:\Softwares\sts-4.20.0.RELEASE\plugins\org.webjars.jquery_3.5.1.jar;C:\Users\Welcome\.m2\repository\org\springframework\boot\spring-boot-starter\3.2.0\spring-boot-starter-3.2.0.jar;C:\Users\Welcome\.m2\repository\org\springframework\boot\spring-boot\3.2.0\spring-boot-3.2.0.jar;C:\Users\Welcome\.m2\repository\org\springframework\spring-context\6.1.1\spring-context-6.1.1.jar;C:\Users\Welcome\.m2\repository\org\springframework\spring-aop\6.1.1\spring-aop-6.1.1.jar;C:\Users\Welcome\.m2\repository\org\springframework\spring-beans\6.1.1\spring-beans-6.1.1.jar;C:\Users\Welcome\.m2\repository\org\springframework\spring-expression\6.1.1\spring-expression-6.1.1.jar;C:\Users\Welcome\.m2\repository\io\micrometer\micrometer-observation\1.12.0\micrometer-observation-1.12.0.jar;C:\Users\Welcome\.m2\repository\io\micrometer\micrometer-commons\1.12.0\micrometer-commons-1.12.0.jar;C:\Users\Welcome\.m2\repository\org\springframework\boot\spring-boot-autoconfigure\3.2.0\spring-boot-autoconfigure-3.2.0.jar;C:\Users\Welcome\.m2\repository\org\springframework\boot\spring-boot-starter-logging\3.2.0\spring-boot-starter-logging-3.2.0.jar;C:\Users\Welcome\.m2\repository\ch\qos\logback\logback-classic\1.4.11\logback-classic-1.4.11.jar;C:\Users\Welcome\.m2\repository\ch\qos\logback\logback-core\1.4.11\logback-core-1.4.11.jar;C:\Users\Welcome\.m2\repository\org\apache\logging\log4j\log4j-to-slf4j\2.21.1\log4j-to-slf4j-2.21.1.jar;C:\Users\Welcome\.m2\repository\org\slf4j\jul-to-slf4j\2.0.9\jul-to-slf4j-2.0.9.jar;C:\Users\Welcome\.m2\repository\jakarta\annotation\jakarta.annotation-api\2.1.1\jakarta.annotation-api-2.1.1.jar;C:\Users\Welcome\.m2\repository\org\springframework\spring-core\6.1.1\spring-core-6.1.1.jar;C:\Users\Welcome\.m2\repository\org\springframework\spring-jcl\6.1.1\spring-jcl-6.1.1.jar;C:\Users\Welcome\.m2\repository\org\yaml\snakeyaml\2.2\snakeyaml-2.2.jar;C:\Users\Welcome\.m2\repository\org\springframework\boot\spring-boot-starter-test\3.2.0\spring-boot-starter-test-3.2.0.jar;C:\Users\Welcome\.m2\repository\org\springframework\boot\spring-boot-test\3.2.0\spring-boot-test-3.2.0.jar;C:\Users\Welcome\.m2\repository\org\springframework\boot\spring-boot-test-autoconfigure\3.2.0\spring-boot-test-autoconfigure-3.2.0.jar;C:\Users\Welcome\.m2\repository\com\jayway\jsonpath\json-path\2.8.0\json-path-2.8.0.jar;C:\Users\Welcome\.m2\repository\jakarta\xml\bind\jakarta.xml.bind-api\4.0.1\jakarta.xml.bind-api-4.0.1.jar;C:\Users\Welcome\.m2\repository\jakarta\activation\jakarta.activation-api\2.1.2\jakarta.activation-api-2.1.2.jar;C:\Users\Welcome\.m2\repository\net\minidev\json-smart\2.5.0\json-smart-2.5.0.jar;C:\Users\Welcome\.m2\repository\net\minidev\accessors-smart\2.5.0\accessors-smart-2.5.0.jar;C:\Users\Welcome\.m2\repository\org\ow2\asm\asm\9.3\asm-9.3.jar;C:\Users\Welcome\.m2\repository\org\assertj\assertj-core\3.24.2\assertj-core-3.24.2.jar;C:\Users\Welcome\.m2\repository\net\bytebuddy\byte-buddy\1.14.10\byte-buddy-1.14.10.jar;C:\Users\Welcome\.m2\repository\org\awaitility\awaitility\4.2.0\awaitility-4.2.0.jar;C:\Users\Welcome\.m2\repository\org\hamcrest\hamcrest\2.2\hamcrest-2.2.jar;C:\Users\Welcome\.m2\repository\org\junit\jupiter\junit-jupiter\5.10.1\junit-jupiter-5.10.1.jar;C:\Users\Welcome\.m2\repository\org\junit\jupiter\junit-jupiter-api\5.10.1\junit-jupiter-api-5.10.1.jar;C:\Users\Welcome\.m2\repository\org\opentest4j\opentest4j\1.3.0\opentest4j-1.3.0.jar;C:\Users\Welcome\.m2\repository\org\junit\platform\junit-platform-commons\1.10.1\junit-platform-commons-1.10.1.jar;C:\Users\Welcome\.m2\repository\org\apiguardian\apiguardian-api\1.1.2\apiguardian-api-1.1.2.jar;C:\Users\Welcome\.m2\repository\org\junit\jupiter\junit-jupiter-params\5.10.1\junit-jupiter-params-5.10.1.jar;C:\Users\Welcome\.m2\repository\org\junit\jupiter\junit-jupiter-engine\5.10.1\junit-jupiter-engine-5.10.1.jar;C:\Users\Welcome\.m2\repository\org\junit\platform\junit-platform-engine\1.10.1\junit-platform-engine-1.10.1.jar;C:\Users\Welcome\.m2\repository\org\mockito\mockito-core\5.7.0\mockito-core-5.7.0.jar;C:\Users\Welcome\.m2\repository\net\bytebuddy\byte-buddy-agent\1.14.10\byte-buddy-agent-1.14.10.jar;C:\Users\Welcome\.m2\repository\org\objenesis\objenesis\3.3\objenesis-3.3.jar;C:\Users\Welcome\.m2\repository\org\mockito\mockito-junit-jupiter\5.7.0\mockito-junit-jupiter-5.7.0.jar;C:\Users\Welcome\.m2\repository\org\skyscreamer\jsonassert\1.5.1\jsonassert-1.5.1.jar;C:\Users\Welcome\.m2\repository\com\vaadin\external\google\android-json\0.0.20131108.vaadin1\android-json-0.0.20131108.vaadin1.jar;C:\Users\Welcome\.m2\repository\org\springframework\spring-test\6.1.1\spring-test-6.1.1.jar;C:\Users\Welcome\.m2\repository\org\xmlunit\xmlunit-core\2.9.1\xmlunit-core-2.9.1.jar;C:\Users\Welcome\.m2\repository\org\seleniumhq\selenium\selenium-java\4.16.1\selenium-java-4.16.1.jar;C:\Users\Welcome\.m2\repository\org\seleniumhq\selenium\selenium-api\4.14.1\selenium-api-4.14.1.jar;C:\Users\Welcome\.m2\repository\org\seleniumhq\selenium\selenium-chrome-driver\4.14.1\selenium-chrome-driver-4.14.1.jar;C:\Users\Welcome\.m2\repository\com\google\auto\service\auto-service-annotations\1.1.1\auto-service-annotations-1.1.1.jar;C:\Users\Welcome\.m2\repository\com\google\guava\guava\32.1.2-jre\guava-32.1.2-jre.jar;C:\Users\Welcome\.m2\repository\com\google\guava\failureaccess\1.0.1\failureaccess-1.0.1.jar;C:\Users\Welcome\.m2\repository\com\google\guava\listenablefuture\9999.0-empty-to-avoid-conflict-with-guava\listenablefuture-9999.0-empty-to-avoid-conflict-with-guava.jar;C:\Users\Welcome\.m2\repository\com\google\code\findbugs\jsr305\3.0.2\jsr305-3.0.2.jar;C:\Users\Welcome\.m2\repository\org\checkerframework\checker-qual\3.33.0\checker-qual-3.33.0.jar;C:\Users\Welcome\.m2\repository\com\google\errorprone\error_prone_annotations\2.18.0\error_prone_annotations-2.18.0.jar;C:\Users\Welcome\.m2\repository\com\google\j2objc\j2objc-annotations\2.8\j2objc-annotations-2.8.jar;C:\Users\Welcome\.m2\repository\org\seleniumhq\selenium\selenium-chromium-driver\4.14.1\selenium-chromium-driver-4.14.1.jar;C:\Users\Welcome\.m2\repository\org\seleniumhq\selenium\selenium-json\4.14.1\selenium-json-4.14.1.jar;C:\Users\Welcome\.m2\repository\org\seleniumhq\selenium\selenium-manager\4.14.1\selenium-manager-4.14.1.jar;C:\Users\Welcome\.m2\repository\org\seleniumhq\selenium\selenium-devtools-v118\4.14.1\selenium-devtools-v118-4.14.1.jar;C:\Users\Welcome\.m2\repository\org\seleniumhq\selenium\selenium-devtools-v119\4.16.1\selenium-devtools-v119-4.16.1.jar;C:\Users\Welcome\.m2\repository\org\seleniumhq\selenium\selenium-devtools-v120\4.16.1\selenium-devtools-v120-4.16.1.jar;C:\Users\Welcome\.m2\repository\org\seleniumhq\selenium\selenium-devtools-v85\4.14.1\selenium-devtools-v85-4.14.1.jar;C:\Users\Welcome\.m2\repository\org\seleniumhq\selenium\selenium-edge-driver\4.14.1\selenium-edge-driver-4.14.1.jar;C:\Users\Welcome\.m2\repository\org\seleniumhq\selenium\selenium-firefox-driver\4.14.1\selenium-firefox-driver-4.14.1.jar;C:\Users\Welcome\.m2\repository\org\seleniumhq\selenium\selenium-http\4.14.1\selenium-http-4.14.1.jar;C:\Users\Welcome\.m2\repository\dev\failsafe\failsafe\3.3.2\failsafe-3.3.2.jar;C:\Users\Welcome\.m2\repository\org\seleniumhq\selenium\selenium-ie-driver\4.14.1\selenium-ie-driver-4.14.1.jar;C:\Users\Welcome\.m2\repository\org\seleniumhq\selenium\selenium-remote-driver\4.14.1\selenium-remote-driver-4.14.1.jar;C:\Users\Welcome\.m2\repository\io\opentelemetry\opentelemetry-api\1.31.0\opentelemetry-api-1.31.0.jar;C:\Users\Welcome\.m2\repository\io\opentelemetry\opentelemetry-context\1.31.0\opentelemetry-context-1.31.0.jar;C:\Users\Welcome\.m2\repository\io\opentelemetry\opentelemetry-exporter-logging\1.31.0\opentelemetry-exporter-logging-1.31.0.jar;C:\Users\Welcome\.m2\repository\io\opentelemetry\opentelemetry-sdk-common\1.31.0\opentelemetry-sdk-common-1.31.0.jar;C:\Users\Welcome\.m2\repository\io\opentelemetry\opentelemetry-sdk-extension-autoconfigure-spi\1.31.0\opentelemetry-sdk-extension-autoconfigure-spi-1.31.0.jar;C:\Users\Welcome\.m2\repository\io\opentelemetry\opentelemetry-sdk-extension-autoconfigure\1.31.0\opentelemetry-sdk-extension-autoconfigure-1.31.0.jar;C:\Users\Welcome\.m2\repository\io\opentelemetry\opentelemetry-api-events\1.31.0-alpha\opentelemetry-api-events-1.31.0-alpha.jar;C:\Users\Welcome\.m2\repository\io\opentelemetry\opentelemetry-sdk-trace\1.31.0\opentelemetry-sdk-trace-1.31.0.jar;C:\Users\Welcome\.m2\repository\io\opentelemetry\opentelemetry-sdk\1.31.0\opentelemetry-sdk-1.31.0.jar;C:\Users\Welcome\.m2\repository\io\opentelemetry\opentelemetry-sdk-metrics\1.31.0\opentelemetry-sdk-metrics-1.31.0.jar;C:\Users\Welcome\.m2\repository\io\opentelemetry\opentelemetry-extension-incubator\1.31.0-alpha\opentelemetry-extension-incubator-1.31.0-alpha.jar;C:\Users\Welcome\.m2\repository\io\opentelemetry\opentelemetry-sdk-logs\1.31.0\opentelemetry-sdk-logs-1.31.0.jar;C:\Users\Welcome\.m2\repository\io\opentelemetry\opentelemetry-semconv\1.28.0-alpha\opentelemetry-semconv-1.28.0-alpha.jar;C:\Users\Welcome\.m2\repository\org\seleniumhq\selenium\selenium-os\4.14.1\selenium-os-4.14.1.jar;C:\Users\Welcome\.m2\repository\org\apache\commons\commons-exec\1.3\commons-exec-1.3.jar;C:\Users\Welcome\.m2\repository\org\seleniumhq\selenium\selenium-safari-driver\4.14.1\selenium-safari-driver-4.14.1.jar;C:\Users\Welcome\.m2\repository\org\seleniumhq\selenium\selenium-support\4.14.1\selenium-support-4.14.1.jar;C:\Users\Welcome\.m2\repository\io\github\bonigarcia\webdrivermanager\5.6.2\webdrivermanager-5.6.2.jar;C:\Users\Welcome\.m2\repository\org\slf4j\slf4j-api\2.0.9\slf4j-api-2.0.9.jar;C:\Users\Welcome\.m2\repository\com\google\code\gson\gson\2.10.1\gson-2.10.1.jar;C:\Users\Welcome\.m2\repository\com\github\docker-java\docker-java\3.3.4\docker-java-3.3.4.jar;C:\Users\Welcome\.m2\repository\com\github\docker-java\docker-java-core\3.3.4\docker-java-core-3.3.4.jar;C:\Users\Welcome\.m2\repository\com\github\docker-java\docker-java-api\3.3.4\docker-java-api-3.3.4.jar;C:\Users\Welcome\.m2\repository\com\fasterxml\jackson\core\jackson-annotations\2.15.3\jackson-annotations-2.15.3.jar;C:\Users\Welcome\.m2\repository\com\fasterxml\jackson\core\jackson-databind\2.15.3\jackson-databind-2.15.3.jar;C:\Users\Welcome\.m2\repository\com\fasterxml\jackson\core\jackson-core\2.15.3\jackson-core-2.15.3.jar;C:\Users\Welcome\.m2\repository\org\bouncycastle\bcpkix-jdk18on\1.76\bcpkix-jdk18on-1.76.jar;C:\Users\Welcome\.m2\repository\org\bouncycastle\bcprov-jdk18on\1.76\bcprov-jdk18on-1.76.jar;C:\Users\Welcome\.m2\repository\org\bouncycastle\bcutil-jdk18on\1.76\bcutil-jdk18on-1.76.jar;C:\Users\Welcome\.m2\repository\org\slf4j\jcl-over-slf4j\2.0.9\jcl-over-slf4j-2.0.9.jar;C:\Users\Welcome\.m2\repository\com\github\docker-java\docker-java-transport-httpclient5\3.3.4\docker-java-transport-httpclient5-3.3.4.jar;C:\Users\Welcome\.m2\repository\com\github\docker-java\docker-java-transport\3.3.4\docker-java-transport-3.3.4.jar;C:\Users\Welcome\.m2\repository\net\java\dev\jna\jna\5.13.0\jna-5.13.0.jar;C:\Users\Welcome\.m2\repository\org\brotli\dec\0.1.2\dec-0.1.2.jar;C:\Users\Welcome\.m2\repository\org\apache\commons\commons-lang3\3.13.0\commons-lang3-3.13.0.jar;C:\Users\Welcome\.m2\repository\org\apache\commons\commons-compress\1.24.0\commons-compress-1.24.0.jar;C:\Users\Welcome\.m2\repository\org\apache\httpcomponents\client5\httpclient5\5.2.1\httpclient5-5.2.1.jar;C:\Users\Welcome\.m2\repository\org\apache\httpcomponents\core5\httpcore5\5.2.3\httpcore5-5.2.3.jar;C:\Users\Welcome\.m2\repository\org\apache\httpcomponents\core5\httpcore5-h2\5.2.3\httpcore5-h2-5.2.3.jar;C:\Users\Welcome\.m2\repository\org\testng\testng\7.8.0\testng-7.8.0.jar;C:\Users\Welcome\.m2\repository\com\beust\jcommander\1.82\jcommander-1.82.jar;C:\Users\Welcome\.m2\repository\org\webjars\jquery\3.6.1\jquery-3.6.1.jar;C:\Users\Welcome\.m2\repository\com\aventstack\extentreports\5.1.2\extentreports-5.1.2.jar;C:\Users\Welcome\.m2\repository\io\reactivex\rxjava3\rxjava\3.1.8\rxjava-3.1.8.jar;C:\Users\Welcome\.m2\repository\org\reactivestreams\reactive-streams\1.0.4\reactive-streams-1.0.4.jar;C:\Users\Welcome\.m2\repository\org\freemarker\freemarker\2.3.32\freemarker-2.3.32.jar;C:\Users\Welcome\.m2\repository\org\projectlombok\lombok\1.18.30\lombok-1.18.30.jar;E:\Extend_report\target\classes;C:\Users\Welcome\.m2\repository\org\apache\poi\poi\5.1.0\poi-5.1.0.jar;C:\Users\Welcome\.m2\repository\commons-codec\commons-codec\1.16.0\commons-codec-1.16.0.jar;C:\Users\Welcome\.m2\repository\org\apache\commons\commons-collections4\4.4\commons-collections4-4.4.jar;C:\Users\Welcome\.m2\repository\org\apache\commons\commons-math3\3.6.1\commons-math3-3.6.1.jar;C:\Users\Welcome\.m2\repository\commons-io\commons-io\2.11.0\commons-io-2.11.0.jar;C:\Users\Welcome\.m2\repository\com\zaxxer\SparseBitSet\1.2\SparseBitSet-1.2.jar;C:\Users\Welcome\.m2\repository\org\apache\logging\log4j\log4j-api\2.21.1\log4j-api-2.21.1.jar;C:\Users\Welcome\.m2\repository\org\apache\poi\poi-ooxml\5.1.0\poi-ooxml-5.1.0.jar;C:\Users\Welcome\.m2\repository\org\apache\poi\poi-ooxml-lite\5.1.0\poi-ooxml-lite-5.1.0.jar;C:\Users\Welcome\.m2\repository\org\apache\xmlbeans\xmlbeans\5.0.2\xmlbeans-5.0.2.jar;C:\Users\Welcome\.m2\repository\com\github\virtuald\curvesapi\1.06\curvesapi-1.06.jar;C:\Users\Welcome\.m2\repository\org\jfree\jfreechart\1.5.3\jfreechart-1.5.3.jar;C:\Users\Welcome\.m2\repository\org\jfree\jcommon\1.0.24\jcommon-1.0.24.jar
Launcher Type: SUN_STANDARD

[Global flags]
     intx CICompilerCount                          = 3                                         {product} {ergonomic}
     uint ConcGCThreads                            = 1                                         {product} {ergonomic}
     uint G1ConcRefinementThreads                  = 4                                         {product} {ergonomic}
   size_t G1HeapRegionSize                         = 1048576                                   {product} {ergonomic}
    uintx GCDrainStackTargetSize                   = 64                                        {product} {ergonomic}
   size_t InitialHeapSize                          = 134217728                                 {product} {ergonomic}
   size_t MarkStackSize                            = 4194304                                   {product} {ergonomic}
   size_t MaxHeapSize                              = 2132803584                                {product} {ergonomic}
   size_t MaxNewSize                               = 1279262720                                {product} {ergonomic}
   size_t MinHeapDeltaBytes                        = 1048576                                   {product} {ergonomic}
   size_t MinHeapSize                              = 8388608                                   {product} {ergonomic}
    uintx NonNMethodCodeHeapSize                   = 5832780                                {pd product} {ergonomic}
    uintx NonProfiledCodeHeapSize                  = 122912730                              {pd product} {ergonomic}
     bool PerfDisableSharedMem                     = true                                      {product} {ergonomic}
    uintx ProfiledCodeHeapSize                     = 122912730                              {pd product} {ergonomic}
    uintx ReservedCodeCacheSize                    = 251658240                              {pd product} {ergonomic}
     bool SegmentedCodeCache                       = true                                      {product} {ergonomic}
     bool ShowCodeDetailsInExceptionMessages       = true                                   {manageable} {command line}
   size_t SoftMaxHeapSize                          = 2132803584                             {manageable} {ergonomic}
     bool UseCompressedOops                        = true                           {product lp64_product} {ergonomic}
     bool UseG1GC                                  = true                                      {product} {ergonomic}
     bool UseLargePagesIndividualAllocation        = false                                  {pd product} {ergonomic}

Logging:
Log output configuration:
 #0: stdout all=warning uptime,level,tags foldmultilines=false
 #1: stderr all=off uptime,level,tags foldmultilines=false

Environment Variables:
PATH=D:/Softwares/sts-4.20.0.RELEASE//plugins/org.eclipse.justj.openjdk.hotspot.jre.full.win32.x86_64_17.0.8.v20230831-1047/jre/bin/server;D:/Softwares/sts-4.20.0.RELEASE//plugins/org.eclipse.justj.openjdk.hotspot.jre.full.win32.x86_64_17.0.8.v20230831-1047/jre/bin;C:\Program Files\Common Files\Oracle\Java\javapath;C:\Program Files (x86)\Common Files\Oracle\Java\javapath;C:\Windows\system32;C:\Windows;C:\Windows\System32\Wbem;C:\Windows\System32\WindowsPowerShell\v1.0\;C:\Windows\System32\OpenSSH\;C:\Program Files\Git\cmd;C:\Program Files (x86)\Microsoft SQL Server\160\DTS\Binn\;C:\Program Files\PuTTY\;C:\Users\Welcome\AppData\Local\Microsoft\WindowsApps;;D:\Softwares\sts-4.20.0.RELEASE;
USERNAME=Welcome
OS=Windows_NT
PROCESSOR_IDENTIFIER=Intel64 Family 6 Model 61 Stepping 4, GenuineIntel
TMP=C:\Users\Welcome\AppData\Local\Temp
TEMP=C:\Users\Welcome\AppData\Local\Temp




Periodic native trim disabled

---------------  S Y S T E M  ---------------

OS:
 Windows 10 , 64 bit Build 19041 (10.0.19041.4597)
OS uptime: 6 days 21:05 hours

CPU: total 4 (initial active 4) (2 cores per cpu, 2 threads per core) family 6 model 61 stepping 4 microcode 0x2d, cx8, cmov, fxsr, ht, mmx, 3dnowpref, sse, sse2, sse3, ssse3, sse4.1, sse4.2, popcnt, lzcnt, tsc, tscinvbit, avx, avx2, aes, erms, clmul, bmi1, bmi2, adx, fma, vzeroupper, clflush, rdtscp, f16c
Processor Information for all 4 processors :
  Max Mhz: 2401, Current Mhz: 2401, Mhz Limit: 2401

Memory: 4k page, system-wide physical 8130M (592M free)
TotalPageFile size 32706M (AvailPageFile size 0M)
current process WorkingSet (physical memory assigned to process): 125M, peak: 125M
current process commit charge ("private bytes"): 244M, peak: 244M

vm_info: Java HotSpot(TM) 64-Bit Server VM (21.0.2+13-LTS-58) for windows-amd64 JRE (21.0.2+13-LTS-58), built on 2024-01-05T18:32:24Z by "mach5one" with MS VC++ 17.1 (VS2022)

END.
