#
# There is insufficient memory for the Java Runtime Environment to continue.
# Native memory allocation (malloc) failed to allocate 221600 bytes for Chunk::new
# Possible reasons:
#   The system is out of physical RAM or swap space
#   The process is running with CompressedOops enabled, and the Java Heap may be blocking the growth of the native heap
# Possible solutions:
#   Reduce memory load on the system
#   Increase physical memory or swap space
#   Check if swap backing store is full
#   Decrease Java heap size (-Xmx/-Xms)
#   Decrease number of Java threads
#   Decrease Java thread stack sizes (-Xss)
#   Set larger code cache with -XX:ReservedCodeCacheSize=
#   JVM is running with Unscaled Compressed Oops mode in which the Java heap is
#     placed in the first 4GB address space. The Java Heap base address is the
#     maximum limit for the native heap growth. Please use -XX:HeapBaseMinAddress
#     to set the Java Heap base and to place the Java Heap above 4GB virtual address.
# This output file may be truncated or incomplete.
#
#  Out of Memory Error (arena.cpp:189), pid=55612, tid=54268
#
# JRE version: OpenJDK Runtime Environment Temurin-17.0.8.1+1 (17.0.8.1+1) (build 17.0.8.1+1)
# Java VM: OpenJDK 64-Bit Server VM Temurin-17.0.8.1+1 (17.0.8.1+1, mixed mode, tiered, compressed oops, compressed class ptrs, g1 gc, windows-amd64)
# No core dump will be written. Minidumps are not enabled by default on client versions of Windows
#

---------------  S U M M A R Y ------------

Command Line: -ea -Dfile.encoding=UTF-8 -Dstdout.encoding=UTF-8 -Dstderr.encoding=UTF-8 -XX:+ShowCodeDetailsInExceptionMessages org.testng.remote.RemoteTestNG -serport 55406 -protocol json -d D:\Source code\vision\test-output D:\Source code\vision\test-output\Testng-RA\testngRA_VAT_FULL.xml

Host: Intel(R) Core(TM) i7-5500U CPU @ 2.40GHz, 4 cores, 7G,  Windows 10 , 64 bit Build 19041 (10.0.19041.4597)
Time: Mon Aug  5 12:55:23 2024 India Standard Time elapsed time: 0.599792 seconds (0d 0h 0m 0s)

---------------  T H R E A D  ---------------

Current thread (0x000001b245c2fb00):  JavaThread "C2 CompilerThread1" daemon [_thread_in_native, id=54268, stack(0x00000053b2400000,0x00000053b2500000)]


Current CompileTask:
C2:    599  429       4       java.util.jar.JarFile::getEntry (35 bytes)

Stack: [0x00000053b2400000,0x00000053b2500000]
Native frames: (J=compiled Java code, j=interpreted, Vv=VM code, C=native code)
V  [jvm.dll+0x678b0a]
V  [jvm.dll+0x835e84]
V  [jvm.dll+0x83762e]
V  [jvm.dll+0x837c93]
V  [jvm.dll+0x24746f]
V  [jvm.dll+0xac20c]
V  [jvm.dll+0xac7dc]
V  [jvm.dll+0x365ca7]
V  [jvm.dll+0x1bd1f8]
V  [jvm.dll+0x219d49]
V  [jvm.dll+0x219011]
V  [jvm.dll+0x1a534d]
V  [jvm.dll+0x228d8a]
V  [jvm.dll+0x226dcc]
V  [jvm.dll+0x7ec09b]
V  [jvm.dll+0x7e64ca]
V  [jvm.dll+0x677955]
C  [ucrtbase.dll+0x21bb2]
C  [KERNEL32.DLL+0x17374]
C  [ntdll.dll+0x4cc91]


---------------  P R O C E S S  ---------------

Threads class SMR info:
_java_thread_list=0x000001b245c50a60, length=13, elements={
0x000001b22a1ae7a0, 0x000001b2458f4070, 0x000001b2458f5d80, 0x000001b24591e600,
0x000001b245959dd0, 0x000001b24595ae40, 0x000001b24595f3b0, 0x000001b245962e70,
0x000001b245964740, 0x000001b24597bc40, 0x000001b245c163e0, 0x000001b245c16e00,
0x000001b245c2fb00
}

Java Threads: ( => current thread )
  0x000001b22a1ae7a0 JavaThread "main" [_thread_in_vm, id=39864, stack(0x00000053b1100000,0x00000053b1200000)]
  0x000001b2458f4070 JavaThread "Reference Handler" daemon [_thread_blocked, id=52736, stack(0x00000053b1800000,0x00000053b1900000)]
  0x000001b2458f5d80 JavaThread "Finalizer" daemon [_thread_blocked, id=56720, stack(0x00000053b1900000,0x00000053b1a00000)]
  0x000001b24591e600 JavaThread "Signal Dispatcher" daemon [_thread_blocked, id=50532, stack(0x00000053b1a00000,0x00000053b1b00000)]
  0x000001b245959dd0 JavaThread "Attach Listener" daemon [_thread_blocked, id=50600, stack(0x00000053b1b00000,0x00000053b1c00000)]
  0x000001b24595ae40 JavaThread "Service Thread" daemon [_thread_blocked, id=45500, stack(0x00000053b1c00000,0x00000053b1d00000)]
  0x000001b24595f3b0 JavaThread "Monitor Deflation Thread" daemon [_thread_blocked, id=56648, stack(0x00000053b1d00000,0x00000053b1e00000)]
  0x000001b245962e70 JavaThread "C2 CompilerThread0" daemon [_thread_blocked, id=45116, stack(0x00000053b1e00000,0x00000053b1f00000)]
  0x000001b245964740 JavaThread "C1 CompilerThread0" daemon [_thread_blocked, id=8164, stack(0x00000053b1f00000,0x00000053b2000000)]
  0x000001b24597bc40 JavaThread "Sweeper thread" daemon [_thread_blocked, id=52712, stack(0x00000053b2000000,0x00000053b2100000)]
  0x000001b245c163e0 JavaThread "Notification Thread" daemon [_thread_blocked, id=34724, stack(0x00000053b2100000,0x00000053b2200000)]
  0x000001b245c16e00 JavaThread "Common-Cleaner" daemon [_thread_blocked, id=37392, stack(0x00000053b2300000,0x00000053b2400000)]
=>0x000001b245c2fb00 JavaThread "C2 CompilerThread1" daemon [_thread_in_native, id=54268, stack(0x00000053b2400000,0x00000053b2500000)]

Other Threads:
  0x000001b2458f0860 VMThread "VM Thread" [stack: 0x00000053b1700000,0x00000053b1800000] [id=35700]
  0x000001b245c19b30 WatcherThread [stack: 0x00000053b2200000,0x00000053b2300000] [id=47916]
  0x000001b22c1ff0b0 GCTaskThread "GC Thread#0" [stack: 0x00000053b1200000,0x00000053b1300000] [id=52948]
  0x000001b22c2104f0 ConcurrentGCThread "G1 Main Marker" [stack: 0x00000053b1300000,0x00000053b1400000] [id=56920]
  0x000001b22c210e10 ConcurrentGCThread "G1 Conc#0" [stack: 0x00000053b1400000,0x00000053b1500000] [id=54500]
  0x000001b22c24d690 ConcurrentGCThread "G1 Refine#0" [stack: 0x00000053b1500000,0x00000053b1600000] [id=55988]
  0x000001b22c24dfd0 ConcurrentGCThread "G1 Service" [stack: 0x00000053b1600000,0x00000053b1700000] [id=57060]

Threads with active compile tasks:
C2 CompilerThread1      631  429       4       java.util.jar.JarFile::getEntry (35 bytes)

VM state: not at safepoint (normal execution)

VM Mutex/Monitor currently owned by a thread: None

Heap address: 0x0000000080e00000, size: 2034 MB, Compressed Oops mode: 32-bit

CDS archive(s) not mapped
Compressed class space mapped at: 0x0000000100000000-0x0000000140000000, reserved size: 1073741824
Narrow klass base: 0x0000000000000000, Narrow klass shift: 3, Narrow klass range: 0x140000000

GC Precious Log:
 CPUs: 4 total, 4 available
 Memory: 8130M
 Large Page Support: Disabled
 NUMA Support: Disabled
 Compressed Oops: Enabled (32-bit)
 Heap Region Size: 1M
 Heap Min Capacity: 8M
 Heap Initial Capacity: 128M
 Heap Max Capacity: 2034M
 Pre-touch: Disabled
 Parallel Workers: 4
 Concurrent Workers: 1
 Concurrent Refinement Workers: 4
 Periodic GC: Disabled

Heap:
 garbage-first heap   total 131072K, used 11264K [0x0000000080e00000, 0x0000000100000000)
  region size 1024K, 11 young (11264K), 0 survivors (0K)
 Metaspace       used 7134K, committed 7296K, reserved 1114112K
  class space    used 603K, committed 704K, reserved 1048576K

Heap Regions: E=young(eden), S=young(survivor), O=old, HS=humongous(starts), HC=humongous(continues), CS=collection set, F=free, OA=open archive, CA=closed archive, TAMS=top-at-mark-start (previous, next)
|   0|0x0000000080e00000, 0x0000000080f00000, 0x0000000080f00000|100%|HS|  |TAMS 0x0000000080e00000, 0x0000000080e00000| Complete 
|   1|0x0000000080f00000, 0x0000000081000000, 0x0000000081000000|100%|HS|  |TAMS 0x0000000080f00000, 0x0000000080f00000| Complete 
|   2|0x0000000081000000, 0x0000000081000000, 0x0000000081100000|  0%| F|  |TAMS 0x0000000081000000, 0x0000000081000000| Untracked 
|   3|0x0000000081100000, 0x0000000081100000, 0x0000000081200000|  0%| F|  |TAMS 0x0000000081100000, 0x0000000081100000| Untracked 
|   4|0x0000000081200000, 0x0000000081200000, 0x0000000081300000|  0%| F|  |TAMS 0x0000000081200000, 0x0000000081200000| Untracked 
|   5|0x0000000081300000, 0x0000000081300000, 0x0000000081400000|  0%| F|  |TAMS 0x0000000081300000, 0x0000000081300000| Untracked 
|   6|0x0000000081400000, 0x0000000081400000, 0x0000000081500000|  0%| F|  |TAMS 0x0000000081400000, 0x0000000081400000| Untracked 
|   7|0x0000000081500000, 0x0000000081500000, 0x0000000081600000|  0%| F|  |TAMS 0x0000000081500000, 0x0000000081500000| Untracked 
|   8|0x0000000081600000, 0x0000000081600000, 0x0000000081700000|  0%| F|  |TAMS 0x0000000081600000, 0x0000000081600000| Untracked 
|   9|0x0000000081700000, 0x0000000081700000, 0x0000000081800000|  0%| F|  |TAMS 0x0000000081700000, 0x0000000081700000| Untracked 
|  10|0x0000000081800000, 0x0000000081800000, 0x0000000081900000|  0%| F|  |TAMS 0x0000000081800000, 0x0000000081800000| Untracked 
|  11|0x0000000081900000, 0x0000000081900000, 0x0000000081a00000|  0%| F|  |TAMS 0x0000000081900000, 0x0000000081900000| Untracked 
|  12|0x0000000081a00000, 0x0000000081a00000, 0x0000000081b00000|  0%| F|  |TAMS 0x0000000081a00000, 0x0000000081a00000| Untracked 
|  13|0x0000000081b00000, 0x0000000081b00000, 0x0000000081c00000|  0%| F|  |TAMS 0x0000000081b00000, 0x0000000081b00000| Untracked 
|  14|0x0000000081c00000, 0x0000000081c00000, 0x0000000081d00000|  0%| F|  |TAMS 0x0000000081c00000, 0x0000000081c00000| Untracked 
|  15|0x0000000081d00000, 0x0000000081d00000, 0x0000000081e00000|  0%| F|  |TAMS 0x0000000081d00000, 0x0000000081d00000| Untracked 
|  16|0x0000000081e00000, 0x0000000081e00000, 0x0000000081f00000|  0%| F|  |TAMS 0x0000000081e00000, 0x0000000081e00000| Untracked 
|  17|0x0000000081f00000, 0x0000000081f00000, 0x0000000082000000|  0%| F|  |TAMS 0x0000000081f00000, 0x0000000081f00000| Untracked 
|  18|0x0000000082000000, 0x0000000082000000, 0x0000000082100000|  0%| F|  |TAMS 0x0000000082000000, 0x0000000082000000| Untracked 
|  19|0x0000000082100000, 0x0000000082100000, 0x0000000082200000|  0%| F|  |TAMS 0x0000000082100000, 0x0000000082100000| Untracked 
|  20|0x0000000082200000, 0x0000000082200000, 0x0000000082300000|  0%| F|  |TAMS 0x0000000082200000, 0x0000000082200000| Untracked 
|  21|0x0000000082300000, 0x0000000082300000, 0x0000000082400000|  0%| F|  |TAMS 0x0000000082300000, 0x0000000082300000| Untracked 
|  22|0x0000000082400000, 0x0000000082400000, 0x0000000082500000|  0%| F|  |TAMS 0x0000000082400000, 0x0000000082400000| Untracked 
|  23|0x0000000082500000, 0x0000000082500000, 0x0000000082600000|  0%| F|  |TAMS 0x0000000082500000, 0x0000000082500000| Untracked 
|  24|0x0000000082600000, 0x0000000082600000, 0x0000000082700000|  0%| F|  |TAMS 0x0000000082600000, 0x0000000082600000| Untracked 
|  25|0x0000000082700000, 0x0000000082700000, 0x0000000082800000|  0%| F|  |TAMS 0x0000000082700000, 0x0000000082700000| Untracked 
|  26|0x0000000082800000, 0x0000000082800000, 0x0000000082900000|  0%| F|  |TAMS 0x0000000082800000, 0x0000000082800000| Untracked 
|  27|0x0000000082900000, 0x0000000082900000, 0x0000000082a00000|  0%| F|  |TAMS 0x0000000082900000, 0x0000000082900000| Untracked 
|  28|0x0000000082a00000, 0x0000000082a00000, 0x0000000082b00000|  0%| F|  |TAMS 0x0000000082a00000, 0x0000000082a00000| Untracked 
|  29|0x0000000082b00000, 0x0000000082b00000, 0x0000000082c00000|  0%| F|  |TAMS 0x0000000082b00000, 0x0000000082b00000| Untracked 
|  30|0x0000000082c00000, 0x0000000082c00000, 0x0000000082d00000|  0%| F|  |TAMS 0x0000000082c00000, 0x0000000082c00000| Untracked 
|  31|0x0000000082d00000, 0x0000000082d00000, 0x0000000082e00000|  0%| F|  |TAMS 0x0000000082d00000, 0x0000000082d00000| Untracked 
|  32|0x0000000082e00000, 0x0000000082e00000, 0x0000000082f00000|  0%| F|  |TAMS 0x0000000082e00000, 0x0000000082e00000| Untracked 
|  33|0x0000000082f00000, 0x0000000082f00000, 0x0000000083000000|  0%| F|  |TAMS 0x0000000082f00000, 0x0000000082f00000| Untracked 
|  34|0x0000000083000000, 0x0000000083000000, 0x0000000083100000|  0%| F|  |TAMS 0x0000000083000000, 0x0000000083000000| Untracked 
|  35|0x0000000083100000, 0x0000000083100000, 0x0000000083200000|  0%| F|  |TAMS 0x0000000083100000, 0x0000000083100000| Untracked 
|  36|0x0000000083200000, 0x0000000083200000, 0x0000000083300000|  0%| F|  |TAMS 0x0000000083200000, 0x0000000083200000| Untracked 
|  37|0x0000000083300000, 0x0000000083300000, 0x0000000083400000|  0%| F|  |TAMS 0x0000000083300000, 0x0000000083300000| Untracked 
|  38|0x0000000083400000, 0x0000000083400000, 0x0000000083500000|  0%| F|  |TAMS 0x0000000083400000, 0x0000000083400000| Untracked 
|  39|0x0000000083500000, 0x0000000083500000, 0x0000000083600000|  0%| F|  |TAMS 0x0000000083500000, 0x0000000083500000| Untracked 
|  40|0x0000000083600000, 0x0000000083600000, 0x0000000083700000|  0%| F|  |TAMS 0x0000000083600000, 0x0000000083600000| Untracked 
|  41|0x0000000083700000, 0x0000000083700000, 0x0000000083800000|  0%| F|  |TAMS 0x0000000083700000, 0x0000000083700000| Untracked 
|  42|0x0000000083800000, 0x0000000083800000, 0x0000000083900000|  0%| F|  |TAMS 0x0000000083800000, 0x0000000083800000| Untracked 
|  43|0x0000000083900000, 0x0000000083900000, 0x0000000083a00000|  0%| F|  |TAMS 0x0000000083900000, 0x0000000083900000| Untracked 
|  44|0x0000000083a00000, 0x0000000083a00000, 0x0000000083b00000|  0%| F|  |TAMS 0x0000000083a00000, 0x0000000083a00000| Untracked 
|  45|0x0000000083b00000, 0x0000000083b00000, 0x0000000083c00000|  0%| F|  |TAMS 0x0000000083b00000, 0x0000000083b00000| Untracked 
|  46|0x0000000083c00000, 0x0000000083c00000, 0x0000000083d00000|  0%| F|  |TAMS 0x0000000083c00000, 0x0000000083c00000| Untracked 
|  47|0x0000000083d00000, 0x0000000083d00000, 0x0000000083e00000|  0%| F|  |TAMS 0x0000000083d00000, 0x0000000083d00000| Untracked 
|  48|0x0000000083e00000, 0x0000000083e00000, 0x0000000083f00000|  0%| F|  |TAMS 0x0000000083e00000, 0x0000000083e00000| Untracked 
|  49|0x0000000083f00000, 0x0000000083f00000, 0x0000000084000000|  0%| F|  |TAMS 0x0000000083f00000, 0x0000000083f00000| Untracked 
|  50|0x0000000084000000, 0x0000000084000000, 0x0000000084100000|  0%| F|  |TAMS 0x0000000084000000, 0x0000000084000000| Untracked 
|  51|0x0000000084100000, 0x0000000084100000, 0x0000000084200000|  0%| F|  |TAMS 0x0000000084100000, 0x0000000084100000| Untracked 
|  52|0x0000000084200000, 0x0000000084200000, 0x0000000084300000|  0%| F|  |TAMS 0x0000000084200000, 0x0000000084200000| Untracked 
|  53|0x0000000084300000, 0x0000000084300000, 0x0000000084400000|  0%| F|  |TAMS 0x0000000084300000, 0x0000000084300000| Untracked 
|  54|0x0000000084400000, 0x0000000084400000, 0x0000000084500000|  0%| F|  |TAMS 0x0000000084400000, 0x0000000084400000| Untracked 
|  55|0x0000000084500000, 0x0000000084500000, 0x0000000084600000|  0%| F|  |TAMS 0x0000000084500000, 0x0000000084500000| Untracked 
|  56|0x0000000084600000, 0x0000000084600000, 0x0000000084700000|  0%| F|  |TAMS 0x0000000084600000, 0x0000000084600000| Untracked 
|  57|0x0000000084700000, 0x0000000084700000, 0x0000000084800000|  0%| F|  |TAMS 0x0000000084700000, 0x0000000084700000| Untracked 
|  58|0x0000000084800000, 0x0000000084800000, 0x0000000084900000|  0%| F|  |TAMS 0x0000000084800000, 0x0000000084800000| Untracked 
|  59|0x0000000084900000, 0x0000000084900000, 0x0000000084a00000|  0%| F|  |TAMS 0x0000000084900000, 0x0000000084900000| Untracked 
|  60|0x0000000084a00000, 0x0000000084a00000, 0x0000000084b00000|  0%| F|  |TAMS 0x0000000084a00000, 0x0000000084a00000| Untracked 
|  61|0x0000000084b00000, 0x0000000084b00000, 0x0000000084c00000|  0%| F|  |TAMS 0x0000000084b00000, 0x0000000084b00000| Untracked 
|  62|0x0000000084c00000, 0x0000000084c00000, 0x0000000084d00000|  0%| F|  |TAMS 0x0000000084c00000, 0x0000000084c00000| Untracked 
|  63|0x0000000084d00000, 0x0000000084d00000, 0x0000000084e00000|  0%| F|  |TAMS 0x0000000084d00000, 0x0000000084d00000| Untracked 
|  64|0x0000000084e00000, 0x0000000084e00000, 0x0000000084f00000|  0%| F|  |TAMS 0x0000000084e00000, 0x0000000084e00000| Untracked 
|  65|0x0000000084f00000, 0x0000000084f00000, 0x0000000085000000|  0%| F|  |TAMS 0x0000000084f00000, 0x0000000084f00000| Untracked 
|  66|0x0000000085000000, 0x0000000085000000, 0x0000000085100000|  0%| F|  |TAMS 0x0000000085000000, 0x0000000085000000| Untracked 
|  67|0x0000000085100000, 0x0000000085100000, 0x0000000085200000|  0%| F|  |TAMS 0x0000000085100000, 0x0000000085100000| Untracked 
|  68|0x0000000085200000, 0x0000000085200000, 0x0000000085300000|  0%| F|  |TAMS 0x0000000085200000, 0x0000000085200000| Untracked 
|  69|0x0000000085300000, 0x0000000085300000, 0x0000000085400000|  0%| F|  |TAMS 0x0000000085300000, 0x0000000085300000| Untracked 
|  70|0x0000000085400000, 0x0000000085400000, 0x0000000085500000|  0%| F|  |TAMS 0x0000000085400000, 0x0000000085400000| Untracked 
|  71|0x0000000085500000, 0x0000000085500000, 0x0000000085600000|  0%| F|  |TAMS 0x0000000085500000, 0x0000000085500000| Untracked 
|  72|0x0000000085600000, 0x0000000085600000, 0x0000000085700000|  0%| F|  |TAMS 0x0000000085600000, 0x0000000085600000| Untracked 
|  73|0x0000000085700000, 0x0000000085700000, 0x0000000085800000|  0%| F|  |TAMS 0x0000000085700000, 0x0000000085700000| Untracked 
|  74|0x0000000085800000, 0x0000000085800000, 0x0000000085900000|  0%| F|  |TAMS 0x0000000085800000, 0x0000000085800000| Untracked 
|  75|0x0000000085900000, 0x0000000085900000, 0x0000000085a00000|  0%| F|  |TAMS 0x0000000085900000, 0x0000000085900000| Untracked 
|  76|0x0000000085a00000, 0x0000000085a00000, 0x0000000085b00000|  0%| F|  |TAMS 0x0000000085a00000, 0x0000000085a00000| Untracked 
|  77|0x0000000085b00000, 0x0000000085b00000, 0x0000000085c00000|  0%| F|  |TAMS 0x0000000085b00000, 0x0000000085b00000| Untracked 
|  78|0x0000000085c00000, 0x0000000085c00000, 0x0000000085d00000|  0%| F|  |TAMS 0x0000000085c00000, 0x0000000085c00000| Untracked 
|  79|0x0000000085d00000, 0x0000000085d00000, 0x0000000085e00000|  0%| F|  |TAMS 0x0000000085d00000, 0x0000000085d00000| Untracked 
|  80|0x0000000085e00000, 0x0000000085e00000, 0x0000000085f00000|  0%| F|  |TAMS 0x0000000085e00000, 0x0000000085e00000| Untracked 
|  81|0x0000000085f00000, 0x0000000085f00000, 0x0000000086000000|  0%| F|  |TAMS 0x0000000085f00000, 0x0000000085f00000| Untracked 
|  82|0x0000000086000000, 0x0000000086000000, 0x0000000086100000|  0%| F|  |TAMS 0x0000000086000000, 0x0000000086000000| Untracked 
|  83|0x0000000086100000, 0x0000000086100000, 0x0000000086200000|  0%| F|  |TAMS 0x0000000086100000, 0x0000000086100000| Untracked 
|  84|0x0000000086200000, 0x0000000086200000, 0x0000000086300000|  0%| F|  |TAMS 0x0000000086200000, 0x0000000086200000| Untracked 
|  85|0x0000000086300000, 0x0000000086300000, 0x0000000086400000|  0%| F|  |TAMS 0x0000000086300000, 0x0000000086300000| Untracked 
|  86|0x0000000086400000, 0x0000000086400000, 0x0000000086500000|  0%| F|  |TAMS 0x0000000086400000, 0x0000000086400000| Untracked 
|  87|0x0000000086500000, 0x0000000086500000, 0x0000000086600000|  0%| F|  |TAMS 0x0000000086500000, 0x0000000086500000| Untracked 
|  88|0x0000000086600000, 0x0000000086600000, 0x0000000086700000|  0%| F|  |TAMS 0x0000000086600000, 0x0000000086600000| Untracked 
|  89|0x0000000086700000, 0x0000000086700000, 0x0000000086800000|  0%| F|  |TAMS 0x0000000086700000, 0x0000000086700000| Untracked 
|  90|0x0000000086800000, 0x0000000086800000, 0x0000000086900000|  0%| F|  |TAMS 0x0000000086800000, 0x0000000086800000| Untracked 
|  91|0x0000000086900000, 0x0000000086900000, 0x0000000086a00000|  0%| F|  |TAMS 0x0000000086900000, 0x0000000086900000| Untracked 
|  92|0x0000000086a00000, 0x0000000086a00000, 0x0000000086b00000|  0%| F|  |TAMS 0x0000000086a00000, 0x0000000086a00000| Untracked 
|  93|0x0000000086b00000, 0x0000000086b00000, 0x0000000086c00000|  0%| F|  |TAMS 0x0000000086b00000, 0x0000000086b00000| Untracked 
|  94|0x0000000086c00000, 0x0000000086c00000, 0x0000000086d00000|  0%| F|  |TAMS 0x0000000086c00000, 0x0000000086c00000| Untracked 
|  95|0x0000000086d00000, 0x0000000086d00000, 0x0000000086e00000|  0%| F|  |TAMS 0x0000000086d00000, 0x0000000086d00000| Untracked 
|  96|0x0000000086e00000, 0x0000000086e00000, 0x0000000086f00000|  0%| F|  |TAMS 0x0000000086e00000, 0x0000000086e00000| Untracked 
|  97|0x0000000086f00000, 0x0000000086f00000, 0x0000000087000000|  0%| F|  |TAMS 0x0000000086f00000, 0x0000000086f00000| Untracked 
|  98|0x0000000087000000, 0x0000000087000000, 0x0000000087100000|  0%| F|  |TAMS 0x0000000087000000, 0x0000000087000000| Untracked 
|  99|0x0000000087100000, 0x0000000087100000, 0x0000000087200000|  0%| F|  |TAMS 0x0000000087100000, 0x0000000087100000| Untracked 
| 100|0x0000000087200000, 0x0000000087200000, 0x0000000087300000|  0%| F|  |TAMS 0x0000000087200000, 0x0000000087200000| Untracked 
| 101|0x0000000087300000, 0x0000000087300000, 0x0000000087400000|  0%| F|  |TAMS 0x0000000087300000, 0x0000000087300000| Untracked 
| 102|0x0000000087400000, 0x0000000087400000, 0x0000000087500000|  0%| F|  |TAMS 0x0000000087400000, 0x0000000087400000| Untracked 
| 103|0x0000000087500000, 0x0000000087500000, 0x0000000087600000|  0%| F|  |TAMS 0x0000000087500000, 0x0000000087500000| Untracked 
| 104|0x0000000087600000, 0x0000000087600000, 0x0000000087700000|  0%| F|  |TAMS 0x0000000087600000, 0x0000000087600000| Untracked 
| 105|0x0000000087700000, 0x0000000087700000, 0x0000000087800000|  0%| F|  |TAMS 0x0000000087700000, 0x0000000087700000| Untracked 
| 106|0x0000000087800000, 0x0000000087800000, 0x0000000087900000|  0%| F|  |TAMS 0x0000000087800000, 0x0000000087800000| Untracked 
| 107|0x0000000087900000, 0x0000000087900000, 0x0000000087a00000|  0%| F|  |TAMS 0x0000000087900000, 0x0000000087900000| Untracked 
| 108|0x0000000087a00000, 0x0000000087a00000, 0x0000000087b00000|  0%| F|  |TAMS 0x0000000087a00000, 0x0000000087a00000| Untracked 
| 109|0x0000000087b00000, 0x0000000087b00000, 0x0000000087c00000|  0%| F|  |TAMS 0x0000000087b00000, 0x0000000087b00000| Untracked 
| 110|0x0000000087c00000, 0x0000000087c00000, 0x0000000087d00000|  0%| F|  |TAMS 0x0000000087c00000, 0x0000000087c00000| Untracked 
| 111|0x0000000087d00000, 0x0000000087d00000, 0x0000000087e00000|  0%| F|  |TAMS 0x0000000087d00000, 0x0000000087d00000| Untracked 
| 112|0x0000000087e00000, 0x0000000087e00000, 0x0000000087f00000|  0%| F|  |TAMS 0x0000000087e00000, 0x0000000087e00000| Untracked 
| 113|0x0000000087f00000, 0x0000000087f00000, 0x0000000088000000|  0%| F|  |TAMS 0x0000000087f00000, 0x0000000087f00000| Untracked 
| 114|0x0000000088000000, 0x0000000088000000, 0x0000000088100000|  0%| F|  |TAMS 0x0000000088000000, 0x0000000088000000| Untracked 
| 115|0x0000000088100000, 0x0000000088100000, 0x0000000088200000|  0%| F|  |TAMS 0x0000000088100000, 0x0000000088100000| Untracked 
| 116|0x0000000088200000, 0x0000000088200000, 0x0000000088300000|  0%| F|  |TAMS 0x0000000088200000, 0x0000000088200000| Untracked 
| 117|0x0000000088300000, 0x0000000088346180, 0x0000000088400000| 27%| E|  |TAMS 0x0000000088300000, 0x0000000088300000| Complete 
| 118|0x0000000088400000, 0x0000000088500000, 0x0000000088500000|100%| E|CS|TAMS 0x0000000088400000, 0x0000000088400000| Complete 
| 119|0x0000000088500000, 0x0000000088600000, 0x0000000088600000|100%| E|CS|TAMS 0x0000000088500000, 0x0000000088500000| Complete 
| 120|0x0000000088600000, 0x0000000088700000, 0x0000000088700000|100%| E|CS|TAMS 0x0000000088600000, 0x0000000088600000| Complete 
| 121|0x0000000088700000, 0x0000000088800000, 0x0000000088800000|100%| E|CS|TAMS 0x0000000088700000, 0x0000000088700000| Complete 
| 122|0x0000000088800000, 0x0000000088900000, 0x0000000088900000|100%| E|CS|TAMS 0x0000000088800000, 0x0000000088800000| Complete 
| 123|0x0000000088900000, 0x0000000088a00000, 0x0000000088a00000|100%| E|CS|TAMS 0x0000000088900000, 0x0000000088900000| Complete 
| 124|0x0000000088a00000, 0x0000000088b00000, 0x0000000088b00000|100%| E|CS|TAMS 0x0000000088a00000, 0x0000000088a00000| Complete 
| 125|0x0000000088b00000, 0x0000000088c00000, 0x0000000088c00000|100%| E|  |TAMS 0x0000000088b00000, 0x0000000088b00000| Complete 
| 126|0x0000000088c00000, 0x0000000088d00000, 0x0000000088d00000|100%| E|CS|TAMS 0x0000000088c00000, 0x0000000088c00000| Complete 
| 127|0x0000000088d00000, 0x0000000088e00000, 0x0000000088e00000|100%| E|CS|TAMS 0x0000000088d00000, 0x0000000088d00000| Complete 

Card table byte_map: [0x000001b23ec50000,0x000001b23f050000] _byte_map_base: 0x000001b23e849000

Marking Bits (Prev, Next): (CMBitMap*) 0x000001b22c1ff5e0, (CMBitMap*) 0x000001b22c1ff620
 Prev Bits: [0x000001b23f450000, 0x000001b241418000)
 Next Bits: [0x000001b241420000, 0x000001b2433e8000)

Polling page: 0x000001b22a070000

Metaspace:

Usage:
  Non-class:      6.50 MB used.
      Class:    619.72 KB used.
       Both:      7.11 MB used.

Virtual space:
  Non-class space:       64.00 MB reserved,       6.56 MB ( 10%) committed,  1 nodes.
      Class space:        1.00 GB reserved,     704.00 KB ( <1%) committed,  1 nodes.
             Both:        1.06 GB reserved,       7.25 MB ( <1%) committed. 

Chunk freelists:
   Non-Class:  8.91 MB
       Class:  15.23 MB
        Both:  24.14 MB

MaxMetaspaceSize: unlimited
CompressedClassSpaceSize: 1.00 GB
Initial GC threshold: 21.00 MB
Current GC threshold: 21.00 MB
CDS: off
MetaspaceReclaimPolicy: balanced
 - commit_granule_bytes: 65536.
 - commit_granule_words: 8192.
 - virtual_space_node_default_size: 8388608.
 - enlarge_chunks_in_place: 1.
 - new_chunks_are_fully_committed: 0.
 - uncommit_free_chunks: 1.
 - use_allocation_guard: 0.
 - handle_deallocations: 1.


Internal statistics:

num_allocs_failed_limit: 0.
num_arena_births: 12.
num_arena_deaths: 0.
num_vsnodes_births: 2.
num_vsnodes_deaths: 0.
num_space_committed: 117.
num_space_uncommitted: 0.
num_chunks_returned_to_freelist: 0.
num_chunks_taken_from_freelist: 49.
num_chunk_merges: 0.
num_chunk_splits: 23.
num_chunks_enlarged: 10.
num_inconsistent_stats: 0.

CodeHeap 'non-profiled nmethods': size=120000Kb used=175Kb max_used=175Kb free=119824Kb
 bounds [0x000001b237320000, 0x000001b237590000, 0x000001b23e850000]
CodeHeap 'profiled nmethods': size=120000Kb used=827Kb max_used=827Kb free=119172Kb
 bounds [0x000001b22f850000, 0x000001b22fac0000, 0x000001b236d80000]
CodeHeap 'non-nmethods': size=5760Kb used=1101Kb max_used=1129Kb free=4658Kb
 bounds [0x000001b236d80000, 0x000001b236ff0000, 0x000001b237320000]
 total_blobs=886 nmethods=511 adapters=288
 compilation: enabled
              stopped_count=0, restarted_count=0
 full_count=0

Compilation events (20 events):
Event: 0.589 Thread 0x000001b245964740 nmethod 474 0x000001b22f90e290 code [0x000001b22f90e440, 0x000001b22f90e878]
Event: 0.589 Thread 0x000001b245964740  475       3       com.beust.jcommander.StringKey::hashCode (31 bytes)
Event: 0.589 Thread 0x000001b245964740 nmethod 475 0x000001b22f90ea10 code [0x000001b22f90ebc0, 0x000001b22f90ed68]
Event: 0.589 Thread 0x000001b245964740  476       3       java.util.HashMap::entrySet (27 bytes)
Event: 0.590 Thread 0x000001b245964740 nmethod 476 0x000001b22f90ee90 code [0x000001b22f90f060, 0x000001b22f90f478]
Event: 0.590 Thread 0x000001b245964740  477       3       java.util.HashMap$EntrySet::iterator (12 bytes)
Event: 0.590 Thread 0x000001b245964740 nmethod 477 0x000001b22f90f610 code [0x000001b22f90f7c0, 0x000001b22f90fa28]
Event: 0.590 Thread 0x000001b245964740  478       3       com.beust.jcommander.JCommander::getSeparatorFor (40 bytes)
Event: 0.590 Thread 0x000001b245964740 nmethod 478 0x000001b22f90fb10 code [0x000001b22f90fd40, 0x000001b22f910458]
Event: 0.590 Thread 0x000001b245964740  479       3       com.beust.jcommander.JCommander::getDescriptionFor (6 bytes)
Event: 0.591 Thread 0x000001b245964740 nmethod 479 0x000001b22f910710 code [0x000001b22f9108a0, 0x000001b22f9109e8]
Event: 0.591 Thread 0x000001b245964740  480       3       java.lang.StringConcatHelper::mix (27 bytes)
Event: 0.591 Thread 0x000001b245964740 nmethod 480 0x000001b22f910a90 code [0x000001b22f910c60, 0x000001b22f911068]
Event: 0.591 Thread 0x000001b245964740  481       3       java.lang.StringConcatHelper::checkOverflow (17 bytes)
Event: 0.591 Thread 0x000001b245964740 nmethod 481 0x000001b22f911210 code [0x000001b22f9113c0, 0x000001b22f9115a8]
Event: 0.592 Thread 0x000001b245962e70 nmethod 468 0x000001b237347810 code [0x000001b2373479a0, 0x000001b237347bf8]
Event: 0.592 Thread 0x000001b245962e70  471       4       java.util.HashMap$HashIterator::nextNode (100 bytes)
Event: 0.595 Thread 0x000001b245964740  482   !   2       java.util.zip.ZipFile$Source::getEntryPos (173 bytes)
Event: 0.596 Thread 0x000001b245964740 nmethod 482 0x000001b22f911690 code [0x000001b22f9118c0, 0x000001b22f911f68]
Event: 0.596 Thread 0x000001b245964740  483   !   2       java.util.zip.ZipFile::getEntry (59 bytes)

GC Heap History (0 events):
No events

Dll operation events (4 events):
Event: 0.017 Loaded shared library D:\Softwares\sts-4.20.0.RELEASE\plugins\org.eclipse.justj.openjdk.hotspot.jre.full.win32.x86_64_17.0.8.v20230831-1047\jre\bin\java.dll
Event: 0.286 Loaded shared library D:\Softwares\sts-4.20.0.RELEASE\plugins\org.eclipse.justj.openjdk.hotspot.jre.full.win32.x86_64_17.0.8.v20230831-1047\jre\bin\net.dll
Event: 0.289 Loaded shared library D:\Softwares\sts-4.20.0.RELEASE\plugins\org.eclipse.justj.openjdk.hotspot.jre.full.win32.x86_64_17.0.8.v20230831-1047\jre\bin\nio.dll
Event: 0.301 Loaded shared library D:\Softwares\sts-4.20.0.RELEASE\plugins\org.eclipse.justj.openjdk.hotspot.jre.full.win32.x86_64_17.0.8.v20230831-1047\jre\bin\zip.dll

Deoptimization events (20 events):
Event: 0.318 Thread 0x000001b22a1ae7a0 DEOPT PACKING pc=0x000001b22f87af8c sp=0x00000053b11fa620
Event: 0.318 Thread 0x000001b22a1ae7a0 DEOPT UNPACKING pc=0x000001b236dd7143 sp=0x00000053b11f9ab0 mode 0
Event: 0.318 Thread 0x000001b22a1ae7a0 DEOPT PACKING pc=0x000001b22f87af8c sp=0x00000053b11fa620
Event: 0.318 Thread 0x000001b22a1ae7a0 DEOPT UNPACKING pc=0x000001b236dd7143 sp=0x00000053b11f9ab0 mode 0
Event: 0.318 Thread 0x000001b22a1ae7a0 DEOPT PACKING pc=0x000001b22f87af8c sp=0x00000053b11fa620
Event: 0.318 Thread 0x000001b22a1ae7a0 DEOPT UNPACKING pc=0x000001b236dd7143 sp=0x00000053b11f9ab0 mode 0
Event: 0.319 Thread 0x000001b22a1ae7a0 DEOPT PACKING pc=0x000001b22f87af8c sp=0x00000053b11fa620
Event: 0.319 Thread 0x000001b22a1ae7a0 DEOPT UNPACKING pc=0x000001b236dd7143 sp=0x00000053b11f9ab0 mode 0
Event: 0.320 Thread 0x000001b22a1ae7a0 DEOPT PACKING pc=0x000001b22f87af8c sp=0x00000053b11fa620
Event: 0.320 Thread 0x000001b22a1ae7a0 DEOPT UNPACKING pc=0x000001b236dd7143 sp=0x00000053b11f9ab0 mode 0
Event: 0.321 Thread 0x000001b22a1ae7a0 DEOPT PACKING pc=0x000001b22f859c67 sp=0x00000053b11fa4d0
Event: 0.321 Thread 0x000001b22a1ae7a0 DEOPT UNPACKING pc=0x000001b236dd7143 sp=0x00000053b11f98f0 mode 0
Event: 0.333 Thread 0x000001b22a1ae7a0 DEOPT PACKING pc=0x000001b22f8579d1 sp=0x00000053b11fa490
Event: 0.333 Thread 0x000001b22a1ae7a0 DEOPT UNPACKING pc=0x000001b236dd7143 sp=0x00000053b11f9908 mode 0
Event: 0.341 Thread 0x000001b22a1ae7a0 DEOPT PACKING pc=0x000001b22f8579d1 sp=0x00000053b11fa490
Event: 0.341 Thread 0x000001b22a1ae7a0 DEOPT UNPACKING pc=0x000001b236dd7143 sp=0x00000053b11f9908 mode 0
Event: 0.434 Thread 0x000001b22a1ae7a0 DEOPT PACKING pc=0x000001b22f89fefc sp=0x00000053b11fa6e0
Event: 0.434 Thread 0x000001b22a1ae7a0 DEOPT UNPACKING pc=0x000001b236dd7143 sp=0x00000053b11f9b90 mode 0
Event: 0.439 Thread 0x000001b22a1ae7a0 DEOPT PACKING pc=0x000001b22f89ac34 sp=0x00000053b11fa950
Event: 0.439 Thread 0x000001b22a1ae7a0 DEOPT UNPACKING pc=0x000001b236dd7143 sp=0x00000053b11f9dc0 mode 0

Classes unloaded (0 events):
No events

Classes redefined (0 events):
No events

Internal exceptions (0 events):
No events

VM Operations (6 events):
Event: 0.303 Executing VM operation: HandshakeAllThreads
Event: 0.303 Executing VM operation: HandshakeAllThreads done
Event: 0.468 Executing VM operation: HandshakeAllThreads
Event: 0.468 Executing VM operation: HandshakeAllThreads done
Event: 0.594 Executing VM operation: HandshakeAllThreads
Event: 0.594 Executing VM operation: HandshakeAllThreads done

Events (20 events):
Event: 0.569 loading class jdk/internal/reflect/ClassDefiner$1
Event: 0.569 loading class jdk/internal/reflect/ClassDefiner$1 done
Event: 0.569 loading class jdk/internal/reflect/BootstrapConstructorAccessorImpl
Event: 0.569 loading class jdk/internal/reflect/BootstrapConstructorAccessorImpl done
Event: 0.575 loading class java/lang/AssertionError
Event: 0.575 loading class java/lang/AssertionError done
Event: 0.576 loading class java/lang/Class$AnnotationData
Event: 0.576 loading class java/lang/Class$AnnotationData done
Event: 0.576 loading class java/util/Collections$EmptyIterator
Event: 0.576 loading class java/util/Collections$EmptyIterator done
Event: 0.577 loading class jdk/internal/reflect/UnsafeFieldAccessorFactory
Event: 0.577 loading class jdk/internal/reflect/UnsafeFieldAccessorFactory done
Event: 0.577 loading class jdk/internal/reflect/UnsafeObjectFieldAccessorImpl
Event: 0.578 loading class jdk/internal/reflect/UnsafeObjectFieldAccessorImpl done
Event: 0.580 loading class jdk/internal/reflect/UnsafeBooleanFieldAccessorImpl
Event: 0.580 loading class jdk/internal/reflect/UnsafeBooleanFieldAccessorImpl done
Event: 0.593 loading class java/util/concurrent/CopyOnWriteArrayList$COWIterator
Event: 0.593 loading class java/util/concurrent/CopyOnWriteArrayList$COWIterator done
Event: 0.594 loading class java/lang/NumberFormatException
Event: 0.594 loading class java/lang/NumberFormatException done


Dynamic libraries:
0x00007ff6ad970000 - 0x00007ff6ad97e000 	D:\Softwares\sts-4.20.0.RELEASE\plugins\org.eclipse.justj.openjdk.hotspot.jre.full.win32.x86_64_17.0.8.v20230831-1047\jre\bin\javaw.exe
0x00007ff94cb70000 - 0x00007ff94cd68000 	C:\Windows\SYSTEM32\ntdll.dll
0x00007ff94b960000 - 0x00007ff94ba21000 	C:\Windows\System32\KERNEL32.DLL
0x00007ff94a270000 - 0x00007ff94a566000 	C:\Windows\System32\KERNELBASE.dll
0x00007ff94a750000 - 0x00007ff94a850000 	C:\Windows\System32\ucrtbase.dll
0x00007ff947250000 - 0x00007ff947267000 	D:\Softwares\sts-4.20.0.RELEASE\plugins\org.eclipse.justj.openjdk.hotspot.jre.full.win32.x86_64_17.0.8.v20230831-1047\jre\bin\jli.dll
0x00007ff94b110000 - 0x00007ff94b2af000 	C:\Windows\System32\USER32.dll
0x00007ff94a8f0000 - 0x00007ff94a912000 	C:\Windows\System32\win32u.dll
0x00007ff94ac70000 - 0x00007ff94ac9b000 	C:\Windows\System32\GDI32.dll
0x00007ff94a5a0000 - 0x00007ff94a6b7000 	C:\Windows\System32\gdi32full.dll
0x00007ff94a850000 - 0x00007ff94a8ed000 	C:\Windows\System32\msvcp_win.dll
0x00007ff946940000 - 0x00007ff946959000 	D:\Softwares\sts-4.20.0.RELEASE\plugins\org.eclipse.justj.openjdk.hotspot.jre.full.win32.x86_64_17.0.8.v20230831-1047\jre\bin\VCRUNTIME140.dll
0x00007ff938c40000 - 0x00007ff938eda000 	C:\Windows\WinSxS\amd64_microsoft.windows.common-controls_6595b64144ccf1df_6.0.19041.4355_none_60b8b9eb71f62e16\COMCTL32.dll
0x00007ff94bbb0000 - 0x00007ff94bc4e000 	C:\Windows\System32\msvcrt.dll
0x00007ff94b5c0000 - 0x00007ff94b5ef000 	C:\Windows\System32\IMM32.DLL
0x00007ff946dc0000 - 0x00007ff946dcc000 	D:\Softwares\sts-4.20.0.RELEASE\plugins\org.eclipse.justj.openjdk.hotspot.jre.full.win32.x86_64_17.0.8.v20230831-1047\jre\bin\vcruntime140_1.dll
0x00007ff9449d0000 - 0x00007ff944a61000 	D:\Softwares\sts-4.20.0.RELEASE\plugins\org.eclipse.justj.openjdk.hotspot.jre.full.win32.x86_64_17.0.8.v20230831-1047\jre\bin\msvcp140.dll
0x00007ff915190000 - 0x00007ff915ddc000 	D:\Softwares\sts-4.20.0.RELEASE\plugins\org.eclipse.justj.openjdk.hotspot.jre.full.win32.x86_64_17.0.8.v20230831-1047\jre\bin\server\jvm.dll
0x00007ff94bb00000 - 0x00007ff94bbb0000 	C:\Windows\System32\ADVAPI32.dll
0x00007ff94b520000 - 0x00007ff94b5c0000 	C:\Windows\System32\sechost.dll
0x00007ff94c080000 - 0x00007ff94c1a3000 	C:\Windows\System32\RPCRT4.dll
0x00007ff94a570000 - 0x00007ff94a597000 	C:\Windows\System32\bcrypt.dll
0x00007ff94a070000 - 0x00007ff94a0bb000 	C:\Windows\SYSTEM32\POWRPROF.dll
0x00007ff946410000 - 0x00007ff946419000 	C:\Windows\SYSTEM32\WSOCK32.dll
0x00007ff941110000 - 0x00007ff941137000 	C:\Windows\SYSTEM32\WINMM.dll
0x00007ff94ba90000 - 0x00007ff94bafb000 	C:\Windows\System32\WS2_32.dll
0x00007ff9430c0000 - 0x00007ff9430ca000 	C:\Windows\SYSTEM32\VERSION.dll
0x00007ff94a050000 - 0x00007ff94a062000 	C:\Windows\SYSTEM32\UMPDC.dll
0x00007ff948060000 - 0x00007ff948072000 	C:\Windows\SYSTEM32\kernel.appcore.dll
0x00007ff945fd0000 - 0x00007ff945fda000 	D:\Softwares\sts-4.20.0.RELEASE\plugins\org.eclipse.justj.openjdk.hotspot.jre.full.win32.x86_64_17.0.8.v20230831-1047\jre\bin\jimage.dll
0x00007ff92eaa0000 - 0x00007ff92ec84000 	C:\Windows\SYSTEM32\DBGHELP.DLL
0x00007ff92e580000 - 0x00007ff92e5b4000 	C:\Windows\SYSTEM32\dbgcore.DLL
0x00007ff94a6c0000 - 0x00007ff94a742000 	C:\Windows\System32\bcryptPrimitives.dll
0x00007ff92cd90000 - 0x00007ff92cdb5000 	D:\Softwares\sts-4.20.0.RELEASE\plugins\org.eclipse.justj.openjdk.hotspot.jre.full.win32.x86_64_17.0.8.v20230831-1047\jre\bin\java.dll
0x00007ff944370000 - 0x00007ff944388000 	D:\Softwares\sts-4.20.0.RELEASE\plugins\org.eclipse.justj.openjdk.hotspot.jre.full.win32.x86_64_17.0.8.v20230831-1047\jre\bin\zip.dll
0x00007ff94c3c0000 - 0x00007ff94cb2c000 	C:\Windows\System32\SHELL32.dll
0x00007ff948260000 - 0x00007ff9489fe000 	C:\Windows\SYSTEM32\windows.storage.dll
0x00007ff94b600000 - 0x00007ff94b953000 	C:\Windows\System32\combase.dll
0x00007ff949b70000 - 0x00007ff949b9e000 	C:\Windows\SYSTEM32\Wldp.dll
0x00007ff94aba0000 - 0x00007ff94ac6d000 	C:\Windows\System32\OLEAUT32.dll
0x00007ff94be20000 - 0x00007ff94becd000 	C:\Windows\System32\SHCORE.dll
0x00007ff94bf50000 - 0x00007ff94bfa5000 	C:\Windows\System32\shlwapi.dll
0x00007ff94a150000 - 0x00007ff94a174000 	C:\Windows\SYSTEM32\profapi.dll
0x00007ff935fe0000 - 0x00007ff935ff9000 	D:\Softwares\sts-4.20.0.RELEASE\plugins\org.eclipse.justj.openjdk.hotspot.jre.full.win32.x86_64_17.0.8.v20230831-1047\jre\bin\net.dll
0x00007ff940b30000 - 0x00007ff940c3a000 	C:\Windows\SYSTEM32\WINHTTP.dll
0x00007ff9498d0000 - 0x00007ff94993a000 	C:\Windows\system32\mswsock.dll
0x00007ff931f70000 - 0x00007ff931f85000 	D:\Softwares\sts-4.20.0.RELEASE\plugins\org.eclipse.justj.openjdk.hotspot.jre.full.win32.x86_64_17.0.8.v20230831-1047\jre\bin\nio.dll

dbghelp: loaded successfully - version: 4.0.5 - missing functions: none
symbol engine: initialized successfully - sym options: 0x614 - pdb path: .;D:\Softwares\sts-4.20.0.RELEASE\plugins\org.eclipse.justj.openjdk.hotspot.jre.full.win32.x86_64_17.0.8.v20230831-1047\jre\bin;C:\Windows\SYSTEM32;C:\Windows\WinSxS\amd64_microsoft.windows.common-controls_6595b64144ccf1df_6.0.19041.4355_none_60b8b9eb71f62e16;D:\Softwares\sts-4.20.0.RELEASE\plugins\org.eclipse.justj.openjdk.hotspot.jre.full.win32.x86_64_17.0.8.v20230831-1047\jre\bin\server

VM Arguments:
jvm_args: -ea -Dfile.encoding=UTF-8 -Dstdout.encoding=UTF-8 -Dstderr.encoding=UTF-8 -XX:+ShowCodeDetailsInExceptionMessages 
java_command: org.testng.remote.RemoteTestNG -serport 55406 -protocol json -d D:\Source code\vision\test-output D:\Source code\vision\test-output\Testng-RA\testngRA_VAT_FULL.xml
java_class_path (initial): D:\Softwares\sts-4.20.0.RELEASE\configuration\org.eclipse.osgi\580\0\.cp\lib\testng-remote.jar;D:\Source code\vision\target\test-classes;D:\Source code\vision\target\classes;C:\Users\Welcome\.m2\repository\org\springframework\boot\spring-boot-starter\3.2.0\spring-boot-starter-3.2.0.jar;C:\Users\Welcome\.m2\repository\org\springframework\boot\spring-boot\3.2.0\spring-boot-3.2.0.jar;C:\Users\Welcome\.m2\repository\org\springframework\spring-context\6.1.1\spring-context-6.1.1.jar;C:\Users\Welcome\.m2\repository\org\springframework\spring-aop\6.1.1\spring-aop-6.1.1.jar;C:\Users\Welcome\.m2\repository\org\springframework\spring-beans\6.1.1\spring-beans-6.1.1.jar;C:\Users\Welcome\.m2\repository\org\springframework\spring-expression\6.1.1\spring-expression-6.1.1.jar;C:\Users\Welcome\.m2\repository\io\micrometer\micrometer-observation\1.12.0\micrometer-observation-1.12.0.jar;C:\Users\Welcome\.m2\repository\io\micrometer\micrometer-commons\1.12.0\micrometer-commons-1.12.0.jar;C:\Users\Welcome\.m2\repository\org\springframework\boot\spring-boot-autoconfigure\3.2.0\spring-boot-autoconfigure-3.2.0.jar;C:\Users\Welcome\.m2\repository\org\springframework\boot\spring-boot-starter-logging\3.2.0\spring-boot-starter-logging-3.2.0.jar;C:\Users\Welcome\.m2\repository\ch\qos\logback\logback-classic\1.4.11\logback-classic-1.4.11.jar;C:\Users\Welcome\.m2\repository\ch\qos\logback\logback-core\1.4.11\logback-core-1.4.11.jar;C:\Users\Welcome\.m2\repository\org\apache\logging\log4j\log4j-to-slf4j\2.21.1\log4j-to-slf4j-2.21.1.jar;C:\Users\Welcome\.m2\repository\org\slf4j\jul-to-slf4j\2.0.9\jul-to-slf4j-2.0.9.jar;C:\Users\Welcome\.m2\repository\jakarta\annotation\jakarta.annotation-api\2.1.1\jakarta.annotation-api-2.1.1.jar;C:\Users\Welcome\.m2\repository\org\springframework\spring-core\6.1.1\spring-core-6.1.1.jar;C:\Users\Welcome\.m2\repository\org\springframework\spring-jcl\6.1.1\spring-jcl-6.1.1.jar;C:\Users\Welcome\.m2\repository\org\yaml\snakeyaml\2.2\snakeyam
Launcher Type: SUN_STANDARD

[Global flags]
     intx CICompilerCount                          = 3                                         {product} {ergonomic}
     uint ConcGCThreads                            = 1                                         {product} {ergonomic}
     uint G1ConcRefinementThreads                  = 4                                         {product} {ergonomic}
   size_t G1HeapRegionSize                         = 1048576                                   {product} {ergonomic}
    uintx GCDrainStackTargetSize                   = 64                                        {product} {ergonomic}
   size_t InitialHeapSize                          = 134217728                                 {product} {ergonomic}
   size_t MarkStackSize                            = 4194304                                   {product} {ergonomic}
   size_t MaxHeapSize                              = 2132803584                                {product} {ergonomic}
   size_t MaxNewSize                               = 1279262720                                {product} {ergonomic}
   size_t MinHeapDeltaBytes                        = 1048576                                   {product} {ergonomic}
   size_t MinHeapSize                              = 8388608                                   {product} {ergonomic}
    uintx NonNMethodCodeHeapSize                   = 5832780                                {pd product} {ergonomic}
    uintx NonProfiledCodeHeapSize                  = 122912730                              {pd product} {ergonomic}
    uintx ProfiledCodeHeapSize                     = 122912730                              {pd product} {ergonomic}
    uintx ReservedCodeCacheSize                    = 251658240                              {pd product} {ergonomic}
     bool SegmentedCodeCache                       = true                                      {product} {ergonomic}
     bool ShowCodeDetailsInExceptionMessages       = true                                   {manageable} {command line}
   size_t SoftMaxHeapSize                          = 2132803584                             {manageable} {ergonomic}
     bool UseCompressedClassPointers               = true                           {product lp64_product} {ergonomic}
     bool UseCompressedOops                        = true                           {product lp64_product} {ergonomic}
     bool UseG1GC                                  = true                                      {product} {ergonomic}
     bool UseLargePagesIndividualAllocation        = false                                  {pd product} {ergonomic}

Logging:
Log output configuration:
 #0: stdout all=warning uptime,level,tags
 #1: stderr all=off uptime,level,tags

Environment Variables:
PATH=D:/Softwares/sts-4.20.0.RELEASE//plugins/org.eclipse.justj.openjdk.hotspot.jre.full.win32.x86_64_17.0.8.v20230831-1047/jre/bin/server;D:/Softwares/sts-4.20.0.RELEASE//plugins/org.eclipse.justj.openjdk.hotspot.jre.full.win32.x86_64_17.0.8.v20230831-1047/jre/bin;C:\Program Files\Common Files\Oracle\Java\javapath;C:\Program Files (x86)\Common Files\Oracle\Java\javapath;C:\Windows\system32;C:\Windows;C:\Windows\System32\Wbem;C:\Windows\System32\WindowsPowerShell\v1.0\;C:\Windows\System32\OpenSSH\;C:\Program Files\Git\cmd;C:\Program Files (x86)\Microsoft SQL Server\160\DTS\Binn\;C:\Program Files\PuTTY\;C:\Users\Welcome\AppData\Local\Microsoft\WindowsApps;;D:\Softwares\sts-4.20.0.RELEASE;
USERNAME=Welcome
OS=Windows_NT
PROCESSOR_IDENTIFIER=Intel64 Family 6 Model 61 Stepping 4, GenuineIntel
TMP=C:\Users\Welcome\AppData\Local\Temp
TEMP=C:\Users\Welcome\AppData\Local\Temp



---------------  S Y S T E M  ---------------

OS:
 Windows 10 , 64 bit Build 19041 (10.0.19041.4597)
OS uptime: 19 days 16:55 hours

CPU: total 4 (initial active 4) (2 cores per cpu, 2 threads per core) family 6 model 61 stepping 4 microcode 0x2d, cx8, cmov, fxsr, ht, mmx, 3dnowpref, sse, sse2, sse3, ssse3, sse4.1, sse4.2, popcnt, lzcnt, tsc, tscinvbit, avx, avx2, aes, erms, clmul, bmi1, bmi2, adx, fma, vzeroupper, clflush
Processor Information for all 4 processors :
  Max Mhz: 2401, Current Mhz: 2401, Mhz Limit: 2401

Memory: 4k page, system-wide physical 8130M (481M free)
TotalPageFile size 32706M (AvailPageFile size 0M)
current process WorkingSet (physical memory assigned to process): 53M, peak: 53M
current process commit charge ("private bytes"): 207M, peak: 207M

vm_info: OpenJDK 64-Bit Server VM (17.0.8.1+1) for windows-amd64 JRE (17.0.8.1+1), built on Aug 23 2023 15:29:17 by "admin" with MS VC++ 16.7 (VS2019)

END.
