#
# There is insufficient memory for the Java Runtime Environment to continue.
# Native memory allocation (malloc) failed to allocate 80096 bytes for Chunk::new
# Possible reasons:
#   The system is out of physical RAM or swap space
#   The process is running with CompressedOops enabled, and the Java Heap may be blocking the growth of the native heap
# Possible solutions:
#   Reduce memory load on the system
#   Increase physical memory or swap space
#   Check if swap backing store is full
#   Decrease Java heap size (-Xmx/-Xms)
#   Decrease number of Java threads
#   Decrease Java thread stack sizes (-Xss)
#   Set larger code cache with -XX:ReservedCodeCacheSize=
#   JVM is running with Unscaled Compressed Oops mode in which the Java heap is
#     placed in the first 4GB address space. The Java Heap base address is the
#     maximum limit for the native heap growth. Please use -XX:HeapBaseMinAddress
#     to set the Java Heap base and to place the Java Heap above 4GB virtual address.
# This output file may be truncated or incomplete.
#
#  Out of Memory Error (arena.cpp:189), pid=33156, tid=55692
#
# JRE version: OpenJDK Runtime Environment Temurin-17.0.8.1+1 (17.0.8.1+1) (build 17.0.8.1+1)
# Java VM: OpenJDK 64-Bit Server VM Temurin-17.0.8.1+1 (17.0.8.1+1, mixed mode, tiered, compressed oops, compressed class ptrs, g1 gc, windows-amd64)
# No core dump will be written. Minidumps are not enabled by default on client versions of Windows
#

---------------  S U M M A R Y ------------

Command Line: -ea -Dfile.encoding=UTF-8 -Dstdout.encoding=UTF-8 -Dstderr.encoding=UTF-8 -XX:+ShowCodeDetailsInExceptionMessages org.testng.remote.RemoteTestNG -serport 55399 -protocol json -d D:\Source code\vision\test-output D:\Source code\vision\test-output\Testng-RA\testngRA_VAT_FULL.xml

Host: Intel(R) Core(TM) i7-5500U CPU @ 2.40GHz, 4 cores, 7G,  Windows 10 , 64 bit Build 19041 (10.0.19041.4597)
Time: Mon Aug  5 12:55:05 2024 India Standard Time elapsed time: 0.565284 seconds (0d 0h 0m 0s)

---------------  T H R E A D  ---------------

Current thread (0x000001a77abe6bf0):  JavaThread "C2 CompilerThread1" daemon [_thread_in_native, id=55692, stack(0x00000032e9800000,0x00000032e9900000)]


Current CompileTask:
C2:    565  350       4       java.lang.AbstractStringBuilder::append (45 bytes)

Stack: [0x00000032e9800000,0x00000032e9900000]
Native frames: (J=compiled Java code, j=interpreted, Vv=VM code, C=native code)
V  [jvm.dll+0x678b0a]
V  [jvm.dll+0x835e84]
V  [jvm.dll+0x83762e]
V  [jvm.dll+0x837c93]
V  [jvm.dll+0x24746f]
V  [jvm.dll+0xac20c]
V  [jvm.dll+0xac7dc]
V  [jvm.dll+0x2ae7af]
V  [jvm.dll+0x581427]
V  [jvm.dll+0x222602]
V  [jvm.dll+0x2229df]
V  [jvm.dll+0x21ba55]
V  [jvm.dll+0x218f0b]
V  [jvm.dll+0x1a534d]
V  [jvm.dll+0x228d8a]
V  [jvm.dll+0x226dcc]
V  [jvm.dll+0x7ec09b]
V  [jvm.dll+0x7e64ca]
V  [jvm.dll+0x677955]
C  [ucrtbase.dll+0x21bb2]
C  [KERNEL32.DLL+0x17374]
C  [ntdll.dll+0x4cc91]


---------------  P R O C E S S  ---------------

Threads class SMR info:
_java_thread_list=0x000001a7191dbd80, length=13, elements={
0x000001a77abe5f80, 0x000001a77f3bd3e0, 0x000001a77f3be670, 0x000001a77f3a5a10,
0x000001a77f3a9300, 0x000001a77f3a9bd0, 0x000001a77f3aa4a0, 0x000001a719042840,
0x000001a7190439e0, 0x000001a7190a4a60, 0x000001a7191bc270, 0x000001a7191bb8b0,
0x000001a77abe6bf0
}

Java Threads: ( => current thread )
  0x000001a77abe5f80 JavaThread "main" [_thread_in_vm, id=53660, stack(0x00000032e8500000,0x00000032e8600000)]
  0x000001a77f3bd3e0 JavaThread "Reference Handler" daemon [_thread_blocked, id=52984, stack(0x00000032e8c00000,0x00000032e8d00000)]
  0x000001a77f3be670 JavaThread "Finalizer" daemon [_thread_blocked, id=56800, stack(0x00000032e8d00000,0x00000032e8e00000)]
  0x000001a77f3a5a10 JavaThread "Signal Dispatcher" daemon [_thread_blocked, id=41676, stack(0x00000032e8e00000,0x00000032e8f00000)]
  0x000001a77f3a9300 JavaThread "Attach Listener" daemon [_thread_blocked, id=12716, stack(0x00000032e8f00000,0x00000032e9000000)]
  0x000001a77f3a9bd0 JavaThread "Service Thread" daemon [_thread_blocked, id=22400, stack(0x00000032e9000000,0x00000032e9100000)]
  0x000001a77f3aa4a0 JavaThread "Monitor Deflation Thread" daemon [_thread_blocked, id=49120, stack(0x00000032e9100000,0x00000032e9200000)]
  0x000001a719042840 JavaThread "C2 CompilerThread0" daemon [_thread_in_native, id=49708, stack(0x00000032e9200000,0x00000032e9300000)]
  0x000001a7190439e0 JavaThread "C1 CompilerThread0" daemon [_thread_blocked, id=49464, stack(0x00000032e9300000,0x00000032e9400000)]
  0x000001a7190a4a60 JavaThread "Sweeper thread" daemon [_thread_blocked, id=56204, stack(0x00000032e9400000,0x00000032e9500000)]
  0x000001a7191bc270 JavaThread "Notification Thread" daemon [_thread_blocked, id=56728, stack(0x00000032e9500000,0x00000032e9600000)]
  0x000001a7191bb8b0 JavaThread "Common-Cleaner" daemon [_thread_blocked, id=38276, stack(0x00000032e9700000,0x00000032e9800000)]
=>0x000001a77abe6bf0 JavaThread "C2 CompilerThread1" daemon [_thread_in_native, id=55692, stack(0x00000032e9800000,0x00000032e9900000)]

Other Threads:
  0x000001a7190135b0 VMThread "VM Thread" [stack: 0x00000032e8b00000,0x00000032e8c00000] [id=42884]
  0x000001a77ac62c00 WatcherThread [stack: 0x00000032e9600000,0x00000032e9700000] [id=42268]
  0x000001a77ac3fbc0 GCTaskThread "GC Thread#0" [stack: 0x00000032e8600000,0x00000032e8700000] [id=57172]
  0x000001a77ac51000 ConcurrentGCThread "G1 Main Marker" [stack: 0x00000032e8700000,0x00000032e8800000] [id=41624]
  0x000001a77ac51920 ConcurrentGCThread "G1 Conc#0" [stack: 0x00000032e8800000,0x00000032e8900000] [id=53196]
  0x000001a77f2024d0 ConcurrentGCThread "G1 Refine#0" [stack: 0x00000032e8900000,0x00000032e8a00000] [id=39616]
  0x000001a77ac8aad0 ConcurrentGCThread "G1 Service" [stack: 0x00000032e8a00000,0x00000032e8b00000] [id=37788]

Threads with active compile tasks:
C2 CompilerThread0      602  355       4       java.lang.StringBuilder::append (8 bytes)
C2 CompilerThread1      602  350       4       java.lang.AbstractStringBuilder::append (45 bytes)

VM state: not at safepoint (normal execution)

VM Mutex/Monitor currently owned by a thread: None

Heap address: 0x0000000080e00000, size: 2034 MB, Compressed Oops mode: 32-bit

CDS archive(s) not mapped
Compressed class space mapped at: 0x0000000100000000-0x0000000140000000, reserved size: 1073741824
Narrow klass base: 0x0000000000000000, Narrow klass shift: 3, Narrow klass range: 0x140000000

GC Precious Log:
 CPUs: 4 total, 4 available
 Memory: 8130M
 Large Page Support: Disabled
 NUMA Support: Disabled
 Compressed Oops: Enabled (32-bit)
 Heap Region Size: 1M
 Heap Min Capacity: 8M
 Heap Initial Capacity: 128M
 Heap Max Capacity: 2034M
 Pre-touch: Disabled
 Parallel Workers: 4
 Concurrent Workers: 1
 Concurrent Refinement Workers: 4
 Periodic GC: Disabled

Heap:
 garbage-first heap   total 131072K, used 10240K [0x0000000080e00000, 0x0000000100000000)
  region size 1024K, 10 young (10240K), 0 survivors (0K)
 Metaspace       used 5660K, committed 5760K, reserved 1114112K
  class space    used 466K, committed 512K, reserved 1048576K

Heap Regions: E=young(eden), S=young(survivor), O=old, HS=humongous(starts), HC=humongous(continues), CS=collection set, F=free, OA=open archive, CA=closed archive, TAMS=top-at-mark-start (previous, next)
|   0|0x0000000080e00000, 0x0000000080f00000, 0x0000000080f00000|100%|HS|  |TAMS 0x0000000080e00000, 0x0000000080e00000| Complete 
|   1|0x0000000080f00000, 0x0000000081000000, 0x0000000081000000|100%|HS|  |TAMS 0x0000000080f00000, 0x0000000080f00000| Complete 
|   2|0x0000000081000000, 0x0000000081000000, 0x0000000081100000|  0%| F|  |TAMS 0x0000000081000000, 0x0000000081000000| Untracked 
|   3|0x0000000081100000, 0x0000000081100000, 0x0000000081200000|  0%| F|  |TAMS 0x0000000081100000, 0x0000000081100000| Untracked 
|   4|0x0000000081200000, 0x0000000081200000, 0x0000000081300000|  0%| F|  |TAMS 0x0000000081200000, 0x0000000081200000| Untracked 
|   5|0x0000000081300000, 0x0000000081300000, 0x0000000081400000|  0%| F|  |TAMS 0x0000000081300000, 0x0000000081300000| Untracked 
|   6|0x0000000081400000, 0x0000000081400000, 0x0000000081500000|  0%| F|  |TAMS 0x0000000081400000, 0x0000000081400000| Untracked 
|   7|0x0000000081500000, 0x0000000081500000, 0x0000000081600000|  0%| F|  |TAMS 0x0000000081500000, 0x0000000081500000| Untracked 
|   8|0x0000000081600000, 0x0000000081600000, 0x0000000081700000|  0%| F|  |TAMS 0x0000000081600000, 0x0000000081600000| Untracked 
|   9|0x0000000081700000, 0x0000000081700000, 0x0000000081800000|  0%| F|  |TAMS 0x0000000081700000, 0x0000000081700000| Untracked 
|  10|0x0000000081800000, 0x0000000081800000, 0x0000000081900000|  0%| F|  |TAMS 0x0000000081800000, 0x0000000081800000| Untracked 
|  11|0x0000000081900000, 0x0000000081900000, 0x0000000081a00000|  0%| F|  |TAMS 0x0000000081900000, 0x0000000081900000| Untracked 
|  12|0x0000000081a00000, 0x0000000081a00000, 0x0000000081b00000|  0%| F|  |TAMS 0x0000000081a00000, 0x0000000081a00000| Untracked 
|  13|0x0000000081b00000, 0x0000000081b00000, 0x0000000081c00000|  0%| F|  |TAMS 0x0000000081b00000, 0x0000000081b00000| Untracked 
|  14|0x0000000081c00000, 0x0000000081c00000, 0x0000000081d00000|  0%| F|  |TAMS 0x0000000081c00000, 0x0000000081c00000| Untracked 
|  15|0x0000000081d00000, 0x0000000081d00000, 0x0000000081e00000|  0%| F|  |TAMS 0x0000000081d00000, 0x0000000081d00000| Untracked 
|  16|0x0000000081e00000, 0x0000000081e00000, 0x0000000081f00000|  0%| F|  |TAMS 0x0000000081e00000, 0x0000000081e00000| Untracked 
|  17|0x0000000081f00000, 0x0000000081f00000, 0x0000000082000000|  0%| F|  |TAMS 0x0000000081f00000, 0x0000000081f00000| Untracked 
|  18|0x0000000082000000, 0x0000000082000000, 0x0000000082100000|  0%| F|  |TAMS 0x0000000082000000, 0x0000000082000000| Untracked 
|  19|0x0000000082100000, 0x0000000082100000, 0x0000000082200000|  0%| F|  |TAMS 0x0000000082100000, 0x0000000082100000| Untracked 
|  20|0x0000000082200000, 0x0000000082200000, 0x0000000082300000|  0%| F|  |TAMS 0x0000000082200000, 0x0000000082200000| Untracked 
|  21|0x0000000082300000, 0x0000000082300000, 0x0000000082400000|  0%| F|  |TAMS 0x0000000082300000, 0x0000000082300000| Untracked 
|  22|0x0000000082400000, 0x0000000082400000, 0x0000000082500000|  0%| F|  |TAMS 0x0000000082400000, 0x0000000082400000| Untracked 
|  23|0x0000000082500000, 0x0000000082500000, 0x0000000082600000|  0%| F|  |TAMS 0x0000000082500000, 0x0000000082500000| Untracked 
|  24|0x0000000082600000, 0x0000000082600000, 0x0000000082700000|  0%| F|  |TAMS 0x0000000082600000, 0x0000000082600000| Untracked 
|  25|0x0000000082700000, 0x0000000082700000, 0x0000000082800000|  0%| F|  |TAMS 0x0000000082700000, 0x0000000082700000| Untracked 
|  26|0x0000000082800000, 0x0000000082800000, 0x0000000082900000|  0%| F|  |TAMS 0x0000000082800000, 0x0000000082800000| Untracked 
|  27|0x0000000082900000, 0x0000000082900000, 0x0000000082a00000|  0%| F|  |TAMS 0x0000000082900000, 0x0000000082900000| Untracked 
|  28|0x0000000082a00000, 0x0000000082a00000, 0x0000000082b00000|  0%| F|  |TAMS 0x0000000082a00000, 0x0000000082a00000| Untracked 
|  29|0x0000000082b00000, 0x0000000082b00000, 0x0000000082c00000|  0%| F|  |TAMS 0x0000000082b00000, 0x0000000082b00000| Untracked 
|  30|0x0000000082c00000, 0x0000000082c00000, 0x0000000082d00000|  0%| F|  |TAMS 0x0000000082c00000, 0x0000000082c00000| Untracked 
|  31|0x0000000082d00000, 0x0000000082d00000, 0x0000000082e00000|  0%| F|  |TAMS 0x0000000082d00000, 0x0000000082d00000| Untracked 
|  32|0x0000000082e00000, 0x0000000082e00000, 0x0000000082f00000|  0%| F|  |TAMS 0x0000000082e00000, 0x0000000082e00000| Untracked 
|  33|0x0000000082f00000, 0x0000000082f00000, 0x0000000083000000|  0%| F|  |TAMS 0x0000000082f00000, 0x0000000082f00000| Untracked 
|  34|0x0000000083000000, 0x0000000083000000, 0x0000000083100000|  0%| F|  |TAMS 0x0000000083000000, 0x0000000083000000| Untracked 
|  35|0x0000000083100000, 0x0000000083100000, 0x0000000083200000|  0%| F|  |TAMS 0x0000000083100000, 0x0000000083100000| Untracked 
|  36|0x0000000083200000, 0x0000000083200000, 0x0000000083300000|  0%| F|  |TAMS 0x0000000083200000, 0x0000000083200000| Untracked 
|  37|0x0000000083300000, 0x0000000083300000, 0x0000000083400000|  0%| F|  |TAMS 0x0000000083300000, 0x0000000083300000| Untracked 
|  38|0x0000000083400000, 0x0000000083400000, 0x0000000083500000|  0%| F|  |TAMS 0x0000000083400000, 0x0000000083400000| Untracked 
|  39|0x0000000083500000, 0x0000000083500000, 0x0000000083600000|  0%| F|  |TAMS 0x0000000083500000, 0x0000000083500000| Untracked 
|  40|0x0000000083600000, 0x0000000083600000, 0x0000000083700000|  0%| F|  |TAMS 0x0000000083600000, 0x0000000083600000| Untracked 
|  41|0x0000000083700000, 0x0000000083700000, 0x0000000083800000|  0%| F|  |TAMS 0x0000000083700000, 0x0000000083700000| Untracked 
|  42|0x0000000083800000, 0x0000000083800000, 0x0000000083900000|  0%| F|  |TAMS 0x0000000083800000, 0x0000000083800000| Untracked 
|  43|0x0000000083900000, 0x0000000083900000, 0x0000000083a00000|  0%| F|  |TAMS 0x0000000083900000, 0x0000000083900000| Untracked 
|  44|0x0000000083a00000, 0x0000000083a00000, 0x0000000083b00000|  0%| F|  |TAMS 0x0000000083a00000, 0x0000000083a00000| Untracked 
|  45|0x0000000083b00000, 0x0000000083b00000, 0x0000000083c00000|  0%| F|  |TAMS 0x0000000083b00000, 0x0000000083b00000| Untracked 
|  46|0x0000000083c00000, 0x0000000083c00000, 0x0000000083d00000|  0%| F|  |TAMS 0x0000000083c00000, 0x0000000083c00000| Untracked 
|  47|0x0000000083d00000, 0x0000000083d00000, 0x0000000083e00000|  0%| F|  |TAMS 0x0000000083d00000, 0x0000000083d00000| Untracked 
|  48|0x0000000083e00000, 0x0000000083e00000, 0x0000000083f00000|  0%| F|  |TAMS 0x0000000083e00000, 0x0000000083e00000| Untracked 
|  49|0x0000000083f00000, 0x0000000083f00000, 0x0000000084000000|  0%| F|  |TAMS 0x0000000083f00000, 0x0000000083f00000| Untracked 
|  50|0x0000000084000000, 0x0000000084000000, 0x0000000084100000|  0%| F|  |TAMS 0x0000000084000000, 0x0000000084000000| Untracked 
|  51|0x0000000084100000, 0x0000000084100000, 0x0000000084200000|  0%| F|  |TAMS 0x0000000084100000, 0x0000000084100000| Untracked 
|  52|0x0000000084200000, 0x0000000084200000, 0x0000000084300000|  0%| F|  |TAMS 0x0000000084200000, 0x0000000084200000| Untracked 
|  53|0x0000000084300000, 0x0000000084300000, 0x0000000084400000|  0%| F|  |TAMS 0x0000000084300000, 0x0000000084300000| Untracked 
|  54|0x0000000084400000, 0x0000000084400000, 0x0000000084500000|  0%| F|  |TAMS 0x0000000084400000, 0x0000000084400000| Untracked 
|  55|0x0000000084500000, 0x0000000084500000, 0x0000000084600000|  0%| F|  |TAMS 0x0000000084500000, 0x0000000084500000| Untracked 
|  56|0x0000000084600000, 0x0000000084600000, 0x0000000084700000|  0%| F|  |TAMS 0x0000000084600000, 0x0000000084600000| Untracked 
|  57|0x0000000084700000, 0x0000000084700000, 0x0000000084800000|  0%| F|  |TAMS 0x0000000084700000, 0x0000000084700000| Untracked 
|  58|0x0000000084800000, 0x0000000084800000, 0x0000000084900000|  0%| F|  |TAMS 0x0000000084800000, 0x0000000084800000| Untracked 
|  59|0x0000000084900000, 0x0000000084900000, 0x0000000084a00000|  0%| F|  |TAMS 0x0000000084900000, 0x0000000084900000| Untracked 
|  60|0x0000000084a00000, 0x0000000084a00000, 0x0000000084b00000|  0%| F|  |TAMS 0x0000000084a00000, 0x0000000084a00000| Untracked 
|  61|0x0000000084b00000, 0x0000000084b00000, 0x0000000084c00000|  0%| F|  |TAMS 0x0000000084b00000, 0x0000000084b00000| Untracked 
|  62|0x0000000084c00000, 0x0000000084c00000, 0x0000000084d00000|  0%| F|  |TAMS 0x0000000084c00000, 0x0000000084c00000| Untracked 
|  63|0x0000000084d00000, 0x0000000084d00000, 0x0000000084e00000|  0%| F|  |TAMS 0x0000000084d00000, 0x0000000084d00000| Untracked 
|  64|0x0000000084e00000, 0x0000000084e00000, 0x0000000084f00000|  0%| F|  |TAMS 0x0000000084e00000, 0x0000000084e00000| Untracked 
|  65|0x0000000084f00000, 0x0000000084f00000, 0x0000000085000000|  0%| F|  |TAMS 0x0000000084f00000, 0x0000000084f00000| Untracked 
|  66|0x0000000085000000, 0x0000000085000000, 0x0000000085100000|  0%| F|  |TAMS 0x0000000085000000, 0x0000000085000000| Untracked 
|  67|0x0000000085100000, 0x0000000085100000, 0x0000000085200000|  0%| F|  |TAMS 0x0000000085100000, 0x0000000085100000| Untracked 
|  68|0x0000000085200000, 0x0000000085200000, 0x0000000085300000|  0%| F|  |TAMS 0x0000000085200000, 0x0000000085200000| Untracked 
|  69|0x0000000085300000, 0x0000000085300000, 0x0000000085400000|  0%| F|  |TAMS 0x0000000085300000, 0x0000000085300000| Untracked 
|  70|0x0000000085400000, 0x0000000085400000, 0x0000000085500000|  0%| F|  |TAMS 0x0000000085400000, 0x0000000085400000| Untracked 
|  71|0x0000000085500000, 0x0000000085500000, 0x0000000085600000|  0%| F|  |TAMS 0x0000000085500000, 0x0000000085500000| Untracked 
|  72|0x0000000085600000, 0x0000000085600000, 0x0000000085700000|  0%| F|  |TAMS 0x0000000085600000, 0x0000000085600000| Untracked 
|  73|0x0000000085700000, 0x0000000085700000, 0x0000000085800000|  0%| F|  |TAMS 0x0000000085700000, 0x0000000085700000| Untracked 
|  74|0x0000000085800000, 0x0000000085800000, 0x0000000085900000|  0%| F|  |TAMS 0x0000000085800000, 0x0000000085800000| Untracked 
|  75|0x0000000085900000, 0x0000000085900000, 0x0000000085a00000|  0%| F|  |TAMS 0x0000000085900000, 0x0000000085900000| Untracked 
|  76|0x0000000085a00000, 0x0000000085a00000, 0x0000000085b00000|  0%| F|  |TAMS 0x0000000085a00000, 0x0000000085a00000| Untracked 
|  77|0x0000000085b00000, 0x0000000085b00000, 0x0000000085c00000|  0%| F|  |TAMS 0x0000000085b00000, 0x0000000085b00000| Untracked 
|  78|0x0000000085c00000, 0x0000000085c00000, 0x0000000085d00000|  0%| F|  |TAMS 0x0000000085c00000, 0x0000000085c00000| Untracked 
|  79|0x0000000085d00000, 0x0000000085d00000, 0x0000000085e00000|  0%| F|  |TAMS 0x0000000085d00000, 0x0000000085d00000| Untracked 
|  80|0x0000000085e00000, 0x0000000085e00000, 0x0000000085f00000|  0%| F|  |TAMS 0x0000000085e00000, 0x0000000085e00000| Untracked 
|  81|0x0000000085f00000, 0x0000000085f00000, 0x0000000086000000|  0%| F|  |TAMS 0x0000000085f00000, 0x0000000085f00000| Untracked 
|  82|0x0000000086000000, 0x0000000086000000, 0x0000000086100000|  0%| F|  |TAMS 0x0000000086000000, 0x0000000086000000| Untracked 
|  83|0x0000000086100000, 0x0000000086100000, 0x0000000086200000|  0%| F|  |TAMS 0x0000000086100000, 0x0000000086100000| Untracked 
|  84|0x0000000086200000, 0x0000000086200000, 0x0000000086300000|  0%| F|  |TAMS 0x0000000086200000, 0x0000000086200000| Untracked 
|  85|0x0000000086300000, 0x0000000086300000, 0x0000000086400000|  0%| F|  |TAMS 0x0000000086300000, 0x0000000086300000| Untracked 
|  86|0x0000000086400000, 0x0000000086400000, 0x0000000086500000|  0%| F|  |TAMS 0x0000000086400000, 0x0000000086400000| Untracked 
|  87|0x0000000086500000, 0x0000000086500000, 0x0000000086600000|  0%| F|  |TAMS 0x0000000086500000, 0x0000000086500000| Untracked 
|  88|0x0000000086600000, 0x0000000086600000, 0x0000000086700000|  0%| F|  |TAMS 0x0000000086600000, 0x0000000086600000| Untracked 
|  89|0x0000000086700000, 0x0000000086700000, 0x0000000086800000|  0%| F|  |TAMS 0x0000000086700000, 0x0000000086700000| Untracked 
|  90|0x0000000086800000, 0x0000000086800000, 0x0000000086900000|  0%| F|  |TAMS 0x0000000086800000, 0x0000000086800000| Untracked 
|  91|0x0000000086900000, 0x0000000086900000, 0x0000000086a00000|  0%| F|  |TAMS 0x0000000086900000, 0x0000000086900000| Untracked 
|  92|0x0000000086a00000, 0x0000000086a00000, 0x0000000086b00000|  0%| F|  |TAMS 0x0000000086a00000, 0x0000000086a00000| Untracked 
|  93|0x0000000086b00000, 0x0000000086b00000, 0x0000000086c00000|  0%| F|  |TAMS 0x0000000086b00000, 0x0000000086b00000| Untracked 
|  94|0x0000000086c00000, 0x0000000086c00000, 0x0000000086d00000|  0%| F|  |TAMS 0x0000000086c00000, 0x0000000086c00000| Untracked 
|  95|0x0000000086d00000, 0x0000000086d00000, 0x0000000086e00000|  0%| F|  |TAMS 0x0000000086d00000, 0x0000000086d00000| Untracked 
|  96|0x0000000086e00000, 0x0000000086e00000, 0x0000000086f00000|  0%| F|  |TAMS 0x0000000086e00000, 0x0000000086e00000| Untracked 
|  97|0x0000000086f00000, 0x0000000086f00000, 0x0000000087000000|  0%| F|  |TAMS 0x0000000086f00000, 0x0000000086f00000| Untracked 
|  98|0x0000000087000000, 0x0000000087000000, 0x0000000087100000|  0%| F|  |TAMS 0x0000000087000000, 0x0000000087000000| Untracked 
|  99|0x0000000087100000, 0x0000000087100000, 0x0000000087200000|  0%| F|  |TAMS 0x0000000087100000, 0x0000000087100000| Untracked 
| 100|0x0000000087200000, 0x0000000087200000, 0x0000000087300000|  0%| F|  |TAMS 0x0000000087200000, 0x0000000087200000| Untracked 
| 101|0x0000000087300000, 0x0000000087300000, 0x0000000087400000|  0%| F|  |TAMS 0x0000000087300000, 0x0000000087300000| Untracked 
| 102|0x0000000087400000, 0x0000000087400000, 0x0000000087500000|  0%| F|  |TAMS 0x0000000087400000, 0x0000000087400000| Untracked 
| 103|0x0000000087500000, 0x0000000087500000, 0x0000000087600000|  0%| F|  |TAMS 0x0000000087500000, 0x0000000087500000| Untracked 
| 104|0x0000000087600000, 0x0000000087600000, 0x0000000087700000|  0%| F|  |TAMS 0x0000000087600000, 0x0000000087600000| Untracked 
| 105|0x0000000087700000, 0x0000000087700000, 0x0000000087800000|  0%| F|  |TAMS 0x0000000087700000, 0x0000000087700000| Untracked 
| 106|0x0000000087800000, 0x0000000087800000, 0x0000000087900000|  0%| F|  |TAMS 0x0000000087800000, 0x0000000087800000| Untracked 
| 107|0x0000000087900000, 0x0000000087900000, 0x0000000087a00000|  0%| F|  |TAMS 0x0000000087900000, 0x0000000087900000| Untracked 
| 108|0x0000000087a00000, 0x0000000087a00000, 0x0000000087b00000|  0%| F|  |TAMS 0x0000000087a00000, 0x0000000087a00000| Untracked 
| 109|0x0000000087b00000, 0x0000000087b00000, 0x0000000087c00000|  0%| F|  |TAMS 0x0000000087b00000, 0x0000000087b00000| Untracked 
| 110|0x0000000087c00000, 0x0000000087c00000, 0x0000000087d00000|  0%| F|  |TAMS 0x0000000087c00000, 0x0000000087c00000| Untracked 
| 111|0x0000000087d00000, 0x0000000087d00000, 0x0000000087e00000|  0%| F|  |TAMS 0x0000000087d00000, 0x0000000087d00000| Untracked 
| 112|0x0000000087e00000, 0x0000000087e00000, 0x0000000087f00000|  0%| F|  |TAMS 0x0000000087e00000, 0x0000000087e00000| Untracked 
| 113|0x0000000087f00000, 0x0000000087f00000, 0x0000000088000000|  0%| F|  |TAMS 0x0000000087f00000, 0x0000000087f00000| Untracked 
| 114|0x0000000088000000, 0x0000000088000000, 0x0000000088100000|  0%| F|  |TAMS 0x0000000088000000, 0x0000000088000000| Untracked 
| 115|0x0000000088100000, 0x0000000088100000, 0x0000000088200000|  0%| F|  |TAMS 0x0000000088100000, 0x0000000088100000| Untracked 
| 116|0x0000000088200000, 0x0000000088200000, 0x0000000088300000|  0%| F|  |TAMS 0x0000000088200000, 0x0000000088200000| Untracked 
| 117|0x0000000088300000, 0x0000000088300000, 0x0000000088400000|  0%| F|  |TAMS 0x0000000088300000, 0x0000000088300000| Untracked 
| 118|0x0000000088400000, 0x0000000088443108, 0x0000000088500000| 26%| E|  |TAMS 0x0000000088400000, 0x0000000088400000| Complete 
| 119|0x0000000088500000, 0x0000000088600000, 0x0000000088600000|100%| E|CS|TAMS 0x0000000088500000, 0x0000000088500000| Complete 
| 120|0x0000000088600000, 0x0000000088700000, 0x0000000088700000|100%| E|CS|TAMS 0x0000000088600000, 0x0000000088600000| Complete 
| 121|0x0000000088700000, 0x0000000088800000, 0x0000000088800000|100%| E|CS|TAMS 0x0000000088700000, 0x0000000088700000| Complete 
| 122|0x0000000088800000, 0x0000000088900000, 0x0000000088900000|100%| E|CS|TAMS 0x0000000088800000, 0x0000000088800000| Complete 
| 123|0x0000000088900000, 0x0000000088a00000, 0x0000000088a00000|100%| E|CS|TAMS 0x0000000088900000, 0x0000000088900000| Complete 
| 124|0x0000000088a00000, 0x0000000088b00000, 0x0000000088b00000|100%| E|CS|TAMS 0x0000000088a00000, 0x0000000088a00000| Complete 
| 125|0x0000000088b00000, 0x0000000088c00000, 0x0000000088c00000|100%| E|  |TAMS 0x0000000088b00000, 0x0000000088b00000| Complete 
| 126|0x0000000088c00000, 0x0000000088d00000, 0x0000000088d00000|100%| E|CS|TAMS 0x0000000088c00000, 0x0000000088c00000| Complete 
| 127|0x0000000088d00000, 0x0000000088e00000, 0x0000000088e00000|100%| E|CS|TAMS 0x0000000088d00000, 0x0000000088d00000| Complete 

Card table byte_map: [0x000001a77e690000,0x000001a77ea90000] _byte_map_base: 0x000001a77e289000

Marking Bits (Prev, Next): (CMBitMap*) 0x000001a77ac400f0, (CMBitMap*) 0x000001a77ac40130
 Prev Bits: [0x000001a70f000000, 0x000001a710fc8000)
 Next Bits: [0x000001a710fd0000, 0x000001a712f98000)

Polling page: 0x000001a778a70000

Metaspace:

Usage:
  Non-class:      5.28 MB used.
      Class:    480.84 KB used.
       Both:      5.75 MB used.

Virtual space:
  Non-class space:       64.00 MB reserved,       5.38 MB (  8%) committed,  1 nodes.
      Class space:        1.00 GB reserved,     512.00 KB ( <1%) committed,  1 nodes.
             Both:        1.06 GB reserved,       5.88 MB ( <1%) committed. 

Chunk freelists:
   Non-Class:  10.34 MB
       Class:  15.50 MB
        Both:  25.84 MB

MaxMetaspaceSize: unlimited
CompressedClassSpaceSize: 1.00 GB
Initial GC threshold: 21.00 MB
Current GC threshold: 21.00 MB
CDS: off
MetaspaceReclaimPolicy: balanced
 - commit_granule_bytes: 65536.
 - commit_granule_words: 8192.
 - virtual_space_node_default_size: 8388608.
 - enlarge_chunks_in_place: 1.
 - new_chunks_are_fully_committed: 0.
 - uncommit_free_chunks: 1.
 - use_allocation_guard: 0.
 - handle_deallocations: 1.


Internal statistics:

num_allocs_failed_limit: 0.
num_arena_births: 4.
num_arena_deaths: 0.
num_vsnodes_births: 2.
num_vsnodes_deaths: 0.
num_space_committed: 94.
num_space_uncommitted: 0.
num_chunks_returned_to_freelist: 0.
num_chunks_taken_from_freelist: 20.
num_chunk_merges: 0.
num_chunk_splits: 10.
num_chunks_enlarged: 8.
num_inconsistent_stats: 0.

CodeHeap 'non-profiled nmethods': size=120000Kb used=112Kb max_used=112Kb free=119887Kb
 bounds [0x000001a707ad0000, 0x000001a707d40000, 0x000001a70f000000]
CodeHeap 'profiled nmethods': size=120000Kb used=597Kb max_used=597Kb free=119402Kb
 bounds [0x000001a700000000, 0x000001a700270000, 0x000001a707530000]
CodeHeap 'non-nmethods': size=5760Kb used=1080Kb max_used=1093Kb free=4679Kb
 bounds [0x000001a707530000, 0x000001a7077a0000, 0x000001a707ad0000]
 total_blobs=718 nmethods=368 adapters=263
 compilation: enabled
              stopped_count=0, restarted_count=0
 full_count=0

Compilation events (20 events):
Event: 0.555 Thread 0x000001a7190439e0  342       3       java.lang.String::indexOf (18 bytes)
Event: 0.556 Thread 0x000001a7190439e0 nmethod 342 0x000001a70008d410 code [0x000001a70008d5e0, 0x000001a70008d8a8]
Event: 0.556 Thread 0x000001a7190439e0  343       3       java.lang.String::indexOf (113 bytes)
Event: 0.556 Thread 0x000001a7190439e0 nmethod 343 0x000001a70008da10 code [0x000001a70008dc40, 0x000001a70008e268]
Event: 0.557 Thread 0x000001a7190439e0  344       1       jdk.internal.loader.URLClassPath$Loader::getBaseURL (5 bytes)
Event: 0.557 Thread 0x000001a7190439e0 nmethod 344 0x000001a707ae7b90 code [0x000001a707ae7d20, 0x000001a707ae7df8]
Event: 0.558 Thread 0x000001a7190439e0  345       3       java.lang.String::toString (2 bytes)
Event: 0.558 Thread 0x000001a7190439e0 nmethod 345 0x000001a70008e410 code [0x000001a70008e5a0, 0x000001a70008e6b8]
Event: 0.558 Thread 0x000001a7190439e0  347       3       sun.net.util.IPAddressUtil::checkHostString (53 bytes)
Event: 0.558 Thread 0x000001a77abe6bf0  349       4       java.util.zip.ZipFile::ensureOpen (40 bytes)
Event: 0.559 Thread 0x000001a7190439e0 nmethod 347 0x000001a70008e790 code [0x000001a70008ea40, 0x000001a70008f5c8]
Event: 0.559 Thread 0x000001a7190439e0  348       3       sun.net.util.IPAddressUtil::scan (92 bytes)
Event: 0.559 Thread 0x000001a77abe6bf0 nmethod 349 0x000001a707ae7e90 code [0x000001a707ae8000, 0x000001a707ae80b8]
Event: 0.559 Thread 0x000001a77abe6bf0  350       4       java.lang.AbstractStringBuilder::append (45 bytes)
Event: 0.560 Thread 0x000001a7190439e0 nmethod 348 0x000001a70008fa10 code [0x000001a70008fc80, 0x000001a7000907b8]
Event: 0.560 Thread 0x000001a7190439e0  346       3       java.lang.StringConcatHelper::stringOf (20 bytes)
Event: 0.560 Thread 0x000001a7190439e0 nmethod 346 0x000001a700090d10 code [0x000001a700090ec0, 0x000001a7000910e8]
Event: 0.561 Thread 0x000001a719042840  351       4       java.lang.AbstractStringBuilder::putStringAt (12 bytes)
Event: 0.561 Thread 0x000001a7190439e0  352       1       java.security.ProtectionDomain::getCodeSource (5 bytes)
Event: 0.561 Thread 0x000001a7190439e0 nmethod 352 0x000001a707ae8190 code [0x000001a707ae8320, 0x000001a707ae83f8]

GC Heap History (0 events):
No events

Dll operation events (4 events):
Event: 0.015 Loaded shared library D:\Softwares\sts-4.20.0.RELEASE\plugins\org.eclipse.justj.openjdk.hotspot.jre.full.win32.x86_64_17.0.8.v20230831-1047\jre\bin\java.dll
Event: 0.338 Loaded shared library D:\Softwares\sts-4.20.0.RELEASE\plugins\org.eclipse.justj.openjdk.hotspot.jre.full.win32.x86_64_17.0.8.v20230831-1047\jre\bin\net.dll
Event: 0.340 Loaded shared library D:\Softwares\sts-4.20.0.RELEASE\plugins\org.eclipse.justj.openjdk.hotspot.jre.full.win32.x86_64_17.0.8.v20230831-1047\jre\bin\nio.dll
Event: 0.353 Loaded shared library D:\Softwares\sts-4.20.0.RELEASE\plugins\org.eclipse.justj.openjdk.hotspot.jre.full.win32.x86_64_17.0.8.v20230831-1047\jre\bin\zip.dll

Deoptimization events (20 events):
Event: 0.373 Thread 0x000001a77abe5f80 DEOPT PACKING pc=0x000001a70002210c sp=0x00000032e85fa610
Event: 0.373 Thread 0x000001a77abe5f80 DEOPT UNPACKING pc=0x000001a707587143 sp=0x00000032e85f9aa0 mode 0
Event: 0.373 Thread 0x000001a77abe5f80 DEOPT PACKING pc=0x000001a70002210c sp=0x00000032e85fa610
Event: 0.373 Thread 0x000001a77abe5f80 DEOPT UNPACKING pc=0x000001a707587143 sp=0x00000032e85f9aa0 mode 0
Event: 0.373 Thread 0x000001a77abe5f80 DEOPT PACKING pc=0x000001a70002210c sp=0x00000032e85fa610
Event: 0.373 Thread 0x000001a77abe5f80 DEOPT UNPACKING pc=0x000001a707587143 sp=0x00000032e85f9aa0 mode 0
Event: 0.375 Thread 0x000001a77abe5f80 DEOPT PACKING pc=0x000001a70002210c sp=0x00000032e85fa610
Event: 0.375 Thread 0x000001a77abe5f80 DEOPT UNPACKING pc=0x000001a707587143 sp=0x00000032e85f9aa0 mode 0
Event: 0.377 Thread 0x000001a77abe5f80 DEOPT PACKING pc=0x000001a70002210c sp=0x00000032e85fa610
Event: 0.377 Thread 0x000001a77abe5f80 DEOPT UNPACKING pc=0x000001a707587143 sp=0x00000032e85f9aa0 mode 0
Event: 0.377 Thread 0x000001a77abe5f80 DEOPT PACKING pc=0x000001a7000098e7 sp=0x00000032e85fad00
Event: 0.377 Thread 0x000001a77abe5f80 DEOPT UNPACKING pc=0x000001a707587143 sp=0x00000032e85fa120 mode 0
Event: 0.396 Thread 0x000001a77abe5f80 DEOPT PACKING pc=0x000001a7000079d1 sp=0x00000032e85fa480
Event: 0.396 Thread 0x000001a77abe5f80 DEOPT UNPACKING pc=0x000001a707587143 sp=0x00000032e85f98f8 mode 0
Event: 0.407 Thread 0x000001a77abe5f80 DEOPT PACKING pc=0x000001a7000079d1 sp=0x00000032e85fa480
Event: 0.407 Thread 0x000001a77abe5f80 DEOPT UNPACKING pc=0x000001a707587143 sp=0x00000032e85f98f8 mode 0
Event: 0.512 Thread 0x000001a77abe5f80 DEOPT PACKING pc=0x000001a700047f7c sp=0x00000032e85fa6d0
Event: 0.512 Thread 0x000001a77abe5f80 DEOPT UNPACKING pc=0x000001a707587143 sp=0x00000032e85f9b80 mode 0
Event: 0.517 Thread 0x000001a77abe5f80 DEOPT PACKING pc=0x000001a700043334 sp=0x00000032e85fa940
Event: 0.517 Thread 0x000001a77abe5f80 DEOPT UNPACKING pc=0x000001a707587143 sp=0x00000032e85f9db0 mode 0

Classes unloaded (0 events):
No events

Classes redefined (0 events):
No events

Internal exceptions (0 events):
No events

VM Operations (4 events):
Event: 0.356 Executing VM operation: HandshakeAllThreads
Event: 0.356 Executing VM operation: HandshakeAllThreads done
Event: 0.549 Executing VM operation: HandshakeAllThreads
Event: 0.549 Executing VM operation: HandshakeAllThreads done

Events (20 events):
Event: 0.418 Thread 0x000001a77abe6bf0 Thread added: 0x000001a77abe6bf0
Event: 0.493 loading class java/util/ArrayList$Itr
Event: 0.493 loading class java/util/ArrayList$Itr done
Event: 0.532 loading class java/lang/PublicMethods$MethodList
Event: 0.532 loading class java/lang/PublicMethods$MethodList done
Event: 0.532 loading class java/lang/PublicMethods$Key
Event: 0.532 loading class java/lang/PublicMethods$Key done
Event: 0.532 loading class java/lang/Void
Event: 0.532 loading class java/lang/Void done
Event: 0.533 loading class java/util/concurrent/ConcurrentHashMap$ForwardingNode
Event: 0.533 loading class java/util/concurrent/ConcurrentHashMap$ForwardingNode done
Event: 0.541 loading class java/lang/InstantiationException
Event: 0.541 loading class java/lang/InstantiationException done
Event: 0.542 loading class java/lang/IllegalAccessException
Event: 0.542 loading class java/lang/IllegalAccessException done
Event: 0.542 loading class java/lang/reflect/InvocationTargetException
Event: 0.542 loading class java/lang/reflect/InvocationTargetException done
Event: 0.543 loading class java/lang/IllegalStateException
Event: 0.543 loading class java/lang/IllegalStateException done
Event: 0.561 loading class java/math/BigDecimal


Dynamic libraries:
0x00007ff6ad970000 - 0x00007ff6ad97e000 	D:\Softwares\sts-4.20.0.RELEASE\plugins\org.eclipse.justj.openjdk.hotspot.jre.full.win32.x86_64_17.0.8.v20230831-1047\jre\bin\javaw.exe
0x00007ff94cb70000 - 0x00007ff94cd68000 	C:\Windows\SYSTEM32\ntdll.dll
0x00007ff94b960000 - 0x00007ff94ba21000 	C:\Windows\System32\KERNEL32.DLL
0x00007ff94a270000 - 0x00007ff94a566000 	C:\Windows\System32\KERNELBASE.dll
0x00007ff94a750000 - 0x00007ff94a850000 	C:\Windows\System32\ucrtbase.dll
0x00007ff947250000 - 0x00007ff947267000 	D:\Softwares\sts-4.20.0.RELEASE\plugins\org.eclipse.justj.openjdk.hotspot.jre.full.win32.x86_64_17.0.8.v20230831-1047\jre\bin\jli.dll
0x00007ff946940000 - 0x00007ff946959000 	D:\Softwares\sts-4.20.0.RELEASE\plugins\org.eclipse.justj.openjdk.hotspot.jre.full.win32.x86_64_17.0.8.v20230831-1047\jre\bin\VCRUNTIME140.dll
0x00007ff94b110000 - 0x00007ff94b2af000 	C:\Windows\System32\USER32.dll
0x00007ff94a8f0000 - 0x00007ff94a912000 	C:\Windows\System32\win32u.dll
0x00007ff94ac70000 - 0x00007ff94ac9b000 	C:\Windows\System32\GDI32.dll
0x00007ff94a5a0000 - 0x00007ff94a6b7000 	C:\Windows\System32\gdi32full.dll
0x00007ff938c40000 - 0x00007ff938eda000 	C:\Windows\WinSxS\amd64_microsoft.windows.common-controls_6595b64144ccf1df_6.0.19041.4355_none_60b8b9eb71f62e16\COMCTL32.dll
0x00007ff94a850000 - 0x00007ff94a8ed000 	C:\Windows\System32\msvcp_win.dll
0x00007ff94bbb0000 - 0x00007ff94bc4e000 	C:\Windows\System32\msvcrt.dll
0x00007ff94b5c0000 - 0x00007ff94b5ef000 	C:\Windows\System32\IMM32.DLL
0x00007ff946dc0000 - 0x00007ff946dcc000 	D:\Softwares\sts-4.20.0.RELEASE\plugins\org.eclipse.justj.openjdk.hotspot.jre.full.win32.x86_64_17.0.8.v20230831-1047\jre\bin\vcruntime140_1.dll
0x00007ff9449d0000 - 0x00007ff944a61000 	D:\Softwares\sts-4.20.0.RELEASE\plugins\org.eclipse.justj.openjdk.hotspot.jre.full.win32.x86_64_17.0.8.v20230831-1047\jre\bin\msvcp140.dll
0x00007ff915190000 - 0x00007ff915ddc000 	D:\Softwares\sts-4.20.0.RELEASE\plugins\org.eclipse.justj.openjdk.hotspot.jre.full.win32.x86_64_17.0.8.v20230831-1047\jre\bin\server\jvm.dll
0x00007ff94bb00000 - 0x00007ff94bbb0000 	C:\Windows\System32\ADVAPI32.dll
0x00007ff94b520000 - 0x00007ff94b5c0000 	C:\Windows\System32\sechost.dll
0x00007ff94c080000 - 0x00007ff94c1a3000 	C:\Windows\System32\RPCRT4.dll
0x00007ff94a570000 - 0x00007ff94a597000 	C:\Windows\System32\bcrypt.dll
0x00007ff946410000 - 0x00007ff946419000 	C:\Windows\SYSTEM32\WSOCK32.dll
0x00007ff94ba90000 - 0x00007ff94bafb000 	C:\Windows\System32\WS2_32.dll
0x00007ff94a070000 - 0x00007ff94a0bb000 	C:\Windows\SYSTEM32\POWRPROF.dll
0x00007ff941110000 - 0x00007ff941137000 	C:\Windows\SYSTEM32\WINMM.dll
0x00007ff9430c0000 - 0x00007ff9430ca000 	C:\Windows\SYSTEM32\VERSION.dll
0x00007ff94a050000 - 0x00007ff94a062000 	C:\Windows\SYSTEM32\UMPDC.dll
0x00007ff948060000 - 0x00007ff948072000 	C:\Windows\SYSTEM32\kernel.appcore.dll
0x00007ff945fd0000 - 0x00007ff945fda000 	D:\Softwares\sts-4.20.0.RELEASE\plugins\org.eclipse.justj.openjdk.hotspot.jre.full.win32.x86_64_17.0.8.v20230831-1047\jre\bin\jimage.dll
0x00007ff92eaa0000 - 0x00007ff92ec84000 	C:\Windows\SYSTEM32\DBGHELP.DLL
0x00007ff92e580000 - 0x00007ff92e5b4000 	C:\Windows\SYSTEM32\dbgcore.DLL
0x00007ff94a6c0000 - 0x00007ff94a742000 	C:\Windows\System32\bcryptPrimitives.dll
0x00007ff92cd90000 - 0x00007ff92cdb5000 	D:\Softwares\sts-4.20.0.RELEASE\plugins\org.eclipse.justj.openjdk.hotspot.jre.full.win32.x86_64_17.0.8.v20230831-1047\jre\bin\java.dll
0x00007ff944370000 - 0x00007ff944388000 	D:\Softwares\sts-4.20.0.RELEASE\plugins\org.eclipse.justj.openjdk.hotspot.jre.full.win32.x86_64_17.0.8.v20230831-1047\jre\bin\zip.dll
0x00007ff94c3c0000 - 0x00007ff94cb2c000 	C:\Windows\System32\SHELL32.dll
0x00007ff948260000 - 0x00007ff9489fe000 	C:\Windows\SYSTEM32\windows.storage.dll
0x00007ff94b600000 - 0x00007ff94b953000 	C:\Windows\System32\combase.dll
0x00007ff949b70000 - 0x00007ff949b9e000 	C:\Windows\SYSTEM32\Wldp.dll
0x00007ff94aba0000 - 0x00007ff94ac6d000 	C:\Windows\System32\OLEAUT32.dll
0x00007ff94be20000 - 0x00007ff94becd000 	C:\Windows\System32\SHCORE.dll
0x00007ff94bf50000 - 0x00007ff94bfa5000 	C:\Windows\System32\shlwapi.dll
0x00007ff94a150000 - 0x00007ff94a174000 	C:\Windows\SYSTEM32\profapi.dll
0x00007ff935fe0000 - 0x00007ff935ff9000 	D:\Softwares\sts-4.20.0.RELEASE\plugins\org.eclipse.justj.openjdk.hotspot.jre.full.win32.x86_64_17.0.8.v20230831-1047\jre\bin\net.dll
0x00007ff940b30000 - 0x00007ff940c3a000 	C:\Windows\SYSTEM32\WINHTTP.dll
0x00007ff9498d0000 - 0x00007ff94993a000 	C:\Windows\system32\mswsock.dll
0x00007ff931f70000 - 0x00007ff931f85000 	D:\Softwares\sts-4.20.0.RELEASE\plugins\org.eclipse.justj.openjdk.hotspot.jre.full.win32.x86_64_17.0.8.v20230831-1047\jre\bin\nio.dll

dbghelp: loaded successfully - version: 4.0.5 - missing functions: none
symbol engine: initialized successfully - sym options: 0x614 - pdb path: .;D:\Softwares\sts-4.20.0.RELEASE\plugins\org.eclipse.justj.openjdk.hotspot.jre.full.win32.x86_64_17.0.8.v20230831-1047\jre\bin;C:\Windows\SYSTEM32;C:\Windows\WinSxS\amd64_microsoft.windows.common-controls_6595b64144ccf1df_6.0.19041.4355_none_60b8b9eb71f62e16;D:\Softwares\sts-4.20.0.RELEASE\plugins\org.eclipse.justj.openjdk.hotspot.jre.full.win32.x86_64_17.0.8.v20230831-1047\jre\bin\server

VM Arguments:
jvm_args: -ea -Dfile.encoding=UTF-8 -Dstdout.encoding=UTF-8 -Dstderr.encoding=UTF-8 -XX:+ShowCodeDetailsInExceptionMessages 
java_command: org.testng.remote.RemoteTestNG -serport 55399 -protocol json -d D:\Source code\vision\test-output D:\Source code\vision\test-output\Testng-RA\testngRA_VAT_FULL.xml
java_class_path (initial): D:\Softwares\sts-4.20.0.RELEASE\configuration\org.eclipse.osgi\580\0\.cp\lib\testng-remote.jar;D:\Source code\vision\target\test-classes;D:\Source code\vision\target\classes;C:\Users\Welcome\.m2\repository\org\springframework\boot\spring-boot-starter\3.2.0\spring-boot-starter-3.2.0.jar;C:\Users\Welcome\.m2\repository\org\springframework\boot\spring-boot\3.2.0\spring-boot-3.2.0.jar;C:\Users\Welcome\.m2\repository\org\springframework\spring-context\6.1.1\spring-context-6.1.1.jar;C:\Users\Welcome\.m2\repository\org\springframework\spring-aop\6.1.1\spring-aop-6.1.1.jar;C:\Users\Welcome\.m2\repository\org\springframework\spring-beans\6.1.1\spring-beans-6.1.1.jar;C:\Users\Welcome\.m2\repository\org\springframework\spring-expression\6.1.1\spring-expression-6.1.1.jar;C:\Users\Welcome\.m2\repository\io\micrometer\micrometer-observation\1.12.0\micrometer-observation-1.12.0.jar;C:\Users\Welcome\.m2\repository\io\micrometer\micrometer-commons\1.12.0\micrometer-commons-1.12.0.jar;C:\Users\Welcome\.m2\repository\org\springframework\boot\spring-boot-autoconfigure\3.2.0\spring-boot-autoconfigure-3.2.0.jar;C:\Users\Welcome\.m2\repository\org\springframework\boot\spring-boot-starter-logging\3.2.0\spring-boot-starter-logging-3.2.0.jar;C:\Users\Welcome\.m2\repository\ch\qos\logback\logback-classic\1.4.11\logback-classic-1.4.11.jar;C:\Users\Welcome\.m2\repository\ch\qos\logback\logback-core\1.4.11\logback-core-1.4.11.jar;C:\Users\Welcome\.m2\repository\org\apache\logging\log4j\log4j-to-slf4j\2.21.1\log4j-to-slf4j-2.21.1.jar;C:\Users\Welcome\.m2\repository\org\slf4j\jul-to-slf4j\2.0.9\jul-to-slf4j-2.0.9.jar;C:\Users\Welcome\.m2\repository\jakarta\annotation\jakarta.annotation-api\2.1.1\jakarta.annotation-api-2.1.1.jar;C:\Users\Welcome\.m2\repository\org\springframework\spring-core\6.1.1\spring-core-6.1.1.jar;C:\Users\Welcome\.m2\repository\org\springframework\spring-jcl\6.1.1\spring-jcl-6.1.1.jar;C:\Users\Welcome\.m2\repository\org\yaml\snakeyaml\2.2\snakeyam
Launcher Type: SUN_STANDARD

[Global flags]
     intx CICompilerCount                          = 3                                         {product} {ergonomic}
     uint ConcGCThreads                            = 1                                         {product} {ergonomic}
     uint G1ConcRefinementThreads                  = 4                                         {product} {ergonomic}
   size_t G1HeapRegionSize                         = 1048576                                   {product} {ergonomic}
    uintx GCDrainStackTargetSize                   = 64                                        {product} {ergonomic}
   size_t InitialHeapSize                          = 134217728                                 {product} {ergonomic}
   size_t MarkStackSize                            = 4194304                                   {product} {ergonomic}
   size_t MaxHeapSize                              = 2132803584                                {product} {ergonomic}
   size_t MaxNewSize                               = 1279262720                                {product} {ergonomic}
   size_t MinHeapDeltaBytes                        = 1048576                                   {product} {ergonomic}
   size_t MinHeapSize                              = 8388608                                   {product} {ergonomic}
    uintx NonNMethodCodeHeapSize                   = 5832780                                {pd product} {ergonomic}
    uintx NonProfiledCodeHeapSize                  = 122912730                              {pd product} {ergonomic}
    uintx ProfiledCodeHeapSize                     = 122912730                              {pd product} {ergonomic}
    uintx ReservedCodeCacheSize                    = 251658240                              {pd product} {ergonomic}
     bool SegmentedCodeCache                       = true                                      {product} {ergonomic}
     bool ShowCodeDetailsInExceptionMessages       = true                                   {manageable} {command line}
   size_t SoftMaxHeapSize                          = 2132803584                             {manageable} {ergonomic}
     bool UseCompressedClassPointers               = true                           {product lp64_product} {ergonomic}
     bool UseCompressedOops                        = true                           {product lp64_product} {ergonomic}
     bool UseG1GC                                  = true                                      {product} {ergonomic}
     bool UseLargePagesIndividualAllocation        = false                                  {pd product} {ergonomic}

Logging:
Log output configuration:
 #0: stdout all=warning uptime,level,tags
 #1: stderr all=off uptime,level,tags

Environment Variables:
PATH=D:/Softwares/sts-4.20.0.RELEASE//plugins/org.eclipse.justj.openjdk.hotspot.jre.full.win32.x86_64_17.0.8.v20230831-1047/jre/bin/server;D:/Softwares/sts-4.20.0.RELEASE//plugins/org.eclipse.justj.openjdk.hotspot.jre.full.win32.x86_64_17.0.8.v20230831-1047/jre/bin;C:\Program Files\Common Files\Oracle\Java\javapath;C:\Program Files (x86)\Common Files\Oracle\Java\javapath;C:\Windows\system32;C:\Windows;C:\Windows\System32\Wbem;C:\Windows\System32\WindowsPowerShell\v1.0\;C:\Windows\System32\OpenSSH\;C:\Program Files\Git\cmd;C:\Program Files (x86)\Microsoft SQL Server\160\DTS\Binn\;C:\Program Files\PuTTY\;C:\Users\Welcome\AppData\Local\Microsoft\WindowsApps;;D:\Softwares\sts-4.20.0.RELEASE;
USERNAME=Welcome
OS=Windows_NT
PROCESSOR_IDENTIFIER=Intel64 Family 6 Model 61 Stepping 4, GenuineIntel
TMP=C:\Users\Welcome\AppData\Local\Temp
TEMP=C:\Users\Welcome\AppData\Local\Temp



---------------  S Y S T E M  ---------------

OS:
 Windows 10 , 64 bit Build 19041 (10.0.19041.4597)
OS uptime: 19 days 16:54 hours

CPU: total 4 (initial active 4) (2 cores per cpu, 2 threads per core) family 6 model 61 stepping 4 microcode 0x2d, cx8, cmov, fxsr, ht, mmx, 3dnowpref, sse, sse2, sse3, ssse3, sse4.1, sse4.2, popcnt, lzcnt, tsc, tscinvbit, avx, avx2, aes, erms, clmul, bmi1, bmi2, adx, fma, vzeroupper, clflush
Processor Information for all 4 processors :
  Max Mhz: 2401, Current Mhz: 2401, Mhz Limit: 2401

Memory: 4k page, system-wide physical 8130M (462M free)
TotalPageFile size 32706M (AvailPageFile size 1M)
current process WorkingSet (physical memory assigned to process): 47M, peak: 47M
current process commit charge ("private bytes"): 203M, peak: 203M

vm_info: OpenJDK 64-Bit Server VM (17.0.8.1+1) for windows-amd64 JRE (17.0.8.1+1), built on Aug 23 2023 15:29:17 by "admin" with MS VC++ 16.7 (VS2019)

END.
