#
# There is insufficient memory for the Java Runtime Environment to continue.
# Native memory allocation (mmap) failed to map 65536 bytes for Failed to commit metaspace.
# Possible reasons:
#   The system is out of physical RAM or swap space
#   The process is running with CompressedOops enabled, and the Java Heap may be blocking the growth of the native heap
# Possible solutions:
#   Reduce memory load on the system
#   Increase physical memory or swap space
#   Check if swap backing store is full
#   Decrease Java heap size (-Xmx/-Xms)
#   Decrease number of Java threads
#   Decrease Java thread stack sizes (-Xss)
#   Set larger code cache with -XX:ReservedCodeCacheSize=
#   JVM is running with Unscaled Compressed Oops mode in which the Java heap is
#     placed in the first 4GB address space. The Java Heap base address is the
#     maximum limit for the native heap growth. Please use -XX:HeapBaseMinAddress
#     to set the Java Heap base and to place the Java Heap above 4GB virtual address.
# This output file may be truncated or incomplete.
#
#  Out of Memory Error (virtualSpaceNode.cpp:112), pid=27204, tid=32484
#
# JRE version: Java(TM) SE Runtime Environment (21.0.2+13) (build 21.0.2+13-LTS-58)
# Java VM: Java HotSpot(TM) 64-Bit Server VM (21.0.2+13-LTS-58, mixed mode, sharing, tiered, compressed oops, compressed class ptrs, g1 gc, windows-amd64)
# No core dump will be written. Minidumps are not enabled by default on client versions of Windows
#

---------------  S U M M A R Y ------------

Command Line: -ea -Dfile.encoding=UTF-8 -Dstdout.encoding=UTF-8 -Dstderr.encoding=UTF-8 -XX:+ShowCodeDetailsInExceptionMessages org.testng.remote.RemoteTestNG -serport 59653 -protocol json -d D:\Source code\vision\test-output D:\Source code\vision\test-output\Testng-ETL\testngETL_VAT.xml

Host: Intel(R) Core(TM) i7-5500U CPU @ 2.40GHz, 4 cores, 7G,  Windows 10 , 64 bit Build 19041 (10.0.19041.4597)
Time: Mon Aug 12 10:35:27 2024 India Standard Time elapsed time: 2.407669 seconds (0d 0h 0m 2s)

---------------  T H R E A D  ---------------

Current thread (0x00000275f491e4f0):  JavaThread "main"             [_thread_in_vm, id=32484, stack(0x000000d85fd00000,0x000000d85fe00000) (1024K)]

Stack: [0x000000d85fd00000,0x000000d85fe00000]
Native frames: (J=compiled Java code, j=interpreted, Vv=VM code, C=native code)
V  [jvm.dll+0x6cade9]
V  [jvm.dll+0x8569c1]
V  [jvm.dll+0x858d2e]
V  [jvm.dll+0x859413]
V  [jvm.dll+0x280e56]
V  [jvm.dll+0x8526ee]
V  [jvm.dll+0x66e705]
V  [jvm.dll+0x1e68cc]
V  [jvm.dll+0x1e669e]
V  [jvm.dll+0x67104c]
V  [jvm.dll+0x670e62]
V  [jvm.dll+0x66f0de]
V  [jvm.dll+0x680079]
V  [jvm.dll+0x67951e]
V  [jvm.dll+0x3d4471]
C  0x000002758753bbcd

The last pc belongs to method entry point (kind = zerolocals) (printed below).
Java frames: (J=compiled Java code, j=interpreted, Vv=VM code)
j  freemarker.core.IteratorBlock$IterationContext.executedNestedContentForCollOrSeqListing(Lfreemarker/core/Environment;[Lfreemarker/core/TemplateElement;)Z+0
j  freemarker.core.IteratorBlock$IterationContext.executeNestedContent(Lfreemarker/core/Environment;[Lfreemarker/core/TemplateElement;)Z+13
j  freemarker.core.IteratorBlock$IterationContext.accept(Lfreemarker/core/Environment;)Z+9
j  freemarker.core.Environment.visitIteratorBlock(Lfreemarker/core/IteratorBlock$IterationContext;)Z+7
j  freemarker.core.IteratorBlock.acceptWithResult(Lfreemarker/core/Environment;)Z+54
j  freemarker.core.IteratorBlock.accept(Lfreemarker/core/Environment;)[Lfreemarker/core/TemplateElement;+2
j  freemarker.core.Environment.visit([Lfreemarker/core/TemplateElement;)V+42
j  freemarker.core.Environment.visitAndTransform([Lfreemarker/core/TemplateElement;Lfreemarker/template/TemplateTransformModel;Ljava/util/Map;)V+71
j  freemarker.core.CompressedBlock.accept(Lfreemarker/core/Environment;)[Lfreemarker/core/TemplateElement;+15
j  freemarker.core.Environment.visit(Lfreemarker/core/TemplateElement;)V+7
j  freemarker.core.Environment.include(Lfreemarker/template/Template;)V+37
j  freemarker.core.Include.accept(Lfreemarker/core/Environment;)[Lfreemarker/core/TemplateElement;+301
j  freemarker.core.Environment.visit(Lfreemarker/core/TemplateElement;)V+7
j  freemarker.core.Environment.visit(Lfreemarker/core/TemplateElement;)V+48
j  freemarker.core.Environment.process()V+31
j  freemarker.template.Template.process(Ljava/lang/Object;Ljava/io/Writer;)V+7
j  com.aventstack.extentreports.templating.FreemarkerTemplate.processTemplate(Lfreemarker/template/Template;Ljava/util/Map;)Ljava/lang/String;+11
j  com.aventstack.extentreports.templating.FreemarkerTemplate.getSource(Lfreemarker/template/Template;Ljava/util/Map;)Ljava/lang/String;+3
j  com.aventstack.extentreports.templating.FreemarkerTemplate.writeTemplate(Lfreemarker/template/Template;Ljava/util/Map;Ljava/io/File;)V+3
j  com.aventstack.extentreports.reporter.AbstractFileReporter.processTemplate(Lfreemarker/template/Template;Ljava/io/File;)V+19
j  com.aventstack.extentreports.reporter.ExtentSparkReporter.flush(Lcom/aventstack/extentreports/observer/entity/ReportEntity;)V+127
j  com.aventstack.extentreports.reporter.ExtentSparkReporter$1.onNext(Lcom/aventstack/extentreports/observer/entity/ReportEntity;)V+5
j  com.aventstack.extentreports.reporter.ExtentSparkReporter$1.onNext(Ljava/lang/Object;)V+5
j  io.reactivex.rxjava3.subjects.PublishSubject$PublishDisposable.onNext(Ljava/lang/Object;)V+12
j  io.reactivex.rxjava3.subjects.PublishSubject.onNext(Ljava/lang/Object;)V+39
j  com.aventstack.extentreports.ReactiveSubject.onFlush()V+17
j  com.aventstack.extentreports.AbstractProcessor.onFlush()V+22
j  com.aventstack.extentreports.ExtentReports.flush()V+1
j  visionETL.Test.New_class.onFinish(Lorg/testng/ITestContext;)V+272
j  org.testng.TestRunner.fireEvent(Z)V+45
j  org.testng.TestRunner.afterRun()V+30
j  org.testng.TestRunner.run()V+29
j  org.testng.SuiteRunner.runTest(Lorg/testng/TestRunner;)V+21
j  org.testng.SuiteRunner.runSequentially()V+31
j  org.testng.SuiteRunner.privateRun()V+332
j  org.testng.SuiteRunner.run()V+6
j  org.testng.SuiteRunnerWorker.runSuite(Lorg/testng/internal/SuiteRunnerMap;Lorg/testng/xml/XmlSuite;)V+87
j  org.testng.SuiteRunnerWorker.run()V+12
j  org.testng.TestNG.runSuitesSequentially(Lorg/testng/xml/XmlSuite;Lorg/testng/internal/SuiteRunnerMap;ILjava/lang/String;)V+66
j  org.testng.TestNG.runSuitesLocally()Ljava/util/List;+156
j  org.testng.TestNG.runSuites()Ljava/util/List;+1
j  org.testng.TestNG.run()V+25
j  org.testng.remote.AbstractRemoteTestNG.run()V+149
j  org.testng.remote.RemoteTestNG.initAndRun(Lorg/testng/remote/IRemoteTestNG;[Ljava/lang/String;Lorg/testng/CommandLineArgs;Lorg/testng/remote/RemoteArgs;)V+169
j  org.testng.remote.RemoteTestNG.main([Ljava/lang/String;)V+188
v  ~StubRoutines::call_stub 0x000002758753100d
method entry point (kind = zerolocals)  [0x000002758753ba00, 0x000002758753bdb8]  952 bytes
[MachCode]
  0x000002758753ba00: 488b 5308 | 0fb7 4a2e | 0fb7 522c | 2bd1 81fa | f501 0000 | 0f86 2500 | 0000 488b | c248 c1e0 
  0x000002758753ba20: 0348 83c0 | 5849 0387 | d004 0000 | 483b e00f | 870a 0000 | 0058 498b | e550 e941 | acff ff58 
  0x000002758753ba40: 4c8d 74cc | f885 d20f | 8e09 0000 | 0068 0000 | 0000 ffca | 7ff7 5055 | 488b ec41 | 5568 0000 
  0x000002758753ba60: 0000 4c8b | 6b08 4d8d | 6d38 5348 | 8b53 0848 | 8b52 0848 | 8b52 1848 | 8b52 7048 | 8b12 5248 
  0x000002758753ba80: 8b53 1048 | 85d2 0f84 | 0700 0000 | 4881 c208 | 0100 0052 | 488b 5308 | 488b 5208 | 488b 5210 
  0x000002758753baa0: 5249 8bc6 | 482b c548 | c1e8 0350 | 4155 6800 | 0000 0048 | 8924 2441 | c687 7904 | 0000 0148 
  0x000002758753bac0: 8b45 d848 | 85c0 0f84 | 8300 0000 | 8b48 fc85 | c90f 8878 | 0000 0048 | 03c1 488b | 4808 4883 
  0x000002758753bae0: e902 488b | 54c8 1048 | f7da 498b | 14d6 4885 | d275 0848 | 834c c818 | 01eb 4e8b | 5208 49ba 
  0x000002758753bb00: 0000 0093 | 7502 0000 | 4903 d248 | 3354 c818 | 48f7 c2fc | ffff ff74 | 30f6 c202 | 752b 4883 
  0x000002758753bb20: 7cc8 1800 | 741e 4883 | 7cc8 1801 | 7416 4833 | 54c8 1848 | f7c2 fcff | ffff 740d | 4883 4cc8 
  0x000002758753bb40: 1802 eb05 | 4889 54c8 | 1848 83e9 | 0279 9348 | 8b43 1048 | 85c0 7420 | 8b88 cc00 | 0000 83c1 
  0x000002758753bb60: 0289 88cc | 0000 0023 | 88e0 0000 | 000f 8496 | 0100 00e9 | cf00 0000 | 488b 4318 | 4885 c00f 
  0x000002758753bb80: 85b0 0000 | 00e8 0500 | 0000 e999 | 0000 0048 | 8bd3 488d | 4424 084c | 896d c049 | 8bcf c5f8 
  0x000002758753bba0: 7749 89af | a803 0000 | 4989 8798 | 0300 0048 | 83ec 2040 | f6c4 0f0f | 8419 0000 | 0048 83ec 
  0x000002758753bbc0: 0848 b850 | 4440 13fa | 7f00 00ff | d048 83c4 | 08e9 0c00 | 0000 48b8 | 5044 4013 | fa7f 0000 
  0x000002758753bbe0: ffd0 4883 | c420 49c7 | 8798 0300 | 0000 0000 | 0049 c787 | a803 0000 | 0000 0000 | 49c7 87a0 
  0x000002758753bc00: 0300 0000 | 0000 00c5 | f877 4983 | 7f08 000f | 8405 0000 | 00e9 e652 | ffff 4c8b | 6dc0 4c8b 
  0x000002758753bc20: 75c8 4e8d | 74f5 00c3 | 488b 4318 | 4885 c00f | 8412 0000 | 008b 4808 | 83c1 0289 | 4808 2348 
  0x000002758753bc40: 1c0f 84c2 | 0000 0049 | 3ba7 e804 | 0000 0f87 | 4800 0000 | 8984 2400 | f0ff ff89 | 8424 00e0 
  0x000002758753bc60: ffff 8984 | 2400 d0ff | ff89 8424 | 00c0 ffff | 8984 2400 | b0ff ff89 | 8424 00a0 | ffff 8984 
  0x000002758753bc80: 2400 90ff | ff89 8424 | 0080 ffff | 493b a7e0 | 0400 0076 | 0749 89a7 | e804 0000 | 41c6 8779 
  0x000002758753bca0: 0400 0000 | 49ba f945 | c513 fa7f | 0000 4180 | 3a00 0f84 | 3e00 0000 | 488b 55e8 | 498b cf48 
  0x000002758753bcc0: 83ec 2040 | f6c4 0f0f | 8419 0000 | 0048 83ec | 0848 b840 | 0976 13fa | 7f00 00ff | d048 83c4 
  0x000002758753bce0: 08e9 0c00 | 0000 48b8 | 4009 7613 | fa7f 0000 | ffd0 4883 | c420 410f | b65d 0049 | ba00 0fc8 
  0x000002758753bd00: 13fa 7f00 | 0041 ff24 | daba 0000 | 0000 e805 | 0000 00e9 | 9600 0000 | 488d 4424 | 084c 896d 
  0x000002758753bd20: c049 8bcf | c5f8 7749 | 89af a803 | 0000 4989 | 8798 0300 | 0048 83ec | 2040 f6c4 | 0f0f 8419 
  0x000002758753bd40: 0000 0048 | 83ec 0848 | b8d0 4e40 | 13fa 7f00 | 00ff d048 | 83c4 08e9 | 0c00 0000 | 48b8 d04e 
  0x000002758753bd60: 4013 fa7f | 0000 ffd0 | 4883 c420 | 49c7 8798 | 0300 0000 | 0000 0049 | c787 a803 | 0000 0000 
  0x000002758753bd80: 0000 49c7 | 87a0 0300 | 0000 0000 | 00c5 f877 | 4983 7f08 | 000f 8405 | 0000 00e9 | 6051 ffff 
  0x000002758753bda0: 4c8b 6dc0 | 4c8b 75c8 | 4e8d 74f5 | 00c3 488b | 5de8 e990 | feff ff90 
[/MachCode]

---------------  P R O C E S S  ---------------

Threads class SMR info:
_java_thread_list=0x00000275d98ff070, length=13, elements={
0x00000275f491e4f0, 0x00000275ffc16090, 0x00000275ffc16cf0, 0x00000275ffc19380,
0x00000275ffc1c070, 0x00000275ffc20ef0, 0x00000275ffc24110, 0x00000275ffc51200,
0x00000275ffc24f80, 0x00000275d830c310, 0x00000275d830af60, 0x00000275d830a8d0,
0x00000275d98c99f0
}

Java Threads: ( => current thread )
=>0x00000275f491e4f0 JavaThread "main"                              [_thread_in_vm, id=32484, stack(0x000000d85fd00000,0x000000d85fe00000) (1024K)]
  0x00000275ffc16090 JavaThread "Reference Handler"          daemon [_thread_blocked, id=30204, stack(0x000000d860500000,0x000000d860600000) (1024K)]
  0x00000275ffc16cf0 JavaThread "Finalizer"                  daemon [_thread_blocked, id=32096, stack(0x000000d860600000,0x000000d860700000) (1024K)]
  0x00000275ffc19380 JavaThread "Signal Dispatcher"          daemon [_thread_blocked, id=31284, stack(0x000000d860700000,0x000000d860800000) (1024K)]
  0x00000275ffc1c070 JavaThread "Attach Listener"            daemon [_thread_blocked, id=29188, stack(0x000000d860800000,0x000000d860900000) (1024K)]
  0x00000275ffc20ef0 JavaThread "Service Thread"             daemon [_thread_blocked, id=19240, stack(0x000000d860900000,0x000000d860a00000) (1024K)]
  0x00000275ffc24110 JavaThread "Monitor Deflation Thread"   daemon [_thread_blocked, id=19392, stack(0x000000d860a00000,0x000000d860b00000) (1024K)]
  0x00000275ffc51200 JavaThread "C2 CompilerThread0"         daemon [_thread_blocked, id=25208, stack(0x000000d860b00000,0x000000d860c00000) (1024K)]
  0x00000275ffc24f80 JavaThread "C1 CompilerThread0"         daemon [_thread_blocked, id=30440, stack(0x000000d860c00000,0x000000d860d00000) (1024K)]
  0x00000275d830c310 JavaThread "Notification Thread"        daemon [_thread_blocked, id=15144, stack(0x000000d860d00000,0x000000d860e00000) (1024K)]
  0x00000275d830af60 JavaThread "Common-Cleaner"             daemon [_thread_blocked, id=31984, stack(0x000000d860e00000,0x000000d860f00000) (1024K)]
  0x00000275d830a8d0 JavaThread "ReaderThread"                      [_thread_in_native, id=28908, stack(0x000000d861400000,0x000000d861500000) (1024K)]
  0x00000275d98c99f0 JavaThread "C2 CompilerThread1"         daemon [_thread_blocked, id=14648, stack(0x000000d860f00000,0x000000d861000000) (1024K)]
Total: 13

Other Threads:
  0x00000275ffbf5cd0 VMThread "VM Thread"                           [id=2532, stack(0x000000d860400000,0x000000d860500000) (1024K)]
  0x00000275ffbe1180 WatcherThread "VM Periodic Task Thread"        [id=8172, stack(0x000000d860300000,0x000000d860400000) (1024K)]
  0x00000275f6b36200 WorkerThread "GC Thread#0"                     [id=23284, stack(0x000000d85fe00000,0x000000d85ff00000) (1024K)]
  0x00000275d8a7d440 WorkerThread "GC Thread#1"                     [id=5448, stack(0x000000d861000000,0x000000d861100000) (1024K)]
  0x00000275d8a7d7e0 WorkerThread "GC Thread#2"                     [id=26236, stack(0x000000d861100000,0x000000d861200000) (1024K)]
  0x00000275d8584ed0 WorkerThread "GC Thread#3"                     [id=24588, stack(0x000000d861200000,0x000000d861300000) (1024K)]
  0x00000275f6b48110 ConcurrentGCThread "G1 Main Marker"            [id=19276, stack(0x000000d85ff00000,0x000000d860000000) (1024K)]
  0x00000275f6b48b20 WorkerThread "G1 Conc#0"                       [id=25932, stack(0x000000d860000000,0x000000d860100000) (1024K)]
  0x00000275ffaa30e0 ConcurrentGCThread "G1 Refine#0"               [id=32412, stack(0x000000d860100000,0x000000d860200000) (1024K)]
  0x00000275ffaa3a00 ConcurrentGCThread "G1 Service"                [id=24292, stack(0x000000d860200000,0x000000d860300000) (1024K)]
Total: 10

Threads with active compile tasks:
Total: 0

VM state: not at safepoint (normal execution)

VM Mutex/Monitor currently owned by a thread:  ([mutex/lock_event])
[0x00007ffa13c6ace8] Metaspace_lock - owner thread: 0x00000275f491e4f0

Heap address: 0x0000000080e00000, size: 2034 MB, Compressed Oops mode: 32-bit

CDS archive(s) mapped at: [0x0000027593000000-0x0000027593c90000-0x0000027593c90000), size 13172736, SharedBaseAddress: 0x0000027593000000, ArchiveRelocationMode: 1.
Compressed class space mapped at: 0x0000027594000000-0x00000275d4000000, reserved size: 1073741824
Narrow klass base: 0x0000027593000000, Narrow klass shift: 0, Narrow klass range: 0x100000000

GC Precious Log:
 CardTable entry size: 512
 Card Set container configuration: InlinePtr #cards 5 size 8 Array Of Cards #cards 12 size 40 Howl #buckets 4 coarsen threshold 1843 Howl Bitmap #cards 512 size 80 coarsen threshold 460 Card regions per heap region 1 cards per card region 2048
 CPUs: 4 total, 4 available
 Memory: 8130M
 Large Page Support: Disabled
 NUMA Support: Disabled
 Compressed Oops: Enabled (32-bit)
 Heap Region Size: 1M
 Heap Min Capacity: 8M
 Heap Initial Capacity: 128M
 Heap Max Capacity: 2034M
 Pre-touch: Disabled
 Parallel Workers: 4
 Concurrent Workers: 1
 Concurrent Refinement Workers: 4
 Periodic GC: Disabled

Heap:
 garbage-first heap   total 131072K, used 18516K [0x0000000080e00000, 0x0000000100000000)
  region size 1024K, 11 young (11264K), 4 survivors (4096K)
 Metaspace       used 14582K, committed 14912K, reserved 1114112K
  class space    used 1736K, committed 1920K, reserved 1048576K

Heap Regions: E=young(eden), S=young(survivor), O=old, HS=humongous(starts), HC=humongous(continues), CS=collection set, F=free, TAMS=top-at-mark-start, PB=parsable bottom
|   0|0x0000000080e00000, 0x0000000080f00000, 0x0000000080f00000|100%|HS|  |TAMS 0x0000000080e00000| PB 0x0000000080e00000| Complete 
|   1|0x0000000080f00000, 0x0000000081000000, 0x0000000081000000|100%| O|  |TAMS 0x0000000080f00000| PB 0x0000000080f00000| Untracked 
|   2|0x0000000081000000, 0x0000000081100000, 0x0000000081100000|100%| O|  |TAMS 0x0000000081000000| PB 0x0000000081000000| Untracked 
|   3|0x0000000081100000, 0x0000000081200000, 0x0000000081200000|100%| O|  |TAMS 0x0000000081100000| PB 0x0000000081100000| Untracked 
|   4|0x0000000081200000, 0x0000000081300000, 0x0000000081300000|100%| O|  |TAMS 0x0000000081200000| PB 0x0000000081200000| Untracked 
|   5|0x0000000081300000, 0x0000000081400000, 0x0000000081400000|100%| O|  |TAMS 0x0000000081300000| PB 0x0000000081300000| Untracked 
|   6|0x0000000081400000, 0x0000000081500000, 0x0000000081500000|100%| O|  |TAMS 0x0000000081400000| PB 0x0000000081400000| Untracked 
|   7|0x0000000081500000, 0x0000000081600000, 0x0000000081600000|100%| O|  |TAMS 0x0000000081500000| PB 0x0000000081500000| Untracked 
|   8|0x0000000081600000, 0x000000008163e1b0, 0x0000000081700000| 24%| O|  |TAMS 0x0000000081600000| PB 0x0000000081600000| Untracked 
|   9|0x0000000081700000, 0x0000000081700000, 0x0000000081800000|  0%| F|  |TAMS 0x0000000081700000| PB 0x0000000081700000| Untracked 
|  10|0x0000000081800000, 0x0000000081800000, 0x0000000081900000|  0%| F|  |TAMS 0x0000000081800000| PB 0x0000000081800000| Untracked 
|  11|0x0000000081900000, 0x0000000081900000, 0x0000000081a00000|  0%| F|  |TAMS 0x0000000081900000| PB 0x0000000081900000| Untracked 
|  12|0x0000000081a00000, 0x0000000081a00000, 0x0000000081b00000|  0%| F|  |TAMS 0x0000000081a00000| PB 0x0000000081a00000| Untracked 
|  13|0x0000000081b00000, 0x0000000081b00000, 0x0000000081c00000|  0%| F|  |TAMS 0x0000000081b00000| PB 0x0000000081b00000| Untracked 
|  14|0x0000000081c00000, 0x0000000081c00000, 0x0000000081d00000|  0%| F|  |TAMS 0x0000000081c00000| PB 0x0000000081c00000| Untracked 
|  15|0x0000000081d00000, 0x0000000081d00000, 0x0000000081e00000|  0%| F|  |TAMS 0x0000000081d00000| PB 0x0000000081d00000| Untracked 
|  16|0x0000000081e00000, 0x0000000081e00000, 0x0000000081f00000|  0%| F|  |TAMS 0x0000000081e00000| PB 0x0000000081e00000| Untracked 
|  17|0x0000000081f00000, 0x0000000081f00000, 0x0000000082000000|  0%| F|  |TAMS 0x0000000081f00000| PB 0x0000000081f00000| Untracked 
|  18|0x0000000082000000, 0x0000000082000000, 0x0000000082100000|  0%| F|  |TAMS 0x0000000082000000| PB 0x0000000082000000| Untracked 
|  19|0x0000000082100000, 0x0000000082100000, 0x0000000082200000|  0%| F|  |TAMS 0x0000000082100000| PB 0x0000000082100000| Untracked 
|  20|0x0000000082200000, 0x0000000082200000, 0x0000000082300000|  0%| F|  |TAMS 0x0000000082200000| PB 0x0000000082200000| Untracked 
|  21|0x0000000082300000, 0x0000000082300000, 0x0000000082400000|  0%| F|  |TAMS 0x0000000082300000| PB 0x0000000082300000| Untracked 
|  22|0x0000000082400000, 0x0000000082400000, 0x0000000082500000|  0%| F|  |TAMS 0x0000000082400000| PB 0x0000000082400000| Untracked 
|  23|0x0000000082500000, 0x0000000082500000, 0x0000000082600000|  0%| F|  |TAMS 0x0000000082500000| PB 0x0000000082500000| Untracked 
|  24|0x0000000082600000, 0x0000000082600000, 0x0000000082700000|  0%| F|  |TAMS 0x0000000082600000| PB 0x0000000082600000| Untracked 
|  25|0x0000000082700000, 0x0000000082700000, 0x0000000082800000|  0%| F|  |TAMS 0x0000000082700000| PB 0x0000000082700000| Untracked 
|  26|0x0000000082800000, 0x0000000082800000, 0x0000000082900000|  0%| F|  |TAMS 0x0000000082800000| PB 0x0000000082800000| Untracked 
|  27|0x0000000082900000, 0x0000000082900000, 0x0000000082a00000|  0%| F|  |TAMS 0x0000000082900000| PB 0x0000000082900000| Untracked 
|  28|0x0000000082a00000, 0x0000000082a00000, 0x0000000082b00000|  0%| F|  |TAMS 0x0000000082a00000| PB 0x0000000082a00000| Untracked 
|  29|0x0000000082b00000, 0x0000000082b00000, 0x0000000082c00000|  0%| F|  |TAMS 0x0000000082b00000| PB 0x0000000082b00000| Untracked 
|  30|0x0000000082c00000, 0x0000000082c00000, 0x0000000082d00000|  0%| F|  |TAMS 0x0000000082c00000| PB 0x0000000082c00000| Untracked 
|  31|0x0000000082d00000, 0x0000000082d00000, 0x0000000082e00000|  0%| F|  |TAMS 0x0000000082d00000| PB 0x0000000082d00000| Untracked 
|  32|0x0000000082e00000, 0x0000000082e00000, 0x0000000082f00000|  0%| F|  |TAMS 0x0000000082e00000| PB 0x0000000082e00000| Untracked 
|  33|0x0000000082f00000, 0x0000000082f00000, 0x0000000083000000|  0%| F|  |TAMS 0x0000000082f00000| PB 0x0000000082f00000| Untracked 
|  34|0x0000000083000000, 0x0000000083000000, 0x0000000083100000|  0%| F|  |TAMS 0x0000000083000000| PB 0x0000000083000000| Untracked 
|  35|0x0000000083100000, 0x0000000083100000, 0x0000000083200000|  0%| F|  |TAMS 0x0000000083100000| PB 0x0000000083100000| Untracked 
|  36|0x0000000083200000, 0x0000000083200000, 0x0000000083300000|  0%| F|  |TAMS 0x0000000083200000| PB 0x0000000083200000| Untracked 
|  37|0x0000000083300000, 0x0000000083300000, 0x0000000083400000|  0%| F|  |TAMS 0x0000000083300000| PB 0x0000000083300000| Untracked 
|  38|0x0000000083400000, 0x0000000083400000, 0x0000000083500000|  0%| F|  |TAMS 0x0000000083400000| PB 0x0000000083400000| Untracked 
|  39|0x0000000083500000, 0x0000000083500000, 0x0000000083600000|  0%| F|  |TAMS 0x0000000083500000| PB 0x0000000083500000| Untracked 
|  40|0x0000000083600000, 0x0000000083600000, 0x0000000083700000|  0%| F|  |TAMS 0x0000000083600000| PB 0x0000000083600000| Untracked 
|  41|0x0000000083700000, 0x0000000083700000, 0x0000000083800000|  0%| F|  |TAMS 0x0000000083700000| PB 0x0000000083700000| Untracked 
|  42|0x0000000083800000, 0x0000000083800000, 0x0000000083900000|  0%| F|  |TAMS 0x0000000083800000| PB 0x0000000083800000| Untracked 
|  43|0x0000000083900000, 0x0000000083900000, 0x0000000083a00000|  0%| F|  |TAMS 0x0000000083900000| PB 0x0000000083900000| Untracked 
|  44|0x0000000083a00000, 0x0000000083a00000, 0x0000000083b00000|  0%| F|  |TAMS 0x0000000083a00000| PB 0x0000000083a00000| Untracked 
|  45|0x0000000083b00000, 0x0000000083b00000, 0x0000000083c00000|  0%| F|  |TAMS 0x0000000083b00000| PB 0x0000000083b00000| Untracked 
|  46|0x0000000083c00000, 0x0000000083c00000, 0x0000000083d00000|  0%| F|  |TAMS 0x0000000083c00000| PB 0x0000000083c00000| Untracked 
|  47|0x0000000083d00000, 0x0000000083d00000, 0x0000000083e00000|  0%| F|  |TAMS 0x0000000083d00000| PB 0x0000000083d00000| Untracked 
|  48|0x0000000083e00000, 0x0000000083e00000, 0x0000000083f00000|  0%| F|  |TAMS 0x0000000083e00000| PB 0x0000000083e00000| Untracked 
|  49|0x0000000083f00000, 0x0000000083f00000, 0x0000000084000000|  0%| F|  |TAMS 0x0000000083f00000| PB 0x0000000083f00000| Untracked 
|  50|0x0000000084000000, 0x0000000084000000, 0x0000000084100000|  0%| F|  |TAMS 0x0000000084000000| PB 0x0000000084000000| Untracked 
|  51|0x0000000084100000, 0x0000000084100000, 0x0000000084200000|  0%| F|  |TAMS 0x0000000084100000| PB 0x0000000084100000| Untracked 
|  52|0x0000000084200000, 0x0000000084200000, 0x0000000084300000|  0%| F|  |TAMS 0x0000000084200000| PB 0x0000000084200000| Untracked 
|  53|0x0000000084300000, 0x0000000084300000, 0x0000000084400000|  0%| F|  |TAMS 0x0000000084300000| PB 0x0000000084300000| Untracked 
|  54|0x0000000084400000, 0x0000000084400000, 0x0000000084500000|  0%| F|  |TAMS 0x0000000084400000| PB 0x0000000084400000| Untracked 
|  55|0x0000000084500000, 0x0000000084500000, 0x0000000084600000|  0%| F|  |TAMS 0x0000000084500000| PB 0x0000000084500000| Untracked 
|  56|0x0000000084600000, 0x0000000084600000, 0x0000000084700000|  0%| F|  |TAMS 0x0000000084600000| PB 0x0000000084600000| Untracked 
|  57|0x0000000084700000, 0x0000000084700000, 0x0000000084800000|  0%| F|  |TAMS 0x0000000084700000| PB 0x0000000084700000| Untracked 
|  58|0x0000000084800000, 0x0000000084800000, 0x0000000084900000|  0%| F|  |TAMS 0x0000000084800000| PB 0x0000000084800000| Untracked 
|  59|0x0000000084900000, 0x0000000084900000, 0x0000000084a00000|  0%| F|  |TAMS 0x0000000084900000| PB 0x0000000084900000| Untracked 
|  60|0x0000000084a00000, 0x0000000084a00000, 0x0000000084b00000|  0%| F|  |TAMS 0x0000000084a00000| PB 0x0000000084a00000| Untracked 
|  61|0x0000000084b00000, 0x0000000084b00000, 0x0000000084c00000|  0%| F|  |TAMS 0x0000000084b00000| PB 0x0000000084b00000| Untracked 
|  62|0x0000000084c00000, 0x0000000084c00000, 0x0000000084d00000|  0%| F|  |TAMS 0x0000000084c00000| PB 0x0000000084c00000| Untracked 
|  63|0x0000000084d00000, 0x0000000084d00000, 0x0000000084e00000|  0%| F|  |TAMS 0x0000000084d00000| PB 0x0000000084d00000| Untracked 
|  64|0x0000000084e00000, 0x0000000084e00000, 0x0000000084f00000|  0%| F|  |TAMS 0x0000000084e00000| PB 0x0000000084e00000| Untracked 
|  65|0x0000000084f00000, 0x0000000084f00000, 0x0000000085000000|  0%| F|  |TAMS 0x0000000084f00000| PB 0x0000000084f00000| Untracked 
|  66|0x0000000085000000, 0x0000000085000000, 0x0000000085100000|  0%| F|  |TAMS 0x0000000085000000| PB 0x0000000085000000| Untracked 
|  67|0x0000000085100000, 0x0000000085100000, 0x0000000085200000|  0%| F|  |TAMS 0x0000000085100000| PB 0x0000000085100000| Untracked 
|  68|0x0000000085200000, 0x0000000085200000, 0x0000000085300000|  0%| F|  |TAMS 0x0000000085200000| PB 0x0000000085200000| Untracked 
|  69|0x0000000085300000, 0x0000000085300000, 0x0000000085400000|  0%| F|  |TAMS 0x0000000085300000| PB 0x0000000085300000| Untracked 
|  70|0x0000000085400000, 0x0000000085400000, 0x0000000085500000|  0%| F|  |TAMS 0x0000000085400000| PB 0x0000000085400000| Untracked 
|  71|0x0000000085500000, 0x0000000085500000, 0x0000000085600000|  0%| F|  |TAMS 0x0000000085500000| PB 0x0000000085500000| Untracked 
|  72|0x0000000085600000, 0x0000000085600000, 0x0000000085700000|  0%| F|  |TAMS 0x0000000085600000| PB 0x0000000085600000| Untracked 
|  73|0x0000000085700000, 0x0000000085700000, 0x0000000085800000|  0%| F|  |TAMS 0x0000000085700000| PB 0x0000000085700000| Untracked 
|  74|0x0000000085800000, 0x0000000085800000, 0x0000000085900000|  0%| F|  |TAMS 0x0000000085800000| PB 0x0000000085800000| Untracked 
|  75|0x0000000085900000, 0x0000000085900000, 0x0000000085a00000|  0%| F|  |TAMS 0x0000000085900000| PB 0x0000000085900000| Untracked 
|  76|0x0000000085a00000, 0x0000000085a00000, 0x0000000085b00000|  0%| F|  |TAMS 0x0000000085a00000| PB 0x0000000085a00000| Untracked 
|  77|0x0000000085b00000, 0x0000000085b00000, 0x0000000085c00000|  0%| F|  |TAMS 0x0000000085b00000| PB 0x0000000085b00000| Untracked 
|  78|0x0000000085c00000, 0x0000000085c00000, 0x0000000085d00000|  0%| F|  |TAMS 0x0000000085c00000| PB 0x0000000085c00000| Untracked 
|  79|0x0000000085d00000, 0x0000000085d00000, 0x0000000085e00000|  0%| F|  |TAMS 0x0000000085d00000| PB 0x0000000085d00000| Untracked 
|  80|0x0000000085e00000, 0x0000000085e00000, 0x0000000085f00000|  0%| F|  |TAMS 0x0000000085e00000| PB 0x0000000085e00000| Untracked 
|  81|0x0000000085f00000, 0x0000000085f00000, 0x0000000086000000|  0%| F|  |TAMS 0x0000000085f00000| PB 0x0000000085f00000| Untracked 
|  82|0x0000000086000000, 0x0000000086000000, 0x0000000086100000|  0%| F|  |TAMS 0x0000000086000000| PB 0x0000000086000000| Untracked 
|  83|0x0000000086100000, 0x0000000086100000, 0x0000000086200000|  0%| F|  |TAMS 0x0000000086100000| PB 0x0000000086100000| Untracked 
|  84|0x0000000086200000, 0x0000000086200000, 0x0000000086300000|  0%| F|  |TAMS 0x0000000086200000| PB 0x0000000086200000| Untracked 
|  85|0x0000000086300000, 0x0000000086300000, 0x0000000086400000|  0%| F|  |TAMS 0x0000000086300000| PB 0x0000000086300000| Untracked 
|  86|0x0000000086400000, 0x0000000086400000, 0x0000000086500000|  0%| F|  |TAMS 0x0000000086400000| PB 0x0000000086400000| Untracked 
|  87|0x0000000086500000, 0x0000000086500000, 0x0000000086600000|  0%| F|  |TAMS 0x0000000086500000| PB 0x0000000086500000| Untracked 
|  88|0x0000000086600000, 0x0000000086600000, 0x0000000086700000|  0%| F|  |TAMS 0x0000000086600000| PB 0x0000000086600000| Untracked 
|  89|0x0000000086700000, 0x0000000086700000, 0x0000000086800000|  0%| F|  |TAMS 0x0000000086700000| PB 0x0000000086700000| Untracked 
|  90|0x0000000086800000, 0x0000000086800000, 0x0000000086900000|  0%| F|  |TAMS 0x0000000086800000| PB 0x0000000086800000| Untracked 
|  91|0x0000000086900000, 0x0000000086900000, 0x0000000086a00000|  0%| F|  |TAMS 0x0000000086900000| PB 0x0000000086900000| Untracked 
|  92|0x0000000086a00000, 0x0000000086a00000, 0x0000000086b00000|  0%| F|  |TAMS 0x0000000086a00000| PB 0x0000000086a00000| Untracked 
|  93|0x0000000086b00000, 0x0000000086b00000, 0x0000000086c00000|  0%| F|  |TAMS 0x0000000086b00000| PB 0x0000000086b00000| Untracked 
|  94|0x0000000086c00000, 0x0000000086c00000, 0x0000000086d00000|  0%| F|  |TAMS 0x0000000086c00000| PB 0x0000000086c00000| Untracked 
|  95|0x0000000086d00000, 0x0000000086d00000, 0x0000000086e00000|  0%| F|  |TAMS 0x0000000086d00000| PB 0x0000000086d00000| Untracked 
|  96|0x0000000086e00000, 0x0000000086ed7100, 0x0000000086f00000| 84%| S|CS|TAMS 0x0000000086e00000| PB 0x0000000086e00000| Complete 
|  97|0x0000000086f00000, 0x0000000087000000, 0x0000000087000000|100%| S|CS|TAMS 0x0000000086f00000| PB 0x0000000086f00000| Complete 
|  98|0x0000000087000000, 0x0000000087100000, 0x0000000087100000|100%| S|CS|TAMS 0x0000000087000000| PB 0x0000000087000000| Complete 
|  99|0x0000000087100000, 0x0000000087200000, 0x0000000087200000|100%| S|CS|TAMS 0x0000000087100000| PB 0x0000000087100000| Complete 
| 100|0x0000000087200000, 0x0000000087200000, 0x0000000087300000|  0%| F|  |TAMS 0x0000000087200000| PB 0x0000000087200000| Untracked 
| 101|0x0000000087300000, 0x0000000087300000, 0x0000000087400000|  0%| F|  |TAMS 0x0000000087300000| PB 0x0000000087300000| Untracked 
| 102|0x0000000087400000, 0x0000000087400000, 0x0000000087500000|  0%| F|  |TAMS 0x0000000087400000| PB 0x0000000087400000| Untracked 
| 103|0x0000000087500000, 0x0000000087500000, 0x0000000087600000|  0%| F|  |TAMS 0x0000000087500000| PB 0x0000000087500000| Untracked 
| 104|0x0000000087600000, 0x0000000087600000, 0x0000000087700000|  0%| F|  |TAMS 0x0000000087600000| PB 0x0000000087600000| Untracked 
| 105|0x0000000087700000, 0x0000000087700000, 0x0000000087800000|  0%| F|  |TAMS 0x0000000087700000| PB 0x0000000087700000| Untracked 
| 106|0x0000000087800000, 0x0000000087800000, 0x0000000087900000|  0%| F|  |TAMS 0x0000000087800000| PB 0x0000000087800000| Untracked 
| 107|0x0000000087900000, 0x0000000087900000, 0x0000000087a00000|  0%| F|  |TAMS 0x0000000087900000| PB 0x0000000087900000| Untracked 
| 108|0x0000000087a00000, 0x0000000087a00000, 0x0000000087b00000|  0%| F|  |TAMS 0x0000000087a00000| PB 0x0000000087a00000| Untracked 
| 109|0x0000000087b00000, 0x0000000087b00000, 0x0000000087c00000|  0%| F|  |TAMS 0x0000000087b00000| PB 0x0000000087b00000| Untracked 
| 110|0x0000000087c00000, 0x0000000087c00000, 0x0000000087d00000|  0%| F|  |TAMS 0x0000000087c00000| PB 0x0000000087c00000| Untracked 
| 111|0x0000000087d00000, 0x0000000087d00000, 0x0000000087e00000|  0%| F|  |TAMS 0x0000000087d00000| PB 0x0000000087d00000| Untracked 
| 112|0x0000000087e00000, 0x0000000087e00000, 0x0000000087f00000|  0%| F|  |TAMS 0x0000000087e00000| PB 0x0000000087e00000| Untracked 
| 113|0x0000000087f00000, 0x0000000087f00000, 0x0000000088000000|  0%| F|  |TAMS 0x0000000087f00000| PB 0x0000000087f00000| Untracked 
| 114|0x0000000088000000, 0x0000000088000000, 0x0000000088100000|  0%| F|  |TAMS 0x0000000088000000| PB 0x0000000088000000| Untracked 
| 115|0x0000000088100000, 0x0000000088100000, 0x0000000088200000|  0%| F|  |TAMS 0x0000000088100000| PB 0x0000000088100000| Untracked 
| 116|0x0000000088200000, 0x0000000088200000, 0x0000000088300000|  0%| F|  |TAMS 0x0000000088200000| PB 0x0000000088200000| Untracked 
| 117|0x0000000088300000, 0x0000000088300000, 0x0000000088400000|  0%| F|  |TAMS 0x0000000088300000| PB 0x0000000088300000| Untracked 
| 118|0x0000000088400000, 0x0000000088400000, 0x0000000088500000|  0%| F|  |TAMS 0x0000000088400000| PB 0x0000000088400000| Untracked 
| 119|0x0000000088500000, 0x0000000088500000, 0x0000000088600000|  0%| F|  |TAMS 0x0000000088500000| PB 0x0000000088500000| Untracked 
| 120|0x0000000088600000, 0x0000000088600000, 0x0000000088700000|  0%| F|  |TAMS 0x0000000088600000| PB 0x0000000088600000| Untracked 
| 121|0x0000000088700000, 0x00000000887e7c18, 0x0000000088800000| 90%| E|  |TAMS 0x0000000088700000| PB 0x0000000088700000| Complete 
| 122|0x0000000088800000, 0x0000000088900000, 0x0000000088900000|100%| E|CS|TAMS 0x0000000088800000| PB 0x0000000088800000| Complete 
| 123|0x0000000088900000, 0x0000000088a00000, 0x0000000088a00000|100%| E|CS|TAMS 0x0000000088900000| PB 0x0000000088900000| Complete 
| 124|0x0000000088a00000, 0x0000000088b00000, 0x0000000088b00000|100%| E|CS|TAMS 0x0000000088a00000| PB 0x0000000088a00000| Complete 
| 125|0x0000000088b00000, 0x0000000088c00000, 0x0000000088c00000|100%| E|CS|TAMS 0x0000000088b00000| PB 0x0000000088b00000| Complete 
| 126|0x0000000088c00000, 0x0000000088d00000, 0x0000000088d00000|100%| E|CS|TAMS 0x0000000088c00000| PB 0x0000000088c00000| Complete 
| 127|0x0000000088d00000, 0x0000000088e00000, 0x0000000088e00000|100%| E|CS|TAMS 0x0000000088d00000| PB 0x0000000088d00000| Complete 

Card table byte_map: [0x00000275ff340000,0x00000275ff740000] _byte_map_base: 0x00000275fef39000

Marking Bits: (CMBitMap*) 0x00000275f6b36810
 Bits: [0x000002758f000000, 0x0000027590fc8000)

Polling page: 0x00000275f62a0000

Metaspace:

Usage:
  Non-class:     12.55 MB used.
      Class:      1.70 MB used.
       Both:     14.24 MB used.

Virtual space:
  Non-class space:       64.00 MB reserved,      12.69 MB ( 20%) committed,  1 nodes.
      Class space:        1.00 GB reserved,       1.88 MB ( <1%) committed,  1 nodes.
             Both:        1.06 GB reserved,      14.56 MB (  1%) committed. 

Chunk freelists:
   Non-Class:  3.11 MB
       Class:  13.98 MB
        Both:  17.09 MB

MaxMetaspaceSize: unlimited
CompressedClassSpaceSize: 1.00 GB
Initial GC threshold: 21.00 MB
Current GC threshold: 21.00 MB
CDS: on
 - commit_granule_bytes: 65536.
 - commit_granule_words: 8192.
 - virtual_space_node_default_size: 8388608.
 - enlarge_chunks_in_place: 1.
 - use_allocation_guard: 0.


Internal statistics:

num_allocs_failed_limit: 0.
num_arena_births: 266.
num_arena_deaths: 0.
num_vsnodes_births: 2.
num_vsnodes_deaths: 0.
num_space_committed: 232.
num_space_uncommitted: 0.
num_chunks_returned_to_freelist: 0.
num_chunks_taken_from_freelist: 646.
num_chunk_merges: 0.
num_chunk_splits: 433.
num_chunks_enlarged: 313.
num_inconsistent_stats: 0.

CodeHeap 'non-profiled nmethods': size=120000Kb used=870Kb max_used=870Kb free=119130Kb
 bounds [0x0000027587ad0000, 0x0000027587d40000, 0x000002758f000000]
CodeHeap 'profiled nmethods': size=120000Kb used=4293Kb max_used=4293Kb free=115706Kb
 bounds [0x0000027580000000, 0x0000027580440000, 0x0000027587530000]
CodeHeap 'non-nmethods': size=5760Kb used=1495Kb max_used=1529Kb free=4264Kb
 bounds [0x0000027587530000, 0x00000275877a0000, 0x0000027587ad0000]
 total_blobs=2710 nmethods=2135 adapters=479
 compilation: enabled
              stopped_count=0, restarted_count=0
 full_count=0

Compilation events (20 events):
Event: 2.394 Thread 0x00000275ffc24f80 2128       3       java.lang.StringUTF16::putCharSB (12 bytes)
Event: 2.394 Thread 0x00000275ffc24f80 nmethod 2128 0x000002758042bc90 code [0x000002758042be40, 0x000002758042c0a0]
Event: 2.394 Thread 0x00000275ffc24f80 2129  s    3       java.lang.StringBuffer::append (13 bytes)
Event: 2.394 Thread 0x00000275ffc24f80 nmethod 2129 0x000002758042c210 code [0x000002758042c3c0, 0x000002758042c600]
Event: 2.395 Thread 0x00000275ffc24f80 2130       3       java.nio.ByteBuffer::<init> (47 bytes)
Event: 2.395 Thread 0x00000275ffc24f80 nmethod 2130 0x000002758042c690 code [0x000002758042c840, 0x000002758042ca60]
Event: 2.396 Thread 0x00000275ffc24f80 2131       3       freemarker.core.FMParser::notListLiteral (48 bytes)
Event: 2.396 Thread 0x00000275d98c99f0 nmethod 2122 0x0000027587ba6310 code [0x0000027587ba64c0, 0x0000027587ba6900]
Event: 2.396 Thread 0x00000275d98c99f0 2123       4       jdk.internal.loader.URLClassPath$JarLoader::findResource (18 bytes)
Event: 2.396 Thread 0x00000275ffc24f80 nmethod 2131 0x000002758042cb90 code [0x000002758042ce00, 0x000002758042d720]
Event: 2.396 Thread 0x00000275ffc24f80 2132   !   3       freemarker.core.FMParserTokenManager::jjMoveStringLiteralDfa1_2 (434 bytes)
Event: 2.397 Thread 0x00000275d98c99f0 nmethod 2123 0x0000027587ba6b90 code [0x0000027587ba6d20, 0x0000027587ba6e08]
Event: 2.398 Thread 0x00000275ffc24f80 nmethod 2132 0x000002758042da90 code [0x000002758042dde0, 0x000002758042efc8]
Event: 2.398 Thread 0x00000275ffc24f80 2133       3       freemarker.core.FMParser::UnaryExpression (305 bytes)
Event: 2.398 Thread 0x00000275ffc51200 nmethod 2097 0x0000027587ba6f10 code [0x0000027587ba7200, 0x0000027587ba8c78]
Event: 2.398 Thread 0x00000275ffc24f80 nmethod 2133 0x000002758042f390 code [0x000002758042f5c0, 0x000002758042fe48]
Event: 2.398 Thread 0x00000275ffc24f80 2135       3       freemarker.core.TextBlock::isIgnorable (100 bytes)
Event: 2.399 Thread 0x00000275ffc24f80 nmethod 2135 0x0000027580430010 code [0x0000027580430260, 0x0000027580430d28]
Event: 2.399 Thread 0x00000275ffc24f80 2134       3       freemarker.core.TextBlock::isTopLevelTextIfParentIs (24 bytes)
Event: 2.399 Thread 0x00000275ffc24f80 nmethod 2134 0x0000027580431010 code [0x00000275804311c0, 0x00000275804314a8]

GC Heap History (6 events):
Event: 0.522 GC heap before
{Heap before GC invocations=0 (full 0):
 garbage-first heap   total 131072K, used 14336K [0x0000000080e00000, 0x0000000100000000)
  region size 1024K, 13 young (13312K), 0 survivors (0K)
 Metaspace       used 1802K, committed 1984K, reserved 1114112K
  class space    used 155K, committed 256K, reserved 1048576K
}
Event: 0.528 GC heap after
{Heap after GC invocations=1 (full 0):
 garbage-first heap   total 131072K, used 8319K [0x0000000080e00000, 0x0000000100000000)
  region size 1024K, 2 young (2048K), 2 survivors (2048K)
 Metaspace       used 1802K, committed 1984K, reserved 1114112K
  class space    used 155K, committed 256K, reserved 1048576K
}
Event: 0.979 GC heap before
{Heap before GC invocations=1 (full 0):
 garbage-first heap   total 131072K, used 18559K [0x0000000080e00000, 0x0000000100000000)
  region size 1024K, 12 young (12288K), 2 survivors (2048K)
 Metaspace       used 6847K, committed 7040K, reserved 1114112K
  class space    used 752K, committed 832K, reserved 1048576K
}
Event: 0.982 GC heap after
{Heap after GC invocations=2 (full 0):
 garbage-first heap   total 131072K, used 9818K [0x0000000080e00000, 0x0000000100000000)
  region size 1024K, 2 young (2048K), 2 survivors (2048K)
 Metaspace       used 6847K, committed 7040K, reserved 1114112K
  class space    used 752K, committed 832K, reserved 1048576K
}
Event: 2.197 GC heap before
{Heap before GC invocations=2 (full 0):
 garbage-first heap   total 131072K, used 35418K [0x0000000080e00000, 0x0000000100000000)
  region size 1024K, 28 young (28672K), 2 survivors (2048K)
 Metaspace       used 13250K, committed 13568K, reserved 1114112K
  class space    used 1516K, committed 1664K, reserved 1048576K
}
Event: 2.202 GC heap after
{Heap after GC invocations=3 (full 0):
 garbage-first heap   total 131072K, used 12372K [0x0000000080e00000, 0x0000000100000000)
  region size 1024K, 4 young (4096K), 4 survivors (4096K)
 Metaspace       used 13250K, committed 13568K, reserved 1114112K
  class space    used 1516K, committed 1664K, reserved 1048576K
}

Dll operation events (7 events):
Event: 0.011 Loaded shared library C:\Program Files\Java\jdk-21\bin\java.dll
Event: 0.051 Loaded shared library C:\Program Files\Java\jdk-21\bin\jsvml.dll
Event: 0.209 Loaded shared library C:\Program Files\Java\jdk-21\bin\net.dll
Event: 0.212 Loaded shared library C:\Program Files\Java\jdk-21\bin\nio.dll
Event: 0.217 Loaded shared library C:\Program Files\Java\jdk-21\bin\zip.dll
Event: 0.341 Loaded shared library C:\Program Files\Java\jdk-21\bin\jimage.dll
Event: 0.598 Loaded shared library C:\Program Files\Java\jdk-21\bin\extnet.dll

Deoptimization events (20 events):
Event: 2.307 Thread 0x00000275f491e4f0 Uncommon trap: trap_request=0xffffff45 fr.pc=0x0000027587ae61a8 relative=0x0000000000000188
Event: 2.307 Thread 0x00000275f491e4f0 Uncommon trap: reason=unstable_if action=reinterpret pc=0x0000027587ae61a8 method=java.lang.String.equals(Ljava/lang/Object;)Z @ 33 c2
Event: 2.307 Thread 0x00000275f491e4f0 DEOPT PACKING pc=0x0000027587ae61a8 sp=0x000000d85fdfddd0
Event: 2.307 Thread 0x00000275f491e4f0 DEOPT UNPACKING pc=0x00000275875846a2 sp=0x000000d85fdfdd60 mode 2
Event: 2.334 Thread 0x00000275f491e4f0 Uncommon trap: trap_request=0xffffffde fr.pc=0x0000027587b848d8 relative=0x0000000000000898
Event: 2.334 Thread 0x00000275f491e4f0 Uncommon trap: reason=class_check action=maybe_recompile pc=0x0000027587b848d8 method=java.util.HashMap.putVal(ILjava/lang/Object;Ljava/lang/Object;ZZ)Ljava/lang/Object; @ 203 c2
Event: 2.334 Thread 0x00000275f491e4f0 DEOPT PACKING pc=0x0000027587b848d8 sp=0x000000d85fdfe3d0
Event: 2.334 Thread 0x00000275f491e4f0 DEOPT UNPACKING pc=0x00000275875846a2 sp=0x000000d85fdfe2f8 mode 2
Event: 2.352 Thread 0x00000275f491e4f0 Uncommon trap: trap_request=0xffffffde fr.pc=0x0000027587b848d8 relative=0x0000000000000898
Event: 2.352 Thread 0x00000275f491e4f0 Uncommon trap: reason=class_check action=maybe_recompile pc=0x0000027587b848d8 method=java.util.HashMap.putVal(ILjava/lang/Object;Ljava/lang/Object;ZZ)Ljava/lang/Object; @ 203 c2
Event: 2.352 Thread 0x00000275f491e4f0 DEOPT PACKING pc=0x0000027587b848d8 sp=0x000000d85fdfe550
Event: 2.352 Thread 0x00000275f491e4f0 DEOPT UNPACKING pc=0x00000275875846a2 sp=0x000000d85fdfe478 mode 2
Event: 2.352 Thread 0x00000275f491e4f0 Uncommon trap: trap_request=0xffffffde fr.pc=0x0000027587b848d8 relative=0x0000000000000898
Event: 2.352 Thread 0x00000275f491e4f0 Uncommon trap: reason=class_check action=maybe_recompile pc=0x0000027587b848d8 method=java.util.HashMap.putVal(ILjava/lang/Object;Ljava/lang/Object;ZZ)Ljava/lang/Object; @ 203 c2
Event: 2.352 Thread 0x00000275f491e4f0 DEOPT PACKING pc=0x0000027587b848d8 sp=0x000000d85fdfe4c0
Event: 2.352 Thread 0x00000275f491e4f0 DEOPT UNPACKING pc=0x00000275875846a2 sp=0x000000d85fdfe3e8 mode 2
Event: 2.381 Thread 0x00000275f491e4f0 Uncommon trap: trap_request=0xffffff45 fr.pc=0x0000027587b6563c relative=0x000000000000009c
Event: 2.381 Thread 0x00000275f491e4f0 Uncommon trap: reason=unstable_if action=reinterpret pc=0x0000027587b6563c method=java.lang.CharacterDataLatin1.isWhitespace(I)Z @ 14 c2
Event: 2.381 Thread 0x00000275f491e4f0 DEOPT PACKING pc=0x0000027587b6563c sp=0x000000d85fdfe270
Event: 2.381 Thread 0x00000275f491e4f0 DEOPT UNPACKING pc=0x00000275875846a2 sp=0x000000d85fdfe1e0 mode 2

Classes loaded (20 events):
Event: 2.330 Loading class java/util/stream/ReferencePipeline$5
Event: 2.330 Loading class java/util/stream/LongPipeline$StatelessOp
Event: 2.330 Loading class java/util/stream/LongPipeline
Event: 2.331 Loading class java/util/stream/LongStream
Event: 2.331 Loading class java/util/stream/LongStream done
Event: 2.331 Loading class java/util/stream/LongPipeline done
Event: 2.331 Loading class java/util/stream/LongPipeline$StatelessOp done
Event: 2.331 Loading class java/util/stream/ReferencePipeline$5 done
Event: 2.331 Loading class java/util/function/LongBinaryOperator
Event: 2.331 Loading class java/util/function/LongBinaryOperator done
Event: 2.332 Loading class java/util/stream/ReduceOps$10
Event: 2.332 Loading class java/util/stream/ReduceOps$10 done
Event: 2.332 Loading class java/util/stream/ReduceOps$8ReducingSink
Event: 2.332 Loading class java/util/stream/Sink$OfLong
Event: 2.332 Loading class java/util/stream/Sink$OfLong done
Event: 2.332 Loading class java/util/stream/ReduceOps$8ReducingSink done
Event: 2.332 Loading class java/util/stream/ReferencePipeline$5$1
Event: 2.332 Loading class java/util/stream/ReferencePipeline$5$1 done
Event: 2.338 Loading class java/math/BigDecimal$StringBuilderHelper
Event: 2.339 Loading class java/math/BigDecimal$StringBuilderHelper done

Classes unloaded (0 events):
No events

Classes redefined (0 events):
No events

Internal exceptions (20 events):
Event: 2.271 Thread 0x00000275f491e4f0 Exception <a 'java/lang/ClassNotFoundException'{0x0000000088a20780}: com/aventstack/extentreports/reporter/AbstractFilterableReporterCustomizer> (0x0000000088a20780) 
thrown [s\open\src\hotspot\share\classfile\systemDictionary.cpp, line 312]
Event: 2.272 Thread 0x00000275f491e4f0 Exception <a 'java/lang/ClassNotFoundException'{0x0000000088a2f8c0}: com/aventstack/extentreports/reporter/AbstractFileReporterCustomizer> (0x0000000088a2f8c0) 
thrown [s\open\src\hotspot\share\classfile\systemDictionary.cpp, line 312]
Event: 2.274 Thread 0x00000275f491e4f0 Exception <a 'java/lang/ClassNotFoundException'{0x0000000088a39e40}: com/aventstack/extentreports/reporter/ExtentSparkReporterCustomizer> (0x0000000088a39e40) 
thrown [s\open\src\hotspot\share\classfile\systemDictionary.cpp, line 312]
Event: 2.278 Thread 0x00000275f491e4f0 Exception <a 'java/lang/ClassNotFoundException'{0x0000000088a658b0}: com/aventstack/extentreports/reporter/configuration/ExtentSparkReporterConfigBeanInfo> (0x0000000088a658b0) 
thrown [s\open\src\hotspot\share\classfile\systemDictionary.cpp, line 312]
Event: 2.279 Thread 0x00000275f491e4f0 Exception <a 'java/lang/ClassNotFoundException'{0x0000000088a6c058}: com/aventstack/extentreports/reporter/configuration/InteractiveReporterConfigBeanInfo> (0x0000000088a6c058) 
thrown [s\open\src\hotspot\share\classfile\systemDictionary.cpp, line 312]
Event: 2.279 Thread 0x00000275f491e4f0 Exception <a 'java/lang/ClassNotFoundException'{0x0000000088a72710}: com/aventstack/extentreports/reporter/configuration/FileReporterConfigBeanInfo> (0x0000000088a72710) 
thrown [s\open\src\hotspot\share\classfile\systemDictionary.cpp, line 312]
Event: 2.280 Thread 0x00000275f491e4f0 Exception <a 'java/lang/ClassNotFoundException'{0x0000000088a78e10}: com/aventstack/extentreports/reporter/configuration/AbstractConfigurationBeanInfo> (0x0000000088a78e10) 
thrown [s\open\src\hotspot\share\classfile\systemDictionary.cpp, line 312]
Event: 2.280 Thread 0x00000275f491e4f0 Exception <a 'java/lang/ClassNotFoundException'{0x0000000088a7f570}: com/aventstack/extentreports/reporter/configuration/AbstractConfigurationCustomizer> (0x0000000088a7f570) 
thrown [s\open\src\hotspot\share\classfile\systemDictionary.cpp, line 312]
Event: 2.281 Thread 0x00000275f491e4f0 Exception <a 'java/lang/ClassNotFoundException'{0x0000000088a8c410}: com/aventstack/extentreports/reporter/configuration/FileReporterConfigCustomizer> (0x0000000088a8c410) 
thrown [s\open\src\hotspot\share\classfile\systemDictionary.cpp, line 312]
Event: 2.282 Thread 0x00000275f491e4f0 Exception <a 'java/lang/ClassNotFoundException'{0x0000000088a97718}: com/aventstack/extentreports/reporter/configuration/InteractiveReporterConfigCustomizer> (0x0000000088a97718) 
thrown [s\open\src\hotspot\share\classfile\systemDictionary.cpp, line 312]
Event: 2.284 Thread 0x00000275f491e4f0 Exception <a 'java/lang/ClassNotFoundException'{0x0000000088aa90d0}: com/aventstack/extentreports/reporter/configuration/ExtentSparkReporterConfigCustomizer> (0x0000000088aa90d0) 
thrown [s\open\src\hotspot\share\classfile\systemDictionary.cpp, line 312]
Event: 2.287 Thread 0x00000275f491e4f0 Exception <a 'java/lang/ClassNotFoundException'{0x0000000088abec78}: com/aventstack/extentreports/reporter/configuration/ThemeBeanInfo> (0x0000000088abec78) 
thrown [s\open\src\hotspot\share\classfile\systemDictionary.cpp, line 312]
Event: 2.287 Thread 0x00000275f491e4f0 Exception <a 'java/lang/ClassNotFoundException'{0x0000000088ac4be8}: com/aventstack/extentreports/reporter/configuration/ThemeCustomizer> (0x0000000088ac4be8) 
thrown [s\open\src\hotspot\share\classfile\systemDictionary.cpp, line 312]
Event: 2.289 Thread 0x00000275f491e4f0 Exception <a 'java/lang/ClassNotFoundException'{0x0000000088ad5b18}: com/aventstack/extentreports/model/ReportBeanInfo> (0x0000000088ad5b18) 
thrown [s\open\src\hotspot\share\classfile\systemDictionary.cpp, line 312]
Event: 2.290 Thread 0x00000275f491e4f0 Exception <a 'java/lang/ClassNotFoundException'{0x0000000088adb268}: com/aventstack/extentreports/model/ReportCustomizer> (0x0000000088adb268) 
thrown [s\open\src\hotspot\share\classfile\systemDictionary.cpp, line 312]
Event: 2.293 Thread 0x00000275f491e4f0 Exception <a 'java/lang/ClassNotFoundException'{0x0000000088aff8a0}: com/aventstack/extentreports/model/ReportStatsBeanInfo> (0x0000000088aff8a0) 
thrown [s\open\src\hotspot\share\classfile\systemDictionary.cpp, line 312]
Event: 2.293 Thread 0x00000275f491e4f0 Exception <a 'java/lang/ClassNotFoundException'{0x0000000088905840}: com/aventstack/extentreports/model/ReportStatsCustomizer> (0x0000000088905840) 
thrown [s\open\src\hotspot\share\classfile\systemDictionary.cpp, line 312]
Event: 2.297 Thread 0x00000275f491e4f0 Exception <a 'java/lang/ClassNotFoundException'{0x0000000088920b78}: com/aventstack/extentreports/AnalysisStrategyBeanInfo> (0x0000000088920b78) 
thrown [s\open\src\hotspot\share\classfile\systemDictionary.cpp, line 312]
Event: 2.297 Thread 0x00000275f491e4f0 Exception <a 'java/lang/ClassNotFoundException'{0x00000000889265c0}: com/aventstack/extentreports/AnalysisStrategyCustomizer> (0x00000000889265c0) 
thrown [s\open\src\hotspot\share\classfile\systemDictionary.cpp, line 312]
Event: 2.330 Thread 0x00000275f491e4f0 Exception <a 'java/lang/NoSuchMethodError'{0x00000000889f7fc0}: 'long java.lang.invoke.DirectMethodHandle$Holder.invokeSpecial(java.lang.Object, java.lang.Object)'> (0x00000000889f7fc0) 
thrown [s\open\src\hotspot\share\interpreter\linkResolver.cpp, line 773]

ZGC Phase Switch (0 events):
No events

VM Operations (20 events):
Event: 0.769 Executing VM operation: HandshakeAllThreads (Deoptimize)
Event: 0.769 Executing VM operation: HandshakeAllThreads (Deoptimize) done
Event: 0.978 Executing VM operation: G1CollectForAllocation (G1 Evacuation Pause)
Event: 0.982 Executing VM operation: G1CollectForAllocation (G1 Evacuation Pause) done
Event: 1.037 Executing VM operation: HandshakeAllThreads (Deoptimize)
Event: 1.037 Executing VM operation: HandshakeAllThreads (Deoptimize) done
Event: 1.194 Executing VM operation: HandshakeAllThreads (Deoptimize)
Event: 1.194 Executing VM operation: HandshakeAllThreads (Deoptimize) done
Event: 1.418 Executing VM operation: HandshakeAllThreads (Deoptimize)
Event: 1.418 Executing VM operation: HandshakeAllThreads (Deoptimize) done
Event: 1.418 Executing VM operation: HandshakeAllThreads (Deoptimize)
Event: 1.418 Executing VM operation: HandshakeAllThreads (Deoptimize) done
Event: 1.449 Executing VM operation: HandshakeAllThreads (Deoptimize)
Event: 1.449 Executing VM operation: HandshakeAllThreads (Deoptimize) done
Event: 1.510 Executing VM operation: HandshakeAllThreads (Deoptimize)
Event: 1.510 Executing VM operation: HandshakeAllThreads (Deoptimize) done
Event: 2.041 Executing VM operation: ICBufferFull
Event: 2.041 Executing VM operation: ICBufferFull done
Event: 2.197 Executing VM operation: G1CollectForAllocation (G1 Evacuation Pause)
Event: 2.202 Executing VM operation: G1CollectForAllocation (G1 Evacuation Pause) done

Events (19 events):
Event: 0.028 Thread 0x00000275f491e4f0 Thread added: 0x00000275f491e4f0
Event: 0.047 Thread 0x00000275ffc16090 Thread added: 0x00000275ffc16090
Event: 0.047 Thread 0x00000275ffc16cf0 Thread added: 0x00000275ffc16cf0
Event: 0.048 Thread 0x00000275ffc19380 Thread added: 0x00000275ffc19380
Event: 0.048 Thread 0x00000275ffc1c070 Thread added: 0x00000275ffc1c070
Event: 0.048 Thread 0x00000275ffc20ef0 Thread added: 0x00000275ffc20ef0
Event: 0.049 Thread 0x00000275ffc24110 Thread added: 0x00000275ffc24110
Event: 0.049 Thread 0x00000275ffc51200 Thread added: 0x00000275ffc51200
Event: 0.049 Thread 0x00000275ffc24f80 Thread added: 0x00000275ffc24f80
Event: 0.202 Thread 0x00000275d830c310 Thread added: 0x00000275d830c310
Event: 0.206 Thread 0x00000275d830af60 Thread added: 0x00000275d830af60
Event: 0.319 Thread 0x00000275d83e7160 Thread added: 0x00000275d83e7160
Event: 0.606 Thread 0x00000275d830a8d0 Thread added: 0x00000275d830a8d0
Event: 1.418 Thread 0x00000275d830b5f0 Thread added: 0x00000275d830b5f0
Event: 1.860 Thread 0x00000275d83e7160 Thread exited: 0x00000275d83e7160
Event: 1.870 Thread 0x00000275d830c9a0 Thread added: 0x00000275d830c9a0
Event: 1.946 Thread 0x00000275d830c9a0 Thread exited: 0x00000275d830c9a0
Event: 1.979 Thread 0x00000275d98c99f0 Thread added: 0x00000275d98c99f0
Event: 2.027 Thread 0x00000275d830b5f0 Thread exited: 0x00000275d830b5f0


Dynamic libraries:
0x00007ff798840000 - 0x00007ff798850000 	C:\Program Files\Java\jdk-21\bin\javaw.exe
0x00007ffa403d0000 - 0x00007ffa405c8000 	C:\Windows\SYSTEM32\ntdll.dll
0x00007ffa3f550000 - 0x00007ffa3f611000 	C:\Windows\System32\KERNEL32.DLL
0x00007ffa3dab0000 - 0x00007ffa3dda6000 	C:\Windows\System32\KERNELBASE.dll
0x00007ffa3e110000 - 0x00007ffa3e210000 	C:\Windows\System32\ucrtbase.dll
0x00007ffa37790000 - 0x00007ffa377ab000 	C:\Program Files\Java\jdk-21\bin\VCRUNTIME140.dll
0x00007ffa377b0000 - 0x00007ffa377c9000 	C:\Program Files\Java\jdk-21\bin\jli.dll
0x00007ffa3f680000 - 0x00007ffa3f730000 	C:\Windows\System32\ADVAPI32.dll
0x00007ffa3e9e0000 - 0x00007ffa3ea7e000 	C:\Windows\System32\msvcrt.dll
0x00007ffa402f0000 - 0x00007ffa40390000 	C:\Windows\System32\sechost.dll
0x00007ffa3fa90000 - 0x00007ffa3fbb3000 	C:\Windows\System32\RPCRT4.dll
0x00007ffa3da80000 - 0x00007ffa3daa7000 	C:\Windows\System32\bcrypt.dll
0x00007ffa3f270000 - 0x00007ffa3f40f000 	C:\Windows\System32\USER32.dll
0x00007ffa3e030000 - 0x00007ffa3e052000 	C:\Windows\System32\win32u.dll
0x00007ffa3e820000 - 0x00007ffa3e84b000 	C:\Windows\System32\GDI32.dll
0x00007ffa2ce30000 - 0x00007ffa2d0ca000 	C:\Windows\WinSxS\amd64_microsoft.windows.common-controls_6595b64144ccf1df_6.0.19041.4355_none_60b8b9eb71f62e16\COMCTL32.dll
0x00007ffa3df10000 - 0x00007ffa3e027000 	C:\Windows\System32\gdi32full.dll
0x00007ffa3e2a0000 - 0x00007ffa3e33d000 	C:\Windows\System32\msvcp_win.dll
0x00007ffa35e50000 - 0x00007ffa35e5a000 	C:\Windows\SYSTEM32\VERSION.dll
0x00007ffa402c0000 - 0x00007ffa402ef000 	C:\Windows\System32\IMM32.DLL
0x00007ffa37760000 - 0x00007ffa3776c000 	C:\Program Files\Java\jdk-21\bin\vcruntime140_1.dll
0x00007ffa24440000 - 0x00007ffa244ce000 	C:\Program Files\Java\jdk-21\bin\msvcp140.dll
0x00007ffa13030000 - 0x00007ffa13d47000 	C:\Program Files\Java\jdk-21\bin\server\jvm.dll
0x00007ffa3e4e0000 - 0x00007ffa3e54b000 	C:\Windows\System32\WS2_32.dll
0x00007ffa3d8d0000 - 0x00007ffa3d91b000 	C:\Windows\SYSTEM32\POWRPROF.dll
0x00007ffa34910000 - 0x00007ffa34937000 	C:\Windows\SYSTEM32\WINMM.dll
0x00007ffa3d8a0000 - 0x00007ffa3d8b2000 	C:\Windows\SYSTEM32\UMPDC.dll
0x00007ffa3b8c0000 - 0x00007ffa3b8d2000 	C:\Windows\SYSTEM32\kernel.appcore.dll
0x00007ffa375f0000 - 0x00007ffa375fa000 	C:\Program Files\Java\jdk-21\bin\jimage.dll
0x00007ffa23c00000 - 0x00007ffa23de4000 	C:\Windows\SYSTEM32\DBGHELP.DLL
0x00007ffa23bc0000 - 0x00007ffa23bf4000 	C:\Windows\SYSTEM32\dbgcore.DLL
0x00007ffa3e210000 - 0x00007ffa3e292000 	C:\Windows\System32\bcryptPrimitives.dll
0x00007ffa2fef0000 - 0x00007ffa2ff0f000 	C:\Program Files\Java\jdk-21\bin\java.dll
0x00007ffa3eb00000 - 0x00007ffa3f26c000 	C:\Windows\System32\SHELL32.dll
0x00007ffa3bac0000 - 0x00007ffa3c25e000 	C:\Windows\SYSTEM32\windows.storage.dll
0x00007ffa3f730000 - 0x00007ffa3fa83000 	C:\Windows\System32\combase.dll
0x00007ffa3d3d0000 - 0x00007ffa3d3fe000 	C:\Windows\SYSTEM32\Wldp.dll
0x00007ffa3e6a0000 - 0x00007ffa3e76d000 	C:\Windows\System32\OLEAUT32.dll
0x00007ffa3e770000 - 0x00007ffa3e81d000 	C:\Windows\System32\SHCORE.dll
0x00007ffa3eaa0000 - 0x00007ffa3eaf5000 	C:\Windows\System32\shlwapi.dll
0x00007ffa3d9b0000 - 0x00007ffa3d9d4000 	C:\Windows\SYSTEM32\profapi.dll
0x00007ffa15f00000 - 0x00007ffa15fd7000 	C:\Program Files\Java\jdk-21\bin\jsvml.dll
0x00007ffa30690000 - 0x00007ffa306a0000 	C:\Program Files\Java\jdk-21\bin\net.dll
0x00007ffa33580000 - 0x00007ffa3368a000 	C:\Windows\SYSTEM32\WINHTTP.dll
0x00007ffa3d130000 - 0x00007ffa3d19a000 	C:\Windows\system32\mswsock.dll
0x00007ffa2fd10000 - 0x00007ffa2fd26000 	C:\Program Files\Java\jdk-21\bin\nio.dll
0x00007ffa2fcf0000 - 0x00007ffa2fd08000 	C:\Program Files\Java\jdk-21\bin\zip.dll
0x00007ffa3ce50000 - 0x00007ffa3cf1a000 	C:\Windows\SYSTEM32\DNSAPI.dll
0x00007ffa3ce10000 - 0x00007ffa3ce4b000 	C:\Windows\SYSTEM32\IPHLPAPI.DLL
0x00007ffa3f410000 - 0x00007ffa3f418000 	C:\Windows\System32\NSI.dll
0x00007ffa34d10000 - 0x00007ffa34d1a000 	C:\Windows\System32\rasadhlp.dll
0x00007ffa2fe00000 - 0x00007ffa2fe80000 	C:\Windows\System32\fwpuclnt.dll
0x00007ffa300c0000 - 0x00007ffa300c9000 	C:\Program Files\Java\jdk-21\bin\extnet.dll
0x00007ffa3d330000 - 0x00007ffa3d348000 	C:\Windows\SYSTEM32\CRYPTSP.dll
0x00007ffa3ca50000 - 0x00007ffa3ca84000 	C:\Windows\system32\rsaenh.dll
0x00007ffa3d960000 - 0x00007ffa3d98e000 	C:\Windows\SYSTEM32\USERENV.dll
0x00007ffa3d320000 - 0x00007ffa3d32c000 	C:\Windows\SYSTEM32\CRYPTBASE.dll
0x00007ffa3abb0000 - 0x00007ffa3ac44000 	C:\Windows\system32\apphelp.dll
0x00007ffa22190000 - 0x00007ffa221a7000 	C:\Windows\system32\napinsp.dll
0x00007ffa22170000 - 0x00007ffa2218b000 	C:\Windows\system32\pnrpnsp.dll
0x00007ffa22150000 - 0x00007ffa22165000 	C:\Windows\system32\wshbth.dll
0x00007ffa38240000 - 0x00007ffa3825d000 	C:\Windows\system32\NLAapi.dll
0x00007ffa22130000 - 0x00007ffa22142000 	C:\Windows\System32\winrnr.dll

dbghelp: loaded successfully - version: 4.0.5 - missing functions: none
symbol engine: initialized successfully - sym options: 0x614 - pdb path: .;C:\Program Files\Java\jdk-21\bin;C:\Windows\SYSTEM32;C:\Windows\WinSxS\amd64_microsoft.windows.common-controls_6595b64144ccf1df_6.0.19041.4355_none_60b8b9eb71f62e16;C:\Program Files\Java\jdk-21\bin\server

VM Arguments:
jvm_args: -ea -Dfile.encoding=UTF-8 -Dstdout.encoding=UTF-8 -Dstderr.encoding=UTF-8 -XX:+ShowCodeDetailsInExceptionMessages 
java_command: org.testng.remote.RemoteTestNG -serport 59653 -protocol json -d D:\Source code\vision\test-output D:\Source code\vision\test-output\Testng-ETL\testngETL_VAT.xml
java_class_path (initial): D:\Softwares\sts-4.20.0.RELEASE\configuration\org.eclipse.osgi\580\0\.cp\lib\testng-remote.jar;D:\Source code\vision\target\test-classes;D:\Source code\vision\target\classes;D:\Softwares\sts-4.20.0.RELEASE\plugins\org.testng_7.4.0.r202105021533.jar;D:\Softwares\sts-4.20.0.RELEASE\plugins\com.beust.jcommander_1.78.0.jar;D:\Softwares\sts-4.20.0.RELEASE\plugins\org.apache-extras.beanshell.bsh_2.0.0.b6.jar;D:\Softwares\sts-4.20.0.RELEASE\plugins\org.yaml.snakeyaml_1.21.0.jar;D:\Softwares\sts-4.20.0.RELEASE\plugins\org.webjars.jquery_3.5.1.jar;C:\Users\Welcome\.m2\repository\org\springframework\boot\spring-boot-starter\3.2.0\spring-boot-starter-3.2.0.jar;C:\Users\Welcome\.m2\repository\org\springframework\boot\spring-boot\3.2.0\spring-boot-3.2.0.jar;C:\Users\Welcome\.m2\repository\org\springframework\spring-context\6.1.1\spring-context-6.1.1.jar;C:\Users\Welcome\.m2\repository\org\springframework\spring-aop\6.1.1\spring-aop-6.1.1.jar;C:\Users\Welcome\.m2\repository\org\springframework\spring-beans\6.1.1\spring-beans-6.1.1.jar;C:\Users\Welcome\.m2\repository\org\springframework\spring-expression\6.1.1\spring-expression-6.1.1.jar;C:\Users\Welcome\.m2\repository\io\micrometer\micrometer-observation\1.12.0\micrometer-observation-1.12.0.jar;C:\Users\Welcome\.m2\repository\io\micrometer\micrometer-commons\1.12.0\micrometer-commons-1.12.0.jar;C:\Users\Welcome\.m2\repository\org\springframework\boot\spring-boot-autoconfigure\3.2.0\spring-boot-autoconfigure-3.2.0.jar;C:\Users\Welcome\.m2\repository\org\springframework\boot\spring-boot-starter-logging\3.2.0\spring-boot-starter-logging-3.2.0.jar;C:\Users\Welcome\.m2\repository\ch\qos\logback\logback-classic\1.4.11\logback-classic-1.4.11.jar;C:\Users\Welcome\.m2\repository\ch\qos\logback\logback-core\1.4.11\logback-core-1.4.11.jar;C:\Users\Welcome\.m2\repository\org\apache\logging\log4j\log4j-to-slf4j\2.21.1\log4j-to-slf4j-2.21.1.jar;C:\Users\Welcome\.m2\repository\org\slf4j\jul-to-slf4j\2.0.9\jul-to-slf4j-2.0.9.jar;C:\Users\Welcome\.m2\repository\jakarta\annotation\jakarta.annotation-api\2.1.1\jakarta.annotation-api-2.1.1.jar;C:\Users\Welcome\.m2\repository\org\springframework\spring-core\6.1.1\spring-core-6.1.1.jar;C:\Users\Welcome\.m2\repository\org\springframework\spring-jcl\6.1.1\spring-jcl-6.1.1.jar;C:\Users\Welcome\.m2\repository\org\yaml\snakeyaml\2.2\snakeyaml-2.2.jar;C:\Users\Welcome\.m2\repository\org\springframework\boot\spring-boot-starter-test\3.2.0\spring-boot-starter-test-3.2.0.jar;C:\Users\Welcome\.m2\repository\org\springframework\boot\spring-boot-test\3.2.0\spring-boot-test-3.2.0.jar;C:\Users\Welcome\.m2\repository\org\springframework\boot\spring-boot-test-autoconfigure\3.2.0\spring-boot-test-autoconfigure-3.2.0.jar;C:\Users\Welcome\.m2\repository\com\jayway\jsonpath\json-path\2.8.0\json-path-2.8.0.jar;C:\Users\Welcome\.m2\repository\jakarta\xml\bind\jakarta.xml.bind-api\4.0.1\jakarta.xml.bind-api-4.0.1.jar;C:\Users\Welcome\.m2\repository\jakarta\activation\jakarta.activation-api\2.1.2\jakarta.activation-api-2.1.2.jar;C:\Users\Welcome\.m2\repository\net\minidev\json-smart\2.5.0\json-smart-2.5.0.jar;C:\Users\Welcome\.m2\repository\net\minidev\accessors-smart\2.5.0\accessors-smart-2.5.0.jar;C:\Users\Welcome\.m2\repository\org\ow2\asm\asm\9.3\asm-9.3.jar;C:\Users\Welcome\.m2\repository\org\assertj\assertj-core\3.24.2\assertj-core-3.24.2.jar;C:\Users\Welcome\.m2\repository\net\bytebuddy\byte-buddy\1.14.10\byte-buddy-1.14.10.jar;C:\Users\Welcome\.m2\repository\org\awaitility\awaitility\4.2.0\awaitility-4.2.0.jar;C:\Users\Welcome\.m2\repository\org\hamcrest\hamcrest\2.2\hamcrest-2.2.jar;C:\Users\Welcome\.m2\repository\org\junit\jupiter\junit-jupiter\5.10.1\junit-jupiter-5.10.1.jar;C:\Users\Welcome\.m2\repository\org\junit\jupiter\junit-jupiter-api\5.10.1\junit-jupiter-api-5.10.1.jar;C:\Users\Welcome\.m2\repository\org\opentest4j\opentest4j\1.3.0\opentest4j-1.3.0.jar;C:\Users\Welcome\.m2\repository\org\junit\platform\junit-platform-commons\1.10.1\junit-platform-commons-1.10.1.jar;C:\Users\Welcome\.m2\repository\org\apiguardian\apiguardian-api\1.1.2\apiguardian-api-1.1.2.jar;C:\Users\Welcome\.m2\repository\org\junit\jupiter\junit-jupiter-params\5.10.1\junit-jupiter-params-5.10.1.jar;C:\Users\Welcome\.m2\repository\org\junit\jupiter\junit-jupiter-engine\5.10.1\junit-jupiter-engine-5.10.1.jar;C:\Users\Welcome\.m2\repository\org\junit\platform\junit-platform-engine\1.10.1\junit-platform-engine-1.10.1.jar;C:\Users\Welcome\.m2\repository\org\mockito\mockito-core\5.7.0\mockito-core-5.7.0.jar;C:\Users\Welcome\.m2\repository\net\bytebuddy\byte-buddy-agent\1.14.10\byte-buddy-agent-1.14.10.jar;C:\Users\Welcome\.m2\repository\org\objenesis\objenesis\3.3\objenesis-3.3.jar;C:\Users\Welcome\.m2\repository\org\mockito\mockito-junit-jupiter\5.7.0\mockito-junit-jupiter-5.7.0.jar;C:\Users\Welcome\.m2\repository\org\skyscreamer\jsonassert\1.5.1\jsonassert-1.5.1.jar;C:\Users\Welcome\.m2\repository\com\vaadin\external\google\android-json\0.0.20131108.vaadin1\android-json-0.0.20131108.vaadin1.jar;C:\Users\Welcome\.m2\repository\org\springframework\spring-test\6.1.1\spring-test-6.1.1.jar;C:\Users\Welcome\.m2\repository\org\xmlunit\xmlunit-core\2.9.1\xmlunit-core-2.9.1.jar;C:\Users\Welcome\.m2\repository\org\seleniumhq\selenium\selenium-java\4.16.1\selenium-java-4.16.1.jar;C:\Users\Welcome\.m2\repository\org\seleniumhq\selenium\selenium-api\4.14.1\selenium-api-4.14.1.jar;C:\Users\Welcome\.m2\repository\org\seleniumhq\selenium\selenium-chrome-driver\4.14.1\selenium-chrome-driver-4.14.1.jar;C:\Users\Welcome\.m2\repository\com\google\auto\service\auto-service-annotations\1.1.1\auto-service-annotations-1.1.1.jar;C:\Users\Welcome\.m2\repository\com\google\guava\guava\32.1.2-jre\guava-32.1.2-jre.jar;C:\Users\Welcome\.m2\repository\com\google\guava\failureaccess\1.0.1\failureaccess-1.0.1.jar;C:\Users\Welcome\.m2\repository\com\google\guava\listenablefuture\9999.0-empty-to-avoid-conflict-with-guava\listenablefuture-9999.0-empty-to-avoid-conflict-with-guava.jar;C:\Users\Welcome\.m2\repository\com\google\code\findbugs\jsr305\3.0.2\jsr305-3.0.2.jar;C:\Users\Welcome\.m2\repository\org\checkerframework\checker-qual\3.33.0\checker-qual-3.33.0.jar;C:\Users\Welcome\.m2\repository\com\google\errorprone\error_prone_annotations\2.18.0\error_prone_annotations-2.18.0.jar;C:\Users\Welcome\.m2\repository\com\google\j2objc\j2objc-annotations\2.8\j2objc-annotations-2.8.jar;C:\Users\Welcome\.m2\repository\org\seleniumhq\selenium\selenium-chromium-driver\4.14.1\selenium-chromium-driver-4.14.1.jar;C:\Users\Welcome\.m2\repository\org\seleniumhq\selenium\selenium-json\4.14.1\selenium-json-4.14.1.jar;C:\Users\Welcome\.m2\repository\org\seleniumhq\selenium\selenium-manager\4.14.1\selenium-manager-4.14.1.jar;C:\Users\Welcome\.m2\repository\org\seleniumhq\selenium\selenium-devtools-v118\4.14.1\selenium-devtools-v118-4.14.1.jar;C:\Users\Welcome\.m2\repository\org\seleniumhq\selenium\selenium-devtools-v119\4.16.1\selenium-devtools-v119-4.16.1.jar;C:\Users\Welcome\.m2\repository\org\seleniumhq\selenium\selenium-devtools-v120\4.16.1\selenium-devtools-v120-4.16.1.jar;C:\Users\Welcome\.m2\repository\org\seleniumhq\selenium\selenium-devtools-v85\4.14.1\selenium-devtools-v85-4.14.1.jar;C:\Users\Welcome\.m2\repository\org\seleniumhq\selenium\selenium-edge-driver\4.14.1\selenium-edge-driver-4.14.1.jar;C:\Users\Welcome\.m2\repository\org\seleniumhq\selenium\selenium-firefox-driver\4.14.1\selenium-firefox-driver-4.14.1.jar;C:\Users\Welcome\.m2\repository\org\seleniumhq\selenium\selenium-http\4.14.1\selenium-http-4.14.1.jar;C:\Users\Welcome\.m2\repository\dev\failsafe\failsafe\3.3.2\failsafe-3.3.2.jar;C:\Users\Welcome\.m2\repository\org\seleniumhq\selenium\selenium-ie-driver\4.14.1\selenium-ie-driver-4.14.1.jar;C:\Users\Welcome\.m2\repository\org\seleniumhq\selenium\selenium-remote-driver\4.14.1\selenium-remote-driver-4.14.1.jar;C:\Users\Welcome\.m2\repository\io\opentelemetry\opentelemetry-api\1.31.0\opentelemetry-api-1.31.0.jar;C:\Users\Welcome\.m2\repository\io\opentelemetry\opentelemetry-context\1.31.0\opentelemetry-context-1.31.0.jar;C:\Users\Welcome\.m2\repository\io\opentelemetry\opentelemetry-exporter-logging\1.31.0\opentelemetry-exporter-logging-1.31.0.jar;C:\Users\Welcome\.m2\repository\io\opentelemetry\opentelemetry-sdk-common\1.31.0\opentelemetry-sdk-common-1.31.0.jar;C:\Users\Welcome\.m2\repository\io\opentelemetry\opentelemetry-sdk-extension-autoconfigure-spi\1.31.0\opentelemetry-sdk-extension-autoconfigure-spi-1.31.0.jar;C:\Users\Welcome\.m2\repository\io\opentelemetry\opentelemetry-sdk-extension-autoconfigure\1.31.0\opentelemetry-sdk-extension-autoconfigure-1.31.0.jar;C:\Users\Welcome\.m2\repository\io\opentelemetry\opentelemetry-api-events\1.31.0-alpha\opentelemetry-api-events-1.31.0-alpha.jar;C:\Users\Welcome\.m2\repository\io\opentelemetry\opentelemetry-sdk-trace\1.31.0\opentelemetry-sdk-trace-1.31.0.jar;C:\Users\Welcome\.m2\repository\io\opentelemetry\opentelemetry-sdk\1.31.0\opentelemetry-sdk-1.31.0.jar;C:\Users\Welcome\.m2\repository\io\opentelemetry\opentelemetry-sdk-metrics\1.31.0\opentelemetry-sdk-metrics-1.31.0.jar;C:\Users\Welcome\.m2\repository\io\opentelemetry\opentelemetry-extension-incubator\1.31.0-alpha\opentelemetry-extension-incubator-1.31.0-alpha.jar;C:\Users\Welcome\.m2\repository\io\opentelemetry\opentelemetry-sdk-logs\1.31.0\opentelemetry-sdk-logs-1.31.0.jar;C:\Users\Welcome\.m2\repository\io\opentelemetry\opentelemetry-semconv\1.28.0-alpha\opentelemetry-semconv-1.28.0-alpha.jar;C:\Users\Welcome\.m2\repository\org\seleniumhq\selenium\selenium-os\4.14.1\selenium-os-4.14.1.jar;C:\Users\Welcome\.m2\repository\org\apache\commons\commons-exec\1.3\commons-exec-1.3.jar;C:\Users\Welcome\.m2\repository\org\seleniumhq\selenium\selenium-safari-driver\4.14.1\selenium-safari-driver-4.14.1.jar;C:\Users\Welcome\.m2\repository\org\seleniumhq\selenium\selenium-support\4.14.1\selenium-support-4.14.1.jar;C:\Users\Welcome\.m2\repository\io\github\bonigarcia\webdrivermanager\5.6.2\webdrivermanager-5.6.2.jar;C:\Users\Welcome\.m2\repository\org\slf4j\slf4j-api\2.0.9\slf4j-api-2.0.9.jar;C:\Users\Welcome\.m2\repository\com\google\code\gson\gson\2.10.1\gson-2.10.1.jar;C:\Users\Welcome\.m2\repository\com\github\docker-java\docker-java\3.3.4\docker-java-3.3.4.jar;C:\Users\Welcome\.m2\repository\com\github\docker-java\docker-java-core\3.3.4\docker-java-core-3.3.4.jar;C:\Users\Welcome\.m2\repository\com\github\docker-java\docker-java-api\3.3.4\docker-java-api-3.3.4.jar;C:\Users\Welcome\.m2\repository\com\fasterxml\jackson\core\jackson-annotations\2.15.3\jackson-annotations-2.15.3.jar;C:\Users\Welcome\.m2\repository\com\fasterxml\jackson\core\jackson-databind\2.15.3\jackson-databind-2.15.3.jar;C:\Users\Welcome\.m2\repository\com\fasterxml\jackson\core\jackson-core\2.15.3\jackson-core-2.15.3.jar;C:\Users\Welcome\.m2\repository\org\bouncycastle\bcpkix-jdk18on\1.76\bcpkix-jdk18on-1.76.jar;C:\Users\Welcome\.m2\repository\org\bouncycastle\bcprov-jdk18on\1.76\bcprov-jdk18on-1.76.jar;C:\Users\Welcome\.m2\repository\org\bouncycastle\bcutil-jdk18on\1.76\bcutil-jdk18on-1.76.jar;C:\Users\Welcome\.m2\repository\org\slf4j\jcl-over-slf4j\2.0.9\jcl-over-slf4j-2.0.9.jar;C:\Users\Welcome\.m2\repository\com\github\docker-java\docker-java-transport-httpclient5\3.3.4\docker-java-transport-httpclient5-3.3.4.jar;C:\Users\Welcome\.m2\repository\com\github\docker-java\docker-java-transport\3.3.4\docker-java-transport-3.3.4.jar;C:\Users\Welcome\.m2\repository\net\java\dev\jna\jna\5.13.0\jna-5.13.0.jar;C:\Users\Welcome\.m2\repository\org\brotli\dec\0.1.2\dec-0.1.2.jar;C:\Users\Welcome\.m2\repository\org\apache\commons\commons-lang3\3.13.0\commons-lang3-3.13.0.jar;C:\Users\Welcome\.m2\repository\org\apache\commons\commons-compress\1.24.0\commons-compress-1.24.0.jar;C:\Users\Welcome\.m2\repository\org\apache\httpcomponents\client5\httpclient5\5.2.1\httpclient5-5.2.1.jar;C:\Users\Welcome\.m2\repository\org\apache\httpcomponents\core5\httpcore5\5.2.3\httpcore5-5.2.3.jar;C:\Users\Welcome\.m2\repository\org\apache\httpcomponents\core5\httpcore5-h2\5.2.3\httpcore5-h2-5.2.3.jar;C:\Users\Welcome\.m2\repository\org\testng\testng\7.8.0\testng-7.8.0.jar;C:\Users\Welcome\.m2\repository\com\beust\jcommander\1.82\jcommander-1.82.jar;C:\Users\Welcome\.m2\repository\org\webjars\jquery\3.6.1\jquery-3.6.1.jar;C:\Users\Welcome\.m2\repository\com\aventstack\extentreports\5.1.2\extentreports-5.1.2.jar;C:\Users\Welcome\.m2\repository\io\reactivex\rxjava3\rxjava\3.1.8\rxjava-3.1.8.jar;C:\Users\Welcome\.m2\repository\org\reactivestreams\reactive-streams\1.0.4\reactive-streams-1.0.4.jar;C:\Users\Welcome\.m2\repository\org\freemarker\freemarker\2.3.32\freemarker-2.3.32.jar;C:\Users\Welcome\.m2\repository\org\projectlombok\lombok\1.18.30\lombok-1.18.30.jar;E:\Extend_report\target\classes;C:\Users\Welcome\.m2\repository\org\apache\poi\poi\5.1.0\poi-5.1.0.jar;C:\Users\Welcome\.m2\repository\commons-codec\commons-codec\1.16.0\commons-codec-1.16.0.jar;C:\Users\Welcome\.m2\repository\org\apache\commons\commons-collections4\4.4\commons-collections4-4.4.jar;C:\Users\Welcome\.m2\repository\org\apache\commons\commons-math3\3.6.1\commons-math3-3.6.1.jar;C:\Users\Welcome\.m2\repository\commons-io\commons-io\2.11.0\commons-io-2.11.0.jar;C:\Users\Welcome\.m2\repository\com\zaxxer\SparseBitSet\1.2\SparseBitSet-1.2.jar;C:\Users\Welcome\.m2\repository\org\apache\logging\log4j\log4j-api\2.21.1\log4j-api-2.21.1.jar;C:\Users\Welcome\.m2\repository\org\apache\poi\poi-ooxml\5.1.0\poi-ooxml-5.1.0.jar;C:\Users\Welcome\.m2\repository\org\apache\poi\poi-ooxml-lite\5.1.0\poi-ooxml-lite-5.1.0.jar;C:\Users\Welcome\.m2\repository\org\apache\xmlbeans\xmlbeans\5.0.2\xmlbeans-5.0.2.jar;C:\Users\Welcome\.m2\repository\com\github\virtuald\curvesapi\1.06\curvesapi-1.06.jar;C:\Users\Welcome\.m2\repository\org\jfree\jfreechart\1.5.3\jfreechart-1.5.3.jar;C:\Users\Welcome\.m2\repository\org\jfree\jcommon\1.0.24\jcommon-1.0.24.jar
Launcher Type: SUN_STANDARD

[Global flags]
     intx CICompilerCount                          = 3                                         {product} {ergonomic}
     uint ConcGCThreads                            = 1                                         {product} {ergonomic}
     uint G1ConcRefinementThreads                  = 4                                         {product} {ergonomic}
   size_t G1HeapRegionSize                         = 1048576                                   {product} {ergonomic}
    uintx GCDrainStackTargetSize                   = 64                                        {product} {ergonomic}
   size_t InitialHeapSize                          = 134217728                                 {product} {ergonomic}
   size_t MarkStackSize                            = 4194304                                   {product} {ergonomic}
   size_t MaxHeapSize                              = 2132803584                                {product} {ergonomic}
   size_t MaxNewSize                               = 1279262720                                {product} {ergonomic}
   size_t MinHeapDeltaBytes                        = 1048576                                   {product} {ergonomic}
   size_t MinHeapSize                              = 8388608                                   {product} {ergonomic}
    uintx NonNMethodCodeHeapSize                   = 5832780                                {pd product} {ergonomic}
    uintx NonProfiledCodeHeapSize                  = 122912730                              {pd product} {ergonomic}
     bool PerfDisableSharedMem                     = true                                      {product} {ergonomic}
    uintx ProfiledCodeHeapSize                     = 122912730                              {pd product} {ergonomic}
    uintx ReservedCodeCacheSize                    = 251658240                              {pd product} {ergonomic}
     bool SegmentedCodeCache                       = true                                      {product} {ergonomic}
     bool ShowCodeDetailsInExceptionMessages       = true                                   {manageable} {command line}
   size_t SoftMaxHeapSize                          = 2132803584                             {manageable} {ergonomic}
     bool UseCompressedOops                        = true                           {product lp64_product} {ergonomic}
     bool UseG1GC                                  = true                                      {product} {ergonomic}
     bool UseLargePagesIndividualAllocation        = false                                  {pd product} {ergonomic}

Logging:
Log output configuration:
 #0: stdout all=warning uptime,level,tags foldmultilines=false
 #1: stderr all=off uptime,level,tags foldmultilines=false

Environment Variables:
PATH=D:/Softwares/sts-4.20.0.RELEASE//plugins/org.eclipse.justj.openjdk.hotspot.jre.full.win32.x86_64_17.0.8.v20230831-1047/jre/bin/server;D:/Softwares/sts-4.20.0.RELEASE//plugins/org.eclipse.justj.openjdk.hotspot.jre.full.win32.x86_64_17.0.8.v20230831-1047/jre/bin;C:\Program Files\Common Files\Oracle\Java\javapath;C:\Program Files (x86)\Common Files\Oracle\Java\javapath;C:\Windows\system32;C:\Windows;C:\Windows\System32\Wbem;C:\Windows\System32\WindowsPowerShell\v1.0\;C:\Windows\System32\OpenSSH\;C:\Program Files\Git\cmd;C:\Program Files (x86)\Microsoft SQL Server\160\DTS\Binn\;C:\Program Files\PuTTY\;C:\Users\Welcome\AppData\Local\Microsoft\WindowsApps;;D:\Softwares\sts-4.20.0.RELEASE;
USERNAME=Welcome
OS=Windows_NT
PROCESSOR_IDENTIFIER=Intel64 Family 6 Model 61 Stepping 4, GenuineIntel
TMP=C:\Users\Welcome\AppData\Local\Temp
TEMP=C:\Users\Welcome\AppData\Local\Temp




Periodic native trim disabled

---------------  S Y S T E M  ---------------

OS:
 Windows 10 , 64 bit Build 19041 (10.0.19041.4597)
OS uptime: 6 days 21:16 hours

CPU: total 4 (initial active 4) (2 cores per cpu, 2 threads per core) family 6 model 61 stepping 4 microcode 0x2d, cx8, cmov, fxsr, ht, mmx, 3dnowpref, sse, sse2, sse3, ssse3, sse4.1, sse4.2, popcnt, lzcnt, tsc, tscinvbit, avx, avx2, aes, erms, clmul, bmi1, bmi2, adx, fma, vzeroupper, clflush, rdtscp, f16c
Processor Information for all 4 processors :
  Max Mhz: 2401, Current Mhz: 2401, Mhz Limit: 2401

Memory: 4k page, system-wide physical 8130M (412M free)
TotalPageFile size 32706M (AvailPageFile size 4M)
current process WorkingSet (physical memory assigned to process): 118M, peak: 118M
current process commit charge ("private bytes"): 240M, peak: 240M

vm_info: Java HotSpot(TM) 64-Bit Server VM (21.0.2+13-LTS-58) for windows-amd64 JRE (21.0.2+13-LTS-58), built on 2024-01-05T18:32:24Z by "mach5one" with MS VC++ 17.1 (VS2022)

END.
