#
# There is insufficient memory for the Java Runtime Environment to continue.
# Native memory allocation (malloc) failed to allocate 258496 bytes for Chunk::new
# Possible reasons:
#   The system is out of physical RAM or swap space
#   The process is running with CompressedOops enabled, and the Java Heap may be blocking the growth of the native heap
# Possible solutions:
#   Reduce memory load on the system
#   Increase physical memory or swap space
#   Check if swap backing store is full
#   Decrease Java heap size (-Xmx/-Xms)
#   Decrease number of Java threads
#   Decrease Java thread stack sizes (-Xss)
#   Set larger code cache with -XX:ReservedCodeCacheSize=
#   JVM is running with Unscaled Compressed Oops mode in which the Java heap is
#     placed in the first 4GB address space. The Java Heap base address is the
#     maximum limit for the native heap growth. Please use -XX:HeapBaseMinAddress
#     to set the Java Heap base and to place the Java Heap above 4GB virtual address.
# This output file may be truncated or incomplete.
#
#  Out of Memory Error (arena.cpp:168), pid=28896, tid=3896
#
# JRE version: Java(TM) SE Runtime Environment (21.0.2+13) (build 21.0.2+13-LTS-58)
# Java VM: Java HotSpot(TM) 64-Bit Server VM (21.0.2+13-LTS-58, mixed mode, sharing, tiered, compressed oops, compressed class ptrs, g1 gc, windows-amd64)
# No core dump will be written. Minidumps are not enabled by default on client versions of Windows
#

---------------  S U M M A R Y ------------

Command Line: -ea -Dfile.encoding=UTF-8 -Dstdout.encoding=UTF-8 -Dstderr.encoding=UTF-8 -XX:+ShowCodeDetailsInExceptionMessages org.testng.remote.RemoteTestNG -serport 59317 -protocol json -d D:\Source code\vision\test-output D:\Source code\vision\test-output\Testng-ETL\testngETL_VAT.xml

Host: Intel(R) Core(TM) i7-5500U CPU @ 2.40GHz, 4 cores, 7G,  Windows 10 , 64 bit Build 19041 (10.0.19041.4597)
Time: Mon Aug 12 10:17:39 2024 India Standard Time elapsed time: 1.348988 seconds (0d 0h 0m 1s)

---------------  T H R E A D  ---------------

Current thread (0x00000204f78d00e0):  JavaThread "C2 CompilerThread0" daemon [_thread_in_native, id=3896, stack(0x000000d5bc800000,0x000000d5bc900000) (1024K)]


Current CompileTask:
C2:   1349 1163       4       jdk.internal.org.objectweb.asm.SymbolTable::addConstantUtf8 (98 bytes)

Stack: [0x000000d5bc800000,0x000000d5bc900000]
Native frames: (J=compiled Java code, j=interpreted, Vv=VM code, C=native code)
V  [jvm.dll+0x6cade9]
V  [jvm.dll+0x8569c1]
V  [jvm.dll+0x858d2e]
V  [jvm.dll+0x859413]
V  [jvm.dll+0x280e56]
V  [jvm.dll+0xc3f3d]
V  [jvm.dll+0xc4473]
V  [jvm.dll+0x2f437f]
V  [jvm.dll+0x5f5056]
V  [jvm.dll+0x252d7f]
V  [jvm.dll+0x24b637]
V  [jvm.dll+0x2490a3]
V  [jvm.dll+0x1c9634]
V  [jvm.dll+0x258859]
V  [jvm.dll+0x256e3a]
V  [jvm.dll+0x3ef6c6]
V  [jvm.dll+0x7ff568]
V  [jvm.dll+0x6c953d]
C  [ucrtbase.dll+0x21bb2]
C  [KERNEL32.DLL+0x17374]
C  [ntdll.dll+0x4cc91]


---------------  P R O C E S S  ---------------

Threads class SMR info:
_java_thread_list=0x00000204fc6e6e40, length=12, elements={
0x00000204e857fae0, 0x00000204f78c1030, 0x00000204f78c2eb0, 0x00000204f78c6ca0,
0x00000204f78c9060, 0x00000204f78ca150, 0x00000204f78cf350, 0x00000204f78d00e0,
0x00000204f78ecf30, 0x00000204f7bfbb80, 0x00000204f7c0ba10, 0x00000204fc6e9900
}

Java Threads: ( => current thread )
  0x00000204e857fae0 JavaThread "main"                              [_thread_in_Java, id=25444, stack(0x000000d5bb900000,0x000000d5bba00000) (1024K)]
  0x00000204f78c1030 JavaThread "Reference Handler"          daemon [_thread_blocked, id=17496, stack(0x000000d5bc200000,0x000000d5bc300000) (1024K)]
  0x00000204f78c2eb0 JavaThread "Finalizer"                  daemon [_thread_blocked, id=32064, stack(0x000000d5bc300000,0x000000d5bc400000) (1024K)]
  0x00000204f78c6ca0 JavaThread "Signal Dispatcher"          daemon [_thread_blocked, id=15348, stack(0x000000d5bc400000,0x000000d5bc500000) (1024K)]
  0x00000204f78c9060 JavaThread "Attach Listener"            daemon [_thread_blocked, id=32448, stack(0x000000d5bc500000,0x000000d5bc600000) (1024K)]
  0x00000204f78ca150 JavaThread "Service Thread"             daemon [_thread_blocked, id=30212, stack(0x000000d5bc600000,0x000000d5bc700000) (1024K)]
  0x00000204f78cf350 JavaThread "Monitor Deflation Thread"   daemon [_thread_blocked, id=25936, stack(0x000000d5bc700000,0x000000d5bc800000) (1024K)]
=>0x00000204f78d00e0 JavaThread "C2 CompilerThread0"         daemon [_thread_in_native, id=3896, stack(0x000000d5bc800000,0x000000d5bc900000) (1024K)]
  0x00000204f78ecf30 JavaThread "C1 CompilerThread0"         daemon [_thread_in_native, id=27368, stack(0x000000d5bc900000,0x000000d5bca00000) (1024K)]
  0x00000204f7bfbb80 JavaThread "Notification Thread"        daemon [_thread_blocked, id=28344, stack(0x000000d5bca00000,0x000000d5bcb00000) (1024K)]
  0x00000204f7c0ba10 JavaThread "Common-Cleaner"             daemon [_thread_blocked, id=14764, stack(0x000000d5bcb00000,0x000000d5bcc00000) (1024K)]
  0x00000204fc6e9900 JavaThread "ReaderThread"                      [_thread_in_native, id=29500, stack(0x000000d5bd000000,0x000000d5bd100000) (1024K)]
Total: 12

Other Threads:
  0x00000204f78a1050 VMThread "VM Thread"                           [id=31988, stack(0x000000d5bc100000,0x000000d5bc200000) (1024K)]
  0x00000204f78893d0 WatcherThread "VM Periodic Task Thread"        [id=28796, stack(0x000000d5bc000000,0x000000d5bc100000) (1024K)]
  0x00000204ea7f5700 WorkerThread "GC Thread#0"                     [id=26492, stack(0x000000d5bbb00000,0x000000d5bbc00000) (1024K)]
  0x00000204fc0220f0 WorkerThread "GC Thread#1"                     [id=10524, stack(0x000000d5bcc00000,0x000000d5bcd00000) (1024K)]
  0x00000204fc54f700 WorkerThread "GC Thread#2"                     [id=29420, stack(0x000000d5bcd00000,0x000000d5bce00000) (1024K)]
  0x00000204fc570220 WorkerThread "GC Thread#3"                     [id=31544, stack(0x000000d5bce00000,0x000000d5bcf00000) (1024K)]
  0x00000204ea806cc0 ConcurrentGCThread "G1 Main Marker"            [id=27580, stack(0x000000d5bbc00000,0x000000d5bbd00000) (1024K)]
  0x00000204ea808020 WorkerThread "G1 Conc#0"                       [id=30560, stack(0x000000d5bbd00000,0x000000d5bbe00000) (1024K)]
  0x00000204f774c110 ConcurrentGCThread "G1 Refine#0"               [id=32356, stack(0x000000d5bbe00000,0x000000d5bbf00000) (1024K)]
  0x00000204f774d280 ConcurrentGCThread "G1 Service"                [id=17200, stack(0x000000d5bbf00000,0x000000d5bc000000) (1024K)]
Total: 10

Threads with active compile tasks:
C2 CompilerThread0     1396 1163       4       jdk.internal.org.objectweb.asm.SymbolTable::addConstantUtf8 (98 bytes)
C1 CompilerThread0     1397 1254       3       java.util.concurrent.locks.ReentrantLock$Sync::tryRelease (51 bytes)
Total: 2

VM state: not at safepoint (normal execution)

VM Mutex/Monitor currently owned by a thread: None

Heap address: 0x0000000080e00000, size: 2034 MB, Compressed Oops mode: 32-bit

CDS archive(s) mapped at: [0x000002048f000000-0x000002048fc90000-0x000002048fc90000), size 13172736, SharedBaseAddress: 0x000002048f000000, ArchiveRelocationMode: 1.
Compressed class space mapped at: 0x0000020490000000-0x00000204d0000000, reserved size: 1073741824
Narrow klass base: 0x000002048f000000, Narrow klass shift: 0, Narrow klass range: 0x100000000

GC Precious Log:
 CardTable entry size: 512
 Card Set container configuration: InlinePtr #cards 5 size 8 Array Of Cards #cards 12 size 40 Howl #buckets 4 coarsen threshold 1843 Howl Bitmap #cards 512 size 80 coarsen threshold 460 Card regions per heap region 1 cards per card region 2048
 CPUs: 4 total, 4 available
 Memory: 8130M
 Large Page Support: Disabled
 NUMA Support: Disabled
 Compressed Oops: Enabled (32-bit)
 Heap Region Size: 1M
 Heap Min Capacity: 8M
 Heap Initial Capacity: 128M
 Heap Max Capacity: 2034M
 Pre-touch: Disabled
 Parallel Workers: 4
 Concurrent Workers: 1
 Concurrent Refinement Workers: 4
 Periodic GC: Disabled

Heap:
 garbage-first heap   total 131072K, used 9649K [0x0000000080e00000, 0x0000000100000000)
  region size 1024K, 3 young (3072K), 2 survivors (2048K)
 Metaspace       used 6840K, committed 7040K, reserved 1114112K
  class space    used 753K, committed 832K, reserved 1048576K

Heap Regions: E=young(eden), S=young(survivor), O=old, HS=humongous(starts), HC=humongous(continues), CS=collection set, F=free, TAMS=top-at-mark-start, PB=parsable bottom
|   0|0x0000000080e00000, 0x0000000080f00000, 0x0000000080f00000|100%|HS|  |TAMS 0x0000000080e00000| PB 0x0000000080e00000| Complete 
|   1|0x0000000080f00000, 0x0000000081000000, 0x0000000081000000|100%| O|  |TAMS 0x0000000080f00000| PB 0x0000000080f00000| Untracked 
|   2|0x0000000081000000, 0x0000000081100000, 0x0000000081100000|100%| O|  |TAMS 0x0000000081000000| PB 0x0000000081000000| Untracked 
|   3|0x0000000081100000, 0x0000000081200000, 0x0000000081200000|100%| O|  |TAMS 0x0000000081100000| PB 0x0000000081100000| Untracked 
|   4|0x0000000081200000, 0x0000000081300000, 0x0000000081300000|100%| O|  |TAMS 0x0000000081200000| PB 0x0000000081200000| Untracked 
|   5|0x0000000081300000, 0x0000000081400000, 0x0000000081400000|100%| O|  |TAMS 0x0000000081300000| PB 0x0000000081300000| Untracked 
|   6|0x0000000081400000, 0x0000000081500000, 0x0000000081500000|100%| O|  |TAMS 0x0000000081400000| PB 0x0000000081400000| Untracked 
|   7|0x0000000081500000, 0x0000000081600000, 0x0000000081600000|100%| O|  |TAMS 0x0000000081500000| PB 0x0000000081500000| Untracked 
|   8|0x0000000081600000, 0x0000000081628130, 0x0000000081700000| 15%| O|  |TAMS 0x0000000081600000| PB 0x0000000081600000| Untracked 
|   9|0x0000000081700000, 0x0000000081700000, 0x0000000081800000|  0%| F|  |TAMS 0x0000000081700000| PB 0x0000000081700000| Untracked 
|  10|0x0000000081800000, 0x0000000081800000, 0x0000000081900000|  0%| F|  |TAMS 0x0000000081800000| PB 0x0000000081800000| Untracked 
|  11|0x0000000081900000, 0x0000000081900000, 0x0000000081a00000|  0%| F|  |TAMS 0x0000000081900000| PB 0x0000000081900000| Untracked 
|  12|0x0000000081a00000, 0x0000000081a00000, 0x0000000081b00000|  0%| F|  |TAMS 0x0000000081a00000| PB 0x0000000081a00000| Untracked 
|  13|0x0000000081b00000, 0x0000000081b00000, 0x0000000081c00000|  0%| F|  |TAMS 0x0000000081b00000| PB 0x0000000081b00000| Untracked 
|  14|0x0000000081c00000, 0x0000000081c00000, 0x0000000081d00000|  0%| F|  |TAMS 0x0000000081c00000| PB 0x0000000081c00000| Untracked 
|  15|0x0000000081d00000, 0x0000000081d00000, 0x0000000081e00000|  0%| F|  |TAMS 0x0000000081d00000| PB 0x0000000081d00000| Untracked 
|  16|0x0000000081e00000, 0x0000000081e00000, 0x0000000081f00000|  0%| F|  |TAMS 0x0000000081e00000| PB 0x0000000081e00000| Untracked 
|  17|0x0000000081f00000, 0x0000000081f00000, 0x0000000082000000|  0%| F|  |TAMS 0x0000000081f00000| PB 0x0000000081f00000| Untracked 
|  18|0x0000000082000000, 0x0000000082000000, 0x0000000082100000|  0%| F|  |TAMS 0x0000000082000000| PB 0x0000000082000000| Untracked 
|  19|0x0000000082100000, 0x0000000082100000, 0x0000000082200000|  0%| F|  |TAMS 0x0000000082100000| PB 0x0000000082100000| Untracked 
|  20|0x0000000082200000, 0x0000000082200000, 0x0000000082300000|  0%| F|  |TAMS 0x0000000082200000| PB 0x0000000082200000| Untracked 
|  21|0x0000000082300000, 0x0000000082300000, 0x0000000082400000|  0%| F|  |TAMS 0x0000000082300000| PB 0x0000000082300000| Untracked 
|  22|0x0000000082400000, 0x0000000082400000, 0x0000000082500000|  0%| F|  |TAMS 0x0000000082400000| PB 0x0000000082400000| Untracked 
|  23|0x0000000082500000, 0x0000000082500000, 0x0000000082600000|  0%| F|  |TAMS 0x0000000082500000| PB 0x0000000082500000| Untracked 
|  24|0x0000000082600000, 0x0000000082600000, 0x0000000082700000|  0%| F|  |TAMS 0x0000000082600000| PB 0x0000000082600000| Untracked 
|  25|0x0000000082700000, 0x0000000082700000, 0x0000000082800000|  0%| F|  |TAMS 0x0000000082700000| PB 0x0000000082700000| Untracked 
|  26|0x0000000082800000, 0x0000000082800000, 0x0000000082900000|  0%| F|  |TAMS 0x0000000082800000| PB 0x0000000082800000| Untracked 
|  27|0x0000000082900000, 0x0000000082900000, 0x0000000082a00000|  0%| F|  |TAMS 0x0000000082900000| PB 0x0000000082900000| Untracked 
|  28|0x0000000082a00000, 0x0000000082a00000, 0x0000000082b00000|  0%| F|  |TAMS 0x0000000082a00000| PB 0x0000000082a00000| Untracked 
|  29|0x0000000082b00000, 0x0000000082b00000, 0x0000000082c00000|  0%| F|  |TAMS 0x0000000082b00000| PB 0x0000000082b00000| Untracked 
|  30|0x0000000082c00000, 0x0000000082c00000, 0x0000000082d00000|  0%| F|  |TAMS 0x0000000082c00000| PB 0x0000000082c00000| Untracked 
|  31|0x0000000082d00000, 0x0000000082d00000, 0x0000000082e00000|  0%| F|  |TAMS 0x0000000082d00000| PB 0x0000000082d00000| Untracked 
|  32|0x0000000082e00000, 0x0000000082e00000, 0x0000000082f00000|  0%| F|  |TAMS 0x0000000082e00000| PB 0x0000000082e00000| Untracked 
|  33|0x0000000082f00000, 0x0000000082f00000, 0x0000000083000000|  0%| F|  |TAMS 0x0000000082f00000| PB 0x0000000082f00000| Untracked 
|  34|0x0000000083000000, 0x0000000083000000, 0x0000000083100000|  0%| F|  |TAMS 0x0000000083000000| PB 0x0000000083000000| Untracked 
|  35|0x0000000083100000, 0x0000000083100000, 0x0000000083200000|  0%| F|  |TAMS 0x0000000083100000| PB 0x0000000083100000| Untracked 
|  36|0x0000000083200000, 0x0000000083200000, 0x0000000083300000|  0%| F|  |TAMS 0x0000000083200000| PB 0x0000000083200000| Untracked 
|  37|0x0000000083300000, 0x0000000083300000, 0x0000000083400000|  0%| F|  |TAMS 0x0000000083300000| PB 0x0000000083300000| Untracked 
|  38|0x0000000083400000, 0x0000000083400000, 0x0000000083500000|  0%| F|  |TAMS 0x0000000083400000| PB 0x0000000083400000| Untracked 
|  39|0x0000000083500000, 0x0000000083500000, 0x0000000083600000|  0%| F|  |TAMS 0x0000000083500000| PB 0x0000000083500000| Untracked 
|  40|0x0000000083600000, 0x0000000083600000, 0x0000000083700000|  0%| F|  |TAMS 0x0000000083600000| PB 0x0000000083600000| Untracked 
|  41|0x0000000083700000, 0x0000000083700000, 0x0000000083800000|  0%| F|  |TAMS 0x0000000083700000| PB 0x0000000083700000| Untracked 
|  42|0x0000000083800000, 0x0000000083800000, 0x0000000083900000|  0%| F|  |TAMS 0x0000000083800000| PB 0x0000000083800000| Untracked 
|  43|0x0000000083900000, 0x0000000083900000, 0x0000000083a00000|  0%| F|  |TAMS 0x0000000083900000| PB 0x0000000083900000| Untracked 
|  44|0x0000000083a00000, 0x0000000083a00000, 0x0000000083b00000|  0%| F|  |TAMS 0x0000000083a00000| PB 0x0000000083a00000| Untracked 
|  45|0x0000000083b00000, 0x0000000083b00000, 0x0000000083c00000|  0%| F|  |TAMS 0x0000000083b00000| PB 0x0000000083b00000| Untracked 
|  46|0x0000000083c00000, 0x0000000083c00000, 0x0000000083d00000|  0%| F|  |TAMS 0x0000000083c00000| PB 0x0000000083c00000| Untracked 
|  47|0x0000000083d00000, 0x0000000083d00000, 0x0000000083e00000|  0%| F|  |TAMS 0x0000000083d00000| PB 0x0000000083d00000| Untracked 
|  48|0x0000000083e00000, 0x0000000083e00000, 0x0000000083f00000|  0%| F|  |TAMS 0x0000000083e00000| PB 0x0000000083e00000| Untracked 
|  49|0x0000000083f00000, 0x0000000083f00000, 0x0000000084000000|  0%| F|  |TAMS 0x0000000083f00000| PB 0x0000000083f00000| Untracked 
|  50|0x0000000084000000, 0x0000000084000000, 0x0000000084100000|  0%| F|  |TAMS 0x0000000084000000| PB 0x0000000084000000| Untracked 
|  51|0x0000000084100000, 0x0000000084100000, 0x0000000084200000|  0%| F|  |TAMS 0x0000000084100000| PB 0x0000000084100000| Untracked 
|  52|0x0000000084200000, 0x0000000084200000, 0x0000000084300000|  0%| F|  |TAMS 0x0000000084200000| PB 0x0000000084200000| Untracked 
|  53|0x0000000084300000, 0x0000000084300000, 0x0000000084400000|  0%| F|  |TAMS 0x0000000084300000| PB 0x0000000084300000| Untracked 
|  54|0x0000000084400000, 0x0000000084400000, 0x0000000084500000|  0%| F|  |TAMS 0x0000000084400000| PB 0x0000000084400000| Untracked 
|  55|0x0000000084500000, 0x0000000084500000, 0x0000000084600000|  0%| F|  |TAMS 0x0000000084500000| PB 0x0000000084500000| Untracked 
|  56|0x0000000084600000, 0x0000000084600000, 0x0000000084700000|  0%| F|  |TAMS 0x0000000084600000| PB 0x0000000084600000| Untracked 
|  57|0x0000000084700000, 0x0000000084700000, 0x0000000084800000|  0%| F|  |TAMS 0x0000000084700000| PB 0x0000000084700000| Untracked 
|  58|0x0000000084800000, 0x0000000084800000, 0x0000000084900000|  0%| F|  |TAMS 0x0000000084800000| PB 0x0000000084800000| Untracked 
|  59|0x0000000084900000, 0x0000000084900000, 0x0000000084a00000|  0%| F|  |TAMS 0x0000000084900000| PB 0x0000000084900000| Untracked 
|  60|0x0000000084a00000, 0x0000000084a00000, 0x0000000084b00000|  0%| F|  |TAMS 0x0000000084a00000| PB 0x0000000084a00000| Untracked 
|  61|0x0000000084b00000, 0x0000000084b00000, 0x0000000084c00000|  0%| F|  |TAMS 0x0000000084b00000| PB 0x0000000084b00000| Untracked 
|  62|0x0000000084c00000, 0x0000000084c00000, 0x0000000084d00000|  0%| F|  |TAMS 0x0000000084c00000| PB 0x0000000084c00000| Untracked 
|  63|0x0000000084d00000, 0x0000000084d00000, 0x0000000084e00000|  0%| F|  |TAMS 0x0000000084d00000| PB 0x0000000084d00000| Untracked 
|  64|0x0000000084e00000, 0x0000000084e00000, 0x0000000084f00000|  0%| F|  |TAMS 0x0000000084e00000| PB 0x0000000084e00000| Untracked 
|  65|0x0000000084f00000, 0x0000000084f00000, 0x0000000085000000|  0%| F|  |TAMS 0x0000000084f00000| PB 0x0000000084f00000| Untracked 
|  66|0x0000000085000000, 0x0000000085000000, 0x0000000085100000|  0%| F|  |TAMS 0x0000000085000000| PB 0x0000000085000000| Untracked 
|  67|0x0000000085100000, 0x0000000085100000, 0x0000000085200000|  0%| F|  |TAMS 0x0000000085100000| PB 0x0000000085100000| Untracked 
|  68|0x0000000085200000, 0x0000000085200000, 0x0000000085300000|  0%| F|  |TAMS 0x0000000085200000| PB 0x0000000085200000| Untracked 
|  69|0x0000000085300000, 0x0000000085300000, 0x0000000085400000|  0%| F|  |TAMS 0x0000000085300000| PB 0x0000000085300000| Untracked 
|  70|0x0000000085400000, 0x0000000085400000, 0x0000000085500000|  0%| F|  |TAMS 0x0000000085400000| PB 0x0000000085400000| Untracked 
|  71|0x0000000085500000, 0x0000000085500000, 0x0000000085600000|  0%| F|  |TAMS 0x0000000085500000| PB 0x0000000085500000| Untracked 
|  72|0x0000000085600000, 0x0000000085600000, 0x0000000085700000|  0%| F|  |TAMS 0x0000000085600000| PB 0x0000000085600000| Untracked 
|  73|0x0000000085700000, 0x0000000085700000, 0x0000000085800000|  0%| F|  |TAMS 0x0000000085700000| PB 0x0000000085700000| Untracked 
|  74|0x0000000085800000, 0x0000000085800000, 0x0000000085900000|  0%| F|  |TAMS 0x0000000085800000| PB 0x0000000085800000| Untracked 
|  75|0x0000000085900000, 0x0000000085900000, 0x0000000085a00000|  0%| F|  |TAMS 0x0000000085900000| PB 0x0000000085900000| Untracked 
|  76|0x0000000085a00000, 0x0000000085a00000, 0x0000000085b00000|  0%| F|  |TAMS 0x0000000085a00000| PB 0x0000000085a00000| Untracked 
|  77|0x0000000085b00000, 0x0000000085b00000, 0x0000000085c00000|  0%| F|  |TAMS 0x0000000085b00000| PB 0x0000000085b00000| Untracked 
|  78|0x0000000085c00000, 0x0000000085c00000, 0x0000000085d00000|  0%| F|  |TAMS 0x0000000085c00000| PB 0x0000000085c00000| Untracked 
|  79|0x0000000085d00000, 0x0000000085d00000, 0x0000000085e00000|  0%| F|  |TAMS 0x0000000085d00000| PB 0x0000000085d00000| Untracked 
|  80|0x0000000085e00000, 0x0000000085e00000, 0x0000000085f00000|  0%| F|  |TAMS 0x0000000085e00000| PB 0x0000000085e00000| Untracked 
|  81|0x0000000085f00000, 0x0000000085f00000, 0x0000000086000000|  0%| F|  |TAMS 0x0000000085f00000| PB 0x0000000085f00000| Untracked 
|  82|0x0000000086000000, 0x0000000086000000, 0x0000000086100000|  0%| F|  |TAMS 0x0000000086000000| PB 0x0000000086000000| Untracked 
|  83|0x0000000086100000, 0x0000000086100000, 0x0000000086200000|  0%| F|  |TAMS 0x0000000086100000| PB 0x0000000086100000| Untracked 
|  84|0x0000000086200000, 0x0000000086200000, 0x0000000086300000|  0%| F|  |TAMS 0x0000000086200000| PB 0x0000000086200000| Untracked 
|  85|0x0000000086300000, 0x0000000086300000, 0x0000000086400000|  0%| F|  |TAMS 0x0000000086300000| PB 0x0000000086300000| Untracked 
|  86|0x0000000086400000, 0x0000000086400000, 0x0000000086500000|  0%| F|  |TAMS 0x0000000086400000| PB 0x0000000086400000| Untracked 
|  87|0x0000000086500000, 0x0000000086500000, 0x0000000086600000|  0%| F|  |TAMS 0x0000000086500000| PB 0x0000000086500000| Untracked 
|  88|0x0000000086600000, 0x0000000086600000, 0x0000000086700000|  0%| F|  |TAMS 0x0000000086600000| PB 0x0000000086600000| Untracked 
|  89|0x0000000086700000, 0x0000000086700000, 0x0000000086800000|  0%| F|  |TAMS 0x0000000086700000| PB 0x0000000086700000| Untracked 
|  90|0x0000000086800000, 0x0000000086800000, 0x0000000086900000|  0%| F|  |TAMS 0x0000000086800000| PB 0x0000000086800000| Untracked 
|  91|0x0000000086900000, 0x0000000086900000, 0x0000000086a00000|  0%| F|  |TAMS 0x0000000086900000| PB 0x0000000086900000| Untracked 
|  92|0x0000000086a00000, 0x0000000086a00000, 0x0000000086b00000|  0%| F|  |TAMS 0x0000000086a00000| PB 0x0000000086a00000| Untracked 
|  93|0x0000000086b00000, 0x0000000086b00000, 0x0000000086c00000|  0%| F|  |TAMS 0x0000000086b00000| PB 0x0000000086b00000| Untracked 
|  94|0x0000000086c00000, 0x0000000086c00000, 0x0000000086d00000|  0%| F|  |TAMS 0x0000000086c00000| PB 0x0000000086c00000| Untracked 
|  95|0x0000000086d00000, 0x0000000086d00000, 0x0000000086e00000|  0%| F|  |TAMS 0x0000000086d00000| PB 0x0000000086d00000| Untracked 
|  96|0x0000000086e00000, 0x0000000086e00000, 0x0000000086f00000|  0%| F|  |TAMS 0x0000000086e00000| PB 0x0000000086e00000| Untracked 
|  97|0x0000000086f00000, 0x0000000086f00000, 0x0000000087000000|  0%| F|  |TAMS 0x0000000086f00000| PB 0x0000000086f00000| Untracked 
|  98|0x0000000087000000, 0x0000000087000000, 0x0000000087100000|  0%| F|  |TAMS 0x0000000087000000| PB 0x0000000087000000| Untracked 
|  99|0x0000000087100000, 0x0000000087100000, 0x0000000087200000|  0%| F|  |TAMS 0x0000000087100000| PB 0x0000000087100000| Untracked 
| 100|0x0000000087200000, 0x0000000087200000, 0x0000000087300000|  0%| F|  |TAMS 0x0000000087200000| PB 0x0000000087200000| Untracked 
| 101|0x0000000087300000, 0x0000000087300000, 0x0000000087400000|  0%| F|  |TAMS 0x0000000087300000| PB 0x0000000087300000| Untracked 
| 102|0x0000000087400000, 0x0000000087400000, 0x0000000087500000|  0%| F|  |TAMS 0x0000000087400000| PB 0x0000000087400000| Untracked 
| 103|0x0000000087500000, 0x0000000087500000, 0x0000000087600000|  0%| F|  |TAMS 0x0000000087500000| PB 0x0000000087500000| Untracked 
| 104|0x0000000087600000, 0x0000000087600000, 0x0000000087700000|  0%| F|  |TAMS 0x0000000087600000| PB 0x0000000087600000| Untracked 
| 105|0x0000000087700000, 0x0000000087700000, 0x0000000087800000|  0%| F|  |TAMS 0x0000000087700000| PB 0x0000000087700000| Untracked 
| 106|0x0000000087800000, 0x0000000087800000, 0x0000000087900000|  0%| F|  |TAMS 0x0000000087800000| PB 0x0000000087800000| Untracked 
| 107|0x0000000087900000, 0x0000000087900000, 0x0000000087a00000|  0%| F|  |TAMS 0x0000000087900000| PB 0x0000000087900000| Untracked 
| 108|0x0000000087a00000, 0x0000000087a00000, 0x0000000087b00000|  0%| F|  |TAMS 0x0000000087a00000| PB 0x0000000087a00000| Untracked 
| 109|0x0000000087b00000, 0x0000000087b00000, 0x0000000087c00000|  0%| F|  |TAMS 0x0000000087b00000| PB 0x0000000087b00000| Untracked 
| 110|0x0000000087c00000, 0x0000000087c00000, 0x0000000087d00000|  0%| F|  |TAMS 0x0000000087c00000| PB 0x0000000087c00000| Untracked 
| 111|0x0000000087d00000, 0x0000000087d00000, 0x0000000087e00000|  0%| F|  |TAMS 0x0000000087d00000| PB 0x0000000087d00000| Untracked 
| 112|0x0000000087e00000, 0x0000000087e00000, 0x0000000087f00000|  0%| F|  |TAMS 0x0000000087e00000| PB 0x0000000087e00000| Untracked 
| 113|0x0000000087f00000, 0x0000000087f00000, 0x0000000088000000|  0%| F|  |TAMS 0x0000000087f00000| PB 0x0000000087f00000| Untracked 
| 114|0x0000000088000000, 0x0000000088000000, 0x0000000088100000|  0%| F|  |TAMS 0x0000000088000000| PB 0x0000000088000000| Untracked 
| 115|0x0000000088100000, 0x0000000088100000, 0x0000000088200000|  0%| F|  |TAMS 0x0000000088100000| PB 0x0000000088100000| Untracked 
| 116|0x0000000088200000, 0x0000000088244640, 0x0000000088300000| 26%| S|CS|TAMS 0x0000000088200000| PB 0x0000000088200000| Complete 
| 117|0x0000000088300000, 0x0000000088400000, 0x0000000088400000|100%| S|CS|TAMS 0x0000000088300000| PB 0x0000000088300000| Complete 
| 118|0x0000000088400000, 0x0000000088400000, 0x0000000088500000|  0%| F|  |TAMS 0x0000000088400000| PB 0x0000000088400000| Untracked 
| 119|0x0000000088500000, 0x0000000088500000, 0x0000000088600000|  0%| F|  |TAMS 0x0000000088500000| PB 0x0000000088500000| Untracked 
| 120|0x0000000088600000, 0x0000000088600000, 0x0000000088700000|  0%| F|  |TAMS 0x0000000088600000| PB 0x0000000088600000| Untracked 
| 121|0x0000000088700000, 0x0000000088700000, 0x0000000088800000|  0%| F|  |TAMS 0x0000000088700000| PB 0x0000000088700000| Untracked 
| 122|0x0000000088800000, 0x0000000088800000, 0x0000000088900000|  0%| F|  |TAMS 0x0000000088800000| PB 0x0000000088800000| Untracked 
| 123|0x0000000088900000, 0x0000000088900000, 0x0000000088a00000|  0%| F|  |TAMS 0x0000000088900000| PB 0x0000000088900000| Untracked 
| 124|0x0000000088a00000, 0x0000000088a00000, 0x0000000088b00000|  0%| F|  |TAMS 0x0000000088a00000| PB 0x0000000088a00000| Untracked 
| 125|0x0000000088b00000, 0x0000000088b00000, 0x0000000088c00000|  0%| F|  |TAMS 0x0000000088b00000| PB 0x0000000088b00000| Untracked 
| 126|0x0000000088c00000, 0x0000000088c00000, 0x0000000088d00000|  0%| F|  |TAMS 0x0000000088c00000| PB 0x0000000088c00000| Untracked 
| 127|0x0000000088d00000, 0x0000000088da9f98, 0x0000000088e00000| 66%| E|  |TAMS 0x0000000088d00000| PB 0x0000000088d00000| Complete 

Card table byte_map: [0x00000204f3000000,0x00000204f3400000] _byte_map_base: 0x00000204f2bf9000

Marking Bits: (CMBitMap*) 0x00000204ea7f5d10
 Bits: [0x00000204f3400000, 0x00000204f53c8000)

Polling page: 0x00000204e86c0000

Metaspace:

Usage:
  Non-class:      5.96 MB used.
      Class:    756.19 KB used.
       Both:      6.70 MB used.

Virtual space:
  Non-class space:       64.00 MB reserved,       6.06 MB (  9%) committed,  1 nodes.
      Class space:        1.00 GB reserved,     832.00 KB ( <1%) committed,  1 nodes.
             Both:        1.06 GB reserved,       6.88 MB ( <1%) committed. 

Chunk freelists:
   Non-Class:  9.69 MB
       Class:  15.01 MB
        Both:  24.70 MB

MaxMetaspaceSize: unlimited
CompressedClassSpaceSize: 1.00 GB
Initial GC threshold: 21.00 MB
Current GC threshold: 21.00 MB
CDS: on
 - commit_granule_bytes: 65536.
 - commit_granule_words: 8192.
 - virtual_space_node_default_size: 8388608.
 - enlarge_chunks_in_place: 1.
 - use_allocation_guard: 0.


Internal statistics:

num_allocs_failed_limit: 0.
num_arena_births: 144.
num_arena_deaths: 0.
num_vsnodes_births: 2.
num_vsnodes_deaths: 0.
num_space_committed: 110.
num_space_uncommitted: 0.
num_chunks_returned_to_freelist: 0.
num_chunks_taken_from_freelist: 294.
num_chunk_merges: 0.
num_chunk_splits: 182.
num_chunks_enlarged: 129.
num_inconsistent_stats: 0.

CodeHeap 'non-profiled nmethods': size=120000Kb used=378Kb max_used=378Kb free=119621Kb
 bounds [0x0000020487ad0000, 0x0000020487d40000, 0x000002048f000000]
CodeHeap 'profiled nmethods': size=120000Kb used=2394Kb max_used=2394Kb free=117605Kb
 bounds [0x0000020480000000, 0x0000020480270000, 0x0000020487530000]
CodeHeap 'non-nmethods': size=5760Kb used=1378Kb max_used=1378Kb free=4381Kb
 bounds [0x0000020487530000, 0x00000204877a0000, 0x0000020487ad0000]
 total_blobs=1739 nmethods=1261 adapters=383
 compilation: enabled
              stopped_count=0, restarted_count=0
 full_count=0

Compilation events (20 events):
Event: 1.335 Thread 0x00000204f78ecf30 nmethod 1157 0x0000020480230a90 code [0x0000020480230c60, 0x0000020480230f58]
Event: 1.335 Thread 0x00000204f78ecf30 1158       1       org.testng.internal.ConstructorOrMethod::getMethod (5 bytes)
Event: 1.335 Thread 0x00000204f78ecf30 nmethod 1158 0x0000020487b26490 code [0x0000020487b26620, 0x0000020487b266e8]
Event: 1.335 Thread 0x00000204f78ecf30 1150       3       jdk.internal.org.objectweb.asm.MethodWriter::visitEnd (1 bytes)
Event: 1.335 Thread 0x00000204f78ecf30 nmethod 1150 0x0000020480231090 code [0x0000020480231220, 0x0000020480231328]
Event: 1.335 Thread 0x00000204f78ecf30 1151       3       jdk.internal.org.objectweb.asm.MethodWriter::computeMethodInfoSize (571 bytes)
Event: 1.336 Thread 0x00000204f78ecf30 nmethod 1151 0x0000020480231390 code [0x00000204802316c0, 0x0000020480232588]
Event: 1.336 Thread 0x00000204f78ecf30 1152       3       jdk.internal.org.objectweb.asm.MethodWriter::hasFrames (13 bytes)
Event: 1.336 Thread 0x00000204f78d00e0 1163       4       jdk.internal.org.objectweb.asm.SymbolTable::addConstantUtf8 (98 bytes)
Event: 1.336 Thread 0x00000204f78ecf30 nmethod 1152 0x0000020480232c10 code [0x0000020480232da0, 0x0000020480232f08]
Event: 1.336 Thread 0x00000204f78ecf30 1156       1       jdk.internal.org.objectweb.asm.SymbolTable::getConstantPoolCount (5 bytes)
Event: 1.337 Thread 0x00000204f78ecf30 nmethod 1156 0x0000020487b27390 code [0x0000020487b27520, 0x0000020487b275e8]
Event: 1.340 Thread 0x00000204f78ecf30 1167       3       java.lang.invoke.MemberName::isMethod (8 bytes)
Event: 1.340 Thread 0x00000204f78ecf30 nmethod 1167 0x0000020480232f90 code [0x0000020480233140, 0x0000020480233310]
Event: 1.340 Thread 0x00000204f78ecf30 1168       3       jdk.internal.org.objectweb.asm.Type::getDescriptor (93 bytes)
Event: 1.340 Thread 0x00000204f78ecf30 nmethod 1168 0x0000020480233410 code [0x0000020480233680, 0x0000020480233d78]
Event: 1.340 Thread 0x00000204f78ecf30 1172       3       jdk.internal.org.objectweb.asm.MethodWriter::computeAllFrames (510 bytes)
Event: 1.343 Thread 0x00000204f78ecf30 nmethod 1172 0x0000020480234090 code [0x00000204802343e0, 0x00000204802357f8]
Event: 1.343 Thread 0x00000204f78ecf30 1171       3       java.lang.invoke.InvokerBytecodeGenerator::emitPushArgument (150 bytes)
Event: 1.344 Thread 0x00000204f78ecf30 nmethod 1171 0x0000020480236310 code [0x0000020480236600, 0x00000204802373b0]

GC Heap History (2 events):
Event: 0.818 GC heap before
{Heap before GC invocations=0 (full 0):
 garbage-first heap   total 131072K, used 14336K [0x0000000080e00000, 0x0000000100000000)
  region size 1024K, 13 young (13312K), 0 survivors (0K)
 Metaspace       used 1795K, committed 1984K, reserved 1114112K
  class space    used 155K, committed 256K, reserved 1048576K
}
Event: 0.824 GC heap after
{Heap after GC invocations=1 (full 0):
 garbage-first heap   total 131072K, used 8421K [0x0000000080e00000, 0x0000000100000000)
  region size 1024K, 2 young (2048K), 2 survivors (2048K)
 Metaspace       used 1795K, committed 1984K, reserved 1114112K
  class space    used 155K, committed 256K, reserved 1048576K
}

Dll operation events (7 events):
Event: 0.017 Loaded shared library C:\Program Files\Java\jdk-21\bin\java.dll
Event: 0.097 Loaded shared library C:\Program Files\Java\jdk-21\bin\jsvml.dll
Event: 0.375 Loaded shared library C:\Program Files\Java\jdk-21\bin\net.dll
Event: 0.378 Loaded shared library C:\Program Files\Java\jdk-21\bin\nio.dll
Event: 0.387 Loaded shared library C:\Program Files\Java\jdk-21\bin\zip.dll
Event: 0.601 Loaded shared library C:\Program Files\Java\jdk-21\bin\jimage.dll
Event: 0.906 Loaded shared library C:\Program Files\Java\jdk-21\bin\extnet.dll

Deoptimization events (20 events):
Event: 0.652 Thread 0x00000204e857fae0 DEOPT PACKING pc=0x0000020487ad6750 sp=0x000000d5bb9feb20
Event: 0.652 Thread 0x00000204e857fae0 DEOPT UNPACKING pc=0x00000204875846a2 sp=0x000000d5bb9feac0 mode 2
Event: 0.762 Thread 0x00000204e857fae0 DEOPT PACKING pc=0x00000204800c0d70 sp=0x000000d5bb9fe990
Event: 0.762 Thread 0x00000204e857fae0 DEOPT UNPACKING pc=0x0000020487584e42 sp=0x000000d5bb9fdf40 mode 0
Event: 0.769 Thread 0x00000204e857fae0 DEOPT PACKING pc=0x00000204800d1327 sp=0x000000d5bb9fee00
Event: 0.769 Thread 0x00000204e857fae0 DEOPT UNPACKING pc=0x0000020487584e42 sp=0x000000d5bb9fe270 mode 0
Event: 0.806 Thread 0x00000204e857fae0 DEOPT PACKING pc=0x00000204800b2ad5 sp=0x000000d5bb9fe340
Event: 0.806 Thread 0x00000204e857fae0 DEOPT UNPACKING pc=0x0000020487584e42 sp=0x000000d5bb9fd7c8 mode 0
Event: 0.987 Thread 0x00000204e857fae0 Uncommon trap: trap_request=0xffffff6e fr.pc=0x0000020487b0b7d0 relative=0x0000000000000410
Event: 0.987 Thread 0x00000204e857fae0 Uncommon trap: reason=loop_limit_check action=maybe_recompile pc=0x0000020487b0b7d0 method=java.lang.StringLatin1.indexOf([BI[BII)I @ 37 c2
Event: 0.987 Thread 0x00000204e857fae0 DEOPT PACKING pc=0x0000020487b0b7d0 sp=0x000000d5bb9fe470
Event: 0.987 Thread 0x00000204e857fae0 DEOPT UNPACKING pc=0x00000204875846a2 sp=0x000000d5bb9fe3d0 mode 2
Event: 1.067 Thread 0x00000204e857fae0 Uncommon trap: trap_request=0xffffff45 fr.pc=0x0000020487b01610 relative=0x0000000000001a70
Event: 1.067 Thread 0x00000204e857fae0 Uncommon trap: reason=unstable_if action=reinterpret pc=0x0000020487b01610 method=java.io.WinNTFileSystem.normalize(Ljava/lang/String;)Ljava/lang/String; @ 128 c2
Event: 1.067 Thread 0x00000204e857fae0 DEOPT PACKING pc=0x0000020487b01610 sp=0x000000d5bb9fd420
Event: 1.067 Thread 0x00000204e857fae0 DEOPT UNPACKING pc=0x00000204875846a2 sp=0x000000d5bb9fd408 mode 2
Event: 1.240 Thread 0x00000204e857fae0 DEOPT PACKING pc=0x000002048000ffc9 sp=0x000000d5bb9fa470
Event: 1.240 Thread 0x00000204e857fae0 DEOPT UNPACKING pc=0x0000020487584e42 sp=0x000000d5bb9f98e8 mode 0
Event: 1.265 Thread 0x00000204e857fae0 DEOPT PACKING pc=0x0000020480012285 sp=0x000000d5bb9fb300
Event: 1.265 Thread 0x00000204e857fae0 DEOPT UNPACKING pc=0x0000020487584e42 sp=0x000000d5bb9fa770 mode 0

Classes loaded (20 events):
Event: 1.298 Loading class java/lang/Package$1PackageInfoProxy
Event: 1.298 Loading class java/lang/Package$1PackageInfoProxy done
Event: 1.302 Loading class java/util/Spliterators$IntArraySpliterator
Event: 1.302 Loading class java/util/Spliterators$IntArraySpliterator done
Event: 1.303 Loading class java/util/stream/IntPipeline$1
Event: 1.303 Loading class java/util/stream/IntPipeline$1 done
Event: 1.303 Loading class java/util/stream/IntPipeline$1$1
Event: 1.303 Loading class java/util/stream/IntPipeline$1$1 done
Event: 1.320 Loading class java/util/concurrent/ConcurrentLinkedQueue
Event: 1.320 Loading class java/util/AbstractQueue
Event: 1.320 Loading class java/util/AbstractQueue done
Event: 1.320 Loading class java/util/concurrent/ConcurrentLinkedQueue done
Event: 1.321 Loading class java/util/concurrent/ConcurrentLinkedQueue$Node
Event: 1.321 Loading class java/util/concurrent/ConcurrentLinkedQueue$Node done
Event: 1.325 Loading class java/lang/Deprecated
Event: 1.325 Loading class java/lang/Deprecated done
Event: 1.335 Loading class java/util/concurrent/atomic/AtomicReference
Event: 1.335 Loading class java/util/concurrent/atomic/AtomicReference done
Event: 1.338 Loading class java/time/Instant$1
Event: 1.339 Loading class java/time/Instant$1 done

Classes unloaded (0 events):
No events

Classes redefined (0 events):
No events

Internal exceptions (18 events):
Event: 0.562 Thread 0x00000204e857fae0 Exception <a 'java/lang/NoSuchMethodError'{0x0000000088a6d550}: 'int java.lang.invoke.DirectMethodHandle$Holder.invokeSpecial(java.lang.Object, java.lang.Object, java.lang.Object)'> (0x0000000088a6d550) 
thrown [s\open\src\hotspot\share\interpreter\linkResolver.cpp, line 773]
Event: 0.564 Thread 0x00000204e857fae0 Exception <a 'java/lang/NoSuchMethodError'{0x0000000088a77c18}: 'void java.lang.invoke.DelegatingMethodHandle$Holder.reinvoke_L(java.lang.Object, java.lang.Object, int)'> (0x0000000088a77c18) 
thrown [s\open\src\hotspot\share\interpreter\linkResolver.cpp, line 773]
Event: 0.566 Thread 0x00000204e857fae0 Exception <a 'java/lang/NoSuchMethodError'{0x0000000088a7e4d8}: 'int java.lang.invoke.Invokers$Holder.invokeExact_MT(java.lang.Object, java.lang.Object, java.lang.Object)'> (0x0000000088a7e4d8) 
thrown [s\open\src\hotspot\share\interpreter\linkResolver.cpp, line 773]
Event: 0.579 Thread 0x00000204e857fae0 Exception <a 'java/lang/NoSuchMethodError'{0x0000000088a8f3f0}: 'void java.lang.invoke.Invokers$Holder.invokeExact_MT(java.lang.Object, java.lang.Object, java.lang.Object, java.lang.Object)'> (0x0000000088a8f3f0) 
thrown [s\open\src\hotspot\share\interpreter\linkResolver.cpp, line 773]
Event: 0.829 Thread 0x00000204e857fae0 Exception <a 'java/lang/NoSuchMethodError'{0x0000000088d21820}: 'int java.lang.invoke.DirectMethodHandle$Holder.invokeStaticInit(java.lang.Object, java.lang.Object)'> (0x0000000088d21820) 
thrown [s\open\src\hotspot\share\interpreter\linkResolver.cpp, line 773]
Event: 0.908 Thread 0x00000204e857fae0 Exception <a 'java/lang/NoSuchMethodError'{0x0000000088c1d208}: 'void java.lang.invoke.DirectMethodHandle$Holder.invokeStatic(java.lang.Object, java.lang.Object)'> (0x0000000088c1d208) 
thrown [s\open\src\hotspot\share\interpreter\linkResolver.cpp, line 773]
Event: 0.957 Thread 0x00000204e857fae0 Exception <a 'java/lang/ClassNotFoundException'{0x0000000088c96858}: com/sun/org/apache/xerces/internal/impl/msg/spi/SAXMessagesProvider> (0x0000000088c96858) 
thrown [s\open\src\hotspot\share\classfile\systemDictionary.cpp, line 312]
Event: 1.047 Thread 0x00000204e857fae0 Exception <a 'java/lang/NoSuchMethodError'{0x0000000088b66510}: 'java.lang.Object java.lang.invoke.DirectMethodHandle$Holder.invokeStaticInit(java.lang.Object, int, int, int, int)'> (0x0000000088b66510) 
thrown [s\open\src\hotspot\share\interpreter\linkResolver.cpp, line 773]
Event: 1.094 Thread 0x00000204e857fae0 Exception <a 'java/lang/NoSuchMethodError'{0x0000000088a309c8}: 'java.lang.Object java.lang.invoke.DirectMethodHandle$Holder.invokeStaticInit(java.lang.Object, java.lang.Object, int, int, int, int)'> (0x0000000088a309c8) 
thrown [s\open\src\hotspot\share\interpreter\linkResolver.cpp, line 773]
Event: 1.212 Thread 0x00000204e857fae0 Exception <a 'java/lang/NoSuchMethodError'{0x00000000888ef918}: 'int java.lang.invoke.DirectMethodHandle$Holder.invokeVirtual(java.lang.Object, java.lang.Object)'> (0x00000000888ef918) 
thrown [s\open\src\hotspot\share\interpreter\linkResolver.cpp, line 773]
Event: 1.214 Thread 0x00000204e857fae0 Exception <a 'java/lang/NoSuchMethodError'{0x00000000888f8af0}: 'java.lang.Object java.lang.invoke.Invokers$Holder.invokeExact_MT(java.lang.Object, java.lang.Object, java.lang.Object, java.lang.Object, java.lang.Object, java.lang.Object)'> (0x00000000888f8af0) 
thrown [s\open\src\hotspot\share\interpreter\linkResolver.cpp, line 773]
Event: 1.234 Thread 0x00000204e857fae0 Exception <a 'java/lang/NoSuchMethodError'{0x000000008875d6b8}: 'int java.lang.invoke.DirectMethodHandle$Holder.invokeStaticInit(java.lang.Object, java.lang.Object, java.lang.Object)'> (0x000000008875d6b8) 
thrown [s\open\src\hotspot\share\interpreter\linkResolver.cpp, line 773]
Event: 1.293 Thread 0x00000204e857fae0 Exception <a 'java/lang/NoSuchMethodError'{0x00000000886a5ca0}: 'java.lang.Object java.lang.invoke.DirectMethodHandle$Holder.newInvokeSpecial(java.lang.Object, java.lang.Object, java.lang.Object, java.lang.Object, java.lang.Object, java.lang.Object, java.lang.Object, java.lang.Object, java.lang.Object)'> (0x00000000886a5ca0) 
thrown [s\open\src\hotspot\share\interpreter\linkResolver.cpp, line 773]
Event: 1.306 Thread 0x00000204e857fae0 Exception <a 'java/lang/NoSuchMethodError'{0x00000000886e1d18}: 'java.lang.Object java.lang.invoke.DirectMethodHandle$Holder.newInvokeSpecial(java.lang.Object, java.lang.Object, java.lang.Object, java.lang.Object, java.lang.Object, java.lang.Object, java.lang.Object)'> (0x00000000886e1d18) 
thrown [s\open\src\hotspot\share\interpreter\linkResolver.cpp, line 773]
Event: 1.307 Thread 0x00000204e857fae0 Exception <a 'java/lang/NoSuchMethodError'{0x00000000886ee940}: 'void java.lang.invoke.DirectMethodHandle$Holder.invokeStatic(java.lang.Object, java.lang.Object, java.lang.Object, java.lang.Object)'> (0x00000000886ee940) 
thrown [s\open\src\hotspot\share\interpreter\linkResolver.cpp, line 773]
Event: 1.332 Thread 0x00000204e857fae0 Exception <a 'java/lang/NoSuchMethodError'{0x0000000088591ae8}: 'java.lang.Object java.lang.invoke.DirectMethodHandle$Holder.invokeInterface(java.lang.Object, java.lang.Object)'> (0x0000000088591ae8) 
thrown [s\open\src\hotspot\share\interpreter\linkResolver.cpp, line 773]
Event: 1.332 Thread 0x00000204e857fae0 Exception <a 'java/lang/IncompatibleClassChangeError'{0x0000000088595000}: Found class java.lang.Object, but interface was expected> (0x0000000088595000) 
thrown [s\open\src\hotspot\share\interpreter\linkResolver.cpp, line 840]
Event: 1.340 Thread 0x00000204e857fae0 Exception <a 'java/lang/NoSuchMethodError'{0x00000000885de420}: 'java.lang.Object java.lang.invoke.DirectMethodHandle$Holder.newInvokeSpecial(java.lang.Object, java.lang.Object, int, java.lang.Object, java.lang.Object)'> (0x00000000885de420) 
thrown [s\open\src\hotspot\share\interpreter\linkResolver.cpp, line 773]

ZGC Phase Switch (0 events):
No events

VM Operations (18 events):
Event: 0.388 Executing VM operation: HandshakeAllThreads (Deoptimize)
Event: 0.388 Executing VM operation: HandshakeAllThreads (Deoptimize) done
Event: 0.594 Executing VM operation: HandshakeAllThreads (Deoptimize)
Event: 0.594 Executing VM operation: HandshakeAllThreads (Deoptimize) done
Event: 0.780 Executing VM operation: HandshakeAllThreads (Deoptimize)
Event: 0.780 Executing VM operation: HandshakeAllThreads (Deoptimize) done
Event: 0.818 Executing VM operation: G1CollectForAllocation (G1 Evacuation Pause)
Event: 0.824 Executing VM operation: G1CollectForAllocation (G1 Evacuation Pause) done
Event: 0.858 Executing VM operation: HandshakeAllThreads (Deoptimize)
Event: 0.858 Executing VM operation: HandshakeAllThreads (Deoptimize) done
Event: 0.882 Executing VM operation: HandshakeAllThreads (Deoptimize)
Event: 0.882 Executing VM operation: HandshakeAllThreads (Deoptimize) done
Event: 0.986 Executing VM operation: HandshakeAllThreads (Deoptimize)
Event: 0.986 Executing VM operation: HandshakeAllThreads (Deoptimize) done
Event: 1.004 Executing VM operation: HandshakeAllThreads (Deoptimize)
Event: 1.004 Executing VM operation: HandshakeAllThreads (Deoptimize) done
Event: 1.103 Executing VM operation: HandshakeAllThreads (Deoptimize)
Event: 1.103 Executing VM operation: HandshakeAllThreads (Deoptimize) done

Events (12 events):
Event: 0.053 Thread 0x00000204e857fae0 Thread added: 0x00000204e857fae0
Event: 0.091 Thread 0x00000204f78c1030 Thread added: 0x00000204f78c1030
Event: 0.092 Thread 0x00000204f78c2eb0 Thread added: 0x00000204f78c2eb0
Event: 0.092 Thread 0x00000204f78c6ca0 Thread added: 0x00000204f78c6ca0
Event: 0.093 Thread 0x00000204f78c9060 Thread added: 0x00000204f78c9060
Event: 0.094 Thread 0x00000204f78ca150 Thread added: 0x00000204f78ca150
Event: 0.094 Thread 0x00000204f78cf350 Thread added: 0x00000204f78cf350
Event: 0.094 Thread 0x00000204f78d00e0 Thread added: 0x00000204f78d00e0
Event: 0.096 Thread 0x00000204f78ecf30 Thread added: 0x00000204f78ecf30
Event: 0.364 Thread 0x00000204f7bfbb80 Thread added: 0x00000204f7bfbb80
Event: 0.369 Thread 0x00000204f7c0ba10 Thread added: 0x00000204f7c0ba10
Event: 0.916 Thread 0x00000204fc6e9900 Thread added: 0x00000204fc6e9900


Dynamic libraries:
0x00007ff72bef0000 - 0x00007ff72bf00000 	C:\Program Files\Java\jdk-21\bin\javaw.exe
0x00007ffa403d0000 - 0x00007ffa405c8000 	C:\Windows\SYSTEM32\ntdll.dll
0x00007ffa3f550000 - 0x00007ffa3f611000 	C:\Windows\System32\KERNEL32.DLL
0x00007ffa3dab0000 - 0x00007ffa3dda6000 	C:\Windows\System32\KERNELBASE.dll
0x00007ffa3e110000 - 0x00007ffa3e210000 	C:\Windows\System32\ucrtbase.dll
0x00007ffa3b0b0000 - 0x00007ffa3b0c9000 	C:\Program Files\Java\jdk-21\bin\jli.dll
0x00007ffa3f680000 - 0x00007ffa3f730000 	C:\Windows\System32\ADVAPI32.dll
0x00007ffa3e9e0000 - 0x00007ffa3ea7e000 	C:\Windows\System32\msvcrt.dll
0x00007ffa402f0000 - 0x00007ffa40390000 	C:\Windows\System32\sechost.dll
0x00007ffa3fa90000 - 0x00007ffa3fbb3000 	C:\Windows\System32\RPCRT4.dll
0x00007ffa3da80000 - 0x00007ffa3daa7000 	C:\Windows\System32\bcrypt.dll
0x00007ffa3f270000 - 0x00007ffa3f40f000 	C:\Windows\System32\USER32.dll
0x00007ffa3e030000 - 0x00007ffa3e052000 	C:\Windows\System32\win32u.dll
0x00007ffa3e820000 - 0x00007ffa3e84b000 	C:\Windows\System32\GDI32.dll
0x00007ffa3df10000 - 0x00007ffa3e027000 	C:\Windows\System32\gdi32full.dll
0x00007ffa3e2a0000 - 0x00007ffa3e33d000 	C:\Windows\System32\msvcp_win.dll
0x00007ffa2ce30000 - 0x00007ffa2d0ca000 	C:\Windows\WinSxS\amd64_microsoft.windows.common-controls_6595b64144ccf1df_6.0.19041.4355_none_60b8b9eb71f62e16\COMCTL32.dll
0x00007ffa37770000 - 0x00007ffa3778b000 	C:\Program Files\Java\jdk-21\bin\VCRUNTIME140.dll
0x00007ffa35e50000 - 0x00007ffa35e5a000 	C:\Windows\SYSTEM32\VERSION.dll
0x00007ffa402c0000 - 0x00007ffa402ef000 	C:\Windows\System32\IMM32.DLL
0x00007ffa3a930000 - 0x00007ffa3a93c000 	C:\Program Files\Java\jdk-21\bin\vcruntime140_1.dll
0x00007ffa375f0000 - 0x00007ffa3767e000 	C:\Program Files\Java\jdk-21\bin\msvcp140.dll
0x00007ffa0e120000 - 0x00007ffa0ee37000 	C:\Program Files\Java\jdk-21\bin\server\jvm.dll
0x00007ffa3e4e0000 - 0x00007ffa3e54b000 	C:\Windows\System32\WS2_32.dll
0x00007ffa3d8d0000 - 0x00007ffa3d91b000 	C:\Windows\SYSTEM32\POWRPROF.dll
0x00007ffa34910000 - 0x00007ffa34937000 	C:\Windows\SYSTEM32\WINMM.dll
0x00007ffa3d8a0000 - 0x00007ffa3d8b2000 	C:\Windows\SYSTEM32\UMPDC.dll
0x00007ffa3b8c0000 - 0x00007ffa3b8d2000 	C:\Windows\SYSTEM32\kernel.appcore.dll
0x00007ffa38440000 - 0x00007ffa3844a000 	C:\Program Files\Java\jdk-21\bin\jimage.dll
0x00007ffa23c00000 - 0x00007ffa23de4000 	C:\Windows\SYSTEM32\DBGHELP.DLL
0x00007ffa23bc0000 - 0x00007ffa23bf4000 	C:\Windows\SYSTEM32\dbgcore.DLL
0x00007ffa3e210000 - 0x00007ffa3e292000 	C:\Windows\System32\bcryptPrimitives.dll
0x00007ffa32280000 - 0x00007ffa3229f000 	C:\Program Files\Java\jdk-21\bin\java.dll
0x00007ffa3eb00000 - 0x00007ffa3f26c000 	C:\Windows\System32\SHELL32.dll
0x00007ffa3bac0000 - 0x00007ffa3c25e000 	C:\Windows\SYSTEM32\windows.storage.dll
0x00007ffa3f730000 - 0x00007ffa3fa83000 	C:\Windows\System32\combase.dll
0x00007ffa3d3d0000 - 0x00007ffa3d3fe000 	C:\Windows\SYSTEM32\Wldp.dll
0x00007ffa3e6a0000 - 0x00007ffa3e76d000 	C:\Windows\System32\OLEAUT32.dll
0x00007ffa3e770000 - 0x00007ffa3e81d000 	C:\Windows\System32\SHCORE.dll
0x00007ffa3eaa0000 - 0x00007ffa3eaf5000 	C:\Windows\System32\shlwapi.dll
0x00007ffa3d9b0000 - 0x00007ffa3d9d4000 	C:\Windows\SYSTEM32\profapi.dll
0x00007ffa2fd00000 - 0x00007ffa2fdd7000 	C:\Program Files\Java\jdk-21\bin\jsvml.dll
0x00007ffa37760000 - 0x00007ffa37770000 	C:\Program Files\Java\jdk-21\bin\net.dll
0x00007ffa33580000 - 0x00007ffa3368a000 	C:\Windows\SYSTEM32\WINHTTP.dll
0x00007ffa3d130000 - 0x00007ffa3d19a000 	C:\Windows\system32\mswsock.dll
0x00007ffa300e0000 - 0x00007ffa300f6000 	C:\Program Files\Java\jdk-21\bin\nio.dll
0x00007ffa300c0000 - 0x00007ffa300d8000 	C:\Program Files\Java\jdk-21\bin\zip.dll
0x00007ffa3ce50000 - 0x00007ffa3cf1a000 	C:\Windows\SYSTEM32\DNSAPI.dll
0x00007ffa3ce10000 - 0x00007ffa3ce4b000 	C:\Windows\SYSTEM32\IPHLPAPI.DLL
0x00007ffa3f410000 - 0x00007ffa3f418000 	C:\Windows\System32\NSI.dll
0x00007ffa34d10000 - 0x00007ffa34d1a000 	C:\Windows\System32\rasadhlp.dll
0x00007ffa2fe00000 - 0x00007ffa2fe80000 	C:\Windows\System32\fwpuclnt.dll
0x00007ffa306c0000 - 0x00007ffa306c9000 	C:\Program Files\Java\jdk-21\bin\extnet.dll
0x00007ffa3d330000 - 0x00007ffa3d348000 	C:\Windows\SYSTEM32\CRYPTSP.dll
0x00007ffa3ca50000 - 0x00007ffa3ca84000 	C:\Windows\system32\rsaenh.dll
0x00007ffa3d960000 - 0x00007ffa3d98e000 	C:\Windows\SYSTEM32\USERENV.dll
0x00007ffa3d320000 - 0x00007ffa3d32c000 	C:\Windows\SYSTEM32\CRYPTBASE.dll

dbghelp: loaded successfully - version: 4.0.5 - missing functions: none
symbol engine: initialized successfully - sym options: 0x614 - pdb path: .;C:\Program Files\Java\jdk-21\bin;C:\Windows\SYSTEM32;C:\Windows\WinSxS\amd64_microsoft.windows.common-controls_6595b64144ccf1df_6.0.19041.4355_none_60b8b9eb71f62e16;C:\Program Files\Java\jdk-21\bin\server

VM Arguments:
jvm_args: -ea -Dfile.encoding=UTF-8 -Dstdout.encoding=UTF-8 -Dstderr.encoding=UTF-8 -XX:+ShowCodeDetailsInExceptionMessages 
java_command: org.testng.remote.RemoteTestNG -serport 59317 -protocol json -d D:\Source code\vision\test-output D:\Source code\vision\test-output\Testng-ETL\testngETL_VAT.xml
java_class_path (initial): D:\Softwares\sts-4.20.0.RELEASE\configuration\org.eclipse.osgi\580\0\.cp\lib\testng-remote.jar;D:\Source code\vision\target\test-classes;D:\Source code\vision\target\classes;D:\Softwares\sts-4.20.0.RELEASE\plugins\org.testng_7.4.0.r202105021533.jar;D:\Softwares\sts-4.20.0.RELEASE\plugins\com.beust.jcommander_1.78.0.jar;D:\Softwares\sts-4.20.0.RELEASE\plugins\org.apache-extras.beanshell.bsh_2.0.0.b6.jar;D:\Softwares\sts-4.20.0.RELEASE\plugins\org.yaml.snakeyaml_1.21.0.jar;D:\Softwares\sts-4.20.0.RELEASE\plugins\org.webjars.jquery_3.5.1.jar;C:\Users\Welcome\.m2\repository\org\springframework\boot\spring-boot-starter\3.2.0\spring-boot-starter-3.2.0.jar;C:\Users\Welcome\.m2\repository\org\springframework\boot\spring-boot\3.2.0\spring-boot-3.2.0.jar;C:\Users\Welcome\.m2\repository\org\springframework\spring-context\6.1.1\spring-context-6.1.1.jar;C:\Users\Welcome\.m2\repository\org\springframework\spring-aop\6.1.1\spring-aop-6.1.1.jar;C:\Users\Welcome\.m2\repository\org\springframework\spring-beans\6.1.1\spring-beans-6.1.1.jar;C:\Users\Welcome\.m2\repository\org\springframework\spring-expression\6.1.1\spring-expression-6.1.1.jar;C:\Users\Welcome\.m2\repository\io\micrometer\micrometer-observation\1.12.0\micrometer-observation-1.12.0.jar;C:\Users\Welcome\.m2\repository\io\micrometer\micrometer-commons\1.12.0\micrometer-commons-1.12.0.jar;C:\Users\Welcome\.m2\repository\org\springframework\boot\spring-boot-autoconfigure\3.2.0\spring-boot-autoconfigure-3.2.0.jar;C:\Users\Welcome\.m2\repository\org\springframework\boot\spring-boot-starter-logging\3.2.0\spring-boot-starter-logging-3.2.0.jar;C:\Users\Welcome\.m2\repository\ch\qos\logback\logback-classic\1.4.11\logback-classic-1.4.11.jar;C:\Users\Welcome\.m2\repository\ch\qos\logback\logback-core\1.4.11\logback-core-1.4.11.jar;C:\Users\Welcome\.m2\repository\org\apache\logging\log4j\log4j-to-slf4j\2.21.1\log4j-to-slf4j-2.21.1.jar;C:\Users\Welcome\.m2\repository\org\slf4j\jul-to-slf4j\2.0.9\jul-to-slf4j-2.0.9.jar;C:\Users\Welcome\.m2\repository\jakarta\annotation\jakarta.annotation-api\2.1.1\jakarta.annotation-api-2.1.1.jar;C:\Users\Welcome\.m2\repository\org\springframework\spring-core\6.1.1\spring-core-6.1.1.jar;C:\Users\Welcome\.m2\repository\org\springframework\spring-jcl\6.1.1\spring-jcl-6.1.1.jar;C:\Users\Welcome\.m2\repository\org\yaml\snakeyaml\2.2\snakeyaml-2.2.jar;C:\Users\Welcome\.m2\repository\org\springframework\boot\spring-boot-starter-test\3.2.0\spring-boot-starter-test-3.2.0.jar;C:\Users\Welcome\.m2\repository\org\springframework\boot\spring-boot-test\3.2.0\spring-boot-test-3.2.0.jar;C:\Users\Welcome\.m2\repository\org\springframework\boot\spring-boot-test-autoconfigure\3.2.0\spring-boot-test-autoconfigure-3.2.0.jar;C:\Users\Welcome\.m2\repository\com\jayway\jsonpath\json-path\2.8.0\json-path-2.8.0.jar;C:\Users\Welcome\.m2\repository\jakarta\xml\bind\jakarta.xml.bind-api\4.0.1\jakarta.xml.bind-api-4.0.1.jar;C:\Users\Welcome\.m2\repository\jakarta\activation\jakarta.activation-api\2.1.2\jakarta.activation-api-2.1.2.jar;C:\Users\Welcome\.m2\repository\net\minidev\json-smart\2.5.0\json-smart-2.5.0.jar;C:\Users\Welcome\.m2\repository\net\minidev\accessors-smart\2.5.0\accessors-smart-2.5.0.jar;C:\Users\Welcome\.m2\repository\org\ow2\asm\asm\9.3\asm-9.3.jar;C:\Users\Welcome\.m2\repository\org\assertj\assertj-core\3.24.2\assertj-core-3.24.2.jar;C:\Users\Welcome\.m2\repository\net\bytebuddy\byte-buddy\1.14.10\byte-buddy-1.14.10.jar;C:\Users\Welcome\.m2\repository\org\awaitility\awaitility\4.2.0\awaitility-4.2.0.jar;C:\Users\Welcome\.m2\repository\org\hamcrest\hamcrest\2.2\hamcrest-2.2.jar;C:\Users\Welcome\.m2\repository\org\junit\jupiter\junit-jupiter\5.10.1\junit-jupiter-5.10.1.jar;C:\Users\Welcome\.m2\repository\org\junit\jupiter\junit-jupiter-api\5.10.1\junit-jupiter-api-5.10.1.jar;C:\Users\Welcome\.m2\repository\org\opentest4j\opentest4j\1.3.0\opentest4j-1.3.0.jar;C:\Users\Welcome\.m2\repository\org\junit\platform\junit-platform-commons\1.10.1\junit-platform-commons-1.10.1.jar;C:\Users\Welcome\.m2\repository\org\apiguardian\apiguardian-api\1.1.2\apiguardian-api-1.1.2.jar;C:\Users\Welcome\.m2\repository\org\junit\jupiter\junit-jupiter-params\5.10.1\junit-jupiter-params-5.10.1.jar;C:\Users\Welcome\.m2\repository\org\junit\jupiter\junit-jupiter-engine\5.10.1\junit-jupiter-engine-5.10.1.jar;C:\Users\Welcome\.m2\repository\org\junit\platform\junit-platform-engine\1.10.1\junit-platform-engine-1.10.1.jar;C:\Users\Welcome\.m2\repository\org\mockito\mockito-core\5.7.0\mockito-core-5.7.0.jar;C:\Users\Welcome\.m2\repository\net\bytebuddy\byte-buddy-agent\1.14.10\byte-buddy-agent-1.14.10.jar;C:\Users\Welcome\.m2\repository\org\objenesis\objenesis\3.3\objenesis-3.3.jar;C:\Users\Welcome\.m2\repository\org\mockito\mockito-junit-jupiter\5.7.0\mockito-junit-jupiter-5.7.0.jar;C:\Users\Welcome\.m2\repository\org\skyscreamer\jsonassert\1.5.1\jsonassert-1.5.1.jar;C:\Users\Welcome\.m2\repository\com\vaadin\external\google\android-json\0.0.20131108.vaadin1\android-json-0.0.20131108.vaadin1.jar;C:\Users\Welcome\.m2\repository\org\springframework\spring-test\6.1.1\spring-test-6.1.1.jar;C:\Users\Welcome\.m2\repository\org\xmlunit\xmlunit-core\2.9.1\xmlunit-core-2.9.1.jar;C:\Users\Welcome\.m2\repository\org\seleniumhq\selenium\selenium-java\4.16.1\selenium-java-4.16.1.jar;C:\Users\Welcome\.m2\repository\org\seleniumhq\selenium\selenium-api\4.14.1\selenium-api-4.14.1.jar;C:\Users\Welcome\.m2\repository\org\seleniumhq\selenium\selenium-chrome-driver\4.14.1\selenium-chrome-driver-4.14.1.jar;C:\Users\Welcome\.m2\repository\com\google\auto\service\auto-service-annotations\1.1.1\auto-service-annotations-1.1.1.jar;C:\Users\Welcome\.m2\repository\com\google\guava\guava\32.1.2-jre\guava-32.1.2-jre.jar;C:\Users\Welcome\.m2\repository\com\google\guava\failureaccess\1.0.1\failureaccess-1.0.1.jar;C:\Users\Welcome\.m2\repository\com\google\guava\listenablefuture\9999.0-empty-to-avoid-conflict-with-guava\listenablefuture-9999.0-empty-to-avoid-conflict-with-guava.jar;C:\Users\Welcome\.m2\repository\com\google\code\findbugs\jsr305\3.0.2\jsr305-3.0.2.jar;C:\Users\Welcome\.m2\repository\org\checkerframework\checker-qual\3.33.0\checker-qual-3.33.0.jar;C:\Users\Welcome\.m2\repository\com\google\errorprone\error_prone_annotations\2.18.0\error_prone_annotations-2.18.0.jar;C:\Users\Welcome\.m2\repository\com\google\j2objc\j2objc-annotations\2.8\j2objc-annotations-2.8.jar;C:\Users\Welcome\.m2\repository\org\seleniumhq\selenium\selenium-chromium-driver\4.14.1\selenium-chromium-driver-4.14.1.jar;C:\Users\Welcome\.m2\repository\org\seleniumhq\selenium\selenium-json\4.14.1\selenium-json-4.14.1.jar;C:\Users\Welcome\.m2\repository\org\seleniumhq\selenium\selenium-manager\4.14.1\selenium-manager-4.14.1.jar;C:\Users\Welcome\.m2\repository\org\seleniumhq\selenium\selenium-devtools-v118\4.14.1\selenium-devtools-v118-4.14.1.jar;C:\Users\Welcome\.m2\repository\org\seleniumhq\selenium\selenium-devtools-v119\4.16.1\selenium-devtools-v119-4.16.1.jar;C:\Users\Welcome\.m2\repository\org\seleniumhq\selenium\selenium-devtools-v120\4.16.1\selenium-devtools-v120-4.16.1.jar;C:\Users\Welcome\.m2\repository\org\seleniumhq\selenium\selenium-devtools-v85\4.14.1\selenium-devtools-v85-4.14.1.jar;C:\Users\Welcome\.m2\repository\org\seleniumhq\selenium\selenium-edge-driver\4.14.1\selenium-edge-driver-4.14.1.jar;C:\Users\Welcome\.m2\repository\org\seleniumhq\selenium\selenium-firefox-driver\4.14.1\selenium-firefox-driver-4.14.1.jar;C:\Users\Welcome\.m2\repository\org\seleniumhq\selenium\selenium-http\4.14.1\selenium-http-4.14.1.jar;C:\Users\Welcome\.m2\repository\dev\failsafe\failsafe\3.3.2\failsafe-3.3.2.jar;C:\Users\Welcome\.m2\repository\org\seleniumhq\selenium\selenium-ie-driver\4.14.1\selenium-ie-driver-4.14.1.jar;C:\Users\Welcome\.m2\repository\org\seleniumhq\selenium\selenium-remote-driver\4.14.1\selenium-remote-driver-4.14.1.jar;C:\Users\Welcome\.m2\repository\io\opentelemetry\opentelemetry-api\1.31.0\opentelemetry-api-1.31.0.jar;C:\Users\Welcome\.m2\repository\io\opentelemetry\opentelemetry-context\1.31.0\opentelemetry-context-1.31.0.jar;C:\Users\Welcome\.m2\repository\io\opentelemetry\opentelemetry-exporter-logging\1.31.0\opentelemetry-exporter-logging-1.31.0.jar;C:\Users\Welcome\.m2\repository\io\opentelemetry\opentelemetry-sdk-common\1.31.0\opentelemetry-sdk-common-1.31.0.jar;C:\Users\Welcome\.m2\repository\io\opentelemetry\opentelemetry-sdk-extension-autoconfigure-spi\1.31.0\opentelemetry-sdk-extension-autoconfigure-spi-1.31.0.jar;C:\Users\Welcome\.m2\repository\io\opentelemetry\opentelemetry-sdk-extension-autoconfigure\1.31.0\opentelemetry-sdk-extension-autoconfigure-1.31.0.jar;C:\Users\Welcome\.m2\repository\io\opentelemetry\opentelemetry-api-events\1.31.0-alpha\opentelemetry-api-events-1.31.0-alpha.jar;C:\Users\Welcome\.m2\repository\io\opentelemetry\opentelemetry-sdk-trace\1.31.0\opentelemetry-sdk-trace-1.31.0.jar;C:\Users\Welcome\.m2\repository\io\opentelemetry\opentelemetry-sdk\1.31.0\opentelemetry-sdk-1.31.0.jar;C:\Users\Welcome\.m2\repository\io\opentelemetry\opentelemetry-sdk-metrics\1.31.0\opentelemetry-sdk-metrics-1.31.0.jar;C:\Users\Welcome\.m2\repository\io\opentelemetry\opentelemetry-extension-incubator\1.31.0-alpha\opentelemetry-extension-incubator-1.31.0-alpha.jar;C:\Users\Welcome\.m2\repository\io\opentelemetry\opentelemetry-sdk-logs\1.31.0\opentelemetry-sdk-logs-1.31.0.jar;C:\Users\Welcome\.m2\repository\io\opentelemetry\opentelemetry-semconv\1.28.0-alpha\opentelemetry-semconv-1.28.0-alpha.jar;C:\Users\Welcome\.m2\repository\org\seleniumhq\selenium\selenium-os\4.14.1\selenium-os-4.14.1.jar;C:\Users\Welcome\.m2\repository\org\apache\commons\commons-exec\1.3\commons-exec-1.3.jar;C:\Users\Welcome\.m2\repository\org\seleniumhq\selenium\selenium-safari-driver\4.14.1\selenium-safari-driver-4.14.1.jar;C:\Users\Welcome\.m2\repository\org\seleniumhq\selenium\selenium-support\4.14.1\selenium-support-4.14.1.jar;C:\Users\Welcome\.m2\repository\io\github\bonigarcia\webdrivermanager\5.6.2\webdrivermanager-5.6.2.jar;C:\Users\Welcome\.m2\repository\org\slf4j\slf4j-api\2.0.9\slf4j-api-2.0.9.jar;C:\Users\Welcome\.m2\repository\com\google\code\gson\gson\2.10.1\gson-2.10.1.jar;C:\Users\Welcome\.m2\repository\com\github\docker-java\docker-java\3.3.4\docker-java-3.3.4.jar;C:\Users\Welcome\.m2\repository\com\github\docker-java\docker-java-core\3.3.4\docker-java-core-3.3.4.jar;C:\Users\Welcome\.m2\repository\com\github\docker-java\docker-java-api\3.3.4\docker-java-api-3.3.4.jar;C:\Users\Welcome\.m2\repository\com\fasterxml\jackson\core\jackson-annotations\2.15.3\jackson-annotations-2.15.3.jar;C:\Users\Welcome\.m2\repository\com\fasterxml\jackson\core\jackson-databind\2.15.3\jackson-databind-2.15.3.jar;C:\Users\Welcome\.m2\repository\com\fasterxml\jackson\core\jackson-core\2.15.3\jackson-core-2.15.3.jar;C:\Users\Welcome\.m2\repository\org\bouncycastle\bcpkix-jdk18on\1.76\bcpkix-jdk18on-1.76.jar;C:\Users\Welcome\.m2\repository\org\bouncycastle\bcprov-jdk18on\1.76\bcprov-jdk18on-1.76.jar;C:\Users\Welcome\.m2\repository\org\bouncycastle\bcutil-jdk18on\1.76\bcutil-jdk18on-1.76.jar;C:\Users\Welcome\.m2\repository\org\slf4j\jcl-over-slf4j\2.0.9\jcl-over-slf4j-2.0.9.jar;C:\Users\Welcome\.m2\repository\com\github\docker-java\docker-java-transport-httpclient5\3.3.4\docker-java-transport-httpclient5-3.3.4.jar;C:\Users\Welcome\.m2\repository\com\github\docker-java\docker-java-transport\3.3.4\docker-java-transport-3.3.4.jar;C:\Users\Welcome\.m2\repository\net\java\dev\jna\jna\5.13.0\jna-5.13.0.jar;C:\Users\Welcome\.m2\repository\org\brotli\dec\0.1.2\dec-0.1.2.jar;C:\Users\Welcome\.m2\repository\org\apache\commons\commons-lang3\3.13.0\commons-lang3-3.13.0.jar;C:\Users\Welcome\.m2\repository\org\apache\commons\commons-compress\1.24.0\commons-compress-1.24.0.jar;C:\Users\Welcome\.m2\repository\org\apache\httpcomponents\client5\httpclient5\5.2.1\httpclient5-5.2.1.jar;C:\Users\Welcome\.m2\repository\org\apache\httpcomponents\core5\httpcore5\5.2.3\httpcore5-5.2.3.jar;C:\Users\Welcome\.m2\repository\org\apache\httpcomponents\core5\httpcore5-h2\5.2.3\httpcore5-h2-5.2.3.jar;C:\Users\Welcome\.m2\repository\org\testng\testng\7.8.0\testng-7.8.0.jar;C:\Users\Welcome\.m2\repository\com\beust\jcommander\1.82\jcommander-1.82.jar;C:\Users\Welcome\.m2\repository\org\webjars\jquery\3.6.1\jquery-3.6.1.jar;C:\Users\Welcome\.m2\repository\com\aventstack\extentreports\5.1.2\extentreports-5.1.2.jar;C:\Users\Welcome\.m2\repository\io\reactivex\rxjava3\rxjava\3.1.8\rxjava-3.1.8.jar;C:\Users\Welcome\.m2\repository\org\reactivestreams\reactive-streams\1.0.4\reactive-streams-1.0.4.jar;C:\Users\Welcome\.m2\repository\org\freemarker\freemarker\2.3.32\freemarker-2.3.32.jar;C:\Users\Welcome\.m2\repository\org\projectlombok\lombok\1.18.30\lombok-1.18.30.jar;E:\Extend_report\target\classes;C:\Users\Welcome\.m2\repository\org\apache\poi\poi\5.1.0\poi-5.1.0.jar;C:\Users\Welcome\.m2\repository\commons-codec\commons-codec\1.16.0\commons-codec-1.16.0.jar;C:\Users\Welcome\.m2\repository\org\apache\commons\commons-collections4\4.4\commons-collections4-4.4.jar;C:\Users\Welcome\.m2\repository\org\apache\commons\commons-math3\3.6.1\commons-math3-3.6.1.jar;C:\Users\Welcome\.m2\repository\commons-io\commons-io\2.11.0\commons-io-2.11.0.jar;C:\Users\Welcome\.m2\repository\com\zaxxer\SparseBitSet\1.2\SparseBitSet-1.2.jar;C:\Users\Welcome\.m2\repository\org\apache\logging\log4j\log4j-api\2.21.1\log4j-api-2.21.1.jar;C:\Users\Welcome\.m2\repository\org\apache\poi\poi-ooxml\5.1.0\poi-ooxml-5.1.0.jar;C:\Users\Welcome\.m2\repository\org\apache\poi\poi-ooxml-lite\5.1.0\poi-ooxml-lite-5.1.0.jar;C:\Users\Welcome\.m2\repository\org\apache\xmlbeans\xmlbeans\5.0.2\xmlbeans-5.0.2.jar;C:\Users\Welcome\.m2\repository\com\github\virtuald\curvesapi\1.06\curvesapi-1.06.jar;C:\Users\Welcome\.m2\repository\org\jfree\jfreechart\1.5.3\jfreechart-1.5.3.jar;C:\Users\Welcome\.m2\repository\org\jfree\jcommon\1.0.24\jcommon-1.0.24.jar
Launcher Type: SUN_STANDARD

[Global flags]
     intx CICompilerCount                          = 3                                         {product} {ergonomic}
     uint ConcGCThreads                            = 1                                         {product} {ergonomic}
     uint G1ConcRefinementThreads                  = 4                                         {product} {ergonomic}
   size_t G1HeapRegionSize                         = 1048576                                   {product} {ergonomic}
    uintx GCDrainStackTargetSize                   = 64                                        {product} {ergonomic}
   size_t InitialHeapSize                          = 134217728                                 {product} {ergonomic}
   size_t MarkStackSize                            = 4194304                                   {product} {ergonomic}
   size_t MaxHeapSize                              = 2132803584                                {product} {ergonomic}
   size_t MaxNewSize                               = 1279262720                                {product} {ergonomic}
   size_t MinHeapDeltaBytes                        = 1048576                                   {product} {ergonomic}
   size_t MinHeapSize                              = 8388608                                   {product} {ergonomic}
    uintx NonNMethodCodeHeapSize                   = 5832780                                {pd product} {ergonomic}
    uintx NonProfiledCodeHeapSize                  = 122912730                              {pd product} {ergonomic}
     bool PerfDisableSharedMem                     = true                                      {product} {ergonomic}
    uintx ProfiledCodeHeapSize                     = 122912730                              {pd product} {ergonomic}
    uintx ReservedCodeCacheSize                    = 251658240                              {pd product} {ergonomic}
     bool SegmentedCodeCache                       = true                                      {product} {ergonomic}
     bool ShowCodeDetailsInExceptionMessages       = true                                   {manageable} {command line}
   size_t SoftMaxHeapSize                          = 2132803584                             {manageable} {ergonomic}
     bool UseCompressedOops                        = true                           {product lp64_product} {ergonomic}
     bool UseG1GC                                  = true                                      {product} {ergonomic}
     bool UseLargePagesIndividualAllocation        = false                                  {pd product} {ergonomic}

Logging:
Log output configuration:
 #0: stdout all=warning uptime,level,tags foldmultilines=false
 #1: stderr all=off uptime,level,tags foldmultilines=false

Environment Variables:
PATH=D:/Softwares/sts-4.20.0.RELEASE//plugins/org.eclipse.justj.openjdk.hotspot.jre.full.win32.x86_64_17.0.8.v20230831-1047/jre/bin/server;D:/Softwares/sts-4.20.0.RELEASE//plugins/org.eclipse.justj.openjdk.hotspot.jre.full.win32.x86_64_17.0.8.v20230831-1047/jre/bin;C:\Program Files\Common Files\Oracle\Java\javapath;C:\Program Files (x86)\Common Files\Oracle\Java\javapath;C:\Windows\system32;C:\Windows;C:\Windows\System32\Wbem;C:\Windows\System32\WindowsPowerShell\v1.0\;C:\Windows\System32\OpenSSH\;C:\Program Files\Git\cmd;C:\Program Files (x86)\Microsoft SQL Server\160\DTS\Binn\;C:\Program Files\PuTTY\;C:\Users\Welcome\AppData\Local\Microsoft\WindowsApps;;D:\Softwares\sts-4.20.0.RELEASE;
USERNAME=Welcome
OS=Windows_NT
PROCESSOR_IDENTIFIER=Intel64 Family 6 Model 61 Stepping 4, GenuineIntel
TMP=C:\Users\Welcome\AppData\Local\Temp
TEMP=C:\Users\Welcome\AppData\Local\Temp




Periodic native trim disabled

---------------  S Y S T E M  ---------------

OS:
 Windows 10 , 64 bit Build 19041 (10.0.19041.4597)
OS uptime: 6 days 20:58 hours

CPU: total 4 (initial active 4) (2 cores per cpu, 2 threads per core) family 6 model 61 stepping 4 microcode 0x2d, cx8, cmov, fxsr, ht, mmx, 3dnowpref, sse, sse2, sse3, ssse3, sse4.1, sse4.2, popcnt, lzcnt, tsc, tscinvbit, avx, avx2, aes, erms, clmul, bmi1, bmi2, adx, fma, vzeroupper, clflush, rdtscp, f16c
Processor Information for all 4 processors :
  Max Mhz: 2401, Current Mhz: 2401, Mhz Limit: 2401

Memory: 4k page, system-wide physical 8130M (238M free)
TotalPageFile size 32706M (AvailPageFile size 3M)
current process WorkingSet (physical memory assigned to process): 81M, peak: 81M
current process commit charge ("private bytes"): 220M, peak: 220M

vm_info: Java HotSpot(TM) 64-Bit Server VM (21.0.2+13-LTS-58) for windows-amd64 JRE (21.0.2+13-LTS-58), built on 2024-01-05T18:32:24Z by "mach5one" with MS VC++ 17.1 (VS2022)

END.
